This file contains any messages produced by compilers while
running configure, to aid debugging if configure makes a mistake.

It was created by libXdmcp configure 1.1.3, which was
generated by GNU Autoconf 2.69.  Invocation command line was

  $ ./configure --prefix=/storage/rlinux/rootfs

## --------- ##
## Platform. ##
## --------- ##

hostname = archlinux
uname -m = x86_64
uname -r = 6.18.7-arch1-1
uname -s = Linux
uname -v = #1 SMP PREEMPT_DYNAMIC Sat, 24 Jan 2026 00:47:39 +0000

/usr/bin/uname -p = unknown
/bin/uname -X     = unknown

/bin/arch              = unknown
/usr/bin/arch -k       = unknown
/usr/convex/getsysinfo = unknown
/usr/bin/hostinfo      = unknown
/bin/machine           = unknown
/usr/bin/oslevel       = unknown
/bin/universe          = unknown

PATH: /usr/local/sbin
PATH: /usr/local/bin
PATH: /usr/bin
PATH: /var/lib/flatpak/exports/bin
PATH: /usr/bin/site_perl
PATH: /usr/bin/vendor_perl
PATH: /usr/bin/core_perl


## ----------- ##
## Core tests. ##
## ----------- ##

configure:2512: checking for gcc
configure:2528: found /usr/bin/gcc
configure:2539: result: gcc
configure:2768: checking for C compiler version
configure:2777: gcc --version >&5
gcc (GCC) 15.2.1 20260103
Copyright (C) 2025 Free Software Foundation, Inc.
This is free software; see the source for copying conditions.  There is NO
warranty; not even for MERCHANTABILITY or FITNESS FOR A PARTICULAR PURPOSE.

configure:2788: $? = 0
configure:2777: gcc -v >&5
Using built-in specs.
COLLECT_GCC=gcc
COLLECT_LTO_WRAPPER=/usr/lib/gcc/x86_64-pc-linux-gnu/15.2.1/lto-wrapper
Target: x86_64-pc-linux-gnu
Configured with: /build/gcc/src/gcc/configure --enable-languages=ada,c,c++,d,fortran,go,lto,m2,objc,obj-c++,rust,cobol --enable-bootstrap --prefix=/usr --libdir=/usr/lib --libexecdir=/usr/lib --mandir=/usr/share/man --infodir=/usr/share/info --with-bugurl=https://gitlab.archlinux.org/archlinux/packaging/packages/gcc/-/issues --with-build-config=bootstrap-lto --with-linker-hash-style=gnu --with-system-zlib --enable-__cxa_atexit --enable-cet=auto --enable-checking=release --enable-clocale=gnu --enable-default-pie --enable-default-ssp --enable-gnu-indirect-function --enable-gnu-unique-object --enable-libstdcxx-backtrace --enable-link-serialization=1 --enable-linker-build-id --enable-lto --enable-multilib --enable-plugin --enable-shared --enable-threads=posix --disable-libssp --disable-libstdcxx-pch --disable-werror
Thread model: posix
Supported LTO compression algorithms: zlib zstd
gcc version 15.2.1 20260103 (GCC) 
configure:2788: $? = 0
configure:2777: gcc -V >&5
gcc: error: unrecognized command-line option '-V'
gcc: fatal error: no input files
compilation terminated.
configure:2788: $? = 1
configure:2777: gcc -qversion >&5
gcc: error: unrecognized command-line option '-qversion'; did you mean '--version'?
gcc: fatal error: no input files
compilation terminated.
configure:2788: $? = 1
configure:2808: checking whether the C compiler works
configure:2830: gcc    conftest.c  >&5
configure:2834: $? = 0
configure:2882: result: yes
configure:2885: checking for C compiler default output file name
configure:2887: result: a.out
configure:2893: checking for suffix of executables
configure:2900: gcc -o conftest    conftest.c  >&5
configure:2904: $? = 0
configure:2926: result: 
configure:2948: checking whether we are cross compiling
configure:2956: gcc -o conftest    conftest.c  >&5
configure:2960: $? = 0
configure:2967: ./conftest
configure:2971: $? = 0
configure:2986: result: no
configure:2991: checking for suffix of object files
configure:3013: gcc -c   conftest.c >&5
configure:3017: $? = 0
configure:3038: result: o
configure:3042: checking whether we are using the GNU C compiler
configure:3061: gcc -c   conftest.c >&5
configure:3061: $? = 0
configure:3070: result: yes
configure:3079: checking whether gcc accepts -g
configure:3099: gcc -c -g  conftest.c >&5
configure:3099: $? = 0
configure:3140: result: yes
configure:3157: checking for gcc option to accept ISO C89
configure:3220: gcc  -c -g -O2  conftest.c >&5
conftest.c: In function 'e':
conftest.c:15:14: warning: old-style function definition [-Wold-style-definition]
   15 | static char *e (p, i)
      |              ^
configure:3220: $? = 0
configure:3233: result: none needed
configure:3258: checking whether gcc understands -c and -o together
configure:3280: gcc -c conftest.c -o conftest2.o
configure:3283: $? = 0
configure:3280: gcc -c conftest.c -o conftest2.o
configure:3283: $? = 0
configure:3295: result: yes
configure:3318: checking how to run the C preprocessor
configure:3349: gcc -E  conftest.c
configure:3349: $? = 0
configure:3363: gcc -E  conftest.c
conftest.c:9:10: fatal error: ac_nonexistent.h: No such file or directory
    9 | #include <ac_nonexistent.h>
      |          ^~~~~~~~~~~~~~~~~~
compilation terminated.
configure:3363: $? = 1
configure: failed program was:
| /* confdefs.h */
| #define PACKAGE_NAME "libXdmcp"
| #define PACKAGE_TARNAME "libXdmcp"
| #define PACKAGE_VERSION "1.1.3"
| #define PACKAGE_STRING "libXdmcp 1.1.3"
| #define PACKAGE_BUGREPORT "https://bugs.freedesktop.org/enter_bug.cgi?product=xorg"
| #define PACKAGE_URL ""
| /* end confdefs.h.  */
| #include <ac_nonexistent.h>
configure:3388: result: gcc -E
configure:3408: gcc -E  conftest.c
configure:3408: $? = 0
configure:3422: gcc -E  conftest.c
conftest.c:9:10: fatal error: ac_nonexistent.h: No such file or directory
    9 | #include <ac_nonexistent.h>
      |          ^~~~~~~~~~~~~~~~~~
compilation terminated.
configure:3422: $? = 1
configure: failed program was:
| /* confdefs.h */
| #define PACKAGE_NAME "libXdmcp"
| #define PACKAGE_TARNAME "libXdmcp"
| #define PACKAGE_VERSION "1.1.3"
| #define PACKAGE_STRING "libXdmcp 1.1.3"
| #define PACKAGE_BUGREPORT "https://bugs.freedesktop.org/enter_bug.cgi?product=xorg"
| #define PACKAGE_URL ""
| /* end confdefs.h.  */
| #include <ac_nonexistent.h>
configure:3451: checking for grep that handles long lines and -e
configure:3509: result: /usr/bin/grep
configure:3514: checking for egrep
configure:3576: result: /usr/bin/grep -E
configure:3581: checking for ANSI C header files
configure:3601: gcc -c -g -O2  conftest.c >&5
configure:3601: $? = 0
configure:3674: gcc -o conftest -g -O2   conftest.c  >&5
configure:3674: $? = 0
configure:3674: ./conftest
configure:3674: $? = 0
configure:3685: result: yes
configure:3698: checking for sys/types.h
configure:3698: gcc -c -g -O2  conftest.c >&5
configure:3698: $? = 0
configure:3698: result: yes
configure:3698: checking for sys/stat.h
configure:3698: gcc -c -g -O2  conftest.c >&5
configure:3698: $? = 0
configure:3698: result: yes
configure:3698: checking for stdlib.h
configure:3698: gcc -c -g -O2  conftest.c >&5
configure:3698: $? = 0
configure:3698: result: yes
configure:3698: checking for string.h
configure:3698: gcc -c -g -O2  conftest.c >&5
configure:3698: $? = 0
configure:3698: result: yes
configure:3698: checking for memory.h
configure:3698: gcc -c -g -O2  conftest.c >&5
configure:3698: $? = 0
configure:3698: result: yes
configure:3698: checking for strings.h
configure:3698: gcc -c -g -O2  conftest.c >&5
configure:3698: $? = 0
configure:3698: result: yes
configure:3698: checking for inttypes.h
configure:3698: gcc -c -g -O2  conftest.c >&5
configure:3698: $? = 0
configure:3698: result: yes
configure:3698: checking for stdint.h
configure:3698: gcc -c -g -O2  conftest.c >&5
configure:3698: $? = 0
configure:3698: result: yes
configure:3698: checking for unistd.h
configure:3698: gcc -c -g -O2  conftest.c >&5
configure:3698: $? = 0
configure:3698: result: yes
configure:3711: checking minix/config.h usability
configure:3711: gcc -c -g -O2  conftest.c >&5
conftest.c:52:10: fatal error: minix/config.h: No such file or directory
   52 | #include <minix/config.h>
      |          ^~~~~~~~~~~~~~~~
compilation terminated.
configure:3711: $? = 1
configure: failed program was:
| /* confdefs.h */
| #define PACKAGE_NAME "libXdmcp"
| #define PACKAGE_TARNAME "libXdmcp"
| #define PACKAGE_VERSION "1.1.3"
| #define PACKAGE_STRING "libXdmcp 1.1.3"
| #define PACKAGE_BUGREPORT "https://bugs.freedesktop.org/enter_bug.cgi?product=xorg"
| #define PACKAGE_URL ""
| #define STDC_HEADERS 1
| #define HAVE_SYS_TYPES_H 1
| #define HAVE_SYS_STAT_H 1
| #define HAVE_STDLIB_H 1
| #define HAVE_STRING_H 1
| #define HAVE_MEMORY_H 1
| #define HAVE_STRINGS_H 1
| #define HAVE_INTTYPES_H 1
| #define HAVE_STDINT_H 1
| #define HAVE_UNISTD_H 1
| /* end confdefs.h.  */
| #include <stdio.h>
| #ifdef HAVE_SYS_TYPES_H
| # include <sys/types.h>
| #endif
| #ifdef HAVE_SYS_STAT_H
| # include <sys/stat.h>
| #endif
| #ifdef STDC_HEADERS
| # include <stdlib.h>
| # include <stddef.h>
| #else
| # ifdef HAVE_STDLIB_H
| #  include <stdlib.h>
| # endif
| #endif
| #ifdef HAVE_STRING_H
| # if !defined STDC_HEADERS && defined HAVE_MEMORY_H
| #  include <memory.h>
| # endif
| # include <string.h>
| #endif
| #ifdef HAVE_STRINGS_H
| # include <strings.h>
| #endif
| #ifdef HAVE_INTTYPES_H
| # include <inttypes.h>
| #endif
| #ifdef HAVE_STDINT_H
| # include <stdint.h>
| #endif
| #ifdef HAVE_UNISTD_H
| # include <unistd.h>
| #endif
| #include <minix/config.h>
configure:3711: result: no
configure:3711: checking minix/config.h presence
configure:3711: gcc -E  conftest.c
conftest.c:19:10: fatal error: minix/config.h: No such file or directory
   19 | #include <minix/config.h>
      |          ^~~~~~~~~~~~~~~~
compilation terminated.
configure:3711: $? = 1
configure: failed program was:
| /* confdefs.h */
| #define PACKAGE_NAME "libXdmcp"
| #define PACKAGE_TARNAME "libXdmcp"
| #define PACKAGE_VERSION "1.1.3"
| #define PACKAGE_STRING "libXdmcp 1.1.3"
| #define PACKAGE_BUGREPORT "https://bugs.freedesktop.org/enter_bug.cgi?product=xorg"
| #define PACKAGE_URL ""
| #define STDC_HEADERS 1
| #define HAVE_SYS_TYPES_H 1
| #define HAVE_SYS_STAT_H 1
| #define HAVE_STDLIB_H 1
| #define HAVE_STRING_H 1
| #define HAVE_MEMORY_H 1
| #define HAVE_STRINGS_H 1
| #define HAVE_INTTYPES_H 1
| #define HAVE_STDINT_H 1
| #define HAVE_UNISTD_H 1
| /* end confdefs.h.  */
| #include <minix/config.h>
configure:3711: result: no
configure:3711: checking for minix/config.h
configure:3711: result: no
configure:3732: checking whether it is safe to define __EXTENSIONS__
configure:3750: gcc -c -g -O2  conftest.c >&5
configure:3750: $? = 0
configure:3757: result: yes
configure:3789: checking for a BSD-compatible install
configure:3857: result: /usr/bin/install -c
configure:3868: checking whether build environment is sane
configure:3923: result: yes
configure:4071: checking for a thread-safe mkdir -p
configure:4110: result: /usr/bin/mkdir -p
configure:4117: checking for gawk
configure:4133: found /usr/bin/gawk
configure:4144: result: gawk
configure:4155: checking whether make sets $(MAKE)
configure:4177: result: yes
configure:4207: checking for style of include used by make
configure:4235: result: GNU
configure:4269: checking whether make supports nested variables
configure:4286: result: yes
configure:4371: checking dependency style of gcc
configure:4482: result: gcc3
configure:4546: checking build system type
configure:4560: result: x86_64-pc-linux-gnu
configure:4580: checking host system type
configure:4593: result: x86_64-pc-linux-gnu
configure:4962: checking how to print strings
configure:4989: result: printf
configure:5010: checking for a sed that does not truncate output
configure:5074: result: /usr/bin/sed
configure:5092: checking for fgrep
configure:5154: result: /usr/bin/grep -F
configure:5189: checking for ld used by gcc
configure:5256: result: /usr/bin/ld
configure:5263: checking if the linker (/usr/bin/ld) is GNU ld
configure:5278: result: yes
configure:5290: checking for BSD- or MS-compatible name lister (nm)
configure:5344: result: /usr/bin/nm -B
configure:5474: checking the name lister (/usr/bin/nm -B) interface
configure:5481: gcc -c -g -O2  conftest.c >&5
configure:5484: /usr/bin/nm -B "conftest.o"
configure:5487: output
0000000000000000 B some_variable
configure:5494: result: BSD nm
configure:5497: checking whether ln -s works
configure:5501: result: yes
configure:5509: checking the maximum length of command line arguments
configure:5640: result: 1572864
configure:5688: checking how to convert x86_64-pc-linux-gnu file names to x86_64-pc-linux-gnu format
configure:5728: result: func_convert_file_noop
configure:5735: checking how to convert x86_64-pc-linux-gnu file names to toolchain format
configure:5755: result: func_convert_file_noop
configure:5762: checking for /usr/bin/ld option to reload object files
configure:5769: result: -r
configure:5843: checking for objdump
configure:5870: result: objdump
configure:5899: checking how to recognize dependent libraries
configure:6099: result: pass_all
configure:6184: checking for dlltool
configure:6211: result: dlltool
configure:6241: checking how to associate runtime and link libraries
configure:6268: result: printf %s\n
configure:6328: checking for ar
configure:6344: found /usr/bin/ar
configure:6355: result: ar
configure:6392: checking for archiver @FILE support
configure:6409: gcc -c -g -O2  conftest.c >&5
configure:6409: $? = 0
configure:6412: ar cru libconftest.a @conftest.lst >&5
ar: `u' modifier ignored since `D' is the default (see `U')
configure:6415: $? = 0
configure:6420: ar cru libconftest.a @conftest.lst >&5
ar: `u' modifier ignored since `D' is the default (see `U')
ar: conftest.o: No such file or directory
configure:6423: $? = 1
configure:6435: result: @
configure:6493: checking for strip
configure:6509: found /usr/bin/strip
configure:6520: result: strip
configure:6592: checking for ranlib
configure:6608: found /usr/bin/ranlib
configure:6619: result: ranlib
configure:6721: checking command to parse /usr/bin/nm -B output from gcc object
configure:6874: gcc -c -g -O2  conftest.c >&5
configure:6877: $? = 0
configure:6881: /usr/bin/nm -B conftest.o \| sed -n -e 's/^.*[ ]\([ABCDGIRSTW][ABCDGIRSTW]*\)[ ][ ]*\([_A-Za-z][_A-Za-z0-9]*\)$/\1 \2 \2/p' | sed '/ __gnu_lto/d' \> conftest.nm
configure:6884: $? = 0
configure:6950: gcc -o conftest -g -O2   conftest.c conftstm.o >&5
configure:6953: $? = 0
configure:6991: result: ok
configure:7038: checking for sysroot
configure:7068: result: no
configure:7075: checking for a working dd
configure:7113: result: /usr/bin/dd
configure:7117: checking how to truncate binary pipes
configure:7132: result: /usr/bin/dd bs=4096 count=1
configure:7268: gcc -c -g -O2  conftest.c >&5
configure:7271: $? = 0
configure:7461: checking for mt
configure:7491: result: no
configure:7511: checking if : is a manifest tool
configure:7517: : '-?'
configure:7525: result: no
configure:8199: checking for dlfcn.h
configure:8199: gcc -c -g -O2  conftest.c >&5
configure:8199: $? = 0
configure:8199: result: yes
configure:8453: checking for objdir
configure:8468: result: .libs
configure:8728: checking if gcc supports -fno-rtti -fno-exceptions
configure:8746: gcc -c -g -O2  -fno-rtti -fno-exceptions conftest.c >&5
cc1: warning: command-line option '-fno-rtti' is valid for C++/D/ObjC++ but not for C
configure:8750: $? = 0
configure:8763: result: no
configure:9121: checking for gcc option to produce PIC
configure:9128: result: -fPIC -DPIC
configure:9136: checking if gcc PIC flag -fPIC -DPIC works
configure:9154: gcc -c -g -O2  -fPIC -DPIC -DPIC conftest.c >&5
configure:9158: $? = 0
configure:9171: result: yes
configure:9200: checking if gcc static flag -static works
configure:9228: result: yes
configure:9243: checking if gcc supports -c -o file.o
configure:9264: gcc -c -g -O2  -o out/conftest2.o conftest.c >&5
configure:9268: $? = 0
configure:9290: result: yes
configure:9298: checking if gcc supports -c -o file.o
configure:9345: result: yes
configure:9378: checking whether the gcc linker (/usr/bin/ld -m elf_x86_64) supports shared libraries
configure:10637: result: yes
configure:10674: checking whether -lc should be explicitly linked in
configure:10682: gcc -c -g -O2  conftest.c >&5
configure:10685: $? = 0
configure:10700: gcc -shared  -fPIC -DPIC conftest.o  -v -Wl,-soname -Wl,conftest -o conftest 2\>\&1 \| /usr/bin/grep  -lc  \>/dev/null 2\>\&1
configure:10703: $? = 0
configure:10717: result: no
configure:10877: checking dynamic linker characteristics
configure:11458: gcc -o conftest -g -O2   -Wl,-rpath -Wl,/foo conftest.c  >&5
configure:11458: $? = 0
configure:11695: result: GNU/Linux ld.so
configure:11817: checking how to hardcode library paths into programs
configure:11842: result: immediate
configure:12390: checking whether stripping libraries is possible
configure:12395: result: yes
configure:12430: checking if libtool supports shared libraries
configure:12432: result: yes
configure:12435: checking whether to build shared libraries
configure:12460: result: yes
configure:12463: checking whether to build static libraries
configure:12467: result: yes
configure:12517: checking for gcc option to accept ISO C99
configure:12666: gcc  -c -g -O2  conftest.c >&5
configure:12666: $? = 0
configure:12679: result: none needed
configure:12698: checking whether __clang__ is declared
configure:12698: gcc -c -g -O2  conftest.c >&5
conftest.c: In function 'main':
conftest.c:68:10: error: '__clang__' undeclared (first use in this function)
   68 |   (void) __clang__;
      |          ^~~~~~~~~
conftest.c:68:10: note: each undeclared identifier is reported only once for each function it appears in
configure:12698: $? = 1
configure: failed program was:
| /* confdefs.h */
| #define PACKAGE_NAME "libXdmcp"
| #define PACKAGE_TARNAME "libXdmcp"
| #define PACKAGE_VERSION "1.1.3"
| #define PACKAGE_STRING "libXdmcp 1.1.3"
| #define PACKAGE_BUGREPORT "https://bugs.freedesktop.org/enter_bug.cgi?product=xorg"
| #define PACKAGE_URL ""
| #define STDC_HEADERS 1
| #define HAVE_SYS_TYPES_H 1
| #define HAVE_SYS_STAT_H 1
| #define HAVE_STDLIB_H 1
| #define HAVE_STRING_H 1
| #define HAVE_MEMORY_H 1
| #define HAVE_STRINGS_H 1
| #define HAVE_INTTYPES_H 1
| #define HAVE_STDINT_H 1
| #define HAVE_UNISTD_H 1
| #define __EXTENSIONS__ 1
| #define _ALL_SOURCE 1
| #define _GNU_SOURCE 1
| #define _POSIX_PTHREAD_SEMANTICS 1
| #define _TANDEM_SOURCE 1
| #define PACKAGE "libXdmcp"
| #define VERSION "1.1.3"
| #define HAVE_DLFCN_H 1
| #define LT_OBJDIR ".libs/"
| /* end confdefs.h.  */
| #include <stdio.h>
| #ifdef HAVE_SYS_TYPES_H
| # include <sys/types.h>
| #endif
| #ifdef HAVE_SYS_STAT_H
| # include <sys/stat.h>
| #endif
| #ifdef STDC_HEADERS
| # include <stdlib.h>
| # include <stddef.h>
| #else
| # ifdef HAVE_STDLIB_H
| #  include <stdlib.h>
| # endif
| #endif
| #ifdef HAVE_STRING_H
| # if !defined STDC_HEADERS && defined HAVE_MEMORY_H
| #  include <memory.h>
| # endif
| # include <string.h>
| #endif
| #ifdef HAVE_STRINGS_H
| # include <strings.h>
| #endif
| #ifdef HAVE_INTTYPES_H
| # include <inttypes.h>
| #endif
| #ifdef HAVE_STDINT_H
| # include <stdint.h>
| #endif
| #ifdef HAVE_UNISTD_H
| # include <unistd.h>
| #endif
| int
| main ()
| {
| #ifndef __clang__
| #ifdef __cplusplus
|   (void) __clang__;
| #else
|   (void) __clang__;
| #endif
| #endif
| 
|   ;
|   return 0;
| }
configure:12698: result: no
configure:12705: checking whether __INTEL_COMPILER is declared
configure:12705: gcc -c -g -O2  conftest.c >&5
conftest.c: In function 'main':
conftest.c:68:10: error: '__INTEL_COMPILER' undeclared (first use in this function)
   68 |   (void) __INTEL_COMPILER;
      |          ^~~~~~~~~~~~~~~~
conftest.c:68:10: note: each undeclared identifier is reported only once for each function it appears in
configure:12705: $? = 1
configure: failed program was:
| /* confdefs.h */
| #define PACKAGE_NAME "libXdmcp"
| #define PACKAGE_TARNAME "libXdmcp"
| #define PACKAGE_VERSION "1.1.3"
| #define PACKAGE_STRING "libXdmcp 1.1.3"
| #define PACKAGE_BUGREPORT "https://bugs.freedesktop.org/enter_bug.cgi?product=xorg"
| #define PACKAGE_URL ""
| #define STDC_HEADERS 1
| #define HAVE_SYS_TYPES_H 1
| #define HAVE_SYS_STAT_H 1
| #define HAVE_STDLIB_H 1
| #define HAVE_STRING_H 1
| #define HAVE_MEMORY_H 1
| #define HAVE_STRINGS_H 1
| #define HAVE_INTTYPES_H 1
| #define HAVE_STDINT_H 1
| #define HAVE_UNISTD_H 1
| #define __EXTENSIONS__ 1
| #define _ALL_SOURCE 1
| #define _GNU_SOURCE 1
| #define _POSIX_PTHREAD_SEMANTICS 1
| #define _TANDEM_SOURCE 1
| #define PACKAGE "libXdmcp"
| #define VERSION "1.1.3"
| #define HAVE_DLFCN_H 1
| #define LT_OBJDIR ".libs/"
| /* end confdefs.h.  */
| #include <stdio.h>
| #ifdef HAVE_SYS_TYPES_H
| # include <sys/types.h>
| #endif
| #ifdef HAVE_SYS_STAT_H
| # include <sys/stat.h>
| #endif
| #ifdef STDC_HEADERS
| # include <stdlib.h>
| # include <stddef.h>
| #else
| # ifdef HAVE_STDLIB_H
| #  include <stdlib.h>
| # endif
| #endif
| #ifdef HAVE_STRING_H
| # if !defined STDC_HEADERS && defined HAVE_MEMORY_H
| #  include <memory.h>
| # endif
| # include <string.h>
| #endif
| #ifdef HAVE_STRINGS_H
| # include <strings.h>
| #endif
| #ifdef HAVE_INTTYPES_H
| # include <inttypes.h>
| #endif
| #ifdef HAVE_STDINT_H
| # include <stdint.h>
| #endif
| #ifdef HAVE_UNISTD_H
| # include <unistd.h>
| #endif
| int
| main ()
| {
| #ifndef __INTEL_COMPILER
| #ifdef __cplusplus
|   (void) __INTEL_COMPILER;
| #else
|   (void) __INTEL_COMPILER;
| #endif
| #endif
| 
|   ;
|   return 0;
| }
configure:12705: result: no
configure:12712: checking whether __SUNPRO_C is declared
configure:12712: gcc -c -g -O2  conftest.c >&5
conftest.c: In function 'main':
conftest.c:68:10: error: '__SUNPRO_C' undeclared (first use in this function)
   68 |   (void) __SUNPRO_C;
      |          ^~~~~~~~~~
conftest.c:68:10: note: each undeclared identifier is reported only once for each function it appears in
configure:12712: $? = 1
configure: failed program was:
| /* confdefs.h */
| #define PACKAGE_NAME "libXdmcp"
| #define PACKAGE_TARNAME "libXdmcp"
| #define PACKAGE_VERSION "1.1.3"
| #define PACKAGE_STRING "libXdmcp 1.1.3"
| #define PACKAGE_BUGREPORT "https://bugs.freedesktop.org/enter_bug.cgi?product=xorg"
| #define PACKAGE_URL ""
| #define STDC_HEADERS 1
| #define HAVE_SYS_TYPES_H 1
| #define HAVE_SYS_STAT_H 1
| #define HAVE_STDLIB_H 1
| #define HAVE_STRING_H 1
| #define HAVE_MEMORY_H 1
| #define HAVE_STRINGS_H 1
| #define HAVE_INTTYPES_H 1
| #define HAVE_STDINT_H 1
| #define HAVE_UNISTD_H 1
| #define __EXTENSIONS__ 1
| #define _ALL_SOURCE 1
| #define _GNU_SOURCE 1
| #define _POSIX_PTHREAD_SEMANTICS 1
| #define _TANDEM_SOURCE 1
| #define PACKAGE "libXdmcp"
| #define VERSION "1.1.3"
| #define HAVE_DLFCN_H 1
| #define LT_OBJDIR ".libs/"
| /* end confdefs.h.  */
| #include <stdio.h>
| #ifdef HAVE_SYS_TYPES_H
| # include <sys/types.h>
| #endif
| #ifdef HAVE_SYS_STAT_H
| # include <sys/stat.h>
| #endif
| #ifdef STDC_HEADERS
| # include <stdlib.h>
| # include <stddef.h>
| #else
| # ifdef HAVE_STDLIB_H
| #  include <stdlib.h>
| # endif
| #endif
| #ifdef HAVE_STRING_H
| # if !defined STDC_HEADERS && defined HAVE_MEMORY_H
| #  include <memory.h>
| # endif
| # include <string.h>
| #endif
| #ifdef HAVE_STRINGS_H
| # include <strings.h>
| #endif
| #ifdef HAVE_INTTYPES_H
| # include <inttypes.h>
| #endif
| #ifdef HAVE_STDINT_H
| # include <stdint.h>
| #endif
| #ifdef HAVE_UNISTD_H
| # include <unistd.h>
| #endif
| int
| main ()
| {
| #ifndef __SUNPRO_C
| #ifdef __cplusplus
|   (void) __SUNPRO_C;
| #else
|   (void) __SUNPRO_C;
| #endif
| #endif
| 
|   ;
|   return 0;
| }
configure:12712: result: no
configure:12774: checking for pkg-config
configure:12792: found /usr/bin/pkg-config
configure:12804: result: /usr/bin/pkg-config
configure:12829: checking pkg-config is at least version 0.9.0
configure:12832: result: yes
configure:12881: checking if gcc supports -Werror=unknown-warning-option
configure:12890: gcc -c -g -O2 -Werror=unknown-warning-option  conftest.c >&5
cc1: error: '-Werror=unknown-warning-option': no option '-Wunknown-warning-option'
configure:12890: $? = 1
configure: failed program was:
| /* confdefs.h */
| #define PACKAGE_NAME "libXdmcp"
| #define PACKAGE_TARNAME "libXdmcp"
| #define PACKAGE_VERSION "1.1.3"
| #define PACKAGE_STRING "libXdmcp 1.1.3"
| #define PACKAGE_BUGREPORT "https://bugs.freedesktop.org/enter_bug.cgi?product=xorg"
| #define PACKAGE_URL ""
| #define STDC_HEADERS 1
| #define HAVE_SYS_TYPES_H 1
| #define HAVE_SYS_STAT_H 1
| #define HAVE_STDLIB_H 1
| #define HAVE_STRING_H 1
| #define HAVE_MEMORY_H 1
| #define HAVE_STRINGS_H 1
| #define HAVE_INTTYPES_H 1
| #define HAVE_STDINT_H 1
| #define HAVE_UNISTD_H 1
| #define __EXTENSIONS__ 1
| #define _ALL_SOURCE 1
| #define _GNU_SOURCE 1
| #define _POSIX_PTHREAD_SEMANTICS 1
| #define _TANDEM_SOURCE 1
| #define PACKAGE "libXdmcp"
| #define VERSION "1.1.3"
| #define HAVE_DLFCN_H 1
| #define LT_OBJDIR ".libs/"
| /* end confdefs.h.  */
| int i;
configure:12897: result: no
configure:12908: checking if gcc supports -Werror=unused-command-line-argument
configure:12917: gcc -c -g -O2 -Werror=unused-command-line-argument  conftest.c >&5
cc1: error: '-Werror=unused-command-line-argument': no option '-Wunused-command-line-argument'; did you mean '-Wunused-dummy-argument'?
configure:12917: $? = 1
configure: failed program was:
| /* confdefs.h */
| #define PACKAGE_NAME "libXdmcp"
| #define PACKAGE_TARNAME "libXdmcp"
| #define PACKAGE_VERSION "1.1.3"
| #define PACKAGE_STRING "libXdmcp 1.1.3"
| #define PACKAGE_BUGREPORT "https://bugs.freedesktop.org/enter_bug.cgi?product=xorg"
| #define PACKAGE_URL ""
| #define STDC_HEADERS 1
| #define HAVE_SYS_TYPES_H 1
| #define HAVE_SYS_STAT_H 1
| #define HAVE_STDLIB_H 1
| #define HAVE_STRING_H 1
| #define HAVE_MEMORY_H 1
| #define HAVE_STRINGS_H 1
| #define HAVE_INTTYPES_H 1
| #define HAVE_STDINT_H 1
| #define HAVE_UNISTD_H 1
| #define __EXTENSIONS__ 1
| #define _ALL_SOURCE 1
| #define _GNU_SOURCE 1
| #define _POSIX_PTHREAD_SEMANTICS 1
| #define _TANDEM_SOURCE 1
| #define PACKAGE "libXdmcp"
| #define VERSION "1.1.3"
| #define HAVE_DLFCN_H 1
| #define LT_OBJDIR ".libs/"
| /* end confdefs.h.  */
| int i;
configure:12924: result: no
configure:12943: checking if gcc supports -Wall
configure:12960: gcc -o conftest -g -O2 -Wall   conftest.c  >&5
configure:12960: $? = 0
configure:12973: result: yes
configure:13061: checking if gcc supports -Wpointer-arith
configure:13078: gcc -o conftest -g -O2 -Wpointer-arith   conftest.c  >&5
configure:13078: $? = 0
configure:13091: result: yes
configure:13179: checking if gcc supports -Wmissing-declarations
configure:13196: gcc -o conftest -g -O2 -Wmissing-declarations   conftest.c  >&5
configure:13196: $? = 0
configure:13209: result: yes
configure:13297: checking if gcc supports -Wformat=2
configure:13314: gcc -o conftest -g -O2 -Wformat=2   conftest.c  >&5
configure:13314: $? = 0
configure:13327: result: yes
configure:13466: checking if gcc supports -Wstrict-prototypes
configure:13483: gcc -o conftest -g -O2 -Wstrict-prototypes   conftest.c  >&5
configure:13483: $? = 0
configure:13496: result: yes
configure:13584: checking if gcc supports -Wmissing-prototypes
configure:13601: gcc -o conftest -g -O2 -Wmissing-prototypes   conftest.c  >&5
configure:13601: $? = 0
configure:13614: result: yes
configure:13702: checking if gcc supports -Wnested-externs
configure:13719: gcc -o conftest -g -O2 -Wnested-externs   conftest.c  >&5
configure:13719: $? = 0
configure:13732: result: yes
configure:13820: checking if gcc supports -Wbad-function-cast
configure:13837: gcc -o conftest -g -O2 -Wbad-function-cast   conftest.c  >&5
configure:13837: $? = 0
configure:13850: result: yes
configure:13938: checking if gcc supports -Wold-style-definition
configure:13955: gcc -o conftest -g -O2 -Wold-style-definition   conftest.c  >&5
configure:13955: $? = 0
configure:13968: result: yes
configure:14105: checking if gcc supports -Wdeclaration-after-statement
configure:14122: gcc -o conftest -g -O2 -Wdeclaration-after-statement   conftest.c  >&5
configure:14122: $? = 0
configure:14135: result: yes
configure:14227: checking if gcc supports -Wunused
configure:14244: gcc -o conftest -g -O2 -Wunused   conftest.c  >&5
configure:14244: $? = 0
configure:14257: result: yes
configure:14345: checking if gcc supports -Wuninitialized
configure:14362: gcc -o conftest -g -O2 -Wuninitialized   conftest.c  >&5
configure:14362: $? = 0
configure:14375: result: yes
configure:14463: checking if gcc supports -Wshadow
configure:14480: gcc -o conftest -g -O2 -Wshadow   conftest.c  >&5
configure:14480: $? = 0
configure:14493: result: yes
configure:14581: checking if gcc supports -Wmissing-noreturn
configure:14598: gcc -o conftest -g -O2 -Wmissing-noreturn   conftest.c  >&5
configure:14598: $? = 0
configure:14611: result: yes
configure:14699: checking if gcc supports -Wmissing-format-attribute
configure:14716: gcc -o conftest -g -O2 -Wmissing-format-attribute   conftest.c  >&5
configure:14716: $? = 0
configure:14729: result: yes
configure:14817: checking if gcc supports -Wredundant-decls
configure:14834: gcc -o conftest -g -O2 -Wredundant-decls   conftest.c  >&5
configure:14834: $? = 0
configure:14847: result: yes
configure:14935: checking if gcc supports -Wlogical-op
configure:14952: gcc -o conftest -g -O2 -Wlogical-op   conftest.c  >&5
configure:14952: $? = 0
configure:14965: result: yes
configure:15065: checking if gcc supports -Werror=implicit
configure:15082: gcc -o conftest -g -O2 -Werror=implicit   conftest.c  >&5
configure:15082: $? = 0
configure:15095: result: yes
configure:15232: checking if gcc supports -Werror=nonnull
configure:15249: gcc -o conftest -g -O2 -Werror=nonnull   conftest.c  >&5
configure:15249: $? = 0
configure:15262: result: yes
configure:15350: checking if gcc supports -Werror=init-self
configure:15367: gcc -o conftest -g -O2 -Werror=init-self   conftest.c  >&5
configure:15367: $? = 0
configure:15380: result: yes
configure:15468: checking if gcc supports -Werror=main
configure:15485: gcc -o conftest -g -O2 -Werror=main   conftest.c  >&5
configure:15485: $? = 0
configure:15498: result: yes
configure:15586: checking if gcc supports -Werror=missing-braces
configure:15603: gcc -o conftest -g -O2 -Werror=missing-braces   conftest.c  >&5
configure:15603: $? = 0
configure:15616: result: yes
configure:15704: checking if gcc supports -Werror=sequence-point
configure:15721: gcc -o conftest -g -O2 -Werror=sequence-point   conftest.c  >&5
configure:15721: $? = 0
configure:15734: result: yes
configure:15822: checking if gcc supports -Werror=return-type
configure:15839: gcc -o conftest -g -O2 -Werror=return-type   conftest.c  >&5
configure:15839: $? = 0
configure:15852: result: yes
configure:15989: checking if gcc supports -Werror=trigraphs
configure:16006: gcc -o conftest -g -O2 -Werror=trigraphs   conftest.c  >&5
configure:16006: $? = 0
configure:16019: result: yes
configure:16107: checking if gcc supports -Werror=array-bounds
configure:16124: gcc -o conftest -g -O2 -Werror=array-bounds   conftest.c  >&5
configure:16124: $? = 0
configure:16137: result: yes
configure:16225: checking if gcc supports -Werror=write-strings
configure:16242: gcc -o conftest -g -O2 -Werror=write-strings   conftest.c  >&5
configure:16242: $? = 0
configure:16255: result: yes
configure:16343: checking if gcc supports -Werror=address
configure:16360: gcc -o conftest -g -O2 -Werror=address   conftest.c  >&5
configure:16360: $? = 0
configure:16373: result: yes
configure:16461: checking if gcc supports -Werror=int-to-pointer-cast
configure:16478: gcc -o conftest -g -O2 -Werror=int-to-pointer-cast   conftest.c  >&5
configure:16478: $? = 0
configure:16491: result: yes
configure:16628: checking if gcc supports -Werror=pointer-to-int-cast
configure:16645: gcc -o conftest -g -O2 -Werror=pointer-to-int-cast   conftest.c  >&5
configure:16645: $? = 0
configure:16658: result: yes
configure:18316: checking if gcc supports -pedantic
configure:18333: gcc -o conftest -g -O2 -pedantic   conftest.c  >&5
configure:18333: $? = 0
configure:18346: result: yes
configure:18434: checking if gcc supports -Werror
configure:18451: gcc -o conftest -g -O2 -Werror   conftest.c  >&5
configure:18451: $? = 0
configure:18464: result: yes
configure:18604: checking if gcc supports -Werror=attributes
configure:18621: gcc -o conftest -g -O2 -Werror=attributes   conftest.c  >&5
configure:18621: $? = 0
configure:18634: result: yes
configure:18798: checking whether make supports nested variables
configure:18815: result: yes
configure:18845: checking whether to build documentation
configure:18847: result: yes
configure:18866: checking for xmlto
configure:18899: result: no
configure:18905: WARNING: xmlto not found - documentation targets will be skipped
configure:19054: checking for fop
configure:19087: result: no
configure:19093: WARNING: fop not found - documentation targets will be skipped
configure:19183: checking for xsltproc
configure:19201: found /usr/bin/xsltproc
configure:19213: result: /usr/bin/xsltproc
configure:19293: checking for X.Org SGML entities >= 1.8
configure:19297: $PKG_CONFIG --exists --print-errors "xorg-sgml-doctools >= 1.8"
Package xorg-sgml-doctools was not found in the pkg-config search path.
Perhaps you should add the directory containing `xorg-sgml-doctools.pc'
to the PKG_CONFIG_PATH environment variable
Package 'xorg-sgml-doctools' not found
configure:19300: $? = 1
configure:19316: result: no
configure:19334: checking whether ln -s works
configure:19338: result: yes
configure:19347: checking for library containing recvfrom
configure:19378: gcc -o conftest -g -O2   conftest.c  >&5
configure:19378: $? = 0
configure:19395: result: none required
configure:19451: checking for arc4random_buf in -lbsd
configure:19476: gcc -o conftest -g -O2   conftest.c -lbsd   >&5
configure:19476: $? = 0
configure:19485: result: yes
configure:19499: checking for srand48
configure:19499: gcc -o conftest -g -O2   conftest.c -lbsd  >&5
configure:19499: $? = 0
configure:19499: result: yes
configure:19499: checking for lrand48
configure:19499: gcc -o conftest -g -O2   conftest.c -lbsd  >&5
configure:19499: $? = 0
configure:19499: result: yes
configure:19499: checking for arc4random_buf
configure:19499: gcc -o conftest -g -O2   conftest.c -lbsd  >&5
configure:19499: $? = 0
configure:19499: result: yes
configure:19499: checking for getentropy
configure:19499: gcc -o conftest -g -O2   conftest.c -lbsd  >&5
configure:19499: $? = 0
configure:19499: result: yes
configure:19512: checking for XDMCP
configure:19519: $PKG_CONFIG --exists --print-errors "xproto"
configure:19522: $? = 0
configure:19536: $PKG_CONFIG --exists --print-errors "xproto"
configure:19539: $? = 0
configure:19597: result: yes
configure:19844: checking whether to build unit test cases
configure:19846: result: yes
configure:19961: checking that generated files are newer than configure
configure:19967: result: done
configure:20030: creating ./config.status

## ---------------------- ##
## Running config.status. ##
## ---------------------- ##

This file was extended by libXdmcp config.status 1.1.3, which was
generated by GNU Autoconf 2.69.  Invocation command line was

  CONFIG_FILES    = 
  CONFIG_HEADERS  = 
  CONFIG_LINKS    = 
  CONFIG_COMMANDS = 
  $ ./config.status 

on archlinux

config.status:1167: creating Makefile
config.status:1167: creating doc/Makefile
config.status:1167: creating test/Makefile
config.status:1167: creating xdmcp.pc
config.status:1167: creating config.h
config.status:1396: executing depfiles commands
config.status:1396: executing libtool commands

## ---------------- ##
## Cache variables. ##
## ---------------- ##

ac_cv_build=x86_64-pc-linux-gnu
ac_cv_c_compiler_gnu=yes
ac_cv_env_CC_set=
ac_cv_env_CC_value=
ac_cv_env_CFLAGS_set=
ac_cv_env_CFLAGS_value=
ac_cv_env_CPPFLAGS_set=
ac_cv_env_CPPFLAGS_value=
ac_cv_env_CPP_set=
ac_cv_env_CPP_value=
ac_cv_env_FOP_set=
ac_cv_env_FOP_value=
ac_cv_env_LDFLAGS_set=
ac_cv_env_LDFLAGS_value=
ac_cv_env_LIBS_set=
ac_cv_env_LIBS_value=
ac_cv_env_LINT_FLAGS_set=
ac_cv_env_LINT_FLAGS_value=
ac_cv_env_LINT_set=
ac_cv_env_LINT_value=
ac_cv_env_LT_SYS_LIBRARY_PATH_set=
ac_cv_env_LT_SYS_LIBRARY_PATH_value=
ac_cv_env_PKG_CONFIG_LIBDIR_set=
ac_cv_env_PKG_CONFIG_LIBDIR_value=
ac_cv_env_PKG_CONFIG_PATH_set=
ac_cv_env_PKG_CONFIG_PATH_value=
ac_cv_env_PKG_CONFIG_set=
ac_cv_env_PKG_CONFIG_value=
ac_cv_env_XDMCP_CFLAGS_set=
ac_cv_env_XDMCP_CFLAGS_value=
ac_cv_env_XDMCP_LIBS_set=
ac_cv_env_XDMCP_LIBS_value=
ac_cv_env_XMLTO_set=
ac_cv_env_XMLTO_value=
ac_cv_env_XORG_MALLOC_DEBUG_ENV_set=
ac_cv_env_XORG_MALLOC_DEBUG_ENV_value=
ac_cv_env_XSLTPROC_set=
ac_cv_env_XSLTPROC_value=
ac_cv_env_build_alias_set=
ac_cv_env_build_alias_value=
ac_cv_env_host_alias_set=
ac_cv_env_host_alias_value=
ac_cv_env_target_alias_set=
ac_cv_env_target_alias_value=
ac_cv_func_arc4random_buf=yes
ac_cv_func_getentropy=yes
ac_cv_func_lrand48=yes
ac_cv_func_srand48=yes
ac_cv_have_decl___INTEL_COMPILER=no
ac_cv_have_decl___SUNPRO_C=no
ac_cv_have_decl___clang__=no
ac_cv_header_dlfcn_h=yes
ac_cv_header_inttypes_h=yes
ac_cv_header_memory_h=yes
ac_cv_header_minix_config_h=no
ac_cv_header_stdc=yes
ac_cv_header_stdint_h=yes
ac_cv_header_stdlib_h=yes
ac_cv_header_string_h=yes
ac_cv_header_strings_h=yes
ac_cv_header_sys_stat_h=yes
ac_cv_header_sys_types_h=yes
ac_cv_header_unistd_h=yes
ac_cv_host=x86_64-pc-linux-gnu
ac_cv_lib_bsd_arc4random_buf=yes
ac_cv_objext=o
ac_cv_path_EGREP='/usr/bin/grep -E'
ac_cv_path_FGREP='/usr/bin/grep -F'
ac_cv_path_GREP=/usr/bin/grep
ac_cv_path_SED=/usr/bin/sed
ac_cv_path_XSLTPROC=/usr/bin/xsltproc
ac_cv_path_ac_pt_PKG_CONFIG=/usr/bin/pkg-config
ac_cv_path_install='/usr/bin/install -c'
ac_cv_path_lt_DD=/usr/bin/dd
ac_cv_path_mkdir=/usr/bin/mkdir
ac_cv_prog_AWK=gawk
ac_cv_prog_CPP='gcc -E'
ac_cv_prog_ac_ct_AR=ar
ac_cv_prog_ac_ct_CC=gcc
ac_cv_prog_ac_ct_DLLTOOL=dlltool
ac_cv_prog_ac_ct_OBJDUMP=objdump
ac_cv_prog_ac_ct_RANLIB=ranlib
ac_cv_prog_ac_ct_STRIP=strip
ac_cv_prog_cc_c89=
ac_cv_prog_cc_c99=
ac_cv_prog_cc_g=yes
ac_cv_prog_make_make_set=yes
ac_cv_safe_to_define___extensions__=yes
ac_cv_search_recvfrom='none required'
am_cv_CC_dependencies_compiler_type=gcc3
am_cv_make_support_nested_variables=yes
am_cv_prog_cc_c_o=yes
lt_cv_ar_at_file=@
lt_cv_archive_cmds_need_lc=no
lt_cv_deplibs_check_method=pass_all
lt_cv_file_magic_cmd='$MAGIC_CMD'
lt_cv_file_magic_test_file=
lt_cv_ld_reload_flag=-r
lt_cv_nm_interface='BSD nm'
lt_cv_objdir=.libs
lt_cv_path_LD=/usr/bin/ld
lt_cv_path_NM='/usr/bin/nm -B'
lt_cv_path_mainfest_tool=no
lt_cv_prog_compiler_c_o=yes
lt_cv_prog_compiler_pic='-fPIC -DPIC'
lt_cv_prog_compiler_pic_works=yes
lt_cv_prog_compiler_rtti_exceptions=no
lt_cv_prog_compiler_static_works=yes
lt_cv_prog_gnu_ld=yes
lt_cv_sharedlib_from_linklib_cmd='printf %s\n'
lt_cv_shlibpath_overrides_runpath=yes
lt_cv_sys_global_symbol_pipe='sed -n -e '\''s/^.*[	 ]\([ABCDGIRSTW][ABCDGIRSTW]*\)[	 ][	 ]*\([_A-Za-z][_A-Za-z0-9]*\)$/\1 \2 \2/p'\'' | sed '\''/ __gnu_lto/d'\'''
lt_cv_sys_global_symbol_to_c_name_address='sed -n -e '\''s/^: \(.*\) .*$/  {"\1", (void *) 0},/p'\'' -e '\''s/^[ABCDGIRSTW][ABCDGIRSTW]* .* \(.*\)$/  {"\1", (void *) \&\1},/p'\'''
lt_cv_sys_global_symbol_to_c_name_address_lib_prefix='sed -n -e '\''s/^: \(.*\) .*$/  {"\1", (void *) 0},/p'\'' -e '\''s/^[ABCDGIRSTW][ABCDGIRSTW]* .* \(lib.*\)$/  {"\1", (void *) \&\1},/p'\'' -e '\''s/^[ABCDGIRSTW][ABCDGIRSTW]* .* \(.*\)$/  {"lib\1", (void *) \&\1},/p'\'''
lt_cv_sys_global_symbol_to_cdecl='sed -n -e '\''s/^T .* \(.*\)$/extern int \1();/p'\'' -e '\''s/^[ABCDGIRSTW][ABCDGIRSTW]* .* \(.*\)$/extern char \1;/p'\'''
lt_cv_sys_global_symbol_to_import=
lt_cv_sys_max_cmd_len=1572864
lt_cv_to_host_file_cmd=func_convert_file_noop
lt_cv_to_tool_file_cmd=func_convert_file_noop
lt_cv_truncate_bin='/usr/bin/dd bs=4096 count=1'
pkg_cv_XDMCP_CFLAGS=
pkg_cv_XDMCP_LIBS=
xorg_cv_cc_flag__Wall=yes
xorg_cv_cc_flag__Wbad_function_cast=yes
xorg_cv_cc_flag__Wdeclaration_after_statement=yes
xorg_cv_cc_flag__Werror=yes
xorg_cv_cc_flag__Werror_address=yes
xorg_cv_cc_flag__Werror_array_bounds=yes
xorg_cv_cc_flag__Werror_attributes=yes
xorg_cv_cc_flag__Werror_implicit=yes
xorg_cv_cc_flag__Werror_init_self=yes
xorg_cv_cc_flag__Werror_int_to_pointer_cast=yes
xorg_cv_cc_flag__Werror_main=yes
xorg_cv_cc_flag__Werror_missing_braces=yes
xorg_cv_cc_flag__Werror_nonnull=yes
xorg_cv_cc_flag__Werror_pointer_to_int_cast=yes
xorg_cv_cc_flag__Werror_return_type=yes
xorg_cv_cc_flag__Werror_sequence_point=yes
xorg_cv_cc_flag__Werror_trigraphs=yes
xorg_cv_cc_flag__Werror_write_strings=yes
xorg_cv_cc_flag__Wformat_2=yes
xorg_cv_cc_flag__Wlogical_op=yes
xorg_cv_cc_flag__Wmissing_declarations=yes
xorg_cv_cc_flag__Wmissing_format_attribute=yes
xorg_cv_cc_flag__Wmissing_noreturn=yes
xorg_cv_cc_flag__Wmissing_prototypes=yes
xorg_cv_cc_flag__Wnested_externs=yes
xorg_cv_cc_flag__Wold_style_definition=yes
xorg_cv_cc_flag__Wpointer_arith=yes
xorg_cv_cc_flag__Wredundant_decls=yes
xorg_cv_cc_flag__Wshadow=yes
xorg_cv_cc_flag__Wstrict_prototypes=yes
xorg_cv_cc_flag__Wuninitialized=yes
xorg_cv_cc_flag__Wunused=yes
xorg_cv_cc_flag__pedantic=yes
xorg_cv_cc_flag_unknown_warning_option=no
xorg_cv_cc_flag_unused_command_line_argument=no

## ----------------- ##
## Output variables. ##
## ----------------- ##

ACLOCAL='${SHELL} /storage/rlinux/sources/libXdmcp-1.1.3/missing aclocal-1.15'
ADMIN_MAN_DIR='$(mandir)/man$(ADMIN_MAN_SUFFIX)'
ADMIN_MAN_SUFFIX='8'
AMDEPBACKSLASH='\'
AMDEP_FALSE='#'
AMDEP_TRUE=''
AMTAR='$${TAR-tar}'
AM_BACKSLASH='\'
AM_DEFAULT_V='$(AM_DEFAULT_VERBOSITY)'
AM_DEFAULT_VERBOSITY='0'
AM_V='$(V)'
APP_MAN_DIR='$(mandir)/man$(APP_MAN_SUFFIX)'
APP_MAN_SUFFIX='1'
AR='ar'
AS='as'
AUTOCONF='${SHELL} /storage/rlinux/sources/libXdmcp-1.1.3/missing autoconf'
AUTOHEADER='${SHELL} /storage/rlinux/sources/libXdmcp-1.1.3/missing autoheader'
AUTOMAKE='${SHELL} /storage/rlinux/sources/libXdmcp-1.1.3/missing automake-1.15'
AWK='gawk'
BASE_CFLAGS=' -Wall -Wpointer-arith -Wmissing-declarations -Wformat=2 -Wstrict-prototypes -Wmissing-prototypes -Wnested-externs -Wbad-function-cast -Wold-style-definition -Wdeclaration-after-statement -Wunused -Wuninitialized -Wshadow -Wmissing-noreturn -Wmissing-format-attribute -Wredundant-decls -Wlogical-op -Werror=implicit -Werror=nonnull -Werror=init-self -Werror=main -Werror=missing-braces -Werror=sequence-point -Werror=return-type -Werror=trigraphs -Werror=array-bounds -Werror=write-strings -Werror=address -Werror=int-to-pointer-cast -Werror=pointer-to-int-cast'
CC='gcc'
CCDEPMODE='depmode=gcc3'
CFLAGS='-g -O2'
CHANGELOG_CMD='(GIT_DIR=$(top_srcdir)/.git git log > $(top_srcdir)/.changelog.tmp && mv $(top_srcdir)/.changelog.tmp $(top_srcdir)/ChangeLog) || (rm -f $(top_srcdir)/.changelog.tmp; touch $(top_srcdir)/ChangeLog; echo '\''git directory not found: installing possibly empty changelog.'\'' >&2)'
CPP='gcc -E'
CPPFLAGS=''
CWARNFLAGS=' -Wall -Wpointer-arith -Wmissing-declarations -Wformat=2 -Wstrict-prototypes -Wmissing-prototypes -Wnested-externs -Wbad-function-cast -Wold-style-definition -Wdeclaration-after-statement -Wunused -Wuninitialized -Wshadow -Wmissing-noreturn -Wmissing-format-attribute -Wredundant-decls -Wlogical-op -Werror=implicit -Werror=nonnull -Werror=init-self -Werror=main -Werror=missing-braces -Werror=sequence-point -Werror=return-type -Werror=trigraphs -Werror=array-bounds -Werror=write-strings -Werror=address -Werror=int-to-pointer-cast -Werror=pointer-to-int-cast -fno-strict-aliasing'
CYGPATH_W='echo'
DEFS='-DHAVE_CONFIG_H'
DEPDIR='.deps'
DLLTOOL='dlltool'
DRIVER_MAN_DIR='$(mandir)/man$(DRIVER_MAN_SUFFIX)'
DRIVER_MAN_SUFFIX='4'
DSYMUTIL=''
DUMPBIN=''
ECHO_C=''
ECHO_N='-n'
ECHO_T=''
EGREP='/usr/bin/grep -E'
ENABLE_DOCS_FALSE='#'
ENABLE_DOCS_TRUE=''
ENABLE_UNIT_TESTS_FALSE='#'
ENABLE_UNIT_TESTS_TRUE=''
EXEEXT=''
FGREP='/usr/bin/grep -F'
FILE_MAN_DIR='$(mandir)/man$(FILE_MAN_SUFFIX)'
FILE_MAN_SUFFIX='5'
FOP=''
GREP='/usr/bin/grep'
HASXDMAUTH_FALSE='#'
HASXDMAUTH_TRUE=''
HAVE_FOP_FALSE=''
HAVE_FOP_TRUE='#'
HAVE_STYLESHEETS_FALSE=''
HAVE_STYLESHEETS_TRUE='#'
HAVE_XMLTO_FALSE=''
HAVE_XMLTO_TEXT_FALSE=''
HAVE_XMLTO_TEXT_TRUE='#'
HAVE_XMLTO_TRUE='#'
HAVE_XSLTPROC_FALSE='#'
HAVE_XSLTPROC_TRUE=''
INSTALL_CMD='(cp -f /INSTALL $(top_srcdir)/.INSTALL.tmp && mv $(top_srcdir)/.INSTALL.tmp $(top_srcdir)/INSTALL) || (rm -f $(top_srcdir)/.INSTALL.tmp; touch $(top_srcdir)/INSTALL; echo '\''util-macros "pkgdatadir" from xorg-macros.pc not found: installing possibly empty INSTALL.'\'' >&2)'
INSTALL_DATA='${INSTALL} -m 644'
INSTALL_PROGRAM='${INSTALL}'
INSTALL_SCRIPT='${INSTALL}'
INSTALL_STRIP_PROGRAM='$(install_sh) -c -s'
LD='/usr/bin/ld -m elf_x86_64'
LDFLAGS=''
LIBOBJS=''
LIBS='-lbsd '
LIBTOOL='$(SHELL) $(top_builddir)/libtool'
LIB_MAN_DIR='$(mandir)/man$(LIB_MAN_SUFFIX)'
LIB_MAN_SUFFIX='3'
LINT=''
LINTLIB=''
LINT_FALSE=''
LINT_FLAGS='-badflag'
LINT_TRUE='#'
LIPO=''
LN_S='ln -s'
LTLIBOBJS=''
LT_SYS_LIBRARY_PATH=''
MAKEINFO='${SHELL} /storage/rlinux/sources/libXdmcp-1.1.3/missing makeinfo'
MAKE_LINT_LIB_FALSE=''
MAKE_LINT_LIB_TRUE='#'
MANIFEST_TOOL=':'
MAN_SUBSTS='	-e '\''s|__vendorversion__|"$(PACKAGE_STRING)" "$(XORG_MAN_PAGE)"|'\'' 	-e '\''s|__xorgversion__|"$(PACKAGE_STRING)" "$(XORG_MAN_PAGE)"|'\'' 	-e '\''s|__xservername__|Xorg|g'\'' 	-e '\''s|__xconfigfile__|xorg.conf|g'\'' 	-e '\''s|__projectroot__|$(prefix)|g'\'' 	-e '\''s|__apploaddir__|$(appdefaultdir)|g'\'' 	-e '\''s|__appmansuffix__|$(APP_MAN_SUFFIX)|g'\'' 	-e '\''s|__drivermansuffix__|$(DRIVER_MAN_SUFFIX)|g'\'' 	-e '\''s|__adminmansuffix__|$(ADMIN_MAN_SUFFIX)|g'\'' 	-e '\''s|__libmansuffix__|$(LIB_MAN_SUFFIX)|g'\'' 	-e '\''s|__miscmansuffix__|$(MISC_MAN_SUFFIX)|g'\'' 	-e '\''s|__filemansuffix__|$(FILE_MAN_SUFFIX)|g'\'''
MISC_MAN_DIR='$(mandir)/man$(MISC_MAN_SUFFIX)'
MISC_MAN_SUFFIX='7'
MKDIR_P='/usr/bin/mkdir -p'
NM='/usr/bin/nm -B'
NMEDIT=''
OBJDUMP='objdump'
OBJEXT='o'
OTOOL64=''
OTOOL=''
PACKAGE='libXdmcp'
PACKAGE_BUGREPORT='https://bugs.freedesktop.org/enter_bug.cgi?product=xorg'
PACKAGE_NAME='libXdmcp'
PACKAGE_STRING='libXdmcp 1.1.3'
PACKAGE_TARNAME='libXdmcp'
PACKAGE_URL=''
PACKAGE_VERSION='1.1.3'
PATH_SEPARATOR=':'
PKG_CONFIG='/usr/bin/pkg-config'
PKG_CONFIG_LIBDIR=''
PKG_CONFIG_PATH=''
RANLIB='ranlib'
SED='/usr/bin/sed'
SET_MAKE=''
SHELL='/bin/sh'
STRICT_CFLAGS=' -pedantic -Werror -Werror=attributes'
STRIP='strip'
STYLESHEET_SRCDIR=''
VERSION='1.1.3'
XDMCP_CFLAGS=''
XDMCP_LIBS=''
XMLTO=''
XORG_MALLOC_DEBUG_ENV='MALLOC_PERTURB_=15'
XORG_MAN_PAGE='X Version 11'
XORG_SGML_PATH=''
XSLTPROC='/usr/bin/xsltproc'
XSL_STYLESHEET=''
ac_ct_AR='ar'
ac_ct_CC='gcc'
ac_ct_DUMPBIN=''
am__EXEEXT_FALSE=''
am__EXEEXT_TRUE='#'
am__fastdepCC_FALSE='#'
am__fastdepCC_TRUE=''
am__include='include'
am__isrc=''
am__leading_dot='.'
am__nodep='_no'
am__quote=''
am__tar='$${TAR-tar} chof - "$$tardir"'
am__untar='$${TAR-tar} xf -'
bindir='${exec_prefix}/bin'
build='x86_64-pc-linux-gnu'
build_alias=''
build_cpu='x86_64'
build_os='linux-gnu'
build_vendor='pc'
datadir='${datarootdir}'
datarootdir='${prefix}/share'
docdir='${datarootdir}/doc/${PACKAGE_TARNAME}'
dvidir='${docdir}'
exec_prefix='${prefix}'
host='x86_64-pc-linux-gnu'
host_alias=''
host_cpu='x86_64'
host_os='linux-gnu'
host_vendor='pc'
htmldir='${docdir}'
includedir='${prefix}/include'
infodir='${datarootdir}/info'
install_sh='${SHELL} /storage/rlinux/sources/libXdmcp-1.1.3/install-sh'
libdir='${exec_prefix}/lib'
libexecdir='${exec_prefix}/libexec'
localedir='${datarootdir}/locale'
localstatedir='${prefix}/var'
mandir='${datarootdir}/man'
mkdir_p='$(MKDIR_P)'
oldincludedir='/usr/include'
pdfdir='${docdir}'
prefix='/storage/rlinux/rootfs'
program_transform_name='s,x,x,'
psdir='${docdir}'
sbindir='${exec_prefix}/sbin'
sharedstatedir='${prefix}/com'
sysconfdir='${prefix}/etc'
target_alias=''

## ----------- ##
## confdefs.h. ##
## ----------- ##

/* confdefs.h */
#define PACKAGE_NAME "libXdmcp"
#define PACKAGE_TARNAME "libXdmcp"
#define PACKAGE_VERSION "1.1.3"
#define PACKAGE_STRING "libXdmcp 1.1.3"
#define PACKAGE_BUGREPORT "https://bugs.freedesktop.org/enter_bug.cgi?product=xorg"
#define PACKAGE_URL ""
#define STDC_HEADERS 1
#define HAVE_SYS_TYPES_H 1
#define HAVE_SYS_STAT_H 1
#define HAVE_STDLIB_H 1
#define HAVE_STRING_H 1
#define HAVE_MEMORY_H 1
#define HAVE_STRINGS_H 1
#define HAVE_INTTYPES_H 1
#define HAVE_STDINT_H 1
#define HAVE_UNISTD_H 1
#define __EXTENSIONS__ 1
#define _ALL_SOURCE 1
#define _GNU_SOURCE 1
#define _POSIX_PTHREAD_SEMANTICS 1
#define _TANDEM_SOURCE 1
#define PACKAGE "libXdmcp"
#define VERSION "1.1.3"
#define HAVE_DLFCN_H 1
#define LT_OBJDIR ".libs/"
#define PACKAGE_VERSION_MAJOR 1
#define PACKAGE_VERSION_MINOR 1
#define PACKAGE_VERSION_PATCHLEVEL 3
#define HAVE_LIBBSD 1
#define HAVE_SRAND48 1
#define HAVE_LRAND48 1
#define HAVE_ARC4RANDOM_BUF 1
#define HAVE_GETENTROPY 1
#define HASXDMAUTH 1

configure: exit 0
