This file contains any messages produced by compilers while
running configure, to aid debugging if configure makes a mistake.

It was created by libXext configure 1.3.7, which was
generated by GNU Autoconf 2.72.  Invocation command line was

  $ ./configure --prefix=/storage/rlinux/rootfs --enable-static

## --------- ##
## Platform. ##
## --------- ##

hostname = archlinux
uname -m = x86_64
uname -r = 6.18.7-arch1-1
uname -s = Linux
uname -v = #1 SMP PREEMPT_DYNAMIC Sat, 24 Jan 2026 00:47:39 +0000

/usr/bin/uname -p = unknown
/bin/uname -X     = unknown

/bin/arch              = unknown
/usr/bin/arch -k       = unknown
/usr/convex/getsysinfo = unknown
/usr/bin/hostinfo      = unknown
/bin/machine           = unknown
/usr/bin/oslevel       = unknown
/bin/universe          = unknown

PATH: /usr/local/sbin/
PATH: /usr/local/bin/
PATH: /usr/bin/
PATH: /var/lib/flatpak/exports/bin/
PATH: /usr/bin/site_perl/
PATH: /usr/bin/vendor_perl/
PATH: /usr/bin/core_perl/


## ----------- ##
## Core tests. ##
## ----------- ##

configure:2593: looking for aux files: config.guess config.sub ltmain.sh missing install-sh compile
configure:2606:  trying ./
configure:2635:   ./config.guess found
configure:2635:   ./config.sub found
configure:2635:   ./ltmain.sh found
configure:2635:   ./missing found
configure:2617:   ./install-sh found
configure:2635:   ./compile found
configure:2823: checking for gcc
configure:2844: found /usr/bin/gcc
configure:2856: result: gcc
configure:3215: checking for C compiler version
configure:3224: gcc --version >&5
gcc (GCC) 15.2.1 20260103
Copyright (C) 2025 Free Software Foundation, Inc.
This is free software; see the source for copying conditions.  There is NO
warranty; not even for MERCHANTABILITY or FITNESS FOR A PARTICULAR PURPOSE.

configure:3235: $? = 0
configure:3224: gcc -v >&5
Using built-in specs.
COLLECT_GCC=gcc
COLLECT_LTO_WRAPPER=/usr/lib/gcc/x86_64-pc-linux-gnu/15.2.1/lto-wrapper
Target: x86_64-pc-linux-gnu
Configured with: /build/gcc/src/gcc/configure --enable-languages=ada,c,c++,d,fortran,go,lto,m2,objc,obj-c++,rust,cobol --enable-bootstrap --prefix=/usr --libdir=/usr/lib --libexecdir=/usr/lib --mandir=/usr/share/man --infodir=/usr/share/info --with-bugurl=https://gitlab.archlinux.org/archlinux/packaging/packages/gcc/-/issues --with-build-config=bootstrap-lto --with-linker-hash-style=gnu --with-system-zlib --enable-__cxa_atexit --enable-cet=auto --enable-checking=release --enable-clocale=gnu --enable-default-pie --enable-default-ssp --enable-gnu-indirect-function --enable-gnu-unique-object --enable-libstdcxx-backtrace --enable-link-serialization=1 --enable-linker-build-id --enable-lto --enable-multilib --enable-plugin --enable-shared --enable-threads=posix --disable-libssp --disable-libstdcxx-pch --disable-werror
Thread model: posix
Supported LTO compression algorithms: zlib zstd
gcc version 15.2.1 20260103 (GCC) 
configure:3235: $? = 0
configure:3224: gcc -V >&5
gcc: error: unrecognized command-line option '-V'
gcc: fatal error: no input files
compilation terminated.
configure:3235: $? = 1
configure:3224: gcc -qversion >&5
gcc: error: unrecognized command-line option '-qversion'; did you mean '--version'?
gcc: fatal error: no input files
compilation terminated.
configure:3235: $? = 1
configure:3224: gcc -version >&5
gcc: error: unrecognized command-line option '-version'
gcc: fatal error: no input files
compilation terminated.
configure:3235: $? = 1
configure:3255: checking whether the C compiler works
configure:3277: gcc    conftest.c  >&5
configure:3281: $? = 0
configure:3332: result: yes
configure:3336: checking for C compiler default output file name
configure:3338: result: a.out
configure:3344: checking for suffix of executables
configure:3351: gcc -o conftest    conftest.c  >&5
configure:3355: $? = 0
configure:3379: result: 
configure:3403: checking whether we are cross compiling
configure:3411: gcc -o conftest    conftest.c  >&5
configure:3415: $? = 0
configure:3422: ./conftest
configure:3426: $? = 0
configure:3441: result: no
configure:3447: checking for suffix of object files
configure:3470: gcc -c   conftest.c >&5
configure:3474: $? = 0
configure:3498: result: o
configure:3502: checking whether the compiler supports GNU C
configure:3522: gcc -c   conftest.c >&5
configure:3522: $? = 0
configure:3534: result: yes
configure:3545: checking whether gcc accepts -g
configure:3566: gcc -c -g  conftest.c >&5
configure:3566: $? = 0
configure:3613: result: yes
configure:3633: checking for gcc option to enable C11 features
configure:3648: gcc  -c -g -O2  conftest.c >&5
configure:3648: $? = 0
configure:3667: result: none needed
configure:3791: checking whether gcc understands -c and -o together
configure:3814: gcc -c conftest.c -o conftest2.o
configure:3817: $? = 0
configure:3814: gcc -c conftest.c -o conftest2.o
configure:3817: $? = 0
configure:3833: result: yes
configure:3855: checking for stdio.h
configure:3855: gcc -c -g -O2  conftest.c >&5
configure:3855: $? = 0
configure:3855: result: yes
configure:3855: checking for stdlib.h
configure:3855: gcc -c -g -O2  conftest.c >&5
configure:3855: $? = 0
configure:3855: result: yes
configure:3855: checking for string.h
configure:3855: gcc -c -g -O2  conftest.c >&5
configure:3855: $? = 0
configure:3855: result: yes
configure:3855: checking for inttypes.h
configure:3855: gcc -c -g -O2  conftest.c >&5
configure:3855: $? = 0
configure:3855: result: yes
configure:3855: checking for stdint.h
configure:3855: gcc -c -g -O2  conftest.c >&5
configure:3855: $? = 0
configure:3855: result: yes
configure:3855: checking for strings.h
configure:3855: gcc -c -g -O2  conftest.c >&5
configure:3855: $? = 0
configure:3855: result: yes
configure:3855: checking for sys/stat.h
configure:3855: gcc -c -g -O2  conftest.c >&5
configure:3855: $? = 0
configure:3855: result: yes
configure:3855: checking for sys/types.h
configure:3855: gcc -c -g -O2  conftest.c >&5
configure:3855: $? = 0
configure:3855: result: yes
configure:3855: checking for unistd.h
configure:3855: gcc -c -g -O2  conftest.c >&5
configure:3855: $? = 0
configure:3855: result: yes
configure:3855: checking for wchar.h
configure:3855: gcc -c -g -O2  conftest.c >&5
configure:3855: $? = 0
configure:3855: result: yes
configure:3855: checking for minix/config.h
configure:3855: gcc -c -g -O2  conftest.c >&5
conftest.c:47:10: fatal error: minix/config.h: No such file or directory
   47 | #include <minix/config.h>
      |          ^~~~~~~~~~~~~~~~
compilation terminated.
configure:3855: $? = 1
configure: failed program was:
| /* confdefs.h */
| #define PACKAGE_NAME "libXext"
| #define PACKAGE_TARNAME "libXext"
| #define PACKAGE_VERSION "1.3.7"
| #define PACKAGE_STRING "libXext 1.3.7"
| #define PACKAGE_BUGREPORT "https://gitlab.freedesktop.org/xorg/lib/libxext/-/issues"
| #define PACKAGE_URL ""
| #define HAVE_STDIO_H 1
| #define HAVE_STDLIB_H 1
| #define HAVE_STRING_H 1
| #define HAVE_INTTYPES_H 1
| #define HAVE_STDINT_H 1
| #define HAVE_STRINGS_H 1
| #define HAVE_SYS_STAT_H 1
| #define HAVE_SYS_TYPES_H 1
| #define HAVE_UNISTD_H 1
| #define HAVE_WCHAR_H 1
| /* end confdefs.h.  */
| #include <stddef.h>
| #ifdef HAVE_STDIO_H
| # include <stdio.h>
| #endif
| #ifdef HAVE_STDLIB_H
| # include <stdlib.h>
| #endif
| #ifdef HAVE_STRING_H
| # include <string.h>
| #endif
| #ifdef HAVE_INTTYPES_H
| # include <inttypes.h>
| #endif
| #ifdef HAVE_STDINT_H
| # include <stdint.h>
| #endif
| #ifdef HAVE_STRINGS_H
| # include <strings.h>
| #endif
| #ifdef HAVE_SYS_TYPES_H
| # include <sys/types.h>
| #endif
| #ifdef HAVE_SYS_STAT_H
| # include <sys/stat.h>
| #endif
| #ifdef HAVE_UNISTD_H
| # include <unistd.h>
| #endif
| #include <minix/config.h>
configure:3855: result: no
configure:3886: checking whether it is safe to define __EXTENSIONS__
configure:3905: gcc -c -g -O2  conftest.c >&5
configure:3905: $? = 0
configure:3915: result: yes
configure:3918: checking whether _XOPEN_SOURCE should be defined
configure:3940: gcc -c -g -O2  conftest.c >&5
configure:3940: $? = 0
configure:3969: result: no
configure:4047: checking for a BSD-compatible install
configure:4121: result: /usr/bin/install -c
configure:4132: checking whether sleep supports fractional seconds
configure:4148: result: yes
configure:4151: checking filesystem timestamp resolution
configure:4286: result: 0.01
configure:4291: checking whether build environment is sane
configure:4336: result: yes
configure:4503: checking for a race-free mkdir -p
configure:4546: result: /usr/bin/mkdir -p
configure:4553: checking for gawk
configure:4574: found /usr/bin/gawk
configure:4586: result: gawk
configure:4597: checking whether make sets $(MAKE)
configure:4621: result: yes
configure:4643: checking whether make supports the include directive
configure:4658: make -f confmf.GNU && cat confinc.out
this is the am__doit target
configure:4661: $? = 0
configure:4680: result: yes (GNU style)
configure:4711: checking whether make supports nested variables
configure:4730: result: yes
configure:4744: checking xargs -n works
configure:4760: result: yes
configure:4845: checking whether UID '1000' is supported by ustar format
configure:4851: result: yes
configure:4858: checking whether GID '1000' is supported by ustar format
configure:4864: result: yes
configure:4872: checking how to create a ustar tar archive
configure:4883: tar --version
tar (GNU tar) 1.35
Copyright (C) 2023 Free Software Foundation, Inc.
License GPLv3+: GNU GPL version 3 or later <https://gnu.org/licenses/gpl.html>.
This is free software: you are free to change and redistribute it.
There is NO WARRANTY, to the extent permitted by law.

Written by John Gilmore and Jay Fenlason.
configure:4886: $? = 0
configure:4926: tardir=conftest.dir && eval tar --format=ustar -chf - "$tardir" >conftest.tar
configure:4929: $? = 0
configure:4933: tar -xf - <conftest.tar
configure:4936: $? = 0
configure:4938: cat conftest.dir/file
GrepMe
configure:4941: $? = 0
configure:4956: result: gnutar
configure:4965: checking dependency style of gcc
configure:5078: result: gcc3
configure:5146: checking build system type
configure:5162: result: x86_64-pc-linux-gnu
configure:5182: checking host system type
configure:5197: result: x86_64-pc-linux-gnu
configure:5238: checking how to print strings
configure:5265: result: printf
configure:5286: checking for a sed that does not truncate output
configure:5358: result: /usr/bin/sed
configure:5376: checking for grep that handles long lines and -e
configure:5442: result: /usr/bin/grep
configure:5447: checking for egrep
configure:5517: result: /usr/bin/grep -E
configure:5524: checking for fgrep
configure:5594: result: /usr/bin/grep -F
configure:5631: checking for ld used by gcc
configure:5700: result: /usr/bin/ld
configure:5707: checking if the linker (/usr/bin/ld) is GNU ld
configure:5724: result: yes
configure:5736: checking for BSD- or MS-compatible name lister (nm)
configure:5792: result: /usr/bin/nm -B
configure:5934: checking the name lister (/usr/bin/nm -B) interface
configure:5942: gcc -c -g -O2  conftest.c >&5
configure:5945: /usr/bin/nm -B "conftest.o"
configure:5948: output
0000000000000000 B some_variable
configure:5956: result: BSD nm
configure:5959: checking whether ln -s works
configure:5963: result: yes
configure:5971: checking the maximum length of command line arguments
configure:6104: result: 1572864
configure:6152: checking how to convert x86_64-pc-linux-gnu file names to x86_64-pc-linux-gnu format
configure:6194: result: func_convert_file_noop
configure:6201: checking how to convert x86_64-pc-linux-gnu file names to toolchain format
configure:6223: result: func_convert_file_noop
configure:6230: checking for /usr/bin/ld option to reload object files
configure:6239: result: -r
configure:6272: checking for file
configure:6293: found /usr/bin/file
configure:6306: result: file
configure:6369: checking for objdump
configure:6390: found /usr/bin/objdump
configure:6402: result: objdump
configure:6434: checking how to recognize dependent libraries
configure:6643: result: pass_all
configure:6734: checking for dlltool
configure:6770: result: no
configure:6800: checking how to associate runtime and link libraries
configure:6829: result: printf %s\n
configure:6889: checking for ranlib
configure:6910: found /usr/bin/ranlib
configure:6922: result: ranlib
configure:6999: checking for ar
configure:7020: found /usr/bin/ar
configure:7032: result: ar
configure:7085: checking for archiver @FILE support
configure:7103: gcc -c -g -O2  conftest.c >&5
configure:7103: $? = 0
configure:7107: ar cr libconftest.a @conftest.lst >&5
configure:7110: $? = 0
configure:7115: ar cr libconftest.a @conftest.lst >&5
ar: conftest.o: No such file or directory
configure:7118: $? = 1
configure:7131: result: @
configure:7195: checking for strip
configure:7216: found /usr/bin/strip
configure:7228: result: strip
configure:7331: checking command to parse /usr/bin/nm -B output from gcc object
configure:7485: gcc -c -g -O2  conftest.c >&5
configure:7488: $? = 0
configure:7492: /usr/bin/nm -B conftest.o | /usr/bin/sed -n -e 's/^.*[	 ]\([ABCDGIRSTW][ABCDGIRSTW]*\)[	 ][	 ]*\([_A-Za-z][_A-Za-z0-9]*\)$/\1 \2 \2/p' | /usr/bin/sed '/ __gnu_lto/d' > conftest.nm
configure:7558: gcc -o conftest -g -O2   conftest.c conftstm.o >&5
configure:7561: $? = 0
configure:7600: result: ok
configure:7647: checking for sysroot
configure:7681: result: no
configure:7688: checking for a working dd
configure:7733: result: /usr/bin/dd
configure:7737: checking how to truncate binary pipes
configure:7754: result: /usr/bin/dd bs=4096 count=1
configure:7891: gcc -c -g -O2  conftest.c >&5
configure:7894: $? = 0
configure:8094: checking for mt
configure:8130: result: no
configure:8150: checking if : is a manifest tool
configure:8157: : '-?'
configure:8166: result: no
configure:8959: checking for dlfcn.h
configure:8959: gcc -c -g -O2  conftest.c >&5
configure:8959: $? = 0
configure:8959: result: yes
configure:9262: checking for objdir
configure:9279: result: .libs
configure:9545: checking if gcc supports -fno-rtti -fno-exceptions
configure:9564: gcc -c -g -O2  -fno-rtti -fno-exceptions conftest.c >&5
cc1: warning: command-line option '-fno-rtti' is valid for C++/D/ObjC++ but not for C
configure:9568: $? = 0
configure:9582: result: no
configure:9955: checking for gcc option to produce PIC
configure:9964: result: -fPIC -DPIC
configure:9972: checking if gcc PIC flag -fPIC -DPIC works
configure:9991: gcc -c -g -O2  -fPIC -DPIC -DPIC conftest.c >&5
configure:9995: $? = 0
configure:10009: result: yes
configure:10038: checking if gcc static flag -static works
configure:10068: result: yes
configure:10083: checking if gcc supports -c -o file.o
configure:10105: gcc -c -g -O2  -o out/conftest2.o conftest.c >&5
configure:10109: $? = 0
configure:10132: result: yes
configure:10140: checking if gcc supports -c -o file.o
configure:10189: result: yes
configure:10222: checking whether the gcc linker (/usr/bin/ld -m elf_x86_64) supports shared libraries
configure:11506: result: yes
configure:11543: checking whether -lc should be explicitly linked in
configure:11552: gcc -c -g -O2  conftest.c >&5
configure:11555: $? = 0
configure:11570: gcc -shared  -fPIC -DPIC conftest.o  -v -Wl,-soname -Wl,conftest -o conftest 2\>\&1 \| /usr/bin/grep  -lc  \>/dev/null 2\>\&1
configure:11573: $? = 0
configure:11588: result: no
configure:11748: checking dynamic linker characteristics
configure:12367: gcc -o conftest -g -O2   -Wl,-rpath -Wl,/foo conftest.c  >&5
configure:12367: $? = 0
configure:13132: result: GNU/Linux ld.so
configure:13254: checking how to hardcode library paths into programs
configure:13279: result: immediate
configure:13879: checking whether stripping libraries is possible
configure:13888: result: yes
configure:13930: checking if libtool supports shared libraries
configure:13932: result: yes
configure:13935: checking whether to build shared libraries
configure:13960: result: yes
configure:13963: checking whether to build static libraries
configure:13967: result: yes
configure:14017: checking for gcc options needed to detect all undeclared functions
configure:14039: gcc -c -g -O2   conftest.c >&5
conftest.c: In function 'main':
conftest.c:45:8: error: 'strchr' undeclared (first use in this function)
   45 | (void) strchr;
      |        ^~~~~~
conftest.c:1:1: note: 'strchr' is defined in header '<string.h>'; this is probably fixable by adding '#include <string.h>'
    1 | /* confdefs.h */
conftest.c:45:8: note: each undeclared identifier is reported only once for each function it appears in
   45 | (void) strchr;
      |        ^~~~~~
configure:14039: $? = 1
configure: failed program was:
| /* confdefs.h */
| #define PACKAGE_NAME "libXext"
| #define PACKAGE_TARNAME "libXext"
| #define PACKAGE_VERSION "1.3.7"
| #define PACKAGE_STRING "libXext 1.3.7"
| #define PACKAGE_BUGREPORT "https://gitlab.freedesktop.org/xorg/lib/libxext/-/issues"
| #define PACKAGE_URL ""
| #define HAVE_STDIO_H 1
| #define HAVE_STDLIB_H 1
| #define HAVE_STRING_H 1
| #define HAVE_INTTYPES_H 1
| #define HAVE_STDINT_H 1
| #define HAVE_STRINGS_H 1
| #define HAVE_SYS_STAT_H 1
| #define HAVE_SYS_TYPES_H 1
| #define HAVE_UNISTD_H 1
| #define HAVE_WCHAR_H 1
| #define STDC_HEADERS 1
| #define _ALL_SOURCE 1
| #define _DARWIN_C_SOURCE 1
| #define _GNU_SOURCE 1
| #define _HPUX_ALT_XOPEN_SOCKET_API 1
| #define _NETBSD_SOURCE 1
| #define _OPENBSD_SOURCE 1
| #define _POSIX_PTHREAD_SEMANTICS 1
| #define __STDC_WANT_IEC_60559_ATTRIBS_EXT__ 1
| #define __STDC_WANT_IEC_60559_BFP_EXT__ 1
| #define __STDC_WANT_IEC_60559_DFP_EXT__ 1
| #define __STDC_WANT_IEC_60559_EXT__ 1
| #define __STDC_WANT_IEC_60559_FUNCS_EXT__ 1
| #define __STDC_WANT_IEC_60559_TYPES_EXT__ 1
| #define __STDC_WANT_LIB_EXT2__ 1
| #define __STDC_WANT_MATH_SPEC_FUNCS__ 1
| #define _TANDEM_SOURCE 1
| #define __EXTENSIONS__ 1
| #define PACKAGE "libXext"
| #define VERSION "1.3.7"
| #define HAVE_DLFCN_H 1
| #define LT_OBJDIR ".libs/"
| /* end confdefs.h.  */
| 
| int
| main (void)
| {
| (void) strchr;
|   ;
|   return 0;
| }
configure:14066: gcc -c -g -O2   conftest.c >&5
configure:14066: $? = 0
configure:14086: result: none needed
configure:14104: checking whether __clang__ is declared
configure:14104: gcc -c -g -O2   conftest.c >&5
conftest.c: In function 'main':
conftest.c:76:10: error: '__clang__' undeclared (first use in this function)
   76 |   (void) __clang__;
      |          ^~~~~~~~~
conftest.c:76:10: note: each undeclared identifier is reported only once for each function it appears in
configure:14104: $? = 1
configure: failed program was:
| /* confdefs.h */
| #define PACKAGE_NAME "libXext"
| #define PACKAGE_TARNAME "libXext"
| #define PACKAGE_VERSION "1.3.7"
| #define PACKAGE_STRING "libXext 1.3.7"
| #define PACKAGE_BUGREPORT "https://gitlab.freedesktop.org/xorg/lib/libxext/-/issues"
| #define PACKAGE_URL ""
| #define HAVE_STDIO_H 1
| #define HAVE_STDLIB_H 1
| #define HAVE_STRING_H 1
| #define HAVE_INTTYPES_H 1
| #define HAVE_STDINT_H 1
| #define HAVE_STRINGS_H 1
| #define HAVE_SYS_STAT_H 1
| #define HAVE_SYS_TYPES_H 1
| #define HAVE_UNISTD_H 1
| #define HAVE_WCHAR_H 1
| #define STDC_HEADERS 1
| #define _ALL_SOURCE 1
| #define _DARWIN_C_SOURCE 1
| #define _GNU_SOURCE 1
| #define _HPUX_ALT_XOPEN_SOCKET_API 1
| #define _NETBSD_SOURCE 1
| #define _OPENBSD_SOURCE 1
| #define _POSIX_PTHREAD_SEMANTICS 1
| #define __STDC_WANT_IEC_60559_ATTRIBS_EXT__ 1
| #define __STDC_WANT_IEC_60559_BFP_EXT__ 1
| #define __STDC_WANT_IEC_60559_DFP_EXT__ 1
| #define __STDC_WANT_IEC_60559_EXT__ 1
| #define __STDC_WANT_IEC_60559_FUNCS_EXT__ 1
| #define __STDC_WANT_IEC_60559_TYPES_EXT__ 1
| #define __STDC_WANT_LIB_EXT2__ 1
| #define __STDC_WANT_MATH_SPEC_FUNCS__ 1
| #define _TANDEM_SOURCE 1
| #define __EXTENSIONS__ 1
| #define PACKAGE "libXext"
| #define VERSION "1.3.7"
| #define HAVE_DLFCN_H 1
| #define LT_OBJDIR ".libs/"
| /* end confdefs.h.  */
| #include <stddef.h>
| #ifdef HAVE_STDIO_H
| # include <stdio.h>
| #endif
| #ifdef HAVE_STDLIB_H
| # include <stdlib.h>
| #endif
| #ifdef HAVE_STRING_H
| # include <string.h>
| #endif
| #ifdef HAVE_INTTYPES_H
| # include <inttypes.h>
| #endif
| #ifdef HAVE_STDINT_H
| # include <stdint.h>
| #endif
| #ifdef HAVE_STRINGS_H
| # include <strings.h>
| #endif
| #ifdef HAVE_SYS_TYPES_H
| # include <sys/types.h>
| #endif
| #ifdef HAVE_SYS_STAT_H
| # include <sys/stat.h>
| #endif
| #ifdef HAVE_UNISTD_H
| # include <unistd.h>
| #endif
| int
| main (void)
| {
| #ifndef __clang__
| #ifdef __cplusplus
|   (void) __clang__;
| #else
|   (void) __clang__;
| #endif
| #endif
| 
|   ;
|   return 0;
| }
configure:14104: result: no
configure:14112: checking whether __INTEL_COMPILER is declared
configure:14112: gcc -c -g -O2   conftest.c >&5
conftest.c: In function 'main':
conftest.c:76:10: error: '__INTEL_COMPILER' undeclared (first use in this function)
   76 |   (void) __INTEL_COMPILER;
      |          ^~~~~~~~~~~~~~~~
conftest.c:76:10: note: each undeclared identifier is reported only once for each function it appears in
configure:14112: $? = 1
configure: failed program was:
| /* confdefs.h */
| #define PACKAGE_NAME "libXext"
| #define PACKAGE_TARNAME "libXext"
| #define PACKAGE_VERSION "1.3.7"
| #define PACKAGE_STRING "libXext 1.3.7"
| #define PACKAGE_BUGREPORT "https://gitlab.freedesktop.org/xorg/lib/libxext/-/issues"
| #define PACKAGE_URL ""
| #define HAVE_STDIO_H 1
| #define HAVE_STDLIB_H 1
| #define HAVE_STRING_H 1
| #define HAVE_INTTYPES_H 1
| #define HAVE_STDINT_H 1
| #define HAVE_STRINGS_H 1
| #define HAVE_SYS_STAT_H 1
| #define HAVE_SYS_TYPES_H 1
| #define HAVE_UNISTD_H 1
| #define HAVE_WCHAR_H 1
| #define STDC_HEADERS 1
| #define _ALL_SOURCE 1
| #define _DARWIN_C_SOURCE 1
| #define _GNU_SOURCE 1
| #define _HPUX_ALT_XOPEN_SOCKET_API 1
| #define _NETBSD_SOURCE 1
| #define _OPENBSD_SOURCE 1
| #define _POSIX_PTHREAD_SEMANTICS 1
| #define __STDC_WANT_IEC_60559_ATTRIBS_EXT__ 1
| #define __STDC_WANT_IEC_60559_BFP_EXT__ 1
| #define __STDC_WANT_IEC_60559_DFP_EXT__ 1
| #define __STDC_WANT_IEC_60559_EXT__ 1
| #define __STDC_WANT_IEC_60559_FUNCS_EXT__ 1
| #define __STDC_WANT_IEC_60559_TYPES_EXT__ 1
| #define __STDC_WANT_LIB_EXT2__ 1
| #define __STDC_WANT_MATH_SPEC_FUNCS__ 1
| #define _TANDEM_SOURCE 1
| #define __EXTENSIONS__ 1
| #define PACKAGE "libXext"
| #define VERSION "1.3.7"
| #define HAVE_DLFCN_H 1
| #define LT_OBJDIR ".libs/"
| /* end confdefs.h.  */
| #include <stddef.h>
| #ifdef HAVE_STDIO_H
| # include <stdio.h>
| #endif
| #ifdef HAVE_STDLIB_H
| # include <stdlib.h>
| #endif
| #ifdef HAVE_STRING_H
| # include <string.h>
| #endif
| #ifdef HAVE_INTTYPES_H
| # include <inttypes.h>
| #endif
| #ifdef HAVE_STDINT_H
| # include <stdint.h>
| #endif
| #ifdef HAVE_STRINGS_H
| # include <strings.h>
| #endif
| #ifdef HAVE_SYS_TYPES_H
| # include <sys/types.h>
| #endif
| #ifdef HAVE_SYS_STAT_H
| # include <sys/stat.h>
| #endif
| #ifdef HAVE_UNISTD_H
| # include <unistd.h>
| #endif
| int
| main (void)
| {
| #ifndef __INTEL_COMPILER
| #ifdef __cplusplus
|   (void) __INTEL_COMPILER;
| #else
|   (void) __INTEL_COMPILER;
| #endif
| #endif
| 
|   ;
|   return 0;
| }
configure:14112: result: no
configure:14120: checking whether __SUNPRO_C is declared
configure:14120: gcc -c -g -O2   conftest.c >&5
conftest.c: In function 'main':
conftest.c:76:10: error: '__SUNPRO_C' undeclared (first use in this function)
   76 |   (void) __SUNPRO_C;
      |          ^~~~~~~~~~
conftest.c:76:10: note: each undeclared identifier is reported only once for each function it appears in
configure:14120: $? = 1
configure: failed program was:
| /* confdefs.h */
| #define PACKAGE_NAME "libXext"
| #define PACKAGE_TARNAME "libXext"
| #define PACKAGE_VERSION "1.3.7"
| #define PACKAGE_STRING "libXext 1.3.7"
| #define PACKAGE_BUGREPORT "https://gitlab.freedesktop.org/xorg/lib/libxext/-/issues"
| #define PACKAGE_URL ""
| #define HAVE_STDIO_H 1
| #define HAVE_STDLIB_H 1
| #define HAVE_STRING_H 1
| #define HAVE_INTTYPES_H 1
| #define HAVE_STDINT_H 1
| #define HAVE_STRINGS_H 1
| #define HAVE_SYS_STAT_H 1
| #define HAVE_SYS_TYPES_H 1
| #define HAVE_UNISTD_H 1
| #define HAVE_WCHAR_H 1
| #define STDC_HEADERS 1
| #define _ALL_SOURCE 1
| #define _DARWIN_C_SOURCE 1
| #define _GNU_SOURCE 1
| #define _HPUX_ALT_XOPEN_SOCKET_API 1
| #define _NETBSD_SOURCE 1
| #define _OPENBSD_SOURCE 1
| #define _POSIX_PTHREAD_SEMANTICS 1
| #define __STDC_WANT_IEC_60559_ATTRIBS_EXT__ 1
| #define __STDC_WANT_IEC_60559_BFP_EXT__ 1
| #define __STDC_WANT_IEC_60559_DFP_EXT__ 1
| #define __STDC_WANT_IEC_60559_EXT__ 1
| #define __STDC_WANT_IEC_60559_FUNCS_EXT__ 1
| #define __STDC_WANT_IEC_60559_TYPES_EXT__ 1
| #define __STDC_WANT_LIB_EXT2__ 1
| #define __STDC_WANT_MATH_SPEC_FUNCS__ 1
| #define _TANDEM_SOURCE 1
| #define __EXTENSIONS__ 1
| #define PACKAGE "libXext"
| #define VERSION "1.3.7"
| #define HAVE_DLFCN_H 1
| #define LT_OBJDIR ".libs/"
| /* end confdefs.h.  */
| #include <stddef.h>
| #ifdef HAVE_STDIO_H
| # include <stdio.h>
| #endif
| #ifdef HAVE_STDLIB_H
| # include <stdlib.h>
| #endif
| #ifdef HAVE_STRING_H
| # include <string.h>
| #endif
| #ifdef HAVE_INTTYPES_H
| # include <inttypes.h>
| #endif
| #ifdef HAVE_STDINT_H
| # include <stdint.h>
| #endif
| #ifdef HAVE_STRINGS_H
| # include <strings.h>
| #endif
| #ifdef HAVE_SYS_TYPES_H
| # include <sys/types.h>
| #endif
| #ifdef HAVE_SYS_STAT_H
| # include <sys/stat.h>
| #endif
| #ifdef HAVE_UNISTD_H
| # include <unistd.h>
| #endif
| int
| main (void)
| {
| #ifndef __SUNPRO_C
| #ifdef __cplusplus
|   (void) __SUNPRO_C;
| #else
|   (void) __SUNPRO_C;
| #endif
| #endif
| 
|   ;
|   return 0;
| }
configure:14120: result: no
configure:14189: checking for pkg-config
configure:14212: found /usr/bin/pkg-config
configure:14225: result: /usr/bin/pkg-config
configure:14250: checking pkg-config is at least version 0.9.0
configure:14253: result: yes
configure:14304: checking if gcc supports -Werror=unknown-warning-option
configure:14314: gcc -c -g -O2 -Werror=unknown-warning-option  conftest.c >&5
cc1: error: '-Werror=unknown-warning-option': no option '-Wunknown-warning-option'
configure:14314: $? = 1
configure: failed program was:
| /* confdefs.h */
| #define PACKAGE_NAME "libXext"
| #define PACKAGE_TARNAME "libXext"
| #define PACKAGE_VERSION "1.3.7"
| #define PACKAGE_STRING "libXext 1.3.7"
| #define PACKAGE_BUGREPORT "https://gitlab.freedesktop.org/xorg/lib/libxext/-/issues"
| #define PACKAGE_URL ""
| #define HAVE_STDIO_H 1
| #define HAVE_STDLIB_H 1
| #define HAVE_STRING_H 1
| #define HAVE_INTTYPES_H 1
| #define HAVE_STDINT_H 1
| #define HAVE_STRINGS_H 1
| #define HAVE_SYS_STAT_H 1
| #define HAVE_SYS_TYPES_H 1
| #define HAVE_UNISTD_H 1
| #define HAVE_WCHAR_H 1
| #define STDC_HEADERS 1
| #define _ALL_SOURCE 1
| #define _DARWIN_C_SOURCE 1
| #define _GNU_SOURCE 1
| #define _HPUX_ALT_XOPEN_SOCKET_API 1
| #define _NETBSD_SOURCE 1
| #define _OPENBSD_SOURCE 1
| #define _POSIX_PTHREAD_SEMANTICS 1
| #define __STDC_WANT_IEC_60559_ATTRIBS_EXT__ 1
| #define __STDC_WANT_IEC_60559_BFP_EXT__ 1
| #define __STDC_WANT_IEC_60559_DFP_EXT__ 1
| #define __STDC_WANT_IEC_60559_EXT__ 1
| #define __STDC_WANT_IEC_60559_FUNCS_EXT__ 1
| #define __STDC_WANT_IEC_60559_TYPES_EXT__ 1
| #define __STDC_WANT_LIB_EXT2__ 1
| #define __STDC_WANT_MATH_SPEC_FUNCS__ 1
| #define _TANDEM_SOURCE 1
| #define __EXTENSIONS__ 1
| #define PACKAGE "libXext"
| #define VERSION "1.3.7"
| #define HAVE_DLFCN_H 1
| #define LT_OBJDIR ".libs/"
| /* end confdefs.h.  */
| int i;
configure:14324: result: no
configure:14335: checking if gcc supports -Werror=unused-command-line-argument
configure:14345: gcc -c -g -O2 -Werror=unused-command-line-argument  conftest.c >&5
cc1: error: '-Werror=unused-command-line-argument': no option '-Wunused-command-line-argument'; did you mean '-Wunused-dummy-argument'?
configure:14345: $? = 1
configure: failed program was:
| /* confdefs.h */
| #define PACKAGE_NAME "libXext"
| #define PACKAGE_TARNAME "libXext"
| #define PACKAGE_VERSION "1.3.7"
| #define PACKAGE_STRING "libXext 1.3.7"
| #define PACKAGE_BUGREPORT "https://gitlab.freedesktop.org/xorg/lib/libxext/-/issues"
| #define PACKAGE_URL ""
| #define HAVE_STDIO_H 1
| #define HAVE_STDLIB_H 1
| #define HAVE_STRING_H 1
| #define HAVE_INTTYPES_H 1
| #define HAVE_STDINT_H 1
| #define HAVE_STRINGS_H 1
| #define HAVE_SYS_STAT_H 1
| #define HAVE_SYS_TYPES_H 1
| #define HAVE_UNISTD_H 1
| #define HAVE_WCHAR_H 1
| #define STDC_HEADERS 1
| #define _ALL_SOURCE 1
| #define _DARWIN_C_SOURCE 1
| #define _GNU_SOURCE 1
| #define _HPUX_ALT_XOPEN_SOCKET_API 1
| #define _NETBSD_SOURCE 1
| #define _OPENBSD_SOURCE 1
| #define _POSIX_PTHREAD_SEMANTICS 1
| #define __STDC_WANT_IEC_60559_ATTRIBS_EXT__ 1
| #define __STDC_WANT_IEC_60559_BFP_EXT__ 1
| #define __STDC_WANT_IEC_60559_DFP_EXT__ 1
| #define __STDC_WANT_IEC_60559_EXT__ 1
| #define __STDC_WANT_IEC_60559_FUNCS_EXT__ 1
| #define __STDC_WANT_IEC_60559_TYPES_EXT__ 1
| #define __STDC_WANT_LIB_EXT2__ 1
| #define __STDC_WANT_MATH_SPEC_FUNCS__ 1
| #define _TANDEM_SOURCE 1
| #define __EXTENSIONS__ 1
| #define PACKAGE "libXext"
| #define VERSION "1.3.7"
| #define HAVE_DLFCN_H 1
| #define LT_OBJDIR ".libs/"
| /* end confdefs.h.  */
| int i;
configure:14355: result: no
configure:14374: checking if gcc supports -Wall
configure:14392: gcc -o conftest -g -O2 -Wall   conftest.c  >&5
configure:14392: $? = 0
configure:14408: result: yes
configure:14504: checking if gcc supports -Wpointer-arith
configure:14522: gcc -o conftest -g -O2 -Wpointer-arith   conftest.c  >&5
configure:14522: $? = 0
configure:14538: result: yes
configure:14634: checking if gcc supports -Wmissing-declarations
configure:14652: gcc -o conftest -g -O2 -Wmissing-declarations   conftest.c  >&5
configure:14652: $? = 0
configure:14668: result: yes
configure:14764: checking if gcc supports -Wformat=2
configure:14782: gcc -o conftest -g -O2 -Wformat=2   conftest.c  >&5
configure:14782: $? = 0
configure:14798: result: yes
configure:14949: checking if gcc supports -Wstrict-prototypes
configure:14967: gcc -o conftest -g -O2 -Wstrict-prototypes   conftest.c  >&5
configure:14967: $? = 0
configure:14983: result: yes
configure:15079: checking if gcc supports -Wmissing-prototypes
configure:15097: gcc -o conftest -g -O2 -Wmissing-prototypes   conftest.c  >&5
configure:15097: $? = 0
configure:15113: result: yes
configure:15209: checking if gcc supports -Wnested-externs
configure:15227: gcc -o conftest -g -O2 -Wnested-externs   conftest.c  >&5
configure:15227: $? = 0
configure:15243: result: yes
configure:15339: checking if gcc supports -Wbad-function-cast
configure:15357: gcc -o conftest -g -O2 -Wbad-function-cast   conftest.c  >&5
configure:15357: $? = 0
configure:15373: result: yes
configure:15469: checking if gcc supports -Wold-style-definition
configure:15487: gcc -o conftest -g -O2 -Wold-style-definition   conftest.c  >&5
configure:15487: $? = 0
configure:15503: result: yes
configure:15656: checking if gcc supports -Wunused
configure:15674: gcc -o conftest -g -O2 -Wunused   conftest.c  >&5
configure:15674: $? = 0
configure:15690: result: yes
configure:15786: checking if gcc supports -Wuninitialized
configure:15804: gcc -o conftest -g -O2 -Wuninitialized   conftest.c  >&5
configure:15804: $? = 0
configure:15820: result: yes
configure:15916: checking if gcc supports -Wshadow
configure:15934: gcc -o conftest -g -O2 -Wshadow   conftest.c  >&5
configure:15934: $? = 0
configure:15950: result: yes
configure:16046: checking if gcc supports -Wmissing-noreturn
configure:16064: gcc -o conftest -g -O2 -Wmissing-noreturn   conftest.c  >&5
configure:16064: $? = 0
configure:16080: result: yes
configure:16176: checking if gcc supports -Wmissing-format-attribute
configure:16194: gcc -o conftest -g -O2 -Wmissing-format-attribute   conftest.c  >&5
configure:16194: $? = 0
configure:16210: result: yes
configure:16306: checking if gcc supports -Wredundant-decls
configure:16324: gcc -o conftest -g -O2 -Wredundant-decls   conftest.c  >&5
configure:16324: $? = 0
configure:16340: result: yes
configure:16436: checking if gcc supports -Wlogical-op
configure:16454: gcc -o conftest -g -O2 -Wlogical-op   conftest.c  >&5
configure:16454: $? = 0
configure:16470: result: yes
configure:16578: checking if gcc supports -Werror=implicit
configure:16596: gcc -o conftest -g -O2 -Werror=implicit   conftest.c  >&5
configure:16596: $? = 0
configure:16612: result: yes
configure:16761: checking if gcc supports -Werror=nonnull
configure:16779: gcc -o conftest -g -O2 -Werror=nonnull   conftest.c  >&5
configure:16779: $? = 0
configure:16795: result: yes
configure:16891: checking if gcc supports -Werror=init-self
configure:16909: gcc -o conftest -g -O2 -Werror=init-self   conftest.c  >&5
configure:16909: $? = 0
configure:16925: result: yes
configure:17021: checking if gcc supports -Werror=main
configure:17039: gcc -o conftest -g -O2 -Werror=main   conftest.c  >&5
configure:17039: $? = 0
configure:17055: result: yes
configure:17151: checking if gcc supports -Werror=missing-braces
configure:17169: gcc -o conftest -g -O2 -Werror=missing-braces   conftest.c  >&5
configure:17169: $? = 0
configure:17185: result: yes
configure:17281: checking if gcc supports -Werror=sequence-point
configure:17299: gcc -o conftest -g -O2 -Werror=sequence-point   conftest.c  >&5
configure:17299: $? = 0
configure:17315: result: yes
configure:17411: checking if gcc supports -Werror=return-type
configure:17429: gcc -o conftest -g -O2 -Werror=return-type   conftest.c  >&5
configure:17429: $? = 0
configure:17445: result: yes
configure:17594: checking if gcc supports -Werror=trigraphs
configure:17612: gcc -o conftest -g -O2 -Werror=trigraphs   conftest.c  >&5
configure:17612: $? = 0
configure:17628: result: yes
configure:17724: checking if gcc supports -Werror=array-bounds
configure:17742: gcc -o conftest -g -O2 -Werror=array-bounds   conftest.c  >&5
configure:17742: $? = 0
configure:17758: result: yes
configure:17854: checking if gcc supports -Werror=write-strings
configure:17872: gcc -o conftest -g -O2 -Werror=write-strings   conftest.c  >&5
configure:17872: $? = 0
configure:17888: result: yes
configure:17984: checking if gcc supports -Werror=address
configure:18002: gcc -o conftest -g -O2 -Werror=address   conftest.c  >&5
configure:18002: $? = 0
configure:18018: result: yes
configure:18114: checking if gcc supports -Werror=int-to-pointer-cast
configure:18132: gcc -o conftest -g -O2 -Werror=int-to-pointer-cast   conftest.c  >&5
configure:18132: $? = 0
configure:18148: result: yes
configure:18297: checking if gcc supports -Werror=pointer-to-int-cast
configure:18315: gcc -o conftest -g -O2 -Werror=pointer-to-int-cast   conftest.c  >&5
configure:18315: $? = 0
configure:18331: result: yes
configure:20155: checking if gcc supports -pedantic
configure:20173: gcc -o conftest -g -O2 -pedantic   conftest.c  >&5
configure:20173: $? = 0
configure:20189: result: yes
configure:20285: checking if gcc supports -Werror
configure:20303: gcc -o conftest -g -O2 -Werror   conftest.c  >&5
configure:20303: $? = 0
configure:20319: result: yes
configure:20471: checking if gcc supports -Werror=attributes
configure:20489: gcc -o conftest -g -O2 -Werror=attributes   conftest.c  >&5
configure:20489: $? = 0
configure:20505: result: yes
configure:20714: checking whether to build functional specifications
configure:20716: result: yes
configure:20737: checking for xmlto
configure:20776: result: no
configure:20782: WARNING: xmlto not found - documentation targets will be skipped
configure:20944: checking for fop
configure:20983: result: no
configure:20989: WARNING: fop not found - documentation targets will be skipped
configure:21087: checking for xsltproc
configure:21110: found /usr/bin/xsltproc
configure:21123: result: /usr/bin/xsltproc
configure:21209: checking for X.Org SGML entities >= 1.8
configure:21213: $PKG_CONFIG --exists --print-errors "xorg-sgml-doctools >= 1.8"
Package xorg-sgml-doctools was not found in the pkg-config search path.
Perhaps you should add the directory containing `xorg-sgml-doctools.pc'
to the PKG_CONFIG_PATH environment variable
Package 'xorg-sgml-doctools' not found
configure:21216: $? = 1
configure:21232: result: no
configure:21259: checking whether to act as if malloc(0) can return NULL
configure:21261: result: yes
configure:21293: checking for XEXT
configure:21300: $PKG_CONFIG --exists --print-errors "xproto >= 7.0.13 x11 >= 1.6 xextproto >= 7.1.99"
configure:21303: $? = 0
configure:21317: $PKG_CONFIG --exists --print-errors "xproto >= 7.0.13 x11 >= 1.6 xextproto >= 7.1.99"
configure:21320: $? = 0
configure:21378: result: yes
configure:21386: checking for __builtin_popcountl
configure:21406: gcc -o conftest -g -O2   conftest.c  >&5
configure:21406: $? = 0
configure:21418: result: yes
configure:21430: checking for reallocarray
configure:21430: gcc -o conftest -g -O2   conftest.c  >&5
configure:21430: $? = 0
configure:21430: result: yes
configure:21700: checking that generated files are newer than configure
configure:21706: result: done
configure:21773: creating ./config.status

## ---------------------- ##
## Running config.status. ##
## ---------------------- ##

This file was extended by libXext config.status 1.3.7, which was
generated by GNU Autoconf 2.72.  Invocation command line was

  CONFIG_FILES    = 
  CONFIG_HEADERS  = 
  CONFIG_LINKS    = 
  CONFIG_COMMANDS = 
  $ ./config.status 

on archlinux

config.status:1179: creating Makefile
config.status:1179: creating man/Makefile
config.status:1179: creating src/Makefile
config.status:1179: creating specs/Makefile
config.status:1179: creating xext.pc
config.status:1179: creating config.h
config.status:1408: executing depfiles commands
config.status:1483: cd src       && sed -e '/# am--include-marker/d' Makefile         | make -f - am--depfiles
config.status:1490: $? = 0
config.status:1408: executing libtool commands

## ---------------- ##
## Cache variables. ##
## ---------------- ##

ac_cv_build=x86_64-pc-linux-gnu
ac_cv_c_compiler_gnu=yes
ac_cv_c_undeclared_builtin_options='none needed'
ac_cv_env_CC_set=
ac_cv_env_CC_value=
ac_cv_env_CFLAGS_set=
ac_cv_env_CFLAGS_value=
ac_cv_env_CPPFLAGS_set=
ac_cv_env_CPPFLAGS_value=
ac_cv_env_FOP_set=
ac_cv_env_FOP_value=
ac_cv_env_LDFLAGS_set=
ac_cv_env_LDFLAGS_value=
ac_cv_env_LIBS_set=
ac_cv_env_LIBS_value=
ac_cv_env_LINT_FLAGS_set=
ac_cv_env_LINT_FLAGS_value=
ac_cv_env_LINT_set=
ac_cv_env_LINT_value=
ac_cv_env_LT_SYS_LIBRARY_PATH_set=
ac_cv_env_LT_SYS_LIBRARY_PATH_value=
ac_cv_env_PKG_CONFIG_LIBDIR_set=
ac_cv_env_PKG_CONFIG_LIBDIR_value=
ac_cv_env_PKG_CONFIG_PATH_set=set
ac_cv_env_PKG_CONFIG_PATH_value=/storage/rlinux/rootfs/lib/pkgconfig:/storage/rlinux/rootfs/share/pkgconfig
ac_cv_env_PKG_CONFIG_set=
ac_cv_env_PKG_CONFIG_value=
ac_cv_env_XEXT_CFLAGS_set=
ac_cv_env_XEXT_CFLAGS_value=
ac_cv_env_XEXT_LIBS_set=
ac_cv_env_XEXT_LIBS_value=
ac_cv_env_XMLTO_set=
ac_cv_env_XMLTO_value=
ac_cv_env_XSLTPROC_set=
ac_cv_env_XSLTPROC_value=
ac_cv_env_build_alias_set=
ac_cv_env_build_alias_value=
ac_cv_env_host_alias_set=
ac_cv_env_host_alias_value=
ac_cv_env_target_alias_set=
ac_cv_env_target_alias_value=
ac_cv_func_reallocarray=yes
ac_cv_have_decl___INTEL_COMPILER=no
ac_cv_have_decl___SUNPRO_C=no
ac_cv_have_decl___clang__=no
ac_cv_header_dlfcn_h=yes
ac_cv_header_inttypes_h=yes
ac_cv_header_minix_config_h=no
ac_cv_header_stdint_h=yes
ac_cv_header_stdio_h=yes
ac_cv_header_stdlib_h=yes
ac_cv_header_string_h=yes
ac_cv_header_strings_h=yes
ac_cv_header_sys_stat_h=yes
ac_cv_header_sys_types_h=yes
ac_cv_header_unistd_h=yes
ac_cv_header_wchar_h=yes
ac_cv_host=x86_64-pc-linux-gnu
ac_cv_objext=o
ac_cv_path_EGREP='/usr/bin/grep -E'
ac_cv_path_EGREP_TRADITIONAL='/usr/bin/grep -E'
ac_cv_path_FGREP='/usr/bin/grep -F'
ac_cv_path_GREP=/usr/bin/grep
ac_cv_path_SED=/usr/bin/sed
ac_cv_path_XSLTPROC=/usr/bin/xsltproc
ac_cv_path_ac_pt_PKG_CONFIG=/usr/bin/pkg-config
ac_cv_path_install='/usr/bin/install -c'
ac_cv_path_lt_DD=/usr/bin/dd
ac_cv_path_mkdir=/usr/bin/mkdir
ac_cv_prog_AWK=gawk
ac_cv_prog_FILECMD=file
ac_cv_prog_ac_ct_AR=ar
ac_cv_prog_ac_ct_CC=gcc
ac_cv_prog_ac_ct_OBJDUMP=objdump
ac_cv_prog_ac_ct_RANLIB=ranlib
ac_cv_prog_ac_ct_STRIP=strip
ac_cv_prog_cc_c11=
ac_cv_prog_cc_g=yes
ac_cv_prog_cc_stdc=
ac_cv_prog_make_make_set=yes
ac_cv_safe_to_define___extensions__=yes
ac_cv_should_define__xopen_source=no
am_cv_CC_dependencies_compiler_type=gcc3
am_cv_filesystem_timestamp_resolution=0.01
am_cv_make_support_nested_variables=yes
am_cv_prog_cc_c_o=yes
am_cv_prog_tar_ustar=gnutar
am_cv_sleep_fractional_seconds=yes
am_cv_xargs_n_works=yes
ax_cv_have___builtin_popcountl=yes
lt_cv_ar_at_file=@
lt_cv_archive_cmds_need_lc=no
lt_cv_deplibs_check_method=pass_all
lt_cv_file_magic_cmd='$MAGIC_CMD'
lt_cv_file_magic_test_file=
lt_cv_ld_reload_flag=-r
lt_cv_nm_interface='BSD nm'
lt_cv_objdir=.libs
lt_cv_path_LD=/usr/bin/ld
lt_cv_path_NM='/usr/bin/nm -B'
lt_cv_path_manifest_tool=no
lt_cv_prog_compiler_c_o=yes
lt_cv_prog_compiler_pic='-fPIC -DPIC'
lt_cv_prog_compiler_pic_works=yes
lt_cv_prog_compiler_rtti_exceptions=no
lt_cv_prog_compiler_static_works=yes
lt_cv_prog_gnu_ld=yes
lt_cv_sharedlib_from_linklib_cmd='printf %s\n'
lt_cv_shlibpath_overrides_runpath=yes
lt_cv_sys_global_symbol_pipe='/usr/bin/sed -n -e '\''s/^.*[	 ]\([ABCDGIRSTW][ABCDGIRSTW]*\)[	 ][	 ]*\([_A-Za-z][_A-Za-z0-9]*\)$/\1 \2 \2/p'\'' | /usr/bin/sed '\''/ __gnu_lto/d'\'''
lt_cv_sys_global_symbol_to_c_name_address='/usr/bin/sed -n -e '\''s/^: \(.*\) .*$/  {"\1", (void *) 0},/p'\'' -e '\''s/^[ABCDGIRSTW][ABCDGIRSTW]* .* \(.*\)$/  {"\1", (void *) \&\1},/p'\'''
lt_cv_sys_global_symbol_to_c_name_address_lib_prefix='/usr/bin/sed -n -e '\''s/^: \(.*\) .*$/  {"\1", (void *) 0},/p'\'' -e '\''s/^[ABCDGIRSTW][ABCDGIRSTW]* .* \(lib.*\)$/  {"\1", (void *) \&\1},/p'\'' -e '\''s/^[ABCDGIRSTW][ABCDGIRSTW]* .* \(.*\)$/  {"lib\1", (void *) \&\1},/p'\'''
lt_cv_sys_global_symbol_to_cdecl='/usr/bin/sed -n -e '\''s/^T .* \(.*\)$/extern int \1();/p'\'' -e '\''s/^[ABCDGIRSTW][ABCDGIRSTW]* .* \(.*\)$/extern char \1;/p'\'''
lt_cv_sys_global_symbol_to_import=
lt_cv_sys_max_cmd_len=1572864
lt_cv_to_host_file_cmd=func_convert_file_noop
lt_cv_to_tool_file_cmd=func_convert_file_noop
lt_cv_truncate_bin='/usr/bin/dd bs=4096 count=1'
pkg_cv_XEXT_CFLAGS=-I/storage/rlinux/rootfs/include
pkg_cv_XEXT_LIBS='-L/storage/rlinux/rootfs/lib -lX11'
xorg_cv_cc_flag__Wall=yes
xorg_cv_cc_flag__Wbad_function_cast=yes
xorg_cv_cc_flag__Werror=yes
xorg_cv_cc_flag__Werror_address=yes
xorg_cv_cc_flag__Werror_array_bounds=yes
xorg_cv_cc_flag__Werror_attributes=yes
xorg_cv_cc_flag__Werror_implicit=yes
xorg_cv_cc_flag__Werror_init_self=yes
xorg_cv_cc_flag__Werror_int_to_pointer_cast=yes
xorg_cv_cc_flag__Werror_main=yes
xorg_cv_cc_flag__Werror_missing_braces=yes
xorg_cv_cc_flag__Werror_nonnull=yes
xorg_cv_cc_flag__Werror_pointer_to_int_cast=yes
xorg_cv_cc_flag__Werror_return_type=yes
xorg_cv_cc_flag__Werror_sequence_point=yes
xorg_cv_cc_flag__Werror_trigraphs=yes
xorg_cv_cc_flag__Werror_write_strings=yes
xorg_cv_cc_flag__Wformat_2=yes
xorg_cv_cc_flag__Wlogical_op=yes
xorg_cv_cc_flag__Wmissing_declarations=yes
xorg_cv_cc_flag__Wmissing_format_attribute=yes
xorg_cv_cc_flag__Wmissing_noreturn=yes
xorg_cv_cc_flag__Wmissing_prototypes=yes
xorg_cv_cc_flag__Wnested_externs=yes
xorg_cv_cc_flag__Wold_style_definition=yes
xorg_cv_cc_flag__Wpointer_arith=yes
xorg_cv_cc_flag__Wredundant_decls=yes
xorg_cv_cc_flag__Wshadow=yes
xorg_cv_cc_flag__Wstrict_prototypes=yes
xorg_cv_cc_flag__Wuninitialized=yes
xorg_cv_cc_flag__Wunused=yes
xorg_cv_cc_flag__pedantic=yes
xorg_cv_cc_flag_unknown_warning_option=no
xorg_cv_cc_flag_unused_command_line_argument=no

## ----------------- ##
## Output variables. ##
## ----------------- ##

ACLOCAL='${SHELL} '\''/storage/rlinux/sources/libXext-1.3.7/missing'\'' aclocal-1.18'
ADMIN_MAN_DIR='$(mandir)/man$(ADMIN_MAN_SUFFIX)'
ADMIN_MAN_SUFFIX='8'
AMDEPBACKSLASH='\'
AMDEP_FALSE='#'
AMDEP_TRUE=''
AMTAR='$${TAR-tar}'
AM_BACKSLASH='\'
AM_DEFAULT_V='$(AM_DEFAULT_VERBOSITY)'
AM_DEFAULT_VERBOSITY='0'
AM_V='$(V)'
APP_MAN_DIR='$(mandir)/man$(APP_MAN_SUFFIX)'
APP_MAN_SUFFIX='1'
AR='ar'
AUTOCONF='${SHELL} '\''/storage/rlinux/sources/libXext-1.3.7/missing'\'' autoconf'
AUTOHEADER='${SHELL} '\''/storage/rlinux/sources/libXext-1.3.7/missing'\'' autoheader'
AUTOMAKE='${SHELL} '\''/storage/rlinux/sources/libXext-1.3.7/missing'\'' automake-1.18'
AWK='gawk'
BASE_CFLAGS=' -Wall -Wpointer-arith -Wmissing-declarations -Wformat=2 -Wstrict-prototypes -Wmissing-prototypes -Wnested-externs -Wbad-function-cast -Wold-style-definition -Wunused -Wuninitialized -Wshadow -Wmissing-noreturn -Wmissing-format-attribute -Wredundant-decls -Wlogical-op -Werror=implicit -Werror=nonnull -Werror=init-self -Werror=main -Werror=missing-braces -Werror=sequence-point -Werror=return-type -Werror=trigraphs -Werror=array-bounds -Werror=write-strings -Werror=address -Werror=int-to-pointer-cast -Werror=pointer-to-int-cast'
CC='gcc'
CCDEPMODE='depmode=gcc3'
CFLAGS='-g -O2'
CHANGELOG_CMD='((GIT_DIR=$(top_srcdir)/.git git log > $(top_srcdir)/.changelog.tmp) 2>/dev/null && mv $(top_srcdir)/.changelog.tmp $(top_srcdir)/ChangeLog) || (rm -f $(top_srcdir)/.changelog.tmp; test -e $(top_srcdir)/ChangeLog || ( touch $(top_srcdir)/ChangeLog; echo '\''git failed to create ChangeLog: installing empty ChangeLog.'\'' >&2))'
CPPFLAGS=''
CSCOPE='cscope'
CTAGS='ctags'
CWARNFLAGS=' -Wall -Wpointer-arith -Wmissing-declarations -Wformat=2 -Wstrict-prototypes -Wmissing-prototypes -Wnested-externs -Wbad-function-cast -Wold-style-definition -Wunused -Wuninitialized -Wshadow -Wmissing-noreturn -Wmissing-format-attribute -Wredundant-decls -Wlogical-op -Werror=implicit -Werror=nonnull -Werror=init-self -Werror=main -Werror=missing-braces -Werror=sequence-point -Werror=return-type -Werror=trigraphs -Werror=array-bounds -Werror=write-strings -Werror=address -Werror=int-to-pointer-cast -Werror=pointer-to-int-cast -fno-strict-aliasing'
CYGPATH_W='echo'
DEFS='-DHAVE_CONFIG_H'
DEPDIR='.deps'
DLLTOOL='false'
DRIVER_MAN_DIR='$(mandir)/man$(DRIVER_MAN_SUFFIX)'
DRIVER_MAN_SUFFIX='4'
DSYMUTIL=''
DUMPBIN=''
ECHO_C=''
ECHO_N='-n'
ECHO_T=''
EGREP='/usr/bin/grep -E'
ENABLE_SPECS_FALSE='#'
ENABLE_SPECS_TRUE=''
ETAGS='etags'
EXEEXT=''
FGREP='/usr/bin/grep -F'
FILECMD='file'
FILE_MAN_DIR='$(mandir)/man$(FILE_MAN_SUFFIX)'
FILE_MAN_SUFFIX='5'
FOP=''
GREP='/usr/bin/grep'
HAVE_FOP_FALSE=''
HAVE_FOP_TRUE='#'
HAVE_STYLESHEETS_FALSE=''
HAVE_STYLESHEETS_TRUE='#'
HAVE_XMLTO_FALSE=''
HAVE_XMLTO_TEXT_FALSE=''
HAVE_XMLTO_TEXT_TRUE='#'
HAVE_XMLTO_TRUE='#'
HAVE_XSLTPROC_FALSE='#'
HAVE_XSLTPROC_TRUE=''
INSTALL_CMD='(cp -f /INSTALL $(top_srcdir)/.INSTALL.tmp && mv $(top_srcdir)/.INSTALL.tmp $(top_srcdir)/INSTALL) || (rm -f $(top_srcdir)/.INSTALL.tmp; test -e $(top_srcdir)/INSTALL || ( touch $(top_srcdir)/INSTALL; echo '\''failed to copy INSTALL from util-macros: installing empty INSTALL.'\'' >&2))'
INSTALL_DATA='${INSTALL} -m 644'
INSTALL_PROGRAM='${INSTALL}'
INSTALL_SCRIPT='${INSTALL}'
INSTALL_STRIP_PROGRAM='$(install_sh) -c -s'
LD='/usr/bin/ld -m elf_x86_64'
LDFLAGS=''
LIBOBJS=''
LIBS=''
LIBTOOL='$(SHELL) $(top_builddir)/libtool'
LIB_MAN_DIR='$(mandir)/man$(LIB_MAN_SUFFIX)'
LIB_MAN_SUFFIX='3'
LINT=''
LINTLIB=''
LINT_FALSE=''
LINT_FLAGS='-badflag'
LINT_TRUE='#'
LIPO=''
LN_S='ln -s'
LTLIBOBJS=''
LT_SYS_LIBRARY_PATH=''
MAKEINFO='${SHELL} '\''/storage/rlinux/sources/libXext-1.3.7/missing'\'' makeinfo'
MAKE_LINT_LIB_FALSE=''
MAKE_LINT_LIB_TRUE='#'
MALLOC_ZERO_CFLAGS='-DMALLOC_0_RETURNS_NULL'
MANIFEST_TOOL=':'
MAN_SUBSTS='	-e '\''s|__vendorversion__|"$(PACKAGE_STRING)" "$(XORG_MAN_PAGE)"|'\'' 	-e '\''s|__xorgversion__|"$(PACKAGE_STRING)" "$(XORG_MAN_PAGE)"|'\'' 	-e '\''s|__xservername__|Xorg|g'\'' 	-e '\''s|__xconfigfile__|xorg.conf|g'\'' 	-e '\''s|__projectroot__|$(prefix)|g'\'' 	-e '\''s|__apploaddir__|$(appdefaultdir)|g'\'' 	-e '\''s|__appmansuffix__|$(APP_MAN_SUFFIX)|g'\'' 	-e '\''s|__drivermansuffix__|$(DRIVER_MAN_SUFFIX)|g'\'' 	-e '\''s|__adminmansuffix__|$(ADMIN_MAN_SUFFIX)|g'\'' 	-e '\''s|__libmansuffix__|$(LIB_MAN_SUFFIX)|g'\'' 	-e '\''s|__miscmansuffix__|$(MISC_MAN_SUFFIX)|g'\'' 	-e '\''s|__filemansuffix__|$(FILE_MAN_SUFFIX)|g'\'''
MISC_MAN_DIR='$(mandir)/man$(MISC_MAN_SUFFIX)'
MISC_MAN_SUFFIX='7'
MKDIR_P='/usr/bin/mkdir -p'
NM='/usr/bin/nm -B'
NMEDIT=''
OBJDUMP='objdump'
OBJEXT='o'
OTOOL64=''
OTOOL=''
PACKAGE='libXext'
PACKAGE_BUGREPORT='https://gitlab.freedesktop.org/xorg/lib/libxext/-/issues'
PACKAGE_NAME='libXext'
PACKAGE_STRING='libXext 1.3.7'
PACKAGE_TARNAME='libXext'
PACKAGE_URL=''
PACKAGE_VERSION='1.3.7'
PATH_SEPARATOR=':'
PKG_CONFIG='/usr/bin/pkg-config'
PKG_CONFIG_LIBDIR=''
PKG_CONFIG_PATH='/storage/rlinux/rootfs/lib/pkgconfig:/storage/rlinux/rootfs/share/pkgconfig'
RANLIB='ranlib'
SED='/usr/bin/sed'
SET_MAKE=''
SHELL='/bin/sh'
STRICT_CFLAGS=' -pedantic -Werror -Werror=attributes'
STRIP='strip'
STYLESHEET_SRCDIR=''
VERSION='1.3.7'
XEXT_CFLAGS='-I/storage/rlinux/rootfs/include'
XEXT_LIBS='-L/storage/rlinux/rootfs/lib -lX11'
XEXT_SOREV='6:4:0'
XMALLOC_ZERO_CFLAGS='-DMALLOC_0_RETURNS_NULL'
XMLTO=''
XORG_MAN_PAGE='X Version 11'
XORG_SGML_PATH=''
XSLTPROC='/usr/bin/xsltproc'
XSL_STYLESHEET=''
XTMALLOC_ZERO_CFLAGS='-DMALLOC_0_RETURNS_NULL -DXTMALLOC_BC'
ac_ct_AR='ar'
ac_ct_CC='gcc'
ac_ct_DUMPBIN=''
am__EXEEXT_FALSE=''
am__EXEEXT_TRUE='#'
am__fastdepCC_FALSE='#'
am__fastdepCC_TRUE=''
am__include='include'
am__isrc=''
am__leading_dot='.'
am__nodep='_no'
am__quote=''
am__rm_f_notfound=''
am__tar='tar --format=ustar -chf - "$$tardir"'
am__untar='tar -xf -'
am__xargs_n='xargs -n'
bindir='${exec_prefix}/bin'
build='x86_64-pc-linux-gnu'
build_alias=''
build_cpu='x86_64'
build_os='linux-gnu'
build_vendor='pc'
datadir='${datarootdir}'
datarootdir='${prefix}/share'
docdir='${datarootdir}/doc/${PACKAGE_TARNAME}'
dvidir='${docdir}'
exec_prefix='${prefix}'
host='x86_64-pc-linux-gnu'
host_alias=''
host_cpu='x86_64'
host_os='linux-gnu'
host_vendor='pc'
htmldir='${docdir}'
includedir='${prefix}/include'
infodir='${datarootdir}/info'
install_sh='${SHELL} /storage/rlinux/sources/libXext-1.3.7/install-sh'
libdir='${exec_prefix}/lib'
libexecdir='${exec_prefix}/libexec'
localedir='${datarootdir}/locale'
localstatedir='${prefix}/var'
mandir='${datarootdir}/man'
mkdir_p='$(MKDIR_P)'
oldincludedir='/usr/include'
pdfdir='${docdir}'
prefix='/storage/rlinux/rootfs'
program_transform_name='s,x,x,'
psdir='${docdir}'
runstatedir='${localstatedir}/run'
sbindir='${exec_prefix}/sbin'
sharedstatedir='${prefix}/com'
sysconfdir='${prefix}/etc'
target_alias=''

## ----------- ##
## confdefs.h. ##
## ----------- ##

/* confdefs.h */
#define PACKAGE_NAME "libXext"
#define PACKAGE_TARNAME "libXext"
#define PACKAGE_VERSION "1.3.7"
#define PACKAGE_STRING "libXext 1.3.7"
#define PACKAGE_BUGREPORT "https://gitlab.freedesktop.org/xorg/lib/libxext/-/issues"
#define PACKAGE_URL ""
#define HAVE_STDIO_H 1
#define HAVE_STDLIB_H 1
#define HAVE_STRING_H 1
#define HAVE_INTTYPES_H 1
#define HAVE_STDINT_H 1
#define HAVE_STRINGS_H 1
#define HAVE_SYS_STAT_H 1
#define HAVE_SYS_TYPES_H 1
#define HAVE_UNISTD_H 1
#define HAVE_WCHAR_H 1
#define STDC_HEADERS 1
#define _ALL_SOURCE 1
#define _DARWIN_C_SOURCE 1
#define _GNU_SOURCE 1
#define _HPUX_ALT_XOPEN_SOCKET_API 1
#define _NETBSD_SOURCE 1
#define _OPENBSD_SOURCE 1
#define _POSIX_PTHREAD_SEMANTICS 1
#define __STDC_WANT_IEC_60559_ATTRIBS_EXT__ 1
#define __STDC_WANT_IEC_60559_BFP_EXT__ 1
#define __STDC_WANT_IEC_60559_DFP_EXT__ 1
#define __STDC_WANT_IEC_60559_EXT__ 1
#define __STDC_WANT_IEC_60559_FUNCS_EXT__ 1
#define __STDC_WANT_IEC_60559_TYPES_EXT__ 1
#define __STDC_WANT_LIB_EXT2__ 1
#define __STDC_WANT_MATH_SPEC_FUNCS__ 1
#define _TANDEM_SOURCE 1
#define __EXTENSIONS__ 1
#define PACKAGE "libXext"
#define VERSION "1.3.7"
#define HAVE_DLFCN_H 1
#define LT_OBJDIR ".libs/"
#define PACKAGE_VERSION_MAJOR 1
#define PACKAGE_VERSION_MINOR 3
#define PACKAGE_VERSION_PATCHLEVEL 7
#define HAVE___BUILTIN_POPCOUNTL 1
#define HAVE_REALLOCARRAY 1

configure: exit 0
