This file contains any messages produced by compilers while
running configure, to aid debugging if configure makes a mistake.

It was created by xorgproto configure 2025.1, which was
generated by GNU Autoconf 2.72.  Invocation command line was

  $ ./configure --prefix=/storage/rlinux/sources/xorgproto-2025.1/rootfs

## --------- ##
## Platform. ##
## --------- ##

hostname = archlinux
uname -m = x86_64
uname -r = 6.18.7-arch1-1
uname -s = Linux
uname -v = #1 SMP PREEMPT_DYNAMIC Sat, 24 Jan 2026 00:47:39 +0000

/usr/bin/uname -p = unknown
/bin/uname -X     = unknown

/bin/arch              = unknown
/usr/bin/arch -k       = unknown
/usr/convex/getsysinfo = unknown
/usr/bin/hostinfo      = unknown
/bin/machine           = unknown
/usr/bin/oslevel       = unknown
/bin/universe          = unknown

PATH: /usr/local/sbin/
PATH: /usr/local/bin/
PATH: /usr/bin/
PATH: /var/lib/flatpak/exports/bin/
PATH: /usr/bin/site_perl/
PATH: /usr/bin/vendor_perl/
PATH: /usr/bin/core_perl/


## ----------- ##
## Core tests. ##
## ----------- ##

configure:2528: looking for aux files: config.guess config.sub compile missing install-sh
configure:2541:  trying ./
configure:2570:   ./config.guess found
configure:2570:   ./config.sub found
configure:2570:   ./compile found
configure:2570:   ./missing found
configure:2552:   ./install-sh found
configure:2700: checking for a BSD-compatible install
configure:2774: result: /usr/bin/install -c
configure:2785: checking whether sleep supports fractional seconds
configure:2801: result: yes
configure:2804: checking filesystem timestamp resolution
configure:2939: result: 0.01
configure:2944: checking whether build environment is sane
configure:2989: result: yes
configure:3160: checking for a race-free mkdir -p
configure:3203: result: /usr/bin/mkdir -p
configure:3210: checking for gawk
configure:3231: found /usr/bin/gawk
configure:3243: result: gawk
configure:3254: checking whether make sets $(MAKE)
configure:3278: result: yes
configure:3304: checking whether make supports nested variables
configure:3323: result: yes
configure:3337: checking xargs -n works
configure:3353: result: yes
configure:3438: checking whether UID '1000' is supported by ustar format
configure:3444: result: yes
configure:3451: checking whether GID '1000' is supported by ustar format
configure:3457: result: yes
configure:3465: checking how to create a ustar tar archive
configure:3476: tar --version
tar (GNU tar) 1.35
Copyright (C) 2023 Free Software Foundation, Inc.
License GPLv3+: GNU GPL version 3 or later <https://gnu.org/licenses/gpl.html>.
This is free software: you are free to change and redistribute it.
There is NO WARRANTY, to the extent permitted by law.

Written by John Gilmore and Jay Fenlason.
configure:3479: $? = 0
configure:3519: tardir=conftest.dir && eval tar --format=ustar -chf - "$tardir" >conftest.tar
configure:3522: $? = 0
configure:3526: tar -xf - <conftest.tar
configure:3529: $? = 0
configure:3531: cat conftest.dir/file
GrepMe
configure:3534: $? = 0
configure:3549: result: gnutar
configure:3601: checking whether make supports the include directive
configure:3616: make -f confmf.GNU && cat confinc.out
this is the am__doit target
configure:3619: $? = 0
configure:3638: result: yes (GNU style)
configure:3715: checking for gcc
configure:3736: found /usr/bin/gcc
configure:3748: result: gcc
configure:4107: checking for C compiler version
configure:4116: gcc --version >&5
gcc (GCC) 15.2.1 20260103
Copyright (C) 2025 Free Software Foundation, Inc.
This is free software; see the source for copying conditions.  There is NO
warranty; not even for MERCHANTABILITY or FITNESS FOR A PARTICULAR PURPOSE.

configure:4127: $? = 0
configure:4116: gcc -v >&5
Using built-in specs.
COLLECT_GCC=gcc
COLLECT_LTO_WRAPPER=/usr/lib/gcc/x86_64-pc-linux-gnu/15.2.1/lto-wrapper
Target: x86_64-pc-linux-gnu
Configured with: /build/gcc/src/gcc/configure --enable-languages=ada,c,c++,d,fortran,go,lto,m2,objc,obj-c++,rust,cobol --enable-bootstrap --prefix=/usr --libdir=/usr/lib --libexecdir=/usr/lib --mandir=/usr/share/man --infodir=/usr/share/info --with-bugurl=https://gitlab.archlinux.org/archlinux/packaging/packages/gcc/-/issues --with-build-config=bootstrap-lto --with-linker-hash-style=gnu --with-system-zlib --enable-__cxa_atexit --enable-cet=auto --enable-checking=release --enable-clocale=gnu --enable-default-pie --enable-default-ssp --enable-gnu-indirect-function --enable-gnu-unique-object --enable-libstdcxx-backtrace --enable-link-serialization=1 --enable-linker-build-id --enable-lto --enable-multilib --enable-plugin --enable-shared --enable-threads=posix --disable-libssp --disable-libstdcxx-pch --disable-werror
Thread model: posix
Supported LTO compression algorithms: zlib zstd
gcc version 15.2.1 20260103 (GCC) 
configure:4127: $? = 0
configure:4116: gcc -V >&5
gcc: error: unrecognized command-line option '-V'
gcc: fatal error: no input files
compilation terminated.
configure:4127: $? = 1
configure:4116: gcc -qversion >&5
gcc: error: unrecognized command-line option '-qversion'; did you mean '--version'?
gcc: fatal error: no input files
compilation terminated.
configure:4127: $? = 1
configure:4116: gcc -version >&5
gcc: error: unrecognized command-line option '-version'
gcc: fatal error: no input files
compilation terminated.
configure:4127: $? = 1
configure:4147: checking whether the C compiler works
configure:4169: gcc    conftest.c  >&5
configure:4173: $? = 0
configure:4224: result: yes
configure:4228: checking for C compiler default output file name
configure:4230: result: a.out
configure:4236: checking for suffix of executables
configure:4243: gcc -o conftest    conftest.c  >&5
configure:4247: $? = 0
configure:4271: result: 
configure:4295: checking whether we are cross compiling
configure:4303: gcc -o conftest    conftest.c  >&5
configure:4307: $? = 0
configure:4314: ./conftest
configure:4318: $? = 0
configure:4333: result: no
configure:4339: checking for suffix of object files
configure:4362: gcc -c   conftest.c >&5
configure:4366: $? = 0
configure:4390: result: o
configure:4394: checking whether the compiler supports GNU C
configure:4414: gcc -c   conftest.c >&5
configure:4414: $? = 0
configure:4426: result: yes
configure:4437: checking whether gcc accepts -g
configure:4458: gcc -c -g  conftest.c >&5
configure:4458: $? = 0
configure:4505: result: yes
configure:4525: checking for gcc option to enable C11 features
configure:4540: gcc  -c -g -O2  conftest.c >&5
configure:4540: $? = 0
configure:4559: result: none needed
configure:4683: checking whether gcc understands -c and -o together
configure:4706: gcc -c conftest.c -o conftest2.o
configure:4709: $? = 0
configure:4706: gcc -c conftest.c -o conftest2.o
configure:4709: $? = 0
configure:4725: result: yes
configure:4744: checking dependency style of gcc
configure:4857: result: none
configure:4873: checking for gcc options needed to detect all undeclared functions
configure:4895: gcc -c -g -O2   conftest.c >&5
conftest.c: In function 'main':
conftest.c:15:8: error: 'strchr' undeclared (first use in this function)
   15 | (void) strchr;
      |        ^~~~~~
conftest.c:1:1: note: 'strchr' is defined in header '<string.h>'; this is probably fixable by adding '#include <string.h>'
    1 | /* confdefs.h */
conftest.c:15:8: note: each undeclared identifier is reported only once for each function it appears in
   15 | (void) strchr;
      |        ^~~~~~
configure:4895: $? = 1
configure: failed program was:
| /* confdefs.h */
| #define PACKAGE_NAME "xorgproto"
| #define PACKAGE_TARNAME "xorgproto"
| #define PACKAGE_VERSION "2025.1"
| #define PACKAGE_STRING "xorgproto 2025.1"
| #define PACKAGE_BUGREPORT "https://gitlab.freedesktop.org/xorg/proto/xorgproto/issues"
| #define PACKAGE_URL ""
| #define PACKAGE "xorgproto"
| #define VERSION "2025.1"
| /* end confdefs.h.  */
| 
| int
| main (void)
| {
| (void) strchr;
|   ;
|   return 0;
| }
configure:4922: gcc -c -g -O2   conftest.c >&5
configure:4922: $? = 0
configure:4942: result: none needed
configure:4960: checking for stdio.h
configure:4960: gcc -c -g -O2  conftest.c >&5
configure:4960: $? = 0
configure:4960: result: yes
configure:4960: checking for stdlib.h
configure:4960: gcc -c -g -O2  conftest.c >&5
configure:4960: $? = 0
configure:4960: result: yes
configure:4960: checking for string.h
configure:4960: gcc -c -g -O2  conftest.c >&5
configure:4960: $? = 0
configure:4960: result: yes
configure:4960: checking for inttypes.h
configure:4960: gcc -c -g -O2  conftest.c >&5
configure:4960: $? = 0
configure:4960: result: yes
configure:4960: checking for stdint.h
configure:4960: gcc -c -g -O2  conftest.c >&5
configure:4960: $? = 0
configure:4960: result: yes
configure:4960: checking for strings.h
configure:4960: gcc -c -g -O2  conftest.c >&5
configure:4960: $? = 0
configure:4960: result: yes
configure:4960: checking for sys/stat.h
configure:4960: gcc -c -g -O2  conftest.c >&5
configure:4960: $? = 0
configure:4960: result: yes
configure:4960: checking for sys/types.h
configure:4960: gcc -c -g -O2  conftest.c >&5
configure:4960: $? = 0
configure:4960: result: yes
configure:4960: checking for unistd.h
configure:4960: gcc -c -g -O2  conftest.c >&5
configure:4960: $? = 0
configure:4960: result: yes
configure:4989: checking whether __clang__ is declared
configure:4989: gcc -c -g -O2   conftest.c >&5
conftest.c: In function 'main':
conftest.c:56:10: error: '__clang__' undeclared (first use in this function)
   56 |   (void) __clang__;
      |          ^~~~~~~~~
conftest.c:56:10: note: each undeclared identifier is reported only once for each function it appears in
configure:4989: $? = 1
configure: failed program was:
| /* confdefs.h */
| #define PACKAGE_NAME "xorgproto"
| #define PACKAGE_TARNAME "xorgproto"
| #define PACKAGE_VERSION "2025.1"
| #define PACKAGE_STRING "xorgproto 2025.1"
| #define PACKAGE_BUGREPORT "https://gitlab.freedesktop.org/xorg/proto/xorgproto/issues"
| #define PACKAGE_URL ""
| #define PACKAGE "xorgproto"
| #define VERSION "2025.1"
| #define HAVE_STDIO_H 1
| #define HAVE_STDLIB_H 1
| #define HAVE_STRING_H 1
| #define HAVE_INTTYPES_H 1
| #define HAVE_STDINT_H 1
| #define HAVE_STRINGS_H 1
| #define HAVE_SYS_STAT_H 1
| #define HAVE_SYS_TYPES_H 1
| #define HAVE_UNISTD_H 1
| #define STDC_HEADERS 1
| /* end confdefs.h.  */
| #include <stddef.h>
| #ifdef HAVE_STDIO_H
| # include <stdio.h>
| #endif
| #ifdef HAVE_STDLIB_H
| # include <stdlib.h>
| #endif
| #ifdef HAVE_STRING_H
| # include <string.h>
| #endif
| #ifdef HAVE_INTTYPES_H
| # include <inttypes.h>
| #endif
| #ifdef HAVE_STDINT_H
| # include <stdint.h>
| #endif
| #ifdef HAVE_STRINGS_H
| # include <strings.h>
| #endif
| #ifdef HAVE_SYS_TYPES_H
| # include <sys/types.h>
| #endif
| #ifdef HAVE_SYS_STAT_H
| # include <sys/stat.h>
| #endif
| #ifdef HAVE_UNISTD_H
| # include <unistd.h>
| #endif
| int
| main (void)
| {
| #ifndef __clang__
| #ifdef __cplusplus
|   (void) __clang__;
| #else
|   (void) __clang__;
| #endif
| #endif
| 
|   ;
|   return 0;
| }
configure:4989: result: no
configure:4997: checking whether __INTEL_COMPILER is declared
configure:4997: gcc -c -g -O2   conftest.c >&5
conftest.c: In function 'main':
conftest.c:56:10: error: '__INTEL_COMPILER' undeclared (first use in this function)
   56 |   (void) __INTEL_COMPILER;
      |          ^~~~~~~~~~~~~~~~
conftest.c:56:10: note: each undeclared identifier is reported only once for each function it appears in
configure:4997: $? = 1
configure: failed program was:
| /* confdefs.h */
| #define PACKAGE_NAME "xorgproto"
| #define PACKAGE_TARNAME "xorgproto"
| #define PACKAGE_VERSION "2025.1"
| #define PACKAGE_STRING "xorgproto 2025.1"
| #define PACKAGE_BUGREPORT "https://gitlab.freedesktop.org/xorg/proto/xorgproto/issues"
| #define PACKAGE_URL ""
| #define PACKAGE "xorgproto"
| #define VERSION "2025.1"
| #define HAVE_STDIO_H 1
| #define HAVE_STDLIB_H 1
| #define HAVE_STRING_H 1
| #define HAVE_INTTYPES_H 1
| #define HAVE_STDINT_H 1
| #define HAVE_STRINGS_H 1
| #define HAVE_SYS_STAT_H 1
| #define HAVE_SYS_TYPES_H 1
| #define HAVE_UNISTD_H 1
| #define STDC_HEADERS 1
| /* end confdefs.h.  */
| #include <stddef.h>
| #ifdef HAVE_STDIO_H
| # include <stdio.h>
| #endif
| #ifdef HAVE_STDLIB_H
| # include <stdlib.h>
| #endif
| #ifdef HAVE_STRING_H
| # include <string.h>
| #endif
| #ifdef HAVE_INTTYPES_H
| # include <inttypes.h>
| #endif
| #ifdef HAVE_STDINT_H
| # include <stdint.h>
| #endif
| #ifdef HAVE_STRINGS_H
| # include <strings.h>
| #endif
| #ifdef HAVE_SYS_TYPES_H
| # include <sys/types.h>
| #endif
| #ifdef HAVE_SYS_STAT_H
| # include <sys/stat.h>
| #endif
| #ifdef HAVE_UNISTD_H
| # include <unistd.h>
| #endif
| int
| main (void)
| {
| #ifndef __INTEL_COMPILER
| #ifdef __cplusplus
|   (void) __INTEL_COMPILER;
| #else
|   (void) __INTEL_COMPILER;
| #endif
| #endif
| 
|   ;
|   return 0;
| }
configure:4997: result: no
configure:5005: checking whether __SUNPRO_C is declared
configure:5005: gcc -c -g -O2   conftest.c >&5
conftest.c: In function 'main':
conftest.c:56:10: error: '__SUNPRO_C' undeclared (first use in this function)
   56 |   (void) __SUNPRO_C;
      |          ^~~~~~~~~~
conftest.c:56:10: note: each undeclared identifier is reported only once for each function it appears in
configure:5005: $? = 1
configure: failed program was:
| /* confdefs.h */
| #define PACKAGE_NAME "xorgproto"
| #define PACKAGE_TARNAME "xorgproto"
| #define PACKAGE_VERSION "2025.1"
| #define PACKAGE_STRING "xorgproto 2025.1"
| #define PACKAGE_BUGREPORT "https://gitlab.freedesktop.org/xorg/proto/xorgproto/issues"
| #define PACKAGE_URL ""
| #define PACKAGE "xorgproto"
| #define VERSION "2025.1"
| #define HAVE_STDIO_H 1
| #define HAVE_STDLIB_H 1
| #define HAVE_STRING_H 1
| #define HAVE_INTTYPES_H 1
| #define HAVE_STDINT_H 1
| #define HAVE_STRINGS_H 1
| #define HAVE_SYS_STAT_H 1
| #define HAVE_SYS_TYPES_H 1
| #define HAVE_UNISTD_H 1
| #define STDC_HEADERS 1
| /* end confdefs.h.  */
| #include <stddef.h>
| #ifdef HAVE_STDIO_H
| # include <stdio.h>
| #endif
| #ifdef HAVE_STDLIB_H
| # include <stdlib.h>
| #endif
| #ifdef HAVE_STRING_H
| # include <string.h>
| #endif
| #ifdef HAVE_INTTYPES_H
| # include <inttypes.h>
| #endif
| #ifdef HAVE_STDINT_H
| # include <stdint.h>
| #endif
| #ifdef HAVE_STRINGS_H
| # include <strings.h>
| #endif
| #ifdef HAVE_SYS_TYPES_H
| # include <sys/types.h>
| #endif
| #ifdef HAVE_SYS_STAT_H
| # include <sys/stat.h>
| #endif
| #ifdef HAVE_UNISTD_H
| # include <unistd.h>
| #endif
| int
| main (void)
| {
| #ifndef __SUNPRO_C
| #ifdef __cplusplus
|   (void) __SUNPRO_C;
| #else
|   (void) __SUNPRO_C;
| #endif
| #endif
| 
|   ;
|   return 0;
| }
configure:5005: result: no
configure:5074: checking for pkg-config
configure:5097: found /usr/bin/pkg-config
configure:5110: result: /usr/bin/pkg-config
configure:5135: checking pkg-config is at least version 0.9.0
configure:5138: result: yes
configure:5155: checking build system type
configure:5171: result: x86_64-pc-linux-gnu
configure:5191: checking host system type
configure:5206: result: x86_64-pc-linux-gnu
configure:5226: checking for a sed that does not truncate output
configure:5298: result: /usr/bin/sed
configure:5346: checking if gcc supports -Werror=unknown-warning-option
configure:5356: gcc -c -g -O2 -Werror=unknown-warning-option  conftest.c >&5
cc1: error: '-Werror=unknown-warning-option': no option '-Wunknown-warning-option'
configure:5356: $? = 1
configure: failed program was:
| /* confdefs.h */
| #define PACKAGE_NAME "xorgproto"
| #define PACKAGE_TARNAME "xorgproto"
| #define PACKAGE_VERSION "2025.1"
| #define PACKAGE_STRING "xorgproto 2025.1"
| #define PACKAGE_BUGREPORT "https://gitlab.freedesktop.org/xorg/proto/xorgproto/issues"
| #define PACKAGE_URL ""
| #define PACKAGE "xorgproto"
| #define VERSION "2025.1"
| #define HAVE_STDIO_H 1
| #define HAVE_STDLIB_H 1
| #define HAVE_STRING_H 1
| #define HAVE_INTTYPES_H 1
| #define HAVE_STDINT_H 1
| #define HAVE_STRINGS_H 1
| #define HAVE_SYS_STAT_H 1
| #define HAVE_SYS_TYPES_H 1
| #define HAVE_UNISTD_H 1
| #define STDC_HEADERS 1
| /* end confdefs.h.  */
| int i;
configure:5366: result: no
configure:5377: checking if gcc supports -Werror=unused-command-line-argument
configure:5387: gcc -c -g -O2 -Werror=unused-command-line-argument  conftest.c >&5
cc1: error: '-Werror=unused-command-line-argument': no option '-Wunused-command-line-argument'; did you mean '-Wunused-dummy-argument'?
configure:5387: $? = 1
configure: failed program was:
| /* confdefs.h */
| #define PACKAGE_NAME "xorgproto"
| #define PACKAGE_TARNAME "xorgproto"
| #define PACKAGE_VERSION "2025.1"
| #define PACKAGE_STRING "xorgproto 2025.1"
| #define PACKAGE_BUGREPORT "https://gitlab.freedesktop.org/xorg/proto/xorgproto/issues"
| #define PACKAGE_URL ""
| #define PACKAGE "xorgproto"
| #define VERSION "2025.1"
| #define HAVE_STDIO_H 1
| #define HAVE_STDLIB_H 1
| #define HAVE_STRING_H 1
| #define HAVE_INTTYPES_H 1
| #define HAVE_STDINT_H 1
| #define HAVE_STRINGS_H 1
| #define HAVE_SYS_STAT_H 1
| #define HAVE_SYS_TYPES_H 1
| #define HAVE_UNISTD_H 1
| #define STDC_HEADERS 1
| /* end confdefs.h.  */
| int i;
configure:5397: result: no
configure:5416: checking if gcc supports -Wall
configure:5434: gcc -o conftest -g -O2 -Wall   conftest.c  >&5
configure:5434: $? = 0
configure:5450: result: yes
configure:5546: checking if gcc supports -Wpointer-arith
configure:5564: gcc -o conftest -g -O2 -Wpointer-arith   conftest.c  >&5
configure:5564: $? = 0
configure:5580: result: yes
configure:5676: checking if gcc supports -Wmissing-declarations
configure:5694: gcc -o conftest -g -O2 -Wmissing-declarations   conftest.c  >&5
configure:5694: $? = 0
configure:5710: result: yes
configure:5806: checking if gcc supports -Wformat=2
configure:5824: gcc -o conftest -g -O2 -Wformat=2   conftest.c  >&5
configure:5824: $? = 0
configure:5840: result: yes
configure:5991: checking if gcc supports -Wstrict-prototypes
configure:6009: gcc -o conftest -g -O2 -Wstrict-prototypes   conftest.c  >&5
configure:6009: $? = 0
configure:6025: result: yes
configure:6121: checking if gcc supports -Wmissing-prototypes
configure:6139: gcc -o conftest -g -O2 -Wmissing-prototypes   conftest.c  >&5
configure:6139: $? = 0
configure:6155: result: yes
configure:6251: checking if gcc supports -Wnested-externs
configure:6269: gcc -o conftest -g -O2 -Wnested-externs   conftest.c  >&5
configure:6269: $? = 0
configure:6285: result: yes
configure:6381: checking if gcc supports -Wbad-function-cast
configure:6399: gcc -o conftest -g -O2 -Wbad-function-cast   conftest.c  >&5
configure:6399: $? = 0
configure:6415: result: yes
configure:6511: checking if gcc supports -Wold-style-definition
configure:6529: gcc -o conftest -g -O2 -Wold-style-definition   conftest.c  >&5
configure:6529: $? = 0
configure:6545: result: yes
configure:6698: checking if gcc supports -Wunused
configure:6716: gcc -o conftest -g -O2 -Wunused   conftest.c  >&5
configure:6716: $? = 0
configure:6732: result: yes
configure:6828: checking if gcc supports -Wuninitialized
configure:6846: gcc -o conftest -g -O2 -Wuninitialized   conftest.c  >&5
configure:6846: $? = 0
configure:6862: result: yes
configure:6958: checking if gcc supports -Wshadow
configure:6976: gcc -o conftest -g -O2 -Wshadow   conftest.c  >&5
configure:6976: $? = 0
configure:6992: result: yes
configure:7088: checking if gcc supports -Wmissing-noreturn
configure:7106: gcc -o conftest -g -O2 -Wmissing-noreturn   conftest.c  >&5
configure:7106: $? = 0
configure:7122: result: yes
configure:7218: checking if gcc supports -Wmissing-format-attribute
configure:7236: gcc -o conftest -g -O2 -Wmissing-format-attribute   conftest.c  >&5
configure:7236: $? = 0
configure:7252: result: yes
configure:7348: checking if gcc supports -Wredundant-decls
configure:7366: gcc -o conftest -g -O2 -Wredundant-decls   conftest.c  >&5
configure:7366: $? = 0
configure:7382: result: yes
configure:7478: checking if gcc supports -Wlogical-op
configure:7496: gcc -o conftest -g -O2 -Wlogical-op   conftest.c  >&5
configure:7496: $? = 0
configure:7512: result: yes
configure:7620: checking if gcc supports -Werror=implicit
configure:7638: gcc -o conftest -g -O2 -Werror=implicit   conftest.c  >&5
configure:7638: $? = 0
configure:7654: result: yes
configure:7803: checking if gcc supports -Werror=nonnull
configure:7821: gcc -o conftest -g -O2 -Werror=nonnull   conftest.c  >&5
configure:7821: $? = 0
configure:7837: result: yes
configure:7933: checking if gcc supports -Werror=init-self
configure:7951: gcc -o conftest -g -O2 -Werror=init-self   conftest.c  >&5
configure:7951: $? = 0
configure:7967: result: yes
configure:8063: checking if gcc supports -Werror=main
configure:8081: gcc -o conftest -g -O2 -Werror=main   conftest.c  >&5
configure:8081: $? = 0
configure:8097: result: yes
configure:8193: checking if gcc supports -Werror=missing-braces
configure:8211: gcc -o conftest -g -O2 -Werror=missing-braces   conftest.c  >&5
configure:8211: $? = 0
configure:8227: result: yes
configure:8323: checking if gcc supports -Werror=sequence-point
configure:8341: gcc -o conftest -g -O2 -Werror=sequence-point   conftest.c  >&5
configure:8341: $? = 0
configure:8357: result: yes
configure:8453: checking if gcc supports -Werror=return-type
configure:8471: gcc -o conftest -g -O2 -Werror=return-type   conftest.c  >&5
configure:8471: $? = 0
configure:8487: result: yes
configure:8636: checking if gcc supports -Werror=trigraphs
configure:8654: gcc -o conftest -g -O2 -Werror=trigraphs   conftest.c  >&5
configure:8654: $? = 0
configure:8670: result: yes
configure:8766: checking if gcc supports -Werror=array-bounds
configure:8784: gcc -o conftest -g -O2 -Werror=array-bounds   conftest.c  >&5
configure:8784: $? = 0
configure:8800: result: yes
configure:8896: checking if gcc supports -Werror=write-strings
configure:8914: gcc -o conftest -g -O2 -Werror=write-strings   conftest.c  >&5
configure:8914: $? = 0
configure:8930: result: yes
configure:9026: checking if gcc supports -Werror=address
configure:9044: gcc -o conftest -g -O2 -Werror=address   conftest.c  >&5
configure:9044: $? = 0
configure:9060: result: yes
configure:9156: checking if gcc supports -Werror=int-to-pointer-cast
configure:9174: gcc -o conftest -g -O2 -Werror=int-to-pointer-cast   conftest.c  >&5
configure:9174: $? = 0
configure:9190: result: yes
configure:9339: checking if gcc supports -Werror=pointer-to-int-cast
configure:9357: gcc -o conftest -g -O2 -Werror=pointer-to-int-cast   conftest.c  >&5
configure:9357: $? = 0
configure:9373: result: yes
configure:11197: checking if gcc supports -pedantic
configure:11215: gcc -o conftest -g -O2 -pedantic   conftest.c  >&5
configure:11215: $? = 0
configure:11231: result: yes
configure:11327: checking if gcc supports -Werror
configure:11345: gcc -o conftest -g -O2 -Werror   conftest.c  >&5
configure:11345: $? = 0
configure:11361: result: yes
configure:11513: checking if gcc supports -Werror=attributes
configure:11531: gcc -o conftest -g -O2 -Werror=attributes   conftest.c  >&5
configure:11531: $? = 0
configure:11547: result: yes
configure:11756: checking whether to build functional specifications
configure:11758: result: yes
configure:11779: checking for xmlto
configure:11818: result: no
configure:11824: WARNING: xmlto not found - documentation targets will be skipped
configure:11986: checking for fop
configure:12025: result: no
configure:12031: WARNING: fop not found - documentation targets will be skipped
configure:12129: checking for xsltproc
configure:12152: found /usr/bin/xsltproc
configure:12165: result: /usr/bin/xsltproc
configure:12251: checking for X.Org SGML entities >= 1.8
configure:12255: $PKG_CONFIG --exists --print-errors "xorg-sgml-doctools >= 1.8"
Package xorg-sgml-doctools was not found in the pkg-config search path.
Perhaps you should add the directory containing `xorg-sgml-doctools.pc'
to the PKG_CONFIG_PATH environment variable
Package 'xorg-sgml-doctools' not found
configure:12258: $? = 1
configure:12274: result: no
configure:12328: checking for a Python interpreter with version >= 3.6
configure:12346: python -c import sys # split strings by '.' and convert to numeric. Append some zeros # because we need at least 4 digits for the hex conversion. # map returns an iterator in Python 3.0 and a list in 2.x minver = list(map(int, '3.6'.split('.'))) + [0, 0, 0] minverhex = 0 # xrange is not present in Python 3.0 and range returns an iterator for i in list(range(0, 4)): minverhex = (minverhex << 8) + minver[i] sys.exit(sys.hexversion < minverhex)
configure:12349: $? = 0
configure:12357: result: python
configure:12365: checking for python
configure:12388: found /usr/bin/python
configure:12401: result: /usr/bin/python
configure:12418: checking for python version
configure:12427: result: 3.14
configure:12432: checking for python platform
configure:12441: result: linux
configure:12504: checking for GNU default python prefix
configure:12506: result: ${prefix}
configure:12574: checking for GNU default python exec_prefix
configure:12576: result: ${exec_prefix}
configure:12623: checking for python script directory (pythondir)
configure:12663: result: ${PYTHON_PREFIX}/lib/python3.14/site-packages
configure:12671: checking for python extension module directory (pyexecdir)
configure:12711: result: ${PYTHON_EXEC_PREFIX}/lib/python3.14/site-packages
configure:12751: checking for sys/select.h
configure:12751: gcc -c -g -O2  conftest.c >&5
configure:12751: $? = 0
configure:12751: result: yes
configure:12757: checking for sys/param.h
configure:12757: gcc -c -g -O2  conftest.c >&5
configure:12757: $? = 0
configure:12757: result: yes
configure:12763: checking for sys/types.h
configure:12763: result: yes
configure:12769: checking for sys/time.h
configure:12769: gcc -c -g -O2  conftest.c >&5
configure:12769: $? = 0
configure:12769: result: yes
configure:12785: checking for fd_set.fds_bits
configure:12785: gcc -c -g -O2  conftest.c >&5
conftest.c: In function 'main':
conftest.c:47:13: error: 'fd_set' has no member named 'fds_bits'; did you mean '__fds_bits'?
   47 | if (ac_aggr.fds_bits)
      |             ^~~~~~~~
      |             __fds_bits
configure:12785: $? = 1
configure: failed program was:
| /* confdefs.h */
| #define PACKAGE_NAME "xorgproto"
| #define PACKAGE_TARNAME "xorgproto"
| #define PACKAGE_VERSION "2025.1"
| #define PACKAGE_STRING "xorgproto 2025.1"
| #define PACKAGE_BUGREPORT "https://gitlab.freedesktop.org/xorg/proto/xorgproto/issues"
| #define PACKAGE_URL ""
| #define PACKAGE "xorgproto"
| #define VERSION "2025.1"
| #define HAVE_STDIO_H 1
| #define HAVE_STDLIB_H 1
| #define HAVE_STRING_H 1
| #define HAVE_INTTYPES_H 1
| #define HAVE_STDINT_H 1
| #define HAVE_STRINGS_H 1
| #define HAVE_SYS_STAT_H 1
| #define HAVE_SYS_TYPES_H 1
| #define HAVE_UNISTD_H 1
| #define STDC_HEADERS 1
| #define PACKAGE_VERSION_MAJOR 2025
| #define PACKAGE_VERSION_MINOR 1
| #define PACKAGE_VERSION_PATCHLEVEL 0
| #define HAVE_SYS_SELECT_H 1
| #define HAVE_SYS_PARAM_H 1
| #define HAVE_SYS_TYPES_H 1
| #define HAVE_SYS_TIME_H 1
| /* end confdefs.h.  */
| 
|                                #ifdef HAVE_SYS_PARAM_H
|                                #include <sys/param.h>
|                                #endif
|                                #ifdef HAVE_SYS_TYPES_H
|                                #include <sys/types.h>
|                                #endif
|                                #ifdef HAVE_SYS_TIME_H
|                                #include <sys/time.h>
|                                #endif
|                                #ifdef HAVE_SYS_SELECT_H
| 			       #include <sys/select.h>
|                                #endif
| 
| 
| int
| main (void)
| {
| static fd_set ac_aggr;
| if (ac_aggr.fds_bits)
| return 0;
|   ;
|   return 0;
| }
configure:12785: gcc -c -g -O2  conftest.c >&5
conftest.c: In function 'main':
conftest.c:47:20: error: 'fd_set' has no member named 'fds_bits'; did you mean '__fds_bits'?
   47 | if (sizeof ac_aggr.fds_bits)
      |                    ^~~~~~~~
      |                    __fds_bits
configure:12785: $? = 1
configure: failed program was:
| /* confdefs.h */
| #define PACKAGE_NAME "xorgproto"
| #define PACKAGE_TARNAME "xorgproto"
| #define PACKAGE_VERSION "2025.1"
| #define PACKAGE_STRING "xorgproto 2025.1"
| #define PACKAGE_BUGREPORT "https://gitlab.freedesktop.org/xorg/proto/xorgproto/issues"
| #define PACKAGE_URL ""
| #define PACKAGE "xorgproto"
| #define VERSION "2025.1"
| #define HAVE_STDIO_H 1
| #define HAVE_STDLIB_H 1
| #define HAVE_STRING_H 1
| #define HAVE_INTTYPES_H 1
| #define HAVE_STDINT_H 1
| #define HAVE_STRINGS_H 1
| #define HAVE_SYS_STAT_H 1
| #define HAVE_SYS_TYPES_H 1
| #define HAVE_UNISTD_H 1
| #define STDC_HEADERS 1
| #define PACKAGE_VERSION_MAJOR 2025
| #define PACKAGE_VERSION_MINOR 1
| #define PACKAGE_VERSION_PATCHLEVEL 0
| #define HAVE_SYS_SELECT_H 1
| #define HAVE_SYS_PARAM_H 1
| #define HAVE_SYS_TYPES_H 1
| #define HAVE_SYS_TIME_H 1
| /* end confdefs.h.  */
| 
|                                #ifdef HAVE_SYS_PARAM_H
|                                #include <sys/param.h>
|                                #endif
|                                #ifdef HAVE_SYS_TYPES_H
|                                #include <sys/types.h>
|                                #endif
|                                #ifdef HAVE_SYS_TIME_H
|                                #include <sys/time.h>
|                                #endif
|                                #ifdef HAVE_SYS_SELECT_H
| 			       #include <sys/select.h>
|                                #endif
| 
| 
| int
| main (void)
| {
| static fd_set ac_aggr;
| if (sizeof ac_aggr.fds_bits)
| return 0;
|   ;
|   return 0;
| }
configure:12785: result: no
configure:12811: checking for fd_set.__fds_bits
configure:12811: gcc -c -g -O2  conftest.c >&5
configure:12811: $? = 0
configure:12811: result: yes
configure:12989: checking that generated files are newer than configure
configure:12995: result: done
configure:13062: creating ./config.status

## ---------------------- ##
## Running config.status. ##
## ---------------------- ##

This file was extended by xorgproto config.status 2025.1, which was
generated by GNU Autoconf 2.72.  Invocation command line was

  CONFIG_FILES    = 
  CONFIG_HEADERS  = 
  CONFIG_LINKS    = 
  CONFIG_COMMANDS = 
  $ ./config.status 

on archlinux

config.status:901: creating applewmproto.pc
config.status:901: creating bigreqsproto.pc
config.status:901: creating compositeproto.pc
config.status:901: creating damageproto.pc
config.status:901: creating dmxproto.pc
config.status:901: creating dpmsproto.pc
config.status:901: creating dri2proto.pc
config.status:901: creating dri3proto.pc
config.status:901: creating evieproto.pc
config.status:901: creating fixesproto.pc
config.status:901: creating fontcacheproto.pc
config.status:901: creating fontsproto.pc
config.status:901: creating glproto.pc
config.status:901: creating include/X11/Xpoll.h
config.status:901: creating inputproto.pc
config.status:901: creating kbproto.pc
config.status:901: creating lg3dproto.pc
config.status:901: creating Makefile
config.status:901: creating presentproto.pc
config.status:901: creating printproto.pc
config.status:901: creating randrproto.pc
config.status:901: creating recordproto.pc
config.status:901: creating renderproto.pc
config.status:901: creating resourceproto.pc
config.status:901: creating scrnsaverproto.pc
config.status:901: creating specs/Makefile
config.status:901: creating specs/bigreqsproto/Makefile
config.status:901: creating specs/fontsproto/Makefile
config.status:901: creating specs/kbproto/Makefile
config.status:901: creating specs/recordproto/Makefile
config.status:901: creating specs/scrnsaverproto/Makefile
config.status:901: creating specs/xcmiscproto/Makefile
config.status:901: creating specs/xextproto/Makefile
config.status:901: creating specs/xproto/Makefile
config.status:901: creating trapproto.pc
config.status:901: creating videoproto.pc
config.status:901: creating windowswmproto.pc
config.status:901: creating xcalibrateproto.pc
config.status:901: creating xcmiscproto.pc
config.status:901: creating xextproto.pc
config.status:901: creating xf86bigfontproto.pc
config.status:901: creating xf86dgaproto.pc
config.status:901: creating xf86driproto.pc
config.status:901: creating xf86miscproto.pc
config.status:901: creating xf86rushproto.pc
config.status:901: creating xf86vidmodeproto.pc
config.status:901: creating xineramaproto.pc
config.status:901: creating xproto.pc
config.status:901: creating xproxymngproto.pc
config.status:901: creating xwaylandproto.pc
config.status:1073: executing depfiles commands

## ---------------- ##
## Cache variables. ##
## ---------------- ##

ac_cv_build=x86_64-pc-linux-gnu
ac_cv_c_compiler_gnu=yes
ac_cv_c_undeclared_builtin_options='none needed'
ac_cv_env_CC_set=
ac_cv_env_CC_value=
ac_cv_env_CFLAGS_set=
ac_cv_env_CFLAGS_value=
ac_cv_env_CPPFLAGS_set=
ac_cv_env_CPPFLAGS_value=
ac_cv_env_FOP_set=
ac_cv_env_FOP_value=
ac_cv_env_LDFLAGS_set=
ac_cv_env_LDFLAGS_value=
ac_cv_env_LIBS_set=
ac_cv_env_LIBS_value=
ac_cv_env_PKG_CONFIG_LIBDIR_set=
ac_cv_env_PKG_CONFIG_LIBDIR_value=
ac_cv_env_PKG_CONFIG_PATH_set=
ac_cv_env_PKG_CONFIG_PATH_value=
ac_cv_env_PKG_CONFIG_set=
ac_cv_env_PKG_CONFIG_value=
ac_cv_env_PYTHON_set=
ac_cv_env_PYTHON_value=
ac_cv_env_XMLTO_set=
ac_cv_env_XMLTO_value=
ac_cv_env_XSLTPROC_set=
ac_cv_env_XSLTPROC_value=
ac_cv_env_build_alias_set=
ac_cv_env_build_alias_value=
ac_cv_env_host_alias_set=
ac_cv_env_host_alias_value=
ac_cv_env_target_alias_set=
ac_cv_env_target_alias_value=
ac_cv_have_decl___INTEL_COMPILER=no
ac_cv_have_decl___SUNPRO_C=no
ac_cv_have_decl___clang__=no
ac_cv_header_inttypes_h=yes
ac_cv_header_stdint_h=yes
ac_cv_header_stdio_h=yes
ac_cv_header_stdlib_h=yes
ac_cv_header_string_h=yes
ac_cv_header_strings_h=yes
ac_cv_header_sys_param_h=yes
ac_cv_header_sys_select_h=yes
ac_cv_header_sys_stat_h=yes
ac_cv_header_sys_time_h=yes
ac_cv_header_sys_types_h=yes
ac_cv_header_unistd_h=yes
ac_cv_host=x86_64-pc-linux-gnu
ac_cv_member_fd_set___fds_bits=yes
ac_cv_member_fd_set_fds_bits=no
ac_cv_objext=o
ac_cv_path_PYTHON=/usr/bin/python
ac_cv_path_SED=/usr/bin/sed
ac_cv_path_XSLTPROC=/usr/bin/xsltproc
ac_cv_path_ac_pt_PKG_CONFIG=/usr/bin/pkg-config
ac_cv_path_install='/usr/bin/install -c'
ac_cv_path_mkdir=/usr/bin/mkdir
ac_cv_prog_AWK=gawk
ac_cv_prog_ac_ct_CC=gcc
ac_cv_prog_cc_c11=
ac_cv_prog_cc_g=yes
ac_cv_prog_cc_stdc=
ac_cv_prog_make_make_set=yes
am_cv_CC_dependencies_compiler_type=none
am_cv_filesystem_timestamp_resolution=0.01
am_cv_make_support_nested_variables=yes
am_cv_pathless_PYTHON=python
am_cv_prog_cc_c_o=yes
am_cv_prog_tar_ustar=gnutar
am_cv_python_platform=linux
am_cv_python_pyexecdir='${PYTHON_EXEC_PREFIX}/lib/python3.14/site-packages'
am_cv_python_pythondir='${PYTHON_PREFIX}/lib/python3.14/site-packages'
am_cv_python_version=3.14
am_cv_sleep_fractional_seconds=yes
am_cv_xargs_n_works=yes
xorg_cv_cc_flag__Wall=yes
xorg_cv_cc_flag__Wbad_function_cast=yes
xorg_cv_cc_flag__Werror=yes
xorg_cv_cc_flag__Werror_address=yes
xorg_cv_cc_flag__Werror_array_bounds=yes
xorg_cv_cc_flag__Werror_attributes=yes
xorg_cv_cc_flag__Werror_implicit=yes
xorg_cv_cc_flag__Werror_init_self=yes
xorg_cv_cc_flag__Werror_int_to_pointer_cast=yes
xorg_cv_cc_flag__Werror_main=yes
xorg_cv_cc_flag__Werror_missing_braces=yes
xorg_cv_cc_flag__Werror_nonnull=yes
xorg_cv_cc_flag__Werror_pointer_to_int_cast=yes
xorg_cv_cc_flag__Werror_return_type=yes
xorg_cv_cc_flag__Werror_sequence_point=yes
xorg_cv_cc_flag__Werror_trigraphs=yes
xorg_cv_cc_flag__Werror_write_strings=yes
xorg_cv_cc_flag__Wformat_2=yes
xorg_cv_cc_flag__Wlogical_op=yes
xorg_cv_cc_flag__Wmissing_declarations=yes
xorg_cv_cc_flag__Wmissing_format_attribute=yes
xorg_cv_cc_flag__Wmissing_noreturn=yes
xorg_cv_cc_flag__Wmissing_prototypes=yes
xorg_cv_cc_flag__Wnested_externs=yes
xorg_cv_cc_flag__Wold_style_definition=yes
xorg_cv_cc_flag__Wpointer_arith=yes
xorg_cv_cc_flag__Wredundant_decls=yes
xorg_cv_cc_flag__Wshadow=yes
xorg_cv_cc_flag__Wstrict_prototypes=yes
xorg_cv_cc_flag__Wuninitialized=yes
xorg_cv_cc_flag__Wunused=yes
xorg_cv_cc_flag__pedantic=yes
xorg_cv_cc_flag_unknown_warning_option=no
xorg_cv_cc_flag_unused_command_line_argument=no

## ----------------- ##
## Output variables. ##
## ----------------- ##

ACLOCAL='${SHELL} '\''/storage/rlinux/sources/xorgproto-2025.1/missing'\'' aclocal-1.18'
ADMIN_MAN_DIR='$(mandir)/man$(ADMIN_MAN_SUFFIX)'
ADMIN_MAN_SUFFIX='8'
AMDEPBACKSLASH='\'
AMDEP_FALSE='#'
AMDEP_TRUE=''
AMTAR='$${TAR-tar}'
AM_BACKSLASH='\'
AM_DEFAULT_V='$(AM_DEFAULT_VERBOSITY)'
AM_DEFAULT_VERBOSITY='0'
AM_V='$(V)'
APP_MAN_DIR='$(mandir)/man$(APP_MAN_SUFFIX)'
APP_MAN_SUFFIX='1'
AUTOCONF='${SHELL} '\''/storage/rlinux/sources/xorgproto-2025.1/missing'\'' autoconf'
AUTOHEADER='${SHELL} '\''/storage/rlinux/sources/xorgproto-2025.1/missing'\'' autoheader'
AUTOMAKE='${SHELL} '\''/storage/rlinux/sources/xorgproto-2025.1/missing'\'' automake-1.18'
AWK='gawk'
BASE_CFLAGS=' -Wall -Wpointer-arith -Wmissing-declarations -Wformat=2 -Wstrict-prototypes -Wmissing-prototypes -Wnested-externs -Wbad-function-cast -Wold-style-definition -Wunused -Wuninitialized -Wshadow -Wmissing-noreturn -Wmissing-format-attribute -Wredundant-decls -Wlogical-op -Werror=implicit -Werror=nonnull -Werror=init-self -Werror=main -Werror=missing-braces -Werror=sequence-point -Werror=return-type -Werror=trigraphs -Werror=array-bounds -Werror=write-strings -Werror=address -Werror=int-to-pointer-cast -Werror=pointer-to-int-cast'
CC='gcc'
CCDEPMODE='depmode=none'
CFLAGS='-g -O2'
CHANGELOG_CMD='((GIT_DIR=$(top_srcdir)/.git git log > $(top_srcdir)/.changelog.tmp) 2>/dev/null && mv $(top_srcdir)/.changelog.tmp $(top_srcdir)/ChangeLog) || (rm -f $(top_srcdir)/.changelog.tmp; test -e $(top_srcdir)/ChangeLog || ( touch $(top_srcdir)/ChangeLog; echo '\''git failed to create ChangeLog: installing empty ChangeLog.'\'' >&2))'
CPPFLAGS=''
CSCOPE='cscope'
CTAGS='ctags'
CWARNFLAGS=' -Wall -Wpointer-arith -Wmissing-declarations -Wformat=2 -Wstrict-prototypes -Wmissing-prototypes -Wnested-externs -Wbad-function-cast -Wold-style-definition -Wunused -Wuninitialized -Wshadow -Wmissing-noreturn -Wmissing-format-attribute -Wredundant-decls -Wlogical-op -Werror=implicit -Werror=nonnull -Werror=init-self -Werror=main -Werror=missing-braces -Werror=sequence-point -Werror=return-type -Werror=trigraphs -Werror=array-bounds -Werror=write-strings -Werror=address -Werror=int-to-pointer-cast -Werror=pointer-to-int-cast -fno-strict-aliasing'
CYGPATH_W='echo'
DEFS='-DPACKAGE_NAME=\"xorgproto\" -DPACKAGE_TARNAME=\"xorgproto\" -DPACKAGE_VERSION=\"2025.1\" -DPACKAGE_STRING=\"xorgproto\ 2025.1\" -DPACKAGE_BUGREPORT=\"https://gitlab.freedesktop.org/xorg/proto/xorgproto/issues\" -DPACKAGE_URL=\"\" -DPACKAGE=\"xorgproto\" -DVERSION=\"2025.1\" -DHAVE_STDIO_H=1 -DHAVE_STDLIB_H=1 -DHAVE_STRING_H=1 -DHAVE_INTTYPES_H=1 -DHAVE_STDINT_H=1 -DHAVE_STRINGS_H=1 -DHAVE_SYS_STAT_H=1 -DHAVE_SYS_TYPES_H=1 -DHAVE_UNISTD_H=1 -DSTDC_HEADERS=1 -DPACKAGE_VERSION_MAJOR=2025 -DPACKAGE_VERSION_MINOR=1 -DPACKAGE_VERSION_PATCHLEVEL=0 -DHAVE_SYS_SELECT_H=1 -DHAVE_SYS_PARAM_H=1 -DHAVE_SYS_TYPES_H=1 -DHAVE_SYS_TIME_H=1'
DEPDIR='.deps'
DRIVER_MAN_DIR='$(mandir)/man$(DRIVER_MAN_SUFFIX)'
DRIVER_MAN_SUFFIX='4'
ECHO_C=''
ECHO_N='-n'
ECHO_T=''
ENABLE_SPECS_FALSE='#'
ENABLE_SPECS_TRUE=''
ETAGS='etags'
EXEEXT=''
FILE_MAN_DIR='$(mandir)/man$(FILE_MAN_SUFFIX)'
FILE_MAN_SUFFIX='5'
FOP=''
HAVE_FOP_FALSE=''
HAVE_FOP_TRUE='#'
HAVE_PYTHON_FALSE='#'
HAVE_PYTHON_TRUE=''
HAVE_STYLESHEETS_FALSE=''
HAVE_STYLESHEETS_TRUE='#'
HAVE_XMLTO_FALSE=''
HAVE_XMLTO_TEXT_FALSE=''
HAVE_XMLTO_TEXT_TRUE='#'
HAVE_XMLTO_TRUE='#'
HAVE_XSLTPROC_FALSE='#'
HAVE_XSLTPROC_TRUE=''
INSTALL_CMD='(cp -f /INSTALL $(top_srcdir)/.INSTALL.tmp && mv $(top_srcdir)/.INSTALL.tmp $(top_srcdir)/INSTALL) || (rm -f $(top_srcdir)/.INSTALL.tmp; test -e $(top_srcdir)/INSTALL || ( touch $(top_srcdir)/INSTALL; echo '\''failed to copy INSTALL from util-macros: installing empty INSTALL.'\'' >&2))'
INSTALL_DATA='${INSTALL} -m 644'
INSTALL_PROGRAM='${INSTALL}'
INSTALL_SCRIPT='${INSTALL}'
INSTALL_STRIP_PROGRAM='$(install_sh) -c -s'
LDFLAGS=''
LEGACY_FALSE=''
LEGACY_TRUE='#'
LIBOBJS=''
LIBS=''
LIB_MAN_DIR='$(mandir)/man$(LIB_MAN_SUFFIX)'
LIB_MAN_SUFFIX='3'
LTLIBOBJS=''
MAKEINFO='${SHELL} '\''/storage/rlinux/sources/xorgproto-2025.1/missing'\'' makeinfo'
MAN_SUBSTS='	-e '\''s|__vendorversion__|"$(PACKAGE_STRING)" "$(XORG_MAN_PAGE)"|'\'' 	-e '\''s|__xorgversion__|"$(PACKAGE_STRING)" "$(XORG_MAN_PAGE)"|'\'' 	-e '\''s|__xservername__|Xorg|g'\'' 	-e '\''s|__xconfigfile__|xorg.conf|g'\'' 	-e '\''s|__projectroot__|$(prefix)|g'\'' 	-e '\''s|__apploaddir__|$(appdefaultdir)|g'\'' 	-e '\''s|__appmansuffix__|$(APP_MAN_SUFFIX)|g'\'' 	-e '\''s|__drivermansuffix__|$(DRIVER_MAN_SUFFIX)|g'\'' 	-e '\''s|__adminmansuffix__|$(ADMIN_MAN_SUFFIX)|g'\'' 	-e '\''s|__libmansuffix__|$(LIB_MAN_SUFFIX)|g'\'' 	-e '\''s|__miscmansuffix__|$(MISC_MAN_SUFFIX)|g'\'' 	-e '\''s|__filemansuffix__|$(FILE_MAN_SUFFIX)|g'\'''
MISC_MAN_DIR='$(mandir)/man$(MISC_MAN_SUFFIX)'
MISC_MAN_SUFFIX='7'
MKDIR_P='/usr/bin/mkdir -p'
OBJEXT='o'
PACKAGE='xorgproto'
PACKAGE_BUGREPORT='https://gitlab.freedesktop.org/xorg/proto/xorgproto/issues'
PACKAGE_NAME='xorgproto'
PACKAGE_STRING='xorgproto 2025.1'
PACKAGE_TARNAME='xorgproto'
PACKAGE_URL=''
PACKAGE_VERSION='2025.1'
PATH_SEPARATOR=':'
PKG_CONFIG='/usr/bin/pkg-config'
PKG_CONFIG_LIBDIR=''
PKG_CONFIG_PATH=''
PYTHON='/usr/bin/python'
PYTHON_EXEC_PREFIX='${exec_prefix}'
PYTHON_PLATFORM='linux'
PYTHON_PREFIX='${prefix}'
PYTHON_VERSION='3.14'
SED='/usr/bin/sed'
SET_MAKE=''
SHELL='/bin/sh'
STRICT_CFLAGS=' -pedantic -Werror -Werror=attributes'
STRIP=''
STYLESHEET_SRCDIR=''
USE_FDS_BITS='__fds_bits'
VERSION='2025.1'
XMLTO=''
XORG_MAN_PAGE='X Version 11'
XORG_SGML_PATH=''
XSLTPROC='/usr/bin/xsltproc'
XSL_STYLESHEET=''
ac_ct_CC='gcc'
am__EXEEXT_FALSE=''
am__EXEEXT_TRUE='#'
am__fastdepCC_FALSE=''
am__fastdepCC_TRUE='#'
am__include='include'
am__isrc=''
am__leading_dot='.'
am__nodep='_no'
am__quote=''
am__rm_f_notfound=''
am__tar='tar --format=ustar -chf - "$$tardir"'
am__untar='tar -xf -'
am__xargs_n='xargs -n'
bindir='${exec_prefix}/bin'
build='x86_64-pc-linux-gnu'
build_alias=''
build_cpu='x86_64'
build_os='linux-gnu'
build_vendor='pc'
datadir='${datarootdir}'
datarootdir='${prefix}/share'
docdir='${datarootdir}/doc/${PACKAGE_TARNAME}'
dvidir='${docdir}'
exec_prefix='${prefix}'
host='x86_64-pc-linux-gnu'
host_alias=''
host_cpu='x86_64'
host_os='linux-gnu'
host_vendor='pc'
htmldir='${docdir}'
includedir='${prefix}/include'
infodir='${datarootdir}/info'
install_sh='${SHELL} /storage/rlinux/sources/xorgproto-2025.1/install-sh'
libdir='${exec_prefix}/lib'
libexecdir='${exec_prefix}/libexec'
localedir='${datarootdir}/locale'
localstatedir='${prefix}/var'
mandir='${datarootdir}/man'
mkdir_p='$(MKDIR_P)'
oldincludedir='/usr/include'
pdfdir='${docdir}'
pkgpyexecdir='${pyexecdir}/xorgproto'
pkgpythondir='${pythondir}/xorgproto'
prefix='/storage/rlinux/sources/xorgproto-2025.1/rootfs'
program_transform_name='s,x,x,'
psdir='${docdir}'
pyexecdir='${PYTHON_EXEC_PREFIX}/lib/python3.14/site-packages'
pythondir='${PYTHON_PREFIX}/lib/python3.14/site-packages'
runstatedir='${localstatedir}/run'
sbindir='${exec_prefix}/sbin'
sharedstatedir='${prefix}/com'
sysconfdir='${prefix}/etc'
target_alias=''

## ----------- ##
## confdefs.h. ##
## ----------- ##

/* confdefs.h */
#define PACKAGE_NAME "xorgproto"
#define PACKAGE_TARNAME "xorgproto"
#define PACKAGE_VERSION "2025.1"
#define PACKAGE_STRING "xorgproto 2025.1"
#define PACKAGE_BUGREPORT "https://gitlab.freedesktop.org/xorg/proto/xorgproto/issues"
#define PACKAGE_URL ""
#define PACKAGE "xorgproto"
#define VERSION "2025.1"
#define HAVE_STDIO_H 1
#define HAVE_STDLIB_H 1
#define HAVE_STRING_H 1
#define HAVE_INTTYPES_H 1
#define HAVE_STDINT_H 1
#define HAVE_STRINGS_H 1
#define HAVE_SYS_STAT_H 1
#define HAVE_SYS_TYPES_H 1
#define HAVE_UNISTD_H 1
#define STDC_HEADERS 1
#define PACKAGE_VERSION_MAJOR 2025
#define PACKAGE_VERSION_MINOR 1
#define PACKAGE_VERSION_PATCHLEVEL 0
#define HAVE_SYS_SELECT_H 1
#define HAVE_SYS_PARAM_H 1
#define HAVE_SYS_TYPES_H 1
#define HAVE_SYS_TIME_H 1

configure: exit 0
