This file contains any messages produced by compilers while
running configure, to aid debugging if configure makes a mistake.

It was created by xorgproto configure 2024.1, which was
generated by GNU Autoconf 2.71.  Invocation command line was

  $ ./configure --prefix=/storage/rlinux/rootfs

## --------- ##
## Platform. ##
## --------- ##

hostname = archlinux
uname -m = x86_64
uname -r = 6.18.7-arch1-1
uname -s = Linux
uname -v = #1 SMP PREEMPT_DYNAMIC Sat, 24 Jan 2026 00:47:39 +0000

/usr/bin/uname -p = unknown
/bin/uname -X     = unknown

/bin/arch              = unknown
/usr/bin/arch -k       = unknown
/usr/convex/getsysinfo = unknown
/usr/bin/hostinfo      = unknown
/bin/machine           = unknown
/usr/bin/oslevel       = unknown
/bin/universe          = unknown

PATH: /usr/local/sbin/
PATH: /usr/local/bin/
PATH: /usr/bin/
PATH: /var/lib/flatpak/exports/bin/
PATH: /usr/bin/site_perl/
PATH: /usr/bin/vendor_perl/
PATH: /usr/bin/core_perl/


## ----------- ##
## Core tests. ##
## ----------- ##

configure:2507: looking for aux files: config.guess config.sub compile missing install-sh
configure:2520:  trying ./
configure:2549:   ./config.guess found
configure:2549:   ./config.sub found
configure:2549:   ./compile found
configure:2549:   ./missing found
configure:2531:   ./install-sh found
configure:2678: checking for a BSD-compatible install
configure:2751: result: /usr/bin/install -c
configure:2762: checking whether build environment is sane
configure:2817: result: yes
configure:2976: checking for a race-free mkdir -p
configure:3020: result: /usr/bin/mkdir -p
configure:3027: checking for gawk
configure:3048: found /usr/bin/gawk
configure:3059: result: gawk
configure:3070: checking whether make sets $(MAKE)
configure:3093: result: yes
configure:3123: checking whether make supports nested variables
configure:3141: result: yes
configure:3303: checking whether make supports the include directive
configure:3318: make -f confmf.GNU && cat confinc.out
this is the am__doit target
configure:3321: $? = 0
configure:3340: result: yes (GNU style)
configure:3416: checking for gcc
configure:3437: found /usr/bin/gcc
configure:3448: result: gcc
configure:3801: checking for C compiler version
configure:3810: gcc --version >&5
gcc (GCC) 15.2.1 20260103
Copyright (C) 2025 Free Software Foundation, Inc.
This is free software; see the source for copying conditions.  There is NO
warranty; not even for MERCHANTABILITY or FITNESS FOR A PARTICULAR PURPOSE.

configure:3821: $? = 0
configure:3810: gcc -v >&5
Using built-in specs.
COLLECT_GCC=gcc
COLLECT_LTO_WRAPPER=/usr/lib/gcc/x86_64-pc-linux-gnu/15.2.1/lto-wrapper
Target: x86_64-pc-linux-gnu
Configured with: /build/gcc/src/gcc/configure --enable-languages=ada,c,c++,d,fortran,go,lto,m2,objc,obj-c++,rust,cobol --enable-bootstrap --prefix=/usr --libdir=/usr/lib --libexecdir=/usr/lib --mandir=/usr/share/man --infodir=/usr/share/info --with-bugurl=https://gitlab.archlinux.org/archlinux/packaging/packages/gcc/-/issues --with-build-config=bootstrap-lto --with-linker-hash-style=gnu --with-system-zlib --enable-__cxa_atexit --enable-cet=auto --enable-checking=release --enable-clocale=gnu --enable-default-pie --enable-default-ssp --enable-gnu-indirect-function --enable-gnu-unique-object --enable-libstdcxx-backtrace --enable-link-serialization=1 --enable-linker-build-id --enable-lto --enable-multilib --enable-plugin --enable-shared --enable-threads=posix --disable-libssp --disable-libstdcxx-pch --disable-werror
Thread model: posix
Supported LTO compression algorithms: zlib zstd
gcc version 15.2.1 20260103 (GCC) 
configure:3821: $? = 0
configure:3810: gcc -V >&5
gcc: error: unrecognized command-line option '-V'
gcc: fatal error: no input files
compilation terminated.
configure:3821: $? = 1
configure:3810: gcc -qversion >&5
gcc: error: unrecognized command-line option '-qversion'; did you mean '--version'?
gcc: fatal error: no input files
compilation terminated.
configure:3821: $? = 1
configure:3810: gcc -version >&5
gcc: error: unrecognized command-line option '-version'
gcc: fatal error: no input files
compilation terminated.
configure:3821: $? = 1
configure:3841: checking whether the C compiler works
configure:3863: gcc    conftest.c  >&5
configure:3867: $? = 0
configure:3917: result: yes
configure:3920: checking for C compiler default output file name
configure:3922: result: a.out
configure:3928: checking for suffix of executables
configure:3935: gcc -o conftest    conftest.c  >&5
configure:3939: $? = 0
configure:3962: result: 
configure:3984: checking whether we are cross compiling
configure:3992: gcc -o conftest    conftest.c  >&5
configure:3996: $? = 0
configure:4003: ./conftest
configure:4007: $? = 0
configure:4022: result: no
configure:4027: checking for suffix of object files
configure:4050: gcc -c   conftest.c >&5
configure:4054: $? = 0
configure:4076: result: o
configure:4080: checking whether the compiler supports GNU C
configure:4100: gcc -c   conftest.c >&5
configure:4100: $? = 0
configure:4110: result: yes
configure:4121: checking whether gcc accepts -g
configure:4142: gcc -c -g  conftest.c >&5
configure:4142: $? = 0
configure:4186: result: yes
configure:4206: checking for gcc option to enable C11 features
configure:4221: gcc  -c -g -O2  conftest.c >&5
conftest.c: In function 'e':
conftest.c:25:14: warning: old-style function definition [-Wold-style-definition]
   25 | static char *e (p, i)
      |              ^
configure:4221: $? = 0
configure:4239: result: none needed
configure:4355: checking whether gcc understands -c and -o together
configure:4378: gcc -c conftest.c -o conftest2.o
configure:4381: $? = 0
configure:4378: gcc -c conftest.c -o conftest2.o
configure:4381: $? = 0
configure:4393: result: yes
configure:4412: checking dependency style of gcc
configure:4524: result: none
configure:4540: checking for gcc options needed to detect all undeclared functions
configure:4562: gcc -c -g -O2   conftest.c >&5
conftest.c: In function 'main':
conftest.c:15:8: error: 'strchr' undeclared (first use in this function)
   15 | (void) strchr;
      |        ^~~~~~
conftest.c:1:1: note: 'strchr' is defined in header '<string.h>'; this is probably fixable by adding '#include <string.h>'
    1 | /* confdefs.h */
conftest.c:15:8: note: each undeclared identifier is reported only once for each function it appears in
   15 | (void) strchr;
      |        ^~~~~~
configure:4562: $? = 1
configure: failed program was:
| /* confdefs.h */
| #define PACKAGE_NAME "xorgproto"
| #define PACKAGE_TARNAME "xorgproto"
| #define PACKAGE_VERSION "2024.1"
| #define PACKAGE_STRING "xorgproto 2024.1"
| #define PACKAGE_BUGREPORT "https://gitlab.freedesktop.org/xorg/proto/xorgproto/issues"
| #define PACKAGE_URL ""
| #define PACKAGE "xorgproto"
| #define VERSION "2024.1"
| /* end confdefs.h.  */
| 
| int
| main (void)
| {
| (void) strchr;
|   ;
|   return 0;
| }
configure:4589: gcc -c -g -O2   conftest.c >&5
configure:4589: $? = 0
configure:4606: result: none needed
configure:4624: checking for stdio.h
configure:4624: gcc -c -g -O2  conftest.c >&5
configure:4624: $? = 0
configure:4624: result: yes
configure:4624: checking for stdlib.h
configure:4624: gcc -c -g -O2  conftest.c >&5
configure:4624: $? = 0
configure:4624: result: yes
configure:4624: checking for string.h
configure:4624: gcc -c -g -O2  conftest.c >&5
configure:4624: $? = 0
configure:4624: result: yes
configure:4624: checking for inttypes.h
configure:4624: gcc -c -g -O2  conftest.c >&5
configure:4624: $? = 0
configure:4624: result: yes
configure:4624: checking for stdint.h
configure:4624: gcc -c -g -O2  conftest.c >&5
configure:4624: $? = 0
configure:4624: result: yes
configure:4624: checking for strings.h
configure:4624: gcc -c -g -O2  conftest.c >&5
configure:4624: $? = 0
configure:4624: result: yes
configure:4624: checking for sys/stat.h
configure:4624: gcc -c -g -O2  conftest.c >&5
configure:4624: $? = 0
configure:4624: result: yes
configure:4624: checking for sys/types.h
configure:4624: gcc -c -g -O2  conftest.c >&5
configure:4624: $? = 0
configure:4624: result: yes
configure:4624: checking for unistd.h
configure:4624: gcc -c -g -O2  conftest.c >&5
configure:4624: $? = 0
configure:4624: result: yes
configure:4653: checking whether __clang__ is declared
configure:4653: gcc -c -g -O2   conftest.c >&5
conftest.c: In function 'main':
conftest.c:56:10: error: '__clang__' undeclared (first use in this function)
   56 |   (void) __clang__;
      |          ^~~~~~~~~
conftest.c:56:10: note: each undeclared identifier is reported only once for each function it appears in
configure:4653: $? = 1
configure: failed program was:
| /* confdefs.h */
| #define PACKAGE_NAME "xorgproto"
| #define PACKAGE_TARNAME "xorgproto"
| #define PACKAGE_VERSION "2024.1"
| #define PACKAGE_STRING "xorgproto 2024.1"
| #define PACKAGE_BUGREPORT "https://gitlab.freedesktop.org/xorg/proto/xorgproto/issues"
| #define PACKAGE_URL ""
| #define PACKAGE "xorgproto"
| #define VERSION "2024.1"
| #define HAVE_STDIO_H 1
| #define HAVE_STDLIB_H 1
| #define HAVE_STRING_H 1
| #define HAVE_INTTYPES_H 1
| #define HAVE_STDINT_H 1
| #define HAVE_STRINGS_H 1
| #define HAVE_SYS_STAT_H 1
| #define HAVE_SYS_TYPES_H 1
| #define HAVE_UNISTD_H 1
| #define STDC_HEADERS 1
| /* end confdefs.h.  */
| #include <stddef.h>
| #ifdef HAVE_STDIO_H
| # include <stdio.h>
| #endif
| #ifdef HAVE_STDLIB_H
| # include <stdlib.h>
| #endif
| #ifdef HAVE_STRING_H
| # include <string.h>
| #endif
| #ifdef HAVE_INTTYPES_H
| # include <inttypes.h>
| #endif
| #ifdef HAVE_STDINT_H
| # include <stdint.h>
| #endif
| #ifdef HAVE_STRINGS_H
| # include <strings.h>
| #endif
| #ifdef HAVE_SYS_TYPES_H
| # include <sys/types.h>
| #endif
| #ifdef HAVE_SYS_STAT_H
| # include <sys/stat.h>
| #endif
| #ifdef HAVE_UNISTD_H
| # include <unistd.h>
| #endif
| int
| main (void)
| {
| #ifndef __clang__
| #ifdef __cplusplus
|   (void) __clang__;
| #else
|   (void) __clang__;
| #endif
| #endif
| 
|   ;
|   return 0;
| }
configure:4653: result: no
configure:4660: checking whether __INTEL_COMPILER is declared
configure:4660: gcc -c -g -O2   conftest.c >&5
conftest.c: In function 'main':
conftest.c:56:10: error: '__INTEL_COMPILER' undeclared (first use in this function)
   56 |   (void) __INTEL_COMPILER;
      |          ^~~~~~~~~~~~~~~~
conftest.c:56:10: note: each undeclared identifier is reported only once for each function it appears in
configure:4660: $? = 1
configure: failed program was:
| /* confdefs.h */
| #define PACKAGE_NAME "xorgproto"
| #define PACKAGE_TARNAME "xorgproto"
| #define PACKAGE_VERSION "2024.1"
| #define PACKAGE_STRING "xorgproto 2024.1"
| #define PACKAGE_BUGREPORT "https://gitlab.freedesktop.org/xorg/proto/xorgproto/issues"
| #define PACKAGE_URL ""
| #define PACKAGE "xorgproto"
| #define VERSION "2024.1"
| #define HAVE_STDIO_H 1
| #define HAVE_STDLIB_H 1
| #define HAVE_STRING_H 1
| #define HAVE_INTTYPES_H 1
| #define HAVE_STDINT_H 1
| #define HAVE_STRINGS_H 1
| #define HAVE_SYS_STAT_H 1
| #define HAVE_SYS_TYPES_H 1
| #define HAVE_UNISTD_H 1
| #define STDC_HEADERS 1
| /* end confdefs.h.  */
| #include <stddef.h>
| #ifdef HAVE_STDIO_H
| # include <stdio.h>
| #endif
| #ifdef HAVE_STDLIB_H
| # include <stdlib.h>
| #endif
| #ifdef HAVE_STRING_H
| # include <string.h>
| #endif
| #ifdef HAVE_INTTYPES_H
| # include <inttypes.h>
| #endif
| #ifdef HAVE_STDINT_H
| # include <stdint.h>
| #endif
| #ifdef HAVE_STRINGS_H
| # include <strings.h>
| #endif
| #ifdef HAVE_SYS_TYPES_H
| # include <sys/types.h>
| #endif
| #ifdef HAVE_SYS_STAT_H
| # include <sys/stat.h>
| #endif
| #ifdef HAVE_UNISTD_H
| # include <unistd.h>
| #endif
| int
| main (void)
| {
| #ifndef __INTEL_COMPILER
| #ifdef __cplusplus
|   (void) __INTEL_COMPILER;
| #else
|   (void) __INTEL_COMPILER;
| #endif
| #endif
| 
|   ;
|   return 0;
| }
configure:4660: result: no
configure:4667: checking whether __SUNPRO_C is declared
configure:4667: gcc -c -g -O2   conftest.c >&5
conftest.c: In function 'main':
conftest.c:56:10: error: '__SUNPRO_C' undeclared (first use in this function)
   56 |   (void) __SUNPRO_C;
      |          ^~~~~~~~~~
conftest.c:56:10: note: each undeclared identifier is reported only once for each function it appears in
configure:4667: $? = 1
configure: failed program was:
| /* confdefs.h */
| #define PACKAGE_NAME "xorgproto"
| #define PACKAGE_TARNAME "xorgproto"
| #define PACKAGE_VERSION "2024.1"
| #define PACKAGE_STRING "xorgproto 2024.1"
| #define PACKAGE_BUGREPORT "https://gitlab.freedesktop.org/xorg/proto/xorgproto/issues"
| #define PACKAGE_URL ""
| #define PACKAGE "xorgproto"
| #define VERSION "2024.1"
| #define HAVE_STDIO_H 1
| #define HAVE_STDLIB_H 1
| #define HAVE_STRING_H 1
| #define HAVE_INTTYPES_H 1
| #define HAVE_STDINT_H 1
| #define HAVE_STRINGS_H 1
| #define HAVE_SYS_STAT_H 1
| #define HAVE_SYS_TYPES_H 1
| #define HAVE_UNISTD_H 1
| #define STDC_HEADERS 1
| /* end confdefs.h.  */
| #include <stddef.h>
| #ifdef HAVE_STDIO_H
| # include <stdio.h>
| #endif
| #ifdef HAVE_STDLIB_H
| # include <stdlib.h>
| #endif
| #ifdef HAVE_STRING_H
| # include <string.h>
| #endif
| #ifdef HAVE_INTTYPES_H
| # include <inttypes.h>
| #endif
| #ifdef HAVE_STDINT_H
| # include <stdint.h>
| #endif
| #ifdef HAVE_STRINGS_H
| # include <strings.h>
| #endif
| #ifdef HAVE_SYS_TYPES_H
| # include <sys/types.h>
| #endif
| #ifdef HAVE_SYS_STAT_H
| # include <sys/stat.h>
| #endif
| #ifdef HAVE_UNISTD_H
| # include <unistd.h>
| #endif
| int
| main (void)
| {
| #ifndef __SUNPRO_C
| #ifdef __cplusplus
|   (void) __SUNPRO_C;
| #else
|   (void) __SUNPRO_C;
| #endif
| #endif
| 
|   ;
|   return 0;
| }
configure:4667: result: no
configure:4734: checking for pkg-config
configure:4757: found /usr/bin/pkg-config
configure:4769: result: /usr/bin/pkg-config
configure:4794: checking pkg-config is at least version 0.9.0
configure:4797: result: yes
configure:4811: checking build system type
configure:4826: result: x86_64-pc-linux-gnu
configure:4846: checking host system type
configure:4860: result: x86_64-pc-linux-gnu
configure:4880: checking for a sed that does not truncate output
configure:4950: result: /usr/bin/sed
configure:4997: checking if gcc supports -Werror=unknown-warning-option
configure:5007: gcc -c -g -O2 -Werror=unknown-warning-option  conftest.c >&5
cc1: error: '-Werror=unknown-warning-option': no option '-Wunknown-warning-option'
configure:5007: $? = 1
configure: failed program was:
| /* confdefs.h */
| #define PACKAGE_NAME "xorgproto"
| #define PACKAGE_TARNAME "xorgproto"
| #define PACKAGE_VERSION "2024.1"
| #define PACKAGE_STRING "xorgproto 2024.1"
| #define PACKAGE_BUGREPORT "https://gitlab.freedesktop.org/xorg/proto/xorgproto/issues"
| #define PACKAGE_URL ""
| #define PACKAGE "xorgproto"
| #define VERSION "2024.1"
| #define HAVE_STDIO_H 1
| #define HAVE_STDLIB_H 1
| #define HAVE_STRING_H 1
| #define HAVE_INTTYPES_H 1
| #define HAVE_STDINT_H 1
| #define HAVE_STRINGS_H 1
| #define HAVE_SYS_STAT_H 1
| #define HAVE_SYS_TYPES_H 1
| #define HAVE_UNISTD_H 1
| #define STDC_HEADERS 1
| /* end confdefs.h.  */
| int i;
configure:5015: result: no
configure:5026: checking if gcc supports -Werror=unused-command-line-argument
configure:5036: gcc -c -g -O2 -Werror=unused-command-line-argument  conftest.c >&5
cc1: error: '-Werror=unused-command-line-argument': no option '-Wunused-command-line-argument'; did you mean '-Wunused-dummy-argument'?
configure:5036: $? = 1
configure: failed program was:
| /* confdefs.h */
| #define PACKAGE_NAME "xorgproto"
| #define PACKAGE_TARNAME "xorgproto"
| #define PACKAGE_VERSION "2024.1"
| #define PACKAGE_STRING "xorgproto 2024.1"
| #define PACKAGE_BUGREPORT "https://gitlab.freedesktop.org/xorg/proto/xorgproto/issues"
| #define PACKAGE_URL ""
| #define PACKAGE "xorgproto"
| #define VERSION "2024.1"
| #define HAVE_STDIO_H 1
| #define HAVE_STDLIB_H 1
| #define HAVE_STRING_H 1
| #define HAVE_INTTYPES_H 1
| #define HAVE_STDINT_H 1
| #define HAVE_STRINGS_H 1
| #define HAVE_SYS_STAT_H 1
| #define HAVE_SYS_TYPES_H 1
| #define HAVE_UNISTD_H 1
| #define STDC_HEADERS 1
| /* end confdefs.h.  */
| int i;
configure:5044: result: no
configure:5063: checking if gcc supports -Wall
configure:5081: gcc -o conftest -g -O2 -Wall   conftest.c  >&5
configure:5081: $? = 0
configure:5095: result: yes
configure:5187: checking if gcc supports -Wpointer-arith
configure:5205: gcc -o conftest -g -O2 -Wpointer-arith   conftest.c  >&5
configure:5205: $? = 0
configure:5219: result: yes
configure:5311: checking if gcc supports -Wmissing-declarations
configure:5329: gcc -o conftest -g -O2 -Wmissing-declarations   conftest.c  >&5
configure:5329: $? = 0
configure:5343: result: yes
configure:5435: checking if gcc supports -Wformat=2
configure:5453: gcc -o conftest -g -O2 -Wformat=2   conftest.c  >&5
configure:5453: $? = 0
configure:5467: result: yes
configure:5612: checking if gcc supports -Wstrict-prototypes
configure:5630: gcc -o conftest -g -O2 -Wstrict-prototypes   conftest.c  >&5
configure:5630: $? = 0
configure:5644: result: yes
configure:5736: checking if gcc supports -Wmissing-prototypes
configure:5754: gcc -o conftest -g -O2 -Wmissing-prototypes   conftest.c  >&5
configure:5754: $? = 0
configure:5768: result: yes
configure:5860: checking if gcc supports -Wnested-externs
configure:5878: gcc -o conftest -g -O2 -Wnested-externs   conftest.c  >&5
configure:5878: $? = 0
configure:5892: result: yes
configure:5984: checking if gcc supports -Wbad-function-cast
configure:6002: gcc -o conftest -g -O2 -Wbad-function-cast   conftest.c  >&5
configure:6002: $? = 0
configure:6016: result: yes
configure:6108: checking if gcc supports -Wold-style-definition
configure:6126: gcc -o conftest -g -O2 -Wold-style-definition   conftest.c  >&5
configure:6126: $? = 0
configure:6140: result: yes
configure:6283: checking if gcc supports -Wdeclaration-after-statement
configure:6301: gcc -o conftest -g -O2 -Wdeclaration-after-statement   conftest.c  >&5
configure:6301: $? = 0
configure:6315: result: yes
configure:6411: checking if gcc supports -Wunused
configure:6429: gcc -o conftest -g -O2 -Wunused   conftest.c  >&5
configure:6429: $? = 0
configure:6443: result: yes
configure:6535: checking if gcc supports -Wuninitialized
configure:6553: gcc -o conftest -g -O2 -Wuninitialized   conftest.c  >&5
configure:6553: $? = 0
configure:6567: result: yes
configure:6659: checking if gcc supports -Wshadow
configure:6677: gcc -o conftest -g -O2 -Wshadow   conftest.c  >&5
configure:6677: $? = 0
configure:6691: result: yes
configure:6783: checking if gcc supports -Wmissing-noreturn
configure:6801: gcc -o conftest -g -O2 -Wmissing-noreturn   conftest.c  >&5
configure:6801: $? = 0
configure:6815: result: yes
configure:6907: checking if gcc supports -Wmissing-format-attribute
configure:6925: gcc -o conftest -g -O2 -Wmissing-format-attribute   conftest.c  >&5
configure:6925: $? = 0
configure:6939: result: yes
configure:7031: checking if gcc supports -Wredundant-decls
configure:7049: gcc -o conftest -g -O2 -Wredundant-decls   conftest.c  >&5
configure:7049: $? = 0
configure:7063: result: yes
configure:7155: checking if gcc supports -Wlogical-op
configure:7173: gcc -o conftest -g -O2 -Wlogical-op   conftest.c  >&5
configure:7173: $? = 0
configure:7187: result: yes
configure:7291: checking if gcc supports -Werror=implicit
configure:7309: gcc -o conftest -g -O2 -Werror=implicit   conftest.c  >&5
configure:7309: $? = 0
configure:7323: result: yes
configure:7466: checking if gcc supports -Werror=nonnull
configure:7484: gcc -o conftest -g -O2 -Werror=nonnull   conftest.c  >&5
configure:7484: $? = 0
configure:7498: result: yes
configure:7590: checking if gcc supports -Werror=init-self
configure:7608: gcc -o conftest -g -O2 -Werror=init-self   conftest.c  >&5
configure:7608: $? = 0
configure:7622: result: yes
configure:7714: checking if gcc supports -Werror=main
configure:7732: gcc -o conftest -g -O2 -Werror=main   conftest.c  >&5
configure:7732: $? = 0
configure:7746: result: yes
configure:7838: checking if gcc supports -Werror=missing-braces
configure:7856: gcc -o conftest -g -O2 -Werror=missing-braces   conftest.c  >&5
configure:7856: $? = 0
configure:7870: result: yes
configure:7962: checking if gcc supports -Werror=sequence-point
configure:7980: gcc -o conftest -g -O2 -Werror=sequence-point   conftest.c  >&5
configure:7980: $? = 0
configure:7994: result: yes
configure:8086: checking if gcc supports -Werror=return-type
configure:8104: gcc -o conftest -g -O2 -Werror=return-type   conftest.c  >&5
configure:8104: $? = 0
configure:8118: result: yes
configure:8261: checking if gcc supports -Werror=trigraphs
configure:8279: gcc -o conftest -g -O2 -Werror=trigraphs   conftest.c  >&5
configure:8279: $? = 0
configure:8293: result: yes
configure:8385: checking if gcc supports -Werror=array-bounds
configure:8403: gcc -o conftest -g -O2 -Werror=array-bounds   conftest.c  >&5
configure:8403: $? = 0
configure:8417: result: yes
configure:8509: checking if gcc supports -Werror=write-strings
configure:8527: gcc -o conftest -g -O2 -Werror=write-strings   conftest.c  >&5
configure:8527: $? = 0
configure:8541: result: yes
configure:8633: checking if gcc supports -Werror=address
configure:8651: gcc -o conftest -g -O2 -Werror=address   conftest.c  >&5
configure:8651: $? = 0
configure:8665: result: yes
configure:8757: checking if gcc supports -Werror=int-to-pointer-cast
configure:8775: gcc -o conftest -g -O2 -Werror=int-to-pointer-cast   conftest.c  >&5
configure:8775: $? = 0
configure:8789: result: yes
configure:8932: checking if gcc supports -Werror=pointer-to-int-cast
configure:8950: gcc -o conftest -g -O2 -Werror=pointer-to-int-cast   conftest.c  >&5
configure:8950: $? = 0
configure:8964: result: yes
configure:10705: checking if gcc supports -pedantic
configure:10723: gcc -o conftest -g -O2 -pedantic   conftest.c  >&5
configure:10723: $? = 0
configure:10737: result: yes
configure:10829: checking if gcc supports -Werror
configure:10847: gcc -o conftest -g -O2 -Werror   conftest.c  >&5
configure:10847: $? = 0
configure:10861: result: yes
configure:11007: checking if gcc supports -Werror=attributes
configure:11025: gcc -o conftest -g -O2 -Werror=attributes   conftest.c  >&5
configure:11025: $? = 0
configure:11039: result: yes
configure:11232: checking whether make supports nested variables
configure:11250: result: yes
configure:11282: checking whether to build functional specifications
configure:11284: result: yes
configure:11304: checking for xmlto
configure:11342: result: no
configure:11348: WARNING: xmlto not found - documentation targets will be skipped
configure:11506: checking for fop
configure:11544: result: no
configure:11550: WARNING: fop not found - documentation targets will be skipped
configure:11646: checking for xsltproc
configure:11669: found /usr/bin/xsltproc
configure:11681: result: /usr/bin/xsltproc
configure:11766: checking for X.Org SGML entities >= 1.8
configure:11770: $PKG_CONFIG --exists --print-errors "xorg-sgml-doctools >= 1.8"
Package xorg-sgml-doctools was not found in the pkg-config search path.
Perhaps you should add the directory containing `xorg-sgml-doctools.pc'
to the PKG_CONFIG_PATH environment variable
Package 'xorg-sgml-doctools' not found
configure:11773: $? = 1
configure:11789: result: no
configure:11842: checking for a Python interpreter with version >= 3.6
configure:11860: python -c import sys # split strings by '.' and convert to numeric. Append some zeros # because we need at least 4 digits for the hex conversion. # map returns an iterator in Python 3.0 and a list in 2.x minver = list(map(int, '3.6'.split('.'))) + [0, 0, 0] minverhex = 0 # xrange is not present in Python 3.0 and range returns an iterator for i in list(range(0, 4)): minverhex = (minverhex << 8) + minver[i] sys.exit(sys.hexversion < minverhex)
configure:11863: $? = 0
configure:11870: result: python
configure:11878: checking for python
configure:11901: found /usr/bin/python
configure:11913: result: /usr/bin/python
configure:11930: checking for python version
configure:11938: result: 3.14
configure:11943: checking for python platform
configure:11951: result: linux
configure:12012: checking for GNU default python prefix
configure:12014: result: ${prefix}
configure:12080: checking for GNU default python exec_prefix
configure:12082: result: ${exec_prefix}
configure:12113: checking for python script directory (pythondir)
configure:12148: result: ${PYTHON_PREFIX}/lib/python3.14/site-packages
configure:12156: checking for python extension module directory (pyexecdir)
configure:12191: result: ${PYTHON_EXEC_PREFIX}/lib/python3.14/site-packages
configure:12230: checking for sys/select.h
configure:12230: gcc -c -g -O2  conftest.c >&5
configure:12230: $? = 0
configure:12230: result: yes
configure:12236: checking for sys/param.h
configure:12236: gcc -c -g -O2  conftest.c >&5
configure:12236: $? = 0
configure:12236: result: yes
configure:12242: checking for sys/types.h
configure:12242: result: yes
configure:12248: checking for sys/time.h
configure:12248: gcc -c -g -O2  conftest.c >&5
configure:12248: $? = 0
configure:12248: result: yes
configure:12264: checking for fd_set.fds_bits
configure:12264: gcc -c -g -O2  conftest.c >&5
conftest.c: In function 'main':
conftest.c:47:13: error: 'fd_set' has no member named 'fds_bits'; did you mean '__fds_bits'?
   47 | if (ac_aggr.fds_bits)
      |             ^~~~~~~~
      |             __fds_bits
configure:12264: $? = 1
configure: failed program was:
| /* confdefs.h */
| #define PACKAGE_NAME "xorgproto"
| #define PACKAGE_TARNAME "xorgproto"
| #define PACKAGE_VERSION "2024.1"
| #define PACKAGE_STRING "xorgproto 2024.1"
| #define PACKAGE_BUGREPORT "https://gitlab.freedesktop.org/xorg/proto/xorgproto/issues"
| #define PACKAGE_URL ""
| #define PACKAGE "xorgproto"
| #define VERSION "2024.1"
| #define HAVE_STDIO_H 1
| #define HAVE_STDLIB_H 1
| #define HAVE_STRING_H 1
| #define HAVE_INTTYPES_H 1
| #define HAVE_STDINT_H 1
| #define HAVE_STRINGS_H 1
| #define HAVE_SYS_STAT_H 1
| #define HAVE_SYS_TYPES_H 1
| #define HAVE_UNISTD_H 1
| #define STDC_HEADERS 1
| #define PACKAGE_VERSION_MAJOR 2024
| #define PACKAGE_VERSION_MINOR 1
| #define PACKAGE_VERSION_PATCHLEVEL 0
| #define HAVE_SYS_SELECT_H 1
| #define HAVE_SYS_PARAM_H 1
| #define HAVE_SYS_TYPES_H 1
| #define HAVE_SYS_TIME_H 1
| /* end confdefs.h.  */
| 
|                                #ifdef HAVE_SYS_PARAM_H
|                                #include <sys/param.h>
|                                #endif
|                                #ifdef HAVE_SYS_TYPES_H
|                                #include <sys/types.h>
|                                #endif
|                                #ifdef HAVE_SYS_TIME_H
|                                #include <sys/time.h>
|                                #endif
|                                #ifdef HAVE_SYS_SELECT_H
| 			       #include <sys/select.h>
|                                #endif
| 
| 
| int
| main (void)
| {
| static fd_set ac_aggr;
| if (ac_aggr.fds_bits)
| return 0;
|   ;
|   return 0;
| }
configure:12264: gcc -c -g -O2  conftest.c >&5
conftest.c: In function 'main':
conftest.c:47:20: error: 'fd_set' has no member named 'fds_bits'; did you mean '__fds_bits'?
   47 | if (sizeof ac_aggr.fds_bits)
      |                    ^~~~~~~~
      |                    __fds_bits
configure:12264: $? = 1
configure: failed program was:
| /* confdefs.h */
| #define PACKAGE_NAME "xorgproto"
| #define PACKAGE_TARNAME "xorgproto"
| #define PACKAGE_VERSION "2024.1"
| #define PACKAGE_STRING "xorgproto 2024.1"
| #define PACKAGE_BUGREPORT "https://gitlab.freedesktop.org/xorg/proto/xorgproto/issues"
| #define PACKAGE_URL ""
| #define PACKAGE "xorgproto"
| #define VERSION "2024.1"
| #define HAVE_STDIO_H 1
| #define HAVE_STDLIB_H 1
| #define HAVE_STRING_H 1
| #define HAVE_INTTYPES_H 1
| #define HAVE_STDINT_H 1
| #define HAVE_STRINGS_H 1
| #define HAVE_SYS_STAT_H 1
| #define HAVE_SYS_TYPES_H 1
| #define HAVE_UNISTD_H 1
| #define STDC_HEADERS 1
| #define PACKAGE_VERSION_MAJOR 2024
| #define PACKAGE_VERSION_MINOR 1
| #define PACKAGE_VERSION_PATCHLEVEL 0
| #define HAVE_SYS_SELECT_H 1
| #define HAVE_SYS_PARAM_H 1
| #define HAVE_SYS_TYPES_H 1
| #define HAVE_SYS_TIME_H 1
| /* end confdefs.h.  */
| 
|                                #ifdef HAVE_SYS_PARAM_H
|                                #include <sys/param.h>
|                                #endif
|                                #ifdef HAVE_SYS_TYPES_H
|                                #include <sys/types.h>
|                                #endif
|                                #ifdef HAVE_SYS_TIME_H
|                                #include <sys/time.h>
|                                #endif
|                                #ifdef HAVE_SYS_SELECT_H
| 			       #include <sys/select.h>
|                                #endif
| 
| 
| int
| main (void)
| {
| static fd_set ac_aggr;
| if (sizeof ac_aggr.fds_bits)
| return 0;
|   ;
|   return 0;
| }
configure:12264: result: no
configure:12290: checking for fd_set.__fds_bits
configure:12290: gcc -c -g -O2  conftest.c >&5
configure:12290: $? = 0
configure:12290: result: yes
configure:12470: checking that generated files are newer than configure
configure:12476: result: done
configure:12531: creating ./config.status

## ---------------------- ##
## Running config.status. ##
## ---------------------- ##

This file was extended by xorgproto config.status 2024.1, which was
generated by GNU Autoconf 2.71.  Invocation command line was

  CONFIG_FILES    = 
  CONFIG_HEADERS  = 
  CONFIG_LINKS    = 
  CONFIG_COMMANDS = 
  $ ./config.status 

on archlinux

config.status:896: creating applewmproto.pc
config.status:896: creating bigreqsproto.pc
config.status:896: creating compositeproto.pc
config.status:896: creating damageproto.pc
config.status:896: creating dmxproto.pc
config.status:896: creating dpmsproto.pc
config.status:896: creating dri2proto.pc
config.status:896: creating dri3proto.pc
config.status:896: creating evieproto.pc
config.status:896: creating fixesproto.pc
config.status:896: creating fontcacheproto.pc
config.status:896: creating fontsproto.pc
config.status:896: creating glproto.pc
config.status:896: creating include/X11/Xpoll.h
config.status:896: creating inputproto.pc
config.status:896: creating kbproto.pc
config.status:896: creating lg3dproto.pc
config.status:896: creating Makefile
config.status:896: creating presentproto.pc
config.status:896: creating printproto.pc
config.status:896: creating randrproto.pc
config.status:896: creating recordproto.pc
config.status:896: creating renderproto.pc
config.status:896: creating resourceproto.pc
config.status:896: creating scrnsaverproto.pc
config.status:896: creating specs/Makefile
config.status:896: creating specs/bigreqsproto/Makefile
config.status:896: creating specs/fontsproto/Makefile
config.status:896: creating specs/kbproto/Makefile
config.status:896: creating specs/recordproto/Makefile
config.status:896: creating specs/scrnsaverproto/Makefile
config.status:896: creating specs/xcmiscproto/Makefile
config.status:896: creating specs/xextproto/Makefile
config.status:896: creating specs/xproto/Makefile
config.status:896: creating trapproto.pc
config.status:896: creating videoproto.pc
config.status:896: creating windowswmproto.pc
config.status:896: creating xcalibrateproto.pc
config.status:896: creating xcmiscproto.pc
config.status:896: creating xextproto.pc
config.status:896: creating xf86bigfontproto.pc
config.status:896: creating xf86dgaproto.pc
config.status:896: creating xf86driproto.pc
config.status:896: creating xf86miscproto.pc
config.status:896: creating xf86rushproto.pc
config.status:896: creating xf86vidmodeproto.pc
config.status:896: creating xineramaproto.pc
config.status:896: creating xproto.pc
config.status:896: creating xproxymngproto.pc
config.status:896: creating xwaylandproto.pc
config.status:1068: executing depfiles commands

## ---------------- ##
## Cache variables. ##
## ---------------- ##

ac_cv_build=x86_64-pc-linux-gnu
ac_cv_c_compiler_gnu=yes
ac_cv_c_undeclared_builtin_options='none needed'
ac_cv_env_CC_set=
ac_cv_env_CC_value=
ac_cv_env_CFLAGS_set=
ac_cv_env_CFLAGS_value=
ac_cv_env_CPPFLAGS_set=
ac_cv_env_CPPFLAGS_value=
ac_cv_env_FOP_set=
ac_cv_env_FOP_value=
ac_cv_env_LDFLAGS_set=
ac_cv_env_LDFLAGS_value=
ac_cv_env_LIBS_set=
ac_cv_env_LIBS_value=
ac_cv_env_PKG_CONFIG_LIBDIR_set=
ac_cv_env_PKG_CONFIG_LIBDIR_value=
ac_cv_env_PKG_CONFIG_PATH_set=
ac_cv_env_PKG_CONFIG_PATH_value=
ac_cv_env_PKG_CONFIG_set=
ac_cv_env_PKG_CONFIG_value=
ac_cv_env_PYTHON_set=
ac_cv_env_PYTHON_value=
ac_cv_env_XMLTO_set=
ac_cv_env_XMLTO_value=
ac_cv_env_XSLTPROC_set=
ac_cv_env_XSLTPROC_value=
ac_cv_env_build_alias_set=
ac_cv_env_build_alias_value=
ac_cv_env_host_alias_set=
ac_cv_env_host_alias_value=
ac_cv_env_target_alias_set=
ac_cv_env_target_alias_value=
ac_cv_have_decl___INTEL_COMPILER=no
ac_cv_have_decl___SUNPRO_C=no
ac_cv_have_decl___clang__=no
ac_cv_header_inttypes_h=yes
ac_cv_header_stdint_h=yes
ac_cv_header_stdio_h=yes
ac_cv_header_stdlib_h=yes
ac_cv_header_string_h=yes
ac_cv_header_strings_h=yes
ac_cv_header_sys_param_h=yes
ac_cv_header_sys_select_h=yes
ac_cv_header_sys_stat_h=yes
ac_cv_header_sys_time_h=yes
ac_cv_header_sys_types_h=yes
ac_cv_header_unistd_h=yes
ac_cv_host=x86_64-pc-linux-gnu
ac_cv_member_fd_set___fds_bits=yes
ac_cv_member_fd_set_fds_bits=no
ac_cv_objext=o
ac_cv_path_PYTHON=/usr/bin/python
ac_cv_path_SED=/usr/bin/sed
ac_cv_path_XSLTPROC=/usr/bin/xsltproc
ac_cv_path_ac_pt_PKG_CONFIG=/usr/bin/pkg-config
ac_cv_path_install='/usr/bin/install -c'
ac_cv_path_mkdir=/usr/bin/mkdir
ac_cv_prog_AWK=gawk
ac_cv_prog_ac_ct_CC=gcc
ac_cv_prog_cc_c11=
ac_cv_prog_cc_g=yes
ac_cv_prog_cc_stdc=
ac_cv_prog_make_make_set=yes
am_cv_CC_dependencies_compiler_type=none
am_cv_make_support_nested_variables=yes
am_cv_pathless_PYTHON=python
am_cv_prog_cc_c_o=yes
am_cv_python_platform=linux
am_cv_python_pyexecdir='${PYTHON_EXEC_PREFIX}/lib/python3.14/site-packages'
am_cv_python_pythondir='${PYTHON_PREFIX}/lib/python3.14/site-packages'
am_cv_python_version=3.14
xorg_cv_cc_flag__Wall=yes
xorg_cv_cc_flag__Wbad_function_cast=yes
xorg_cv_cc_flag__Wdeclaration_after_statement=yes
xorg_cv_cc_flag__Werror=yes
xorg_cv_cc_flag__Werror_address=yes
xorg_cv_cc_flag__Werror_array_bounds=yes
xorg_cv_cc_flag__Werror_attributes=yes
xorg_cv_cc_flag__Werror_implicit=yes
xorg_cv_cc_flag__Werror_init_self=yes
xorg_cv_cc_flag__Werror_int_to_pointer_cast=yes
xorg_cv_cc_flag__Werror_main=yes
xorg_cv_cc_flag__Werror_missing_braces=yes
xorg_cv_cc_flag__Werror_nonnull=yes
xorg_cv_cc_flag__Werror_pointer_to_int_cast=yes
xorg_cv_cc_flag__Werror_return_type=yes
xorg_cv_cc_flag__Werror_sequence_point=yes
xorg_cv_cc_flag__Werror_trigraphs=yes
xorg_cv_cc_flag__Werror_write_strings=yes
xorg_cv_cc_flag__Wformat_2=yes
xorg_cv_cc_flag__Wlogical_op=yes
xorg_cv_cc_flag__Wmissing_declarations=yes
xorg_cv_cc_flag__Wmissing_format_attribute=yes
xorg_cv_cc_flag__Wmissing_noreturn=yes
xorg_cv_cc_flag__Wmissing_prototypes=yes
xorg_cv_cc_flag__Wnested_externs=yes
xorg_cv_cc_flag__Wold_style_definition=yes
xorg_cv_cc_flag__Wpointer_arith=yes
xorg_cv_cc_flag__Wredundant_decls=yes
xorg_cv_cc_flag__Wshadow=yes
xorg_cv_cc_flag__Wstrict_prototypes=yes
xorg_cv_cc_flag__Wuninitialized=yes
xorg_cv_cc_flag__Wunused=yes
xorg_cv_cc_flag__pedantic=yes
xorg_cv_cc_flag_unknown_warning_option=no
xorg_cv_cc_flag_unused_command_line_argument=no

## ----------------- ##
## Output variables. ##
## ----------------- ##

ACLOCAL='${SHELL} '\''/storage/rlinux/sources/libX11-1.8.5/xorgproto-2024.1/missing'\'' aclocal-1.16'
ADMIN_MAN_DIR='$(mandir)/man$(ADMIN_MAN_SUFFIX)'
ADMIN_MAN_SUFFIX='8'
AMDEPBACKSLASH='\'
AMDEP_FALSE='#'
AMDEP_TRUE=''
AMTAR='$${TAR-tar}'
AM_BACKSLASH='\'
AM_DEFAULT_V='$(AM_DEFAULT_VERBOSITY)'
AM_DEFAULT_VERBOSITY='0'
AM_V='$(V)'
APP_MAN_DIR='$(mandir)/man$(APP_MAN_SUFFIX)'
APP_MAN_SUFFIX='1'
AUTOCONF='${SHELL} '\''/storage/rlinux/sources/libX11-1.8.5/xorgproto-2024.1/missing'\'' autoconf'
AUTOHEADER='${SHELL} '\''/storage/rlinux/sources/libX11-1.8.5/xorgproto-2024.1/missing'\'' autoheader'
AUTOMAKE='${SHELL} '\''/storage/rlinux/sources/libX11-1.8.5/xorgproto-2024.1/missing'\'' automake-1.16'
AWK='gawk'
BASE_CFLAGS=' -Wall -Wpointer-arith -Wmissing-declarations -Wformat=2 -Wstrict-prototypes -Wmissing-prototypes -Wnested-externs -Wbad-function-cast -Wold-style-definition -Wdeclaration-after-statement -Wunused -Wuninitialized -Wshadow -Wmissing-noreturn -Wmissing-format-attribute -Wredundant-decls -Wlogical-op -Werror=implicit -Werror=nonnull -Werror=init-self -Werror=main -Werror=missing-braces -Werror=sequence-point -Werror=return-type -Werror=trigraphs -Werror=array-bounds -Werror=write-strings -Werror=address -Werror=int-to-pointer-cast -Werror=pointer-to-int-cast'
CC='gcc'
CCDEPMODE='depmode=none'
CFLAGS='-g -O2'
CHANGELOG_CMD='((GIT_DIR=$(top_srcdir)/.git git log > $(top_srcdir)/.changelog.tmp) 2>/dev/null && mv $(top_srcdir)/.changelog.tmp $(top_srcdir)/ChangeLog) || (rm -f $(top_srcdir)/.changelog.tmp; test -e $(top_srcdir)/ChangeLog || ( touch $(top_srcdir)/ChangeLog; echo '\''git failed to create ChangeLog: installing empty ChangeLog.'\'' >&2))'
CPPFLAGS=''
CSCOPE='cscope'
CTAGS='ctags'
CWARNFLAGS=' -Wall -Wpointer-arith -Wmissing-declarations -Wformat=2 -Wstrict-prototypes -Wmissing-prototypes -Wnested-externs -Wbad-function-cast -Wold-style-definition -Wdeclaration-after-statement -Wunused -Wuninitialized -Wshadow -Wmissing-noreturn -Wmissing-format-attribute -Wredundant-decls -Wlogical-op -Werror=implicit -Werror=nonnull -Werror=init-self -Werror=main -Werror=missing-braces -Werror=sequence-point -Werror=return-type -Werror=trigraphs -Werror=array-bounds -Werror=write-strings -Werror=address -Werror=int-to-pointer-cast -Werror=pointer-to-int-cast -fno-strict-aliasing'
CYGPATH_W='echo'
DEFS='-DPACKAGE_NAME=\"xorgproto\" -DPACKAGE_TARNAME=\"xorgproto\" -DPACKAGE_VERSION=\"2024.1\" -DPACKAGE_STRING=\"xorgproto\ 2024.1\" -DPACKAGE_BUGREPORT=\"https://gitlab.freedesktop.org/xorg/proto/xorgproto/issues\" -DPACKAGE_URL=\"\" -DPACKAGE=\"xorgproto\" -DVERSION=\"2024.1\" -DHAVE_STDIO_H=1 -DHAVE_STDLIB_H=1 -DHAVE_STRING_H=1 -DHAVE_INTTYPES_H=1 -DHAVE_STDINT_H=1 -DHAVE_STRINGS_H=1 -DHAVE_SYS_STAT_H=1 -DHAVE_SYS_TYPES_H=1 -DHAVE_UNISTD_H=1 -DSTDC_HEADERS=1 -DPACKAGE_VERSION_MAJOR=2024 -DPACKAGE_VERSION_MINOR=1 -DPACKAGE_VERSION_PATCHLEVEL=0 -DHAVE_SYS_SELECT_H=1 -DHAVE_SYS_PARAM_H=1 -DHAVE_SYS_TYPES_H=1 -DHAVE_SYS_TIME_H=1'
DEPDIR='.deps'
DRIVER_MAN_DIR='$(mandir)/man$(DRIVER_MAN_SUFFIX)'
DRIVER_MAN_SUFFIX='4'
ECHO_C=''
ECHO_N='-n'
ECHO_T=''
ENABLE_SPECS_FALSE='#'
ENABLE_SPECS_TRUE=''
ETAGS='etags'
EXEEXT=''
FILE_MAN_DIR='$(mandir)/man$(FILE_MAN_SUFFIX)'
FILE_MAN_SUFFIX='5'
FOP=''
HAVE_FOP_FALSE=''
HAVE_FOP_TRUE='#'
HAVE_PYTHON_FALSE='#'
HAVE_PYTHON_TRUE=''
HAVE_STYLESHEETS_FALSE=''
HAVE_STYLESHEETS_TRUE='#'
HAVE_XMLTO_FALSE=''
HAVE_XMLTO_TEXT_FALSE=''
HAVE_XMLTO_TEXT_TRUE='#'
HAVE_XMLTO_TRUE='#'
HAVE_XSLTPROC_FALSE='#'
HAVE_XSLTPROC_TRUE=''
INSTALL_CMD='(cp -f /INSTALL $(top_srcdir)/.INSTALL.tmp && mv $(top_srcdir)/.INSTALL.tmp $(top_srcdir)/INSTALL) || (rm -f $(top_srcdir)/.INSTALL.tmp; test -e $(top_srcdir)/INSTALL || ( touch $(top_srcdir)/INSTALL; echo '\''failed to copy INSTALL from util-macros: installing empty INSTALL.'\'' >&2))'
INSTALL_DATA='${INSTALL} -m 644'
INSTALL_PROGRAM='${INSTALL}'
INSTALL_SCRIPT='${INSTALL}'
INSTALL_STRIP_PROGRAM='$(install_sh) -c -s'
LDFLAGS=''
LEGACY_FALSE=''
LEGACY_TRUE='#'
LIBOBJS=''
LIBS=''
LIB_MAN_DIR='$(mandir)/man$(LIB_MAN_SUFFIX)'
LIB_MAN_SUFFIX='3'
LTLIBOBJS=''
MAKEINFO='${SHELL} '\''/storage/rlinux/sources/libX11-1.8.5/xorgproto-2024.1/missing'\'' makeinfo'
MAN_SUBSTS='	-e '\''s|__vendorversion__|"$(PACKAGE_STRING)" "$(XORG_MAN_PAGE)"|'\'' 	-e '\''s|__xorgversion__|"$(PACKAGE_STRING)" "$(XORG_MAN_PAGE)"|'\'' 	-e '\''s|__xservername__|Xorg|g'\'' 	-e '\''s|__xconfigfile__|xorg.conf|g'\'' 	-e '\''s|__projectroot__|$(prefix)|g'\'' 	-e '\''s|__apploaddir__|$(appdefaultdir)|g'\'' 	-e '\''s|__appmansuffix__|$(APP_MAN_SUFFIX)|g'\'' 	-e '\''s|__drivermansuffix__|$(DRIVER_MAN_SUFFIX)|g'\'' 	-e '\''s|__adminmansuffix__|$(ADMIN_MAN_SUFFIX)|g'\'' 	-e '\''s|__libmansuffix__|$(LIB_MAN_SUFFIX)|g'\'' 	-e '\''s|__miscmansuffix__|$(MISC_MAN_SUFFIX)|g'\'' 	-e '\''s|__filemansuffix__|$(FILE_MAN_SUFFIX)|g'\'''
MISC_MAN_DIR='$(mandir)/man$(MISC_MAN_SUFFIX)'
MISC_MAN_SUFFIX='7'
MKDIR_P='/usr/bin/mkdir -p'
OBJEXT='o'
PACKAGE='xorgproto'
PACKAGE_BUGREPORT='https://gitlab.freedesktop.org/xorg/proto/xorgproto/issues'
PACKAGE_NAME='xorgproto'
PACKAGE_STRING='xorgproto 2024.1'
PACKAGE_TARNAME='xorgproto'
PACKAGE_URL=''
PACKAGE_VERSION='2024.1'
PATH_SEPARATOR=':'
PKG_CONFIG='/usr/bin/pkg-config'
PKG_CONFIG_LIBDIR=''
PKG_CONFIG_PATH=''
PYTHON='/usr/bin/python'
PYTHON_EXEC_PREFIX='${exec_prefix}'
PYTHON_PLATFORM='linux'
PYTHON_PREFIX='${prefix}'
PYTHON_VERSION='3.14'
SED='/usr/bin/sed'
SET_MAKE=''
SHELL='/bin/sh'
STRICT_CFLAGS=' -pedantic -Werror -Werror=attributes'
STRIP=''
STYLESHEET_SRCDIR=''
USE_FDS_BITS='__fds_bits'
VERSION='2024.1'
XMLTO=''
XORG_MAN_PAGE='X Version 11'
XORG_SGML_PATH=''
XSLTPROC='/usr/bin/xsltproc'
XSL_STYLESHEET=''
ac_ct_CC='gcc'
am__EXEEXT_FALSE=''
am__EXEEXT_TRUE='#'
am__fastdepCC_FALSE=''
am__fastdepCC_TRUE='#'
am__include='include'
am__isrc=''
am__leading_dot='.'
am__nodep='_no'
am__quote=''
am__tar='$${TAR-tar} chof - "$$tardir"'
am__untar='$${TAR-tar} xf -'
bindir='${exec_prefix}/bin'
build='x86_64-pc-linux-gnu'
build_alias=''
build_cpu='x86_64'
build_os='linux-gnu'
build_vendor='pc'
datadir='${datarootdir}'
datarootdir='${prefix}/share'
docdir='${datarootdir}/doc/${PACKAGE_TARNAME}'
dvidir='${docdir}'
exec_prefix='${prefix}'
host='x86_64-pc-linux-gnu'
host_alias=''
host_cpu='x86_64'
host_os='linux-gnu'
host_vendor='pc'
htmldir='${docdir}'
includedir='${prefix}/include'
infodir='${datarootdir}/info'
install_sh='${SHELL} /storage/rlinux/sources/libX11-1.8.5/xorgproto-2024.1/install-sh'
libdir='${exec_prefix}/lib'
libexecdir='${exec_prefix}/libexec'
localedir='${datarootdir}/locale'
localstatedir='${prefix}/var'
mandir='${datarootdir}/man'
mkdir_p='$(MKDIR_P)'
oldincludedir='/usr/include'
pdfdir='${docdir}'
pkgpyexecdir='${pyexecdir}/xorgproto'
pkgpythondir='${pythondir}/xorgproto'
prefix='/storage/rlinux/rootfs'
program_transform_name='s,x,x,'
psdir='${docdir}'
pyexecdir='${PYTHON_EXEC_PREFIX}/lib/python3.14/site-packages'
pythondir='${PYTHON_PREFIX}/lib/python3.14/site-packages'
runstatedir='${localstatedir}/run'
sbindir='${exec_prefix}/sbin'
sharedstatedir='${prefix}/com'
sysconfdir='${prefix}/etc'
target_alias=''

## ----------- ##
## confdefs.h. ##
## ----------- ##

/* confdefs.h */
#define PACKAGE_NAME "xorgproto"
#define PACKAGE_TARNAME "xorgproto"
#define PACKAGE_VERSION "2024.1"
#define PACKAGE_STRING "xorgproto 2024.1"
#define PACKAGE_BUGREPORT "https://gitlab.freedesktop.org/xorg/proto/xorgproto/issues"
#define PACKAGE_URL ""
#define PACKAGE "xorgproto"
#define VERSION "2024.1"
#define HAVE_STDIO_H 1
#define HAVE_STDLIB_H 1
#define HAVE_STRING_H 1
#define HAVE_INTTYPES_H 1
#define HAVE_STDINT_H 1
#define HAVE_STRINGS_H 1
#define HAVE_SYS_STAT_H 1
#define HAVE_SYS_TYPES_H 1
#define HAVE_UNISTD_H 1
#define STDC_HEADERS 1
#define PACKAGE_VERSION_MAJOR 2024
#define PACKAGE_VERSION_MINOR 1
#define PACKAGE_VERSION_PATCHLEVEL 0
#define HAVE_SYS_SELECT_H 1
#define HAVE_SYS_PARAM_H 1
#define HAVE_SYS_TYPES_H 1
#define HAVE_SYS_TIME_H 1

configure: exit 0
