This file contains any messages produced by compilers while
running configure, to aid debugging if configure makes a mistake.

It was created by libXrandr configure 1.5.5, which was
generated by GNU Autoconf 2.72.  Invocation command line was

  $ ./configure --prefix=/storage/rlinux/rootfs --enable-static

## --------- ##
## Platform. ##
## --------- ##

hostname = archlinux
uname -m = x86_64
uname -r = 6.18.7-arch1-1
uname -s = Linux
uname -v = #1 SMP PREEMPT_DYNAMIC Sat, 24 Jan 2026 00:47:39 +0000

/usr/bin/uname -p = unknown
/bin/uname -X     = unknown

/bin/arch              = unknown
/usr/bin/arch -k       = unknown
/usr/convex/getsysinfo = unknown
/usr/bin/hostinfo      = unknown
/bin/machine           = unknown
/usr/bin/oslevel       = unknown
/bin/universe          = unknown

PATH: /usr/local/sbin/
PATH: /usr/local/bin/
PATH: /usr/bin/
PATH: /var/lib/flatpak/exports/bin/
PATH: /usr/bin/site_perl/
PATH: /usr/bin/vendor_perl/
PATH: /usr/bin/core_perl/


## ----------- ##
## Core tests. ##
## ----------- ##

configure:2482: looking for aux files: compile config.guess config.sub ltmain.sh missing install-sh
configure:2495:  trying ./
configure:2524:   ./compile found
configure:2524:   ./config.guess found
configure:2524:   ./config.sub found
configure:2524:   ./ltmain.sh found
configure:2524:   ./missing found
configure:2506:   ./install-sh found
configure:2660: checking for a BSD-compatible install
configure:2734: result: /usr/bin/install -c
configure:2745: checking whether sleep supports fractional seconds
configure:2761: result: yes
configure:2764: checking filesystem timestamp resolution
configure:2899: result: 0.01
configure:2904: checking whether build environment is sane
configure:2949: result: yes
configure:3120: checking for a race-free mkdir -p
configure:3163: result: /usr/bin/mkdir -p
configure:3170: checking for gawk
configure:3191: found /usr/bin/gawk
configure:3203: result: gawk
configure:3214: checking whether make sets $(MAKE)
configure:3238: result: yes
configure:3264: checking whether make supports nested variables
configure:3283: result: yes
configure:3297: checking xargs -n works
configure:3313: result: yes
configure:3398: checking whether UID '1000' is supported by ustar format
configure:3404: result: yes
configure:3411: checking whether GID '1000' is supported by ustar format
configure:3417: result: yes
configure:3425: checking how to create a ustar tar archive
configure:3436: tar --version
tar (GNU tar) 1.35
Copyright (C) 2023 Free Software Foundation, Inc.
License GPLv3+: GNU GPL version 3 or later <https://gnu.org/licenses/gpl.html>.
This is free software: you are free to change and redistribute it.
There is NO WARRANTY, to the extent permitted by law.

Written by John Gilmore and Jay Fenlason.
configure:3439: $? = 0
configure:3479: tardir=conftest.dir && eval tar --format=ustar -chf - "$tardir" >conftest.tar
configure:3482: $? = 0
configure:3486: tar -xf - <conftest.tar
configure:3489: $? = 0
configure:3491: cat conftest.dir/file
GrepMe
configure:3494: $? = 0
configure:3509: result: gnutar
configure:3569: checking build system type
configure:3585: result: x86_64-pc-linux-gnu
configure:3605: checking host system type
configure:3620: result: x86_64-pc-linux-gnu
configure:3661: checking how to print strings
configure:3688: result: printf
configure:3722: checking whether make supports the include directive
configure:3737: make -f confmf.GNU && cat confinc.out
this is the am__doit target
configure:3740: $? = 0
configure:3759: result: yes (GNU style)
configure:3836: checking for gcc
configure:3857: found /usr/bin/gcc
configure:3869: result: gcc
configure:4228: checking for C compiler version
configure:4237: gcc --version >&5
gcc (GCC) 15.2.1 20260103
Copyright (C) 2025 Free Software Foundation, Inc.
This is free software; see the source for copying conditions.  There is NO
warranty; not even for MERCHANTABILITY or FITNESS FOR A PARTICULAR PURPOSE.

configure:4248: $? = 0
configure:4237: gcc -v >&5
Using built-in specs.
COLLECT_GCC=gcc
COLLECT_LTO_WRAPPER=/usr/lib/gcc/x86_64-pc-linux-gnu/15.2.1/lto-wrapper
Target: x86_64-pc-linux-gnu
Configured with: /build/gcc/src/gcc/configure --enable-languages=ada,c,c++,d,fortran,go,lto,m2,objc,obj-c++,rust,cobol --enable-bootstrap --prefix=/usr --libdir=/usr/lib --libexecdir=/usr/lib --mandir=/usr/share/man --infodir=/usr/share/info --with-bugurl=https://gitlab.archlinux.org/archlinux/packaging/packages/gcc/-/issues --with-build-config=bootstrap-lto --with-linker-hash-style=gnu --with-system-zlib --enable-__cxa_atexit --enable-cet=auto --enable-checking=release --enable-clocale=gnu --enable-default-pie --enable-default-ssp --enable-gnu-indirect-function --enable-gnu-unique-object --enable-libstdcxx-backtrace --enable-link-serialization=1 --enable-linker-build-id --enable-lto --enable-multilib --enable-plugin --enable-shared --enable-threads=posix --disable-libssp --disable-libstdcxx-pch --disable-werror
Thread model: posix
Supported LTO compression algorithms: zlib zstd
gcc version 15.2.1 20260103 (GCC) 
configure:4248: $? = 0
configure:4237: gcc -V >&5
gcc: error: unrecognized command-line option '-V'
gcc: fatal error: no input files
compilation terminated.
configure:4248: $? = 1
configure:4237: gcc -qversion >&5
gcc: error: unrecognized command-line option '-qversion'; did you mean '--version'?
gcc: fatal error: no input files
compilation terminated.
configure:4248: $? = 1
configure:4237: gcc -version >&5
gcc: error: unrecognized command-line option '-version'
gcc: fatal error: no input files
compilation terminated.
configure:4248: $? = 1
configure:4268: checking whether the C compiler works
configure:4290: gcc    conftest.c  >&5
configure:4294: $? = 0
configure:4345: result: yes
configure:4349: checking for C compiler default output file name
configure:4351: result: a.out
configure:4357: checking for suffix of executables
configure:4364: gcc -o conftest    conftest.c  >&5
configure:4368: $? = 0
configure:4392: result: 
configure:4416: checking whether we are cross compiling
configure:4424: gcc -o conftest    conftest.c  >&5
configure:4428: $? = 0
configure:4435: ./conftest
configure:4439: $? = 0
configure:4454: result: no
configure:4460: checking for suffix of object files
configure:4483: gcc -c   conftest.c >&5
configure:4487: $? = 0
configure:4511: result: o
configure:4515: checking whether the compiler supports GNU C
configure:4535: gcc -c   conftest.c >&5
configure:4535: $? = 0
configure:4547: result: yes
configure:4558: checking whether gcc accepts -g
configure:4579: gcc -c -g  conftest.c >&5
configure:4579: $? = 0
configure:4626: result: yes
configure:4646: checking for gcc option to enable C11 features
configure:4661: gcc  -c -g -O2  conftest.c >&5
configure:4661: $? = 0
configure:4680: result: none needed
configure:4804: checking whether gcc understands -c and -o together
configure:4827: gcc -c conftest.c -o conftest2.o
configure:4830: $? = 0
configure:4827: gcc -c conftest.c -o conftest2.o
configure:4830: $? = 0
configure:4846: result: yes
configure:4865: checking dependency style of gcc
configure:4978: result: gcc3
configure:4993: checking for a sed that does not truncate output
configure:5065: result: /usr/bin/sed
configure:5083: checking for grep that handles long lines and -e
configure:5149: result: /usr/bin/grep
configure:5154: checking for egrep
configure:5224: result: /usr/bin/grep -E
configure:5231: checking for fgrep
configure:5301: result: /usr/bin/grep -F
configure:5338: checking for ld used by gcc
configure:5407: result: /usr/bin/ld
configure:5414: checking if the linker (/usr/bin/ld) is GNU ld
configure:5431: result: yes
configure:5443: checking for BSD- or MS-compatible name lister (nm)
configure:5499: result: /usr/bin/nm -B
configure:5641: checking the name lister (/usr/bin/nm -B) interface
configure:5649: gcc -c -g -O2  conftest.c >&5
configure:5652: /usr/bin/nm -B "conftest.o"
configure:5655: output
0000000000000000 B some_variable
configure:5663: result: BSD nm
configure:5666: checking whether ln -s works
configure:5670: result: yes
configure:5678: checking the maximum length of command line arguments
configure:5811: result: 1572864
configure:5859: checking how to convert x86_64-pc-linux-gnu file names to x86_64-pc-linux-gnu format
configure:5901: result: func_convert_file_noop
configure:5908: checking how to convert x86_64-pc-linux-gnu file names to toolchain format
configure:5930: result: func_convert_file_noop
configure:5937: checking for /usr/bin/ld option to reload object files
configure:5946: result: -r
configure:5979: checking for file
configure:6000: found /usr/bin/file
configure:6013: result: file
configure:6076: checking for objdump
configure:6097: found /usr/bin/objdump
configure:6109: result: objdump
configure:6141: checking how to recognize dependent libraries
configure:6350: result: pass_all
configure:6441: checking for dlltool
configure:6477: result: no
configure:6507: checking how to associate runtime and link libraries
configure:6536: result: printf %s\n
configure:6597: checking for ranlib
configure:6618: found /usr/bin/ranlib
configure:6630: result: ranlib
configure:6707: checking for ar
configure:6728: found /usr/bin/ar
configure:6740: result: ar
configure:6793: checking for archiver @FILE support
configure:6811: gcc -c -g -O2  conftest.c >&5
configure:6811: $? = 0
configure:6815: ar cr libconftest.a @conftest.lst >&5
configure:6818: $? = 0
configure:6823: ar cr libconftest.a @conftest.lst >&5
ar: conftest.o: No such file or directory
configure:6826: $? = 1
configure:6839: result: @
configure:6903: checking for strip
configure:6924: found /usr/bin/strip
configure:6936: result: strip
configure:7039: checking command to parse /usr/bin/nm -B output from gcc object
configure:7193: gcc -c -g -O2  conftest.c >&5
configure:7196: $? = 0
configure:7200: /usr/bin/nm -B conftest.o | /usr/bin/sed -n -e 's/^.*[	 ]\([ABCDGIRSTW][ABCDGIRSTW]*\)[	 ][	 ]*\([_A-Za-z][_A-Za-z0-9]*\)$/\1 \2 \2/p' | /usr/bin/sed '/ __gnu_lto/d' > conftest.nm
configure:7266: gcc -o conftest -g -O2   conftest.c conftstm.o >&5
configure:7269: $? = 0
configure:7308: result: ok
configure:7355: checking for sysroot
configure:7389: result: no
configure:7396: checking for a working dd
configure:7441: result: /usr/bin/dd
configure:7445: checking how to truncate binary pipes
configure:7462: result: /usr/bin/dd bs=4096 count=1
configure:7599: gcc -c -g -O2  conftest.c >&5
configure:7602: $? = 0
configure:7802: checking for mt
configure:7838: result: no
configure:7858: checking if : is a manifest tool
configure:7865: : '-?'
configure:7874: result: no
configure:8671: checking for stdio.h
configure:8671: gcc -c -g -O2  conftest.c >&5
configure:8671: $? = 0
configure:8671: result: yes
configure:8671: checking for stdlib.h
configure:8671: gcc -c -g -O2  conftest.c >&5
configure:8671: $? = 0
configure:8671: result: yes
configure:8671: checking for string.h
configure:8671: gcc -c -g -O2  conftest.c >&5
configure:8671: $? = 0
configure:8671: result: yes
configure:8671: checking for inttypes.h
configure:8671: gcc -c -g -O2  conftest.c >&5
configure:8671: $? = 0
configure:8671: result: yes
configure:8671: checking for stdint.h
configure:8671: gcc -c -g -O2  conftest.c >&5
configure:8671: $? = 0
configure:8671: result: yes
configure:8671: checking for strings.h
configure:8671: gcc -c -g -O2  conftest.c >&5
configure:8671: $? = 0
configure:8671: result: yes
configure:8671: checking for sys/stat.h
configure:8671: gcc -c -g -O2  conftest.c >&5
configure:8671: $? = 0
configure:8671: result: yes
configure:8671: checking for sys/types.h
configure:8671: gcc -c -g -O2  conftest.c >&5
configure:8671: $? = 0
configure:8671: result: yes
configure:8671: checking for unistd.h
configure:8671: gcc -c -g -O2  conftest.c >&5
configure:8671: $? = 0
configure:8671: result: yes
configure:8696: checking for dlfcn.h
configure:8696: gcc -c -g -O2  conftest.c >&5
configure:8696: $? = 0
configure:8696: result: yes
configure:8999: checking for objdir
configure:9016: result: .libs
configure:9282: checking if gcc supports -fno-rtti -fno-exceptions
configure:9301: gcc -c -g -O2  -fno-rtti -fno-exceptions conftest.c >&5
cc1: warning: command-line option '-fno-rtti' is valid for C++/D/ObjC++ but not for C
configure:9305: $? = 0
configure:9319: result: no
configure:9692: checking for gcc option to produce PIC
configure:9701: result: -fPIC -DPIC
configure:9709: checking if gcc PIC flag -fPIC -DPIC works
configure:9728: gcc -c -g -O2  -fPIC -DPIC -DPIC conftest.c >&5
configure:9732: $? = 0
configure:9746: result: yes
configure:9775: checking if gcc static flag -static works
configure:9805: result: yes
configure:9820: checking if gcc supports -c -o file.o
configure:9842: gcc -c -g -O2  -o out/conftest2.o conftest.c >&5
configure:9846: $? = 0
configure:9869: result: yes
configure:9877: checking if gcc supports -c -o file.o
configure:9926: result: yes
configure:9959: checking whether the gcc linker (/usr/bin/ld -m elf_x86_64) supports shared libraries
configure:11243: result: yes
configure:11280: checking whether -lc should be explicitly linked in
configure:11289: gcc -c -g -O2  conftest.c >&5
configure:11292: $? = 0
configure:11307: gcc -shared  -fPIC -DPIC conftest.o  -v -Wl,-soname -Wl,conftest -o conftest 2\>\&1 \| /usr/bin/grep  -lc  \>/dev/null 2\>\&1
configure:11310: $? = 0
configure:11325: result: no
configure:11485: checking dynamic linker characteristics
configure:12104: gcc -o conftest -g -O2   -Wl,-rpath -Wl,/foo conftest.c  >&5
configure:12104: $? = 0
configure:12869: result: GNU/Linux ld.so
configure:12991: checking how to hardcode library paths into programs
configure:13016: result: immediate
configure:13616: checking whether stripping libraries is possible
configure:13625: result: yes
configure:13667: checking if libtool supports shared libraries
configure:13669: result: yes
configure:13672: checking whether to build shared libraries
configure:13697: result: yes
configure:13700: checking whether to build static libraries
configure:13704: result: yes
configure:13754: checking for gcc options needed to detect all undeclared functions
configure:13776: gcc -c -g -O2   conftest.c >&5
conftest.c: In function 'main':
conftest.c:27:8: error: 'strchr' undeclared (first use in this function)
   27 | (void) strchr;
      |        ^~~~~~
conftest.c:1:1: note: 'strchr' is defined in header '<string.h>'; this is probably fixable by adding '#include <string.h>'
    1 | /* confdefs.h */
conftest.c:27:8: note: each undeclared identifier is reported only once for each function it appears in
   27 | (void) strchr;
      |        ^~~~~~
configure:13776: $? = 1
configure: failed program was:
| /* confdefs.h */
| #define PACKAGE_NAME "libXrandr"
| #define PACKAGE_TARNAME "libXrandr"
| #define PACKAGE_VERSION "1.5.5"
| #define PACKAGE_STRING "libXrandr 1.5.5"
| #define PACKAGE_BUGREPORT "https://gitlab.freedesktop.org/xorg/lib/libxrandr/-/issues"
| #define PACKAGE_URL ""
| #define PACKAGE "libXrandr"
| #define VERSION "1.5.5"
| #define HAVE_STDIO_H 1
| #define HAVE_STDLIB_H 1
| #define HAVE_STRING_H 1
| #define HAVE_INTTYPES_H 1
| #define HAVE_STDINT_H 1
| #define HAVE_STRINGS_H 1
| #define HAVE_SYS_STAT_H 1
| #define HAVE_SYS_TYPES_H 1
| #define HAVE_UNISTD_H 1
| #define STDC_HEADERS 1
| #define HAVE_DLFCN_H 1
| #define LT_OBJDIR ".libs/"
| /* end confdefs.h.  */
| 
| int
| main (void)
| {
| (void) strchr;
|   ;
|   return 0;
| }
configure:13803: gcc -c -g -O2   conftest.c >&5
configure:13803: $? = 0
configure:13823: result: none needed
configure:13841: checking whether __clang__ is declared
configure:13841: gcc -c -g -O2   conftest.c >&5
conftest.c: In function 'main':
conftest.c:58:10: error: '__clang__' undeclared (first use in this function)
   58 |   (void) __clang__;
      |          ^~~~~~~~~
conftest.c:58:10: note: each undeclared identifier is reported only once for each function it appears in
configure:13841: $? = 1
configure: failed program was:
| /* confdefs.h */
| #define PACKAGE_NAME "libXrandr"
| #define PACKAGE_TARNAME "libXrandr"
| #define PACKAGE_VERSION "1.5.5"
| #define PACKAGE_STRING "libXrandr 1.5.5"
| #define PACKAGE_BUGREPORT "https://gitlab.freedesktop.org/xorg/lib/libxrandr/-/issues"
| #define PACKAGE_URL ""
| #define PACKAGE "libXrandr"
| #define VERSION "1.5.5"
| #define HAVE_STDIO_H 1
| #define HAVE_STDLIB_H 1
| #define HAVE_STRING_H 1
| #define HAVE_INTTYPES_H 1
| #define HAVE_STDINT_H 1
| #define HAVE_STRINGS_H 1
| #define HAVE_SYS_STAT_H 1
| #define HAVE_SYS_TYPES_H 1
| #define HAVE_UNISTD_H 1
| #define STDC_HEADERS 1
| #define HAVE_DLFCN_H 1
| #define LT_OBJDIR ".libs/"
| /* end confdefs.h.  */
| #include <stddef.h>
| #ifdef HAVE_STDIO_H
| # include <stdio.h>
| #endif
| #ifdef HAVE_STDLIB_H
| # include <stdlib.h>
| #endif
| #ifdef HAVE_STRING_H
| # include <string.h>
| #endif
| #ifdef HAVE_INTTYPES_H
| # include <inttypes.h>
| #endif
| #ifdef HAVE_STDINT_H
| # include <stdint.h>
| #endif
| #ifdef HAVE_STRINGS_H
| # include <strings.h>
| #endif
| #ifdef HAVE_SYS_TYPES_H
| # include <sys/types.h>
| #endif
| #ifdef HAVE_SYS_STAT_H
| # include <sys/stat.h>
| #endif
| #ifdef HAVE_UNISTD_H
| # include <unistd.h>
| #endif
| int
| main (void)
| {
| #ifndef __clang__
| #ifdef __cplusplus
|   (void) __clang__;
| #else
|   (void) __clang__;
| #endif
| #endif
| 
|   ;
|   return 0;
| }
configure:13841: result: no
configure:13849: checking whether __INTEL_COMPILER is declared
configure:13849: gcc -c -g -O2   conftest.c >&5
conftest.c: In function 'main':
conftest.c:58:10: error: '__INTEL_COMPILER' undeclared (first use in this function)
   58 |   (void) __INTEL_COMPILER;
      |          ^~~~~~~~~~~~~~~~
conftest.c:58:10: note: each undeclared identifier is reported only once for each function it appears in
configure:13849: $? = 1
configure: failed program was:
| /* confdefs.h */
| #define PACKAGE_NAME "libXrandr"
| #define PACKAGE_TARNAME "libXrandr"
| #define PACKAGE_VERSION "1.5.5"
| #define PACKAGE_STRING "libXrandr 1.5.5"
| #define PACKAGE_BUGREPORT "https://gitlab.freedesktop.org/xorg/lib/libxrandr/-/issues"
| #define PACKAGE_URL ""
| #define PACKAGE "libXrandr"
| #define VERSION "1.5.5"
| #define HAVE_STDIO_H 1
| #define HAVE_STDLIB_H 1
| #define HAVE_STRING_H 1
| #define HAVE_INTTYPES_H 1
| #define HAVE_STDINT_H 1
| #define HAVE_STRINGS_H 1
| #define HAVE_SYS_STAT_H 1
| #define HAVE_SYS_TYPES_H 1
| #define HAVE_UNISTD_H 1
| #define STDC_HEADERS 1
| #define HAVE_DLFCN_H 1
| #define LT_OBJDIR ".libs/"
| /* end confdefs.h.  */
| #include <stddef.h>
| #ifdef HAVE_STDIO_H
| # include <stdio.h>
| #endif
| #ifdef HAVE_STDLIB_H
| # include <stdlib.h>
| #endif
| #ifdef HAVE_STRING_H
| # include <string.h>
| #endif
| #ifdef HAVE_INTTYPES_H
| # include <inttypes.h>
| #endif
| #ifdef HAVE_STDINT_H
| # include <stdint.h>
| #endif
| #ifdef HAVE_STRINGS_H
| # include <strings.h>
| #endif
| #ifdef HAVE_SYS_TYPES_H
| # include <sys/types.h>
| #endif
| #ifdef HAVE_SYS_STAT_H
| # include <sys/stat.h>
| #endif
| #ifdef HAVE_UNISTD_H
| # include <unistd.h>
| #endif
| int
| main (void)
| {
| #ifndef __INTEL_COMPILER
| #ifdef __cplusplus
|   (void) __INTEL_COMPILER;
| #else
|   (void) __INTEL_COMPILER;
| #endif
| #endif
| 
|   ;
|   return 0;
| }
configure:13849: result: no
configure:13857: checking whether __SUNPRO_C is declared
configure:13857: gcc -c -g -O2   conftest.c >&5
conftest.c: In function 'main':
conftest.c:58:10: error: '__SUNPRO_C' undeclared (first use in this function)
   58 |   (void) __SUNPRO_C;
      |          ^~~~~~~~~~
conftest.c:58:10: note: each undeclared identifier is reported only once for each function it appears in
configure:13857: $? = 1
configure: failed program was:
| /* confdefs.h */
| #define PACKAGE_NAME "libXrandr"
| #define PACKAGE_TARNAME "libXrandr"
| #define PACKAGE_VERSION "1.5.5"
| #define PACKAGE_STRING "libXrandr 1.5.5"
| #define PACKAGE_BUGREPORT "https://gitlab.freedesktop.org/xorg/lib/libxrandr/-/issues"
| #define PACKAGE_URL ""
| #define PACKAGE "libXrandr"
| #define VERSION "1.5.5"
| #define HAVE_STDIO_H 1
| #define HAVE_STDLIB_H 1
| #define HAVE_STRING_H 1
| #define HAVE_INTTYPES_H 1
| #define HAVE_STDINT_H 1
| #define HAVE_STRINGS_H 1
| #define HAVE_SYS_STAT_H 1
| #define HAVE_SYS_TYPES_H 1
| #define HAVE_UNISTD_H 1
| #define STDC_HEADERS 1
| #define HAVE_DLFCN_H 1
| #define LT_OBJDIR ".libs/"
| /* end confdefs.h.  */
| #include <stddef.h>
| #ifdef HAVE_STDIO_H
| # include <stdio.h>
| #endif
| #ifdef HAVE_STDLIB_H
| # include <stdlib.h>
| #endif
| #ifdef HAVE_STRING_H
| # include <string.h>
| #endif
| #ifdef HAVE_INTTYPES_H
| # include <inttypes.h>
| #endif
| #ifdef HAVE_STDINT_H
| # include <stdint.h>
| #endif
| #ifdef HAVE_STRINGS_H
| # include <strings.h>
| #endif
| #ifdef HAVE_SYS_TYPES_H
| # include <sys/types.h>
| #endif
| #ifdef HAVE_SYS_STAT_H
| # include <sys/stat.h>
| #endif
| #ifdef HAVE_UNISTD_H
| # include <unistd.h>
| #endif
| int
| main (void)
| {
| #ifndef __SUNPRO_C
| #ifdef __cplusplus
|   (void) __SUNPRO_C;
| #else
|   (void) __SUNPRO_C;
| #endif
| #endif
| 
|   ;
|   return 0;
| }
configure:13857: result: no
configure:13926: checking for pkg-config
configure:13949: found /usr/bin/pkg-config
configure:13962: result: /usr/bin/pkg-config
configure:13987: checking pkg-config is at least version 0.9.0
configure:13990: result: yes
configure:14041: checking if gcc supports -Werror=unknown-warning-option
configure:14051: gcc -c -g -O2 -Werror=unknown-warning-option  conftest.c >&5
cc1: error: '-Werror=unknown-warning-option': no option '-Wunknown-warning-option'
configure:14051: $? = 1
configure: failed program was:
| /* confdefs.h */
| #define PACKAGE_NAME "libXrandr"
| #define PACKAGE_TARNAME "libXrandr"
| #define PACKAGE_VERSION "1.5.5"
| #define PACKAGE_STRING "libXrandr 1.5.5"
| #define PACKAGE_BUGREPORT "https://gitlab.freedesktop.org/xorg/lib/libxrandr/-/issues"
| #define PACKAGE_URL ""
| #define PACKAGE "libXrandr"
| #define VERSION "1.5.5"
| #define HAVE_STDIO_H 1
| #define HAVE_STDLIB_H 1
| #define HAVE_STRING_H 1
| #define HAVE_INTTYPES_H 1
| #define HAVE_STDINT_H 1
| #define HAVE_STRINGS_H 1
| #define HAVE_SYS_STAT_H 1
| #define HAVE_SYS_TYPES_H 1
| #define HAVE_UNISTD_H 1
| #define STDC_HEADERS 1
| #define HAVE_DLFCN_H 1
| #define LT_OBJDIR ".libs/"
| /* end confdefs.h.  */
| int i;
configure:14061: result: no
configure:14072: checking if gcc supports -Werror=unused-command-line-argument
configure:14082: gcc -c -g -O2 -Werror=unused-command-line-argument  conftest.c >&5
cc1: error: '-Werror=unused-command-line-argument': no option '-Wunused-command-line-argument'; did you mean '-Wunused-dummy-argument'?
configure:14082: $? = 1
configure: failed program was:
| /* confdefs.h */
| #define PACKAGE_NAME "libXrandr"
| #define PACKAGE_TARNAME "libXrandr"
| #define PACKAGE_VERSION "1.5.5"
| #define PACKAGE_STRING "libXrandr 1.5.5"
| #define PACKAGE_BUGREPORT "https://gitlab.freedesktop.org/xorg/lib/libxrandr/-/issues"
| #define PACKAGE_URL ""
| #define PACKAGE "libXrandr"
| #define VERSION "1.5.5"
| #define HAVE_STDIO_H 1
| #define HAVE_STDLIB_H 1
| #define HAVE_STRING_H 1
| #define HAVE_INTTYPES_H 1
| #define HAVE_STDINT_H 1
| #define HAVE_STRINGS_H 1
| #define HAVE_SYS_STAT_H 1
| #define HAVE_SYS_TYPES_H 1
| #define HAVE_UNISTD_H 1
| #define STDC_HEADERS 1
| #define HAVE_DLFCN_H 1
| #define LT_OBJDIR ".libs/"
| /* end confdefs.h.  */
| int i;
configure:14092: result: no
configure:14111: checking if gcc supports -Wall
configure:14129: gcc -o conftest -g -O2 -Wall   conftest.c  >&5
configure:14129: $? = 0
configure:14145: result: yes
configure:14241: checking if gcc supports -Wpointer-arith
configure:14259: gcc -o conftest -g -O2 -Wpointer-arith   conftest.c  >&5
configure:14259: $? = 0
configure:14275: result: yes
configure:14371: checking if gcc supports -Wmissing-declarations
configure:14389: gcc -o conftest -g -O2 -Wmissing-declarations   conftest.c  >&5
configure:14389: $? = 0
configure:14405: result: yes
configure:14501: checking if gcc supports -Wformat=2
configure:14519: gcc -o conftest -g -O2 -Wformat=2   conftest.c  >&5
configure:14519: $? = 0
configure:14535: result: yes
configure:14686: checking if gcc supports -Wstrict-prototypes
configure:14704: gcc -o conftest -g -O2 -Wstrict-prototypes   conftest.c  >&5
configure:14704: $? = 0
configure:14720: result: yes
configure:14816: checking if gcc supports -Wmissing-prototypes
configure:14834: gcc -o conftest -g -O2 -Wmissing-prototypes   conftest.c  >&5
configure:14834: $? = 0
configure:14850: result: yes
configure:14946: checking if gcc supports -Wnested-externs
configure:14964: gcc -o conftest -g -O2 -Wnested-externs   conftest.c  >&5
configure:14964: $? = 0
configure:14980: result: yes
configure:15076: checking if gcc supports -Wbad-function-cast
configure:15094: gcc -o conftest -g -O2 -Wbad-function-cast   conftest.c  >&5
configure:15094: $? = 0
configure:15110: result: yes
configure:15206: checking if gcc supports -Wold-style-definition
configure:15224: gcc -o conftest -g -O2 -Wold-style-definition   conftest.c  >&5
configure:15224: $? = 0
configure:15240: result: yes
configure:15393: checking if gcc supports -Wunused
configure:15411: gcc -o conftest -g -O2 -Wunused   conftest.c  >&5
configure:15411: $? = 0
configure:15427: result: yes
configure:15523: checking if gcc supports -Wuninitialized
configure:15541: gcc -o conftest -g -O2 -Wuninitialized   conftest.c  >&5
configure:15541: $? = 0
configure:15557: result: yes
configure:15653: checking if gcc supports -Wshadow
configure:15671: gcc -o conftest -g -O2 -Wshadow   conftest.c  >&5
configure:15671: $? = 0
configure:15687: result: yes
configure:15783: checking if gcc supports -Wmissing-noreturn
configure:15801: gcc -o conftest -g -O2 -Wmissing-noreturn   conftest.c  >&5
configure:15801: $? = 0
configure:15817: result: yes
configure:15913: checking if gcc supports -Wmissing-format-attribute
configure:15931: gcc -o conftest -g -O2 -Wmissing-format-attribute   conftest.c  >&5
configure:15931: $? = 0
configure:15947: result: yes
configure:16043: checking if gcc supports -Wredundant-decls
configure:16061: gcc -o conftest -g -O2 -Wredundant-decls   conftest.c  >&5
configure:16061: $? = 0
configure:16077: result: yes
configure:16173: checking if gcc supports -Wlogical-op
configure:16191: gcc -o conftest -g -O2 -Wlogical-op   conftest.c  >&5
configure:16191: $? = 0
configure:16207: result: yes
configure:16315: checking if gcc supports -Werror=implicit
configure:16333: gcc -o conftest -g -O2 -Werror=implicit   conftest.c  >&5
configure:16333: $? = 0
configure:16349: result: yes
configure:16498: checking if gcc supports -Werror=nonnull
configure:16516: gcc -o conftest -g -O2 -Werror=nonnull   conftest.c  >&5
configure:16516: $? = 0
configure:16532: result: yes
configure:16628: checking if gcc supports -Werror=init-self
configure:16646: gcc -o conftest -g -O2 -Werror=init-self   conftest.c  >&5
configure:16646: $? = 0
configure:16662: result: yes
configure:16758: checking if gcc supports -Werror=main
configure:16776: gcc -o conftest -g -O2 -Werror=main   conftest.c  >&5
configure:16776: $? = 0
configure:16792: result: yes
configure:16888: checking if gcc supports -Werror=missing-braces
configure:16906: gcc -o conftest -g -O2 -Werror=missing-braces   conftest.c  >&5
configure:16906: $? = 0
configure:16922: result: yes
configure:17018: checking if gcc supports -Werror=sequence-point
configure:17036: gcc -o conftest -g -O2 -Werror=sequence-point   conftest.c  >&5
configure:17036: $? = 0
configure:17052: result: yes
configure:17148: checking if gcc supports -Werror=return-type
configure:17166: gcc -o conftest -g -O2 -Werror=return-type   conftest.c  >&5
configure:17166: $? = 0
configure:17182: result: yes
configure:17331: checking if gcc supports -Werror=trigraphs
configure:17349: gcc -o conftest -g -O2 -Werror=trigraphs   conftest.c  >&5
configure:17349: $? = 0
configure:17365: result: yes
configure:17461: checking if gcc supports -Werror=array-bounds
configure:17479: gcc -o conftest -g -O2 -Werror=array-bounds   conftest.c  >&5
configure:17479: $? = 0
configure:17495: result: yes
configure:17591: checking if gcc supports -Werror=write-strings
configure:17609: gcc -o conftest -g -O2 -Werror=write-strings   conftest.c  >&5
configure:17609: $? = 0
configure:17625: result: yes
configure:17721: checking if gcc supports -Werror=address
configure:17739: gcc -o conftest -g -O2 -Werror=address   conftest.c  >&5
configure:17739: $? = 0
configure:17755: result: yes
configure:17851: checking if gcc supports -Werror=int-to-pointer-cast
configure:17869: gcc -o conftest -g -O2 -Werror=int-to-pointer-cast   conftest.c  >&5
configure:17869: $? = 0
configure:17885: result: yes
configure:18034: checking if gcc supports -Werror=pointer-to-int-cast
configure:18052: gcc -o conftest -g -O2 -Werror=pointer-to-int-cast   conftest.c  >&5
configure:18052: $? = 0
configure:18068: result: yes
configure:19892: checking if gcc supports -pedantic
configure:19910: gcc -o conftest -g -O2 -pedantic   conftest.c  >&5
configure:19910: $? = 0
configure:19926: result: yes
configure:20022: checking if gcc supports -Werror
configure:20040: gcc -o conftest -g -O2 -Werror   conftest.c  >&5
configure:20040: $? = 0
configure:20056: result: yes
configure:20208: checking if gcc supports -Werror=attributes
configure:20226: gcc -o conftest -g -O2 -Werror=attributes   conftest.c  >&5
configure:20226: $? = 0
configure:20242: result: yes
configure:20442: checking whether to act as if malloc(0) can return NULL
configure:20444: result: yes
configure:20470: checking for RANDR
configure:20477: $PKG_CONFIG --exists --print-errors "x11 >= 1.6 randrproto >= $RANDR_VERSION xext xextproto xrender renderproto"
configure:20480: $? = 0
configure:20494: $PKG_CONFIG --exists --print-errors "x11 >= 1.6 randrproto >= $RANDR_VERSION xext xextproto xrender renderproto"
configure:20497: $? = 0
configure:20555: result: yes
configure:20671: checking that generated files are newer than configure
configure:20677: result: done
configure:20712: creating ./config.status

## ---------------------- ##
## Running config.status. ##
## ---------------------- ##

This file was extended by libXrandr config.status 1.5.5, which was
generated by GNU Autoconf 2.72.  Invocation command line was

  CONFIG_FILES    = 
  CONFIG_HEADERS  = 
  CONFIG_LINKS    = 
  CONFIG_COMMANDS = 
  $ ./config.status 

on archlinux

config.status:1133: creating Makefile
config.status:1133: creating src/Makefile
config.status:1133: creating man/Makefile
config.status:1133: creating xrandr.pc
config.status:1133: creating config.h
config.status:1362: executing depfiles commands
config.status:1437: cd src       && sed -e '/# am--include-marker/d' Makefile         | make -f - am--depfiles
config.status:1444: $? = 0
config.status:1362: executing libtool commands

## ---------------- ##
## Cache variables. ##
## ---------------- ##

ac_cv_build=x86_64-pc-linux-gnu
ac_cv_c_compiler_gnu=yes
ac_cv_c_undeclared_builtin_options='none needed'
ac_cv_env_CC_set=
ac_cv_env_CC_value=
ac_cv_env_CFLAGS_set=
ac_cv_env_CFLAGS_value=
ac_cv_env_CPPFLAGS_set=
ac_cv_env_CPPFLAGS_value=
ac_cv_env_LDFLAGS_set=
ac_cv_env_LDFLAGS_value=
ac_cv_env_LIBS_set=
ac_cv_env_LIBS_value=
ac_cv_env_LT_SYS_LIBRARY_PATH_set=
ac_cv_env_LT_SYS_LIBRARY_PATH_value=
ac_cv_env_PKG_CONFIG_LIBDIR_set=
ac_cv_env_PKG_CONFIG_LIBDIR_value=
ac_cv_env_PKG_CONFIG_PATH_set=set
ac_cv_env_PKG_CONFIG_PATH_value=/storage/rlinux/rootfs/lib/pkgconfig:/storage/rlinux/rootfs/share/pkgconfig
ac_cv_env_PKG_CONFIG_set=
ac_cv_env_PKG_CONFIG_value=
ac_cv_env_RANDR_CFLAGS_set=
ac_cv_env_RANDR_CFLAGS_value=
ac_cv_env_RANDR_LIBS_set=
ac_cv_env_RANDR_LIBS_value=
ac_cv_env_build_alias_set=
ac_cv_env_build_alias_value=
ac_cv_env_host_alias_set=
ac_cv_env_host_alias_value=
ac_cv_env_target_alias_set=
ac_cv_env_target_alias_value=
ac_cv_have_decl___INTEL_COMPILER=no
ac_cv_have_decl___SUNPRO_C=no
ac_cv_have_decl___clang__=no
ac_cv_header_dlfcn_h=yes
ac_cv_header_inttypes_h=yes
ac_cv_header_stdint_h=yes
ac_cv_header_stdio_h=yes
ac_cv_header_stdlib_h=yes
ac_cv_header_string_h=yes
ac_cv_header_strings_h=yes
ac_cv_header_sys_stat_h=yes
ac_cv_header_sys_types_h=yes
ac_cv_header_unistd_h=yes
ac_cv_host=x86_64-pc-linux-gnu
ac_cv_objext=o
ac_cv_path_EGREP='/usr/bin/grep -E'
ac_cv_path_EGREP_TRADITIONAL='/usr/bin/grep -E'
ac_cv_path_FGREP='/usr/bin/grep -F'
ac_cv_path_GREP=/usr/bin/grep
ac_cv_path_SED=/usr/bin/sed
ac_cv_path_ac_pt_PKG_CONFIG=/usr/bin/pkg-config
ac_cv_path_install='/usr/bin/install -c'
ac_cv_path_lt_DD=/usr/bin/dd
ac_cv_path_mkdir=/usr/bin/mkdir
ac_cv_prog_AWK=gawk
ac_cv_prog_FILECMD=file
ac_cv_prog_ac_ct_AR=ar
ac_cv_prog_ac_ct_CC=gcc
ac_cv_prog_ac_ct_OBJDUMP=objdump
ac_cv_prog_ac_ct_RANLIB=ranlib
ac_cv_prog_ac_ct_STRIP=strip
ac_cv_prog_cc_c11=
ac_cv_prog_cc_g=yes
ac_cv_prog_cc_stdc=
ac_cv_prog_make_make_set=yes
am_cv_CC_dependencies_compiler_type=gcc3
am_cv_filesystem_timestamp_resolution=0.01
am_cv_make_support_nested_variables=yes
am_cv_prog_cc_c_o=yes
am_cv_prog_tar_ustar=gnutar
am_cv_sleep_fractional_seconds=yes
am_cv_xargs_n_works=yes
lt_cv_ar_at_file=@
lt_cv_archive_cmds_need_lc=no
lt_cv_deplibs_check_method=pass_all
lt_cv_file_magic_cmd='$MAGIC_CMD'
lt_cv_file_magic_test_file=
lt_cv_ld_reload_flag=-r
lt_cv_nm_interface='BSD nm'
lt_cv_objdir=.libs
lt_cv_path_LD=/usr/bin/ld
lt_cv_path_NM='/usr/bin/nm -B'
lt_cv_path_manifest_tool=no
lt_cv_prog_compiler_c_o=yes
lt_cv_prog_compiler_pic='-fPIC -DPIC'
lt_cv_prog_compiler_pic_works=yes
lt_cv_prog_compiler_rtti_exceptions=no
lt_cv_prog_compiler_static_works=yes
lt_cv_prog_gnu_ld=yes
lt_cv_sharedlib_from_linklib_cmd='printf %s\n'
lt_cv_shlibpath_overrides_runpath=yes
lt_cv_sys_global_symbol_pipe='/usr/bin/sed -n -e '\''s/^.*[	 ]\([ABCDGIRSTW][ABCDGIRSTW]*\)[	 ][	 ]*\([_A-Za-z][_A-Za-z0-9]*\)$/\1 \2 \2/p'\'' | /usr/bin/sed '\''/ __gnu_lto/d'\'''
lt_cv_sys_global_symbol_to_c_name_address='/usr/bin/sed -n -e '\''s/^: \(.*\) .*$/  {"\1", (void *) 0},/p'\'' -e '\''s/^[ABCDGIRSTW][ABCDGIRSTW]* .* \(.*\)$/  {"\1", (void *) \&\1},/p'\'''
lt_cv_sys_global_symbol_to_c_name_address_lib_prefix='/usr/bin/sed -n -e '\''s/^: \(.*\) .*$/  {"\1", (void *) 0},/p'\'' -e '\''s/^[ABCDGIRSTW][ABCDGIRSTW]* .* \(lib.*\)$/  {"\1", (void *) \&\1},/p'\'' -e '\''s/^[ABCDGIRSTW][ABCDGIRSTW]* .* \(.*\)$/  {"lib\1", (void *) \&\1},/p'\'''
lt_cv_sys_global_symbol_to_cdecl='/usr/bin/sed -n -e '\''s/^T .* \(.*\)$/extern int \1();/p'\'' -e '\''s/^[ABCDGIRSTW][ABCDGIRSTW]* .* \(.*\)$/extern char \1;/p'\'''
lt_cv_sys_global_symbol_to_import=
lt_cv_sys_max_cmd_len=1572864
lt_cv_to_host_file_cmd=func_convert_file_noop
lt_cv_to_tool_file_cmd=func_convert_file_noop
lt_cv_truncate_bin='/usr/bin/dd bs=4096 count=1'
pkg_cv_RANDR_CFLAGS=-I/storage/rlinux/rootfs/include
pkg_cv_RANDR_LIBS='-L/storage/rlinux/rootfs/lib -lXext -lXrender -lX11'
xorg_cv_cc_flag__Wall=yes
xorg_cv_cc_flag__Wbad_function_cast=yes
xorg_cv_cc_flag__Werror=yes
xorg_cv_cc_flag__Werror_address=yes
xorg_cv_cc_flag__Werror_array_bounds=yes
xorg_cv_cc_flag__Werror_attributes=yes
xorg_cv_cc_flag__Werror_implicit=yes
xorg_cv_cc_flag__Werror_init_self=yes
xorg_cv_cc_flag__Werror_int_to_pointer_cast=yes
xorg_cv_cc_flag__Werror_main=yes
xorg_cv_cc_flag__Werror_missing_braces=yes
xorg_cv_cc_flag__Werror_nonnull=yes
xorg_cv_cc_flag__Werror_pointer_to_int_cast=yes
xorg_cv_cc_flag__Werror_return_type=yes
xorg_cv_cc_flag__Werror_sequence_point=yes
xorg_cv_cc_flag__Werror_trigraphs=yes
xorg_cv_cc_flag__Werror_write_strings=yes
xorg_cv_cc_flag__Wformat_2=yes
xorg_cv_cc_flag__Wlogical_op=yes
xorg_cv_cc_flag__Wmissing_declarations=yes
xorg_cv_cc_flag__Wmissing_format_attribute=yes
xorg_cv_cc_flag__Wmissing_noreturn=yes
xorg_cv_cc_flag__Wmissing_prototypes=yes
xorg_cv_cc_flag__Wnested_externs=yes
xorg_cv_cc_flag__Wold_style_definition=yes
xorg_cv_cc_flag__Wpointer_arith=yes
xorg_cv_cc_flag__Wredundant_decls=yes
xorg_cv_cc_flag__Wshadow=yes
xorg_cv_cc_flag__Wstrict_prototypes=yes
xorg_cv_cc_flag__Wuninitialized=yes
xorg_cv_cc_flag__Wunused=yes
xorg_cv_cc_flag__pedantic=yes
xorg_cv_cc_flag_unknown_warning_option=no
xorg_cv_cc_flag_unused_command_line_argument=no

## ----------------- ##
## Output variables. ##
## ----------------- ##

ACLOCAL='${SHELL} '\''/storage/rlinux/sources/libXrandr-1.5.5/missing'\'' aclocal-1.18'
ADMIN_MAN_DIR='$(mandir)/man$(ADMIN_MAN_SUFFIX)'
ADMIN_MAN_SUFFIX='8'
AMDEPBACKSLASH='\'
AMDEP_FALSE='#'
AMDEP_TRUE=''
AMTAR='$${TAR-tar}'
AM_BACKSLASH='\'
AM_DEFAULT_V='$(AM_DEFAULT_VERBOSITY)'
AM_DEFAULT_VERBOSITY='0'
AM_V='$(V)'
APP_MAN_DIR='$(mandir)/man$(APP_MAN_SUFFIX)'
APP_MAN_SUFFIX='1'
AR='ar'
AUTOCONF='${SHELL} '\''/storage/rlinux/sources/libXrandr-1.5.5/missing'\'' autoconf'
AUTOHEADER='${SHELL} '\''/storage/rlinux/sources/libXrandr-1.5.5/missing'\'' autoheader'
AUTOMAKE='${SHELL} '\''/storage/rlinux/sources/libXrandr-1.5.5/missing'\'' automake-1.18'
AWK='gawk'
BASE_CFLAGS=' -Wall -Wpointer-arith -Wmissing-declarations -Wformat=2 -Wstrict-prototypes -Wmissing-prototypes -Wnested-externs -Wbad-function-cast -Wold-style-definition -Wunused -Wuninitialized -Wshadow -Wmissing-noreturn -Wmissing-format-attribute -Wredundant-decls -Wlogical-op -Werror=implicit -Werror=nonnull -Werror=init-self -Werror=main -Werror=missing-braces -Werror=sequence-point -Werror=return-type -Werror=trigraphs -Werror=array-bounds -Werror=write-strings -Werror=address -Werror=int-to-pointer-cast -Werror=pointer-to-int-cast'
CC='gcc'
CCDEPMODE='depmode=gcc3'
CFLAGS='-g -O2'
CHANGELOG_CMD='((GIT_DIR=$(top_srcdir)/.git git log > $(top_srcdir)/.changelog.tmp) 2>/dev/null && mv $(top_srcdir)/.changelog.tmp $(top_srcdir)/ChangeLog) || (rm -f $(top_srcdir)/.changelog.tmp; test -e $(top_srcdir)/ChangeLog || ( touch $(top_srcdir)/ChangeLog; echo '\''git failed to create ChangeLog: installing empty ChangeLog.'\'' >&2))'
CPPFLAGS=''
CSCOPE='cscope'
CTAGS='ctags'
CWARNFLAGS=' -Wall -Wpointer-arith -Wmissing-declarations -Wformat=2 -Wstrict-prototypes -Wmissing-prototypes -Wnested-externs -Wbad-function-cast -Wold-style-definition -Wunused -Wuninitialized -Wshadow -Wmissing-noreturn -Wmissing-format-attribute -Wredundant-decls -Wlogical-op -Werror=implicit -Werror=nonnull -Werror=init-self -Werror=main -Werror=missing-braces -Werror=sequence-point -Werror=return-type -Werror=trigraphs -Werror=array-bounds -Werror=write-strings -Werror=address -Werror=int-to-pointer-cast -Werror=pointer-to-int-cast -fno-strict-aliasing'
CYGPATH_W='echo'
DEFS='-DHAVE_CONFIG_H'
DEPDIR='.deps'
DLLTOOL='false'
DRIVER_MAN_DIR='$(mandir)/man$(DRIVER_MAN_SUFFIX)'
DRIVER_MAN_SUFFIX='4'
DSYMUTIL=''
DUMPBIN=''
ECHO_C=''
ECHO_N='-n'
ECHO_T=''
EGREP='/usr/bin/grep -E'
ETAGS='etags'
EXEEXT=''
FGREP='/usr/bin/grep -F'
FILECMD='file'
FILE_MAN_DIR='$(mandir)/man$(FILE_MAN_SUFFIX)'
FILE_MAN_SUFFIX='5'
GREP='/usr/bin/grep'
INSTALL_CMD='(cp -f /INSTALL $(top_srcdir)/.INSTALL.tmp && mv $(top_srcdir)/.INSTALL.tmp $(top_srcdir)/INSTALL) || (rm -f $(top_srcdir)/.INSTALL.tmp; test -e $(top_srcdir)/INSTALL || ( touch $(top_srcdir)/INSTALL; echo '\''failed to copy INSTALL from util-macros: installing empty INSTALL.'\'' >&2))'
INSTALL_DATA='${INSTALL} -m 644'
INSTALL_PROGRAM='${INSTALL}'
INSTALL_SCRIPT='${INSTALL}'
INSTALL_STRIP_PROGRAM='$(install_sh) -c -s'
LD='/usr/bin/ld -m elf_x86_64'
LDFLAGS=''
LIBOBJS=''
LIBS=''
LIBTOOL='$(SHELL) $(top_builddir)/libtool'
LIB_MAN_DIR='$(mandir)/man$(LIB_MAN_SUFFIX)'
LIB_MAN_SUFFIX='3'
LIPO=''
LN_S='ln -s'
LTLIBOBJS=''
LT_SYS_LIBRARY_PATH=''
MAKEINFO='${SHELL} '\''/storage/rlinux/sources/libXrandr-1.5.5/missing'\'' makeinfo'
MALLOC_ZERO_CFLAGS='-DMALLOC_0_RETURNS_NULL'
MANIFEST_TOOL=':'
MAN_SUBSTS='	-e '\''s|__vendorversion__|"$(PACKAGE_STRING)" "$(XORG_MAN_PAGE)"|'\'' 	-e '\''s|__xorgversion__|"$(PACKAGE_STRING)" "$(XORG_MAN_PAGE)"|'\'' 	-e '\''s|__xservername__|Xorg|g'\'' 	-e '\''s|__xconfigfile__|xorg.conf|g'\'' 	-e '\''s|__projectroot__|$(prefix)|g'\'' 	-e '\''s|__apploaddir__|$(appdefaultdir)|g'\'' 	-e '\''s|__appmansuffix__|$(APP_MAN_SUFFIX)|g'\'' 	-e '\''s|__drivermansuffix__|$(DRIVER_MAN_SUFFIX)|g'\'' 	-e '\''s|__adminmansuffix__|$(ADMIN_MAN_SUFFIX)|g'\'' 	-e '\''s|__libmansuffix__|$(LIB_MAN_SUFFIX)|g'\'' 	-e '\''s|__miscmansuffix__|$(MISC_MAN_SUFFIX)|g'\'' 	-e '\''s|__filemansuffix__|$(FILE_MAN_SUFFIX)|g'\'''
MISC_MAN_DIR='$(mandir)/man$(MISC_MAN_SUFFIX)'
MISC_MAN_SUFFIX='7'
MKDIR_P='/usr/bin/mkdir -p'
NM='/usr/bin/nm -B'
NMEDIT=''
OBJDUMP='objdump'
OBJEXT='o'
OTOOL64=''
OTOOL=''
PACKAGE='libXrandr'
PACKAGE_BUGREPORT='https://gitlab.freedesktop.org/xorg/lib/libxrandr/-/issues'
PACKAGE_NAME='libXrandr'
PACKAGE_STRING='libXrandr 1.5.5'
PACKAGE_TARNAME='libXrandr'
PACKAGE_URL=''
PACKAGE_VERSION='1.5.5'
PATH_SEPARATOR=':'
PKG_CONFIG='/usr/bin/pkg-config'
PKG_CONFIG_LIBDIR=''
PKG_CONFIG_PATH='/storage/rlinux/rootfs/lib/pkgconfig:/storage/rlinux/rootfs/share/pkgconfig'
RANDR_CFLAGS='-I/storage/rlinux/rootfs/include'
RANDR_LIBS='-L/storage/rlinux/rootfs/lib -lXext -lXrender -lX11'
RANDR_VERSION='1.5'
RANLIB='ranlib'
SED='/usr/bin/sed'
SET_MAKE=''
SHELL='/bin/sh'
STRICT_CFLAGS=' -pedantic -Werror -Werror=attributes'
STRIP='strip'
VERSION='1.5.5'
XMALLOC_ZERO_CFLAGS='-DMALLOC_0_RETURNS_NULL'
XORG_MAN_PAGE='X Version 11'
XTMALLOC_ZERO_CFLAGS='-DMALLOC_0_RETURNS_NULL -DXTMALLOC_BC'
ac_ct_AR='ar'
ac_ct_CC='gcc'
ac_ct_DUMPBIN=''
am__EXEEXT_FALSE=''
am__EXEEXT_TRUE='#'
am__fastdepCC_FALSE='#'
am__fastdepCC_TRUE=''
am__include='include'
am__isrc=''
am__leading_dot='.'
am__nodep='_no'
am__quote=''
am__rm_f_notfound=''
am__tar='tar --format=ustar -chf - "$$tardir"'
am__untar='tar -xf -'
am__xargs_n='xargs -n'
bindir='${exec_prefix}/bin'
build='x86_64-pc-linux-gnu'
build_alias=''
build_cpu='x86_64'
build_os='linux-gnu'
build_vendor='pc'
datadir='${datarootdir}'
datarootdir='${prefix}/share'
docdir='${datarootdir}/doc/${PACKAGE_TARNAME}'
dvidir='${docdir}'
exec_prefix='${prefix}'
host='x86_64-pc-linux-gnu'
host_alias=''
host_cpu='x86_64'
host_os='linux-gnu'
host_vendor='pc'
htmldir='${docdir}'
includedir='${prefix}/include'
infodir='${datarootdir}/info'
install_sh='${SHELL} /storage/rlinux/sources/libXrandr-1.5.5/install-sh'
libdir='${exec_prefix}/lib'
libexecdir='${exec_prefix}/libexec'
localedir='${datarootdir}/locale'
localstatedir='${prefix}/var'
mandir='${datarootdir}/man'
mkdir_p='$(MKDIR_P)'
oldincludedir='/usr/include'
pdfdir='${docdir}'
prefix='/storage/rlinux/rootfs'
program_transform_name='s,x,x,'
psdir='${docdir}'
runstatedir='${localstatedir}/run'
sbindir='${exec_prefix}/sbin'
sharedstatedir='${prefix}/com'
sysconfdir='${prefix}/etc'
target_alias=''

## ----------- ##
## confdefs.h. ##
## ----------- ##

/* confdefs.h */
#define PACKAGE_NAME "libXrandr"
#define PACKAGE_TARNAME "libXrandr"
#define PACKAGE_VERSION "1.5.5"
#define PACKAGE_STRING "libXrandr 1.5.5"
#define PACKAGE_BUGREPORT "https://gitlab.freedesktop.org/xorg/lib/libxrandr/-/issues"
#define PACKAGE_URL ""
#define PACKAGE "libXrandr"
#define VERSION "1.5.5"
#define HAVE_STDIO_H 1
#define HAVE_STDLIB_H 1
#define HAVE_STRING_H 1
#define HAVE_INTTYPES_H 1
#define HAVE_STDINT_H 1
#define HAVE_STRINGS_H 1
#define HAVE_SYS_STAT_H 1
#define HAVE_SYS_TYPES_H 1
#define HAVE_UNISTD_H 1
#define STDC_HEADERS 1
#define HAVE_DLFCN_H 1
#define LT_OBJDIR ".libs/"
#define PACKAGE_VERSION_MAJOR 1
#define PACKAGE_VERSION_MINOR 5
#define PACKAGE_VERSION_PATCHLEVEL 5

configure: exit 0
