This file contains any messages produced by compilers while
running configure, to aid debugging if configure makes a mistake.

It was created by xcb-util-image configure 0.4.1, which was
generated by GNU Autoconf 2.71.  Invocation command line was

  $ ./configure --prefix=/storage/rlinux/rootfs --enable-static

## --------- ##
## Platform. ##
## --------- ##

hostname = archlinux
uname -m = x86_64
uname -r = 6.18.7-arch1-1
uname -s = Linux
uname -v = #1 SMP PREEMPT_DYNAMIC Sat, 24 Jan 2026 00:47:39 +0000

/usr/bin/uname -p = unknown
/bin/uname -X     = unknown

/bin/arch              = unknown
/usr/bin/arch -k       = unknown
/usr/convex/getsysinfo = unknown
/usr/bin/hostinfo      = unknown
/bin/machine           = unknown
/usr/bin/oslevel       = unknown
/bin/universe          = unknown

PATH: /usr/local/sbin/
PATH: /usr/local/bin/
PATH: /usr/bin/
PATH: /var/lib/flatpak/exports/bin/
PATH: /usr/bin/site_perl/
PATH: /usr/bin/vendor_perl/
PATH: /usr/bin/core_perl/


## ----------- ##
## Core tests. ##
## ----------- ##

configure:2498: looking for aux files: compile config.guess config.sub ltmain.sh missing install-sh
configure:2511:  trying ./
configure:2540:   ./compile found
configure:2540:   ./config.guess found
configure:2540:   ./config.sub found
configure:2540:   ./ltmain.sh found
configure:2540:   ./missing found
configure:2522:   ./install-sh found
configure:2673: checking for a BSD-compatible install
configure:2746: result: /usr/bin/install -c
configure:2757: checking whether build environment is sane
configure:2812: result: yes
configure:2971: checking for a race-free mkdir -p
configure:3015: result: /usr/bin/mkdir -p
configure:3022: checking for gawk
configure:3043: found /usr/bin/gawk
configure:3054: result: gawk
configure:3065: checking whether make sets $(MAKE)
configure:3088: result: yes
configure:3118: checking whether make supports nested variables
configure:3136: result: yes
configure:3305: checking build system type
configure:3320: result: x86_64-pc-linux-gnu
configure:3340: checking host system type
configure:3354: result: x86_64-pc-linux-gnu
configure:3395: checking how to print strings
configure:3422: result: printf
configure:3456: checking whether make supports the include directive
configure:3471: make -f confmf.GNU && cat confinc.out
this is the am__doit target
configure:3474: $? = 0
configure:3493: result: yes (GNU style)
configure:3569: checking for gcc
configure:3590: found /usr/bin/gcc
configure:3601: result: gcc
configure:3954: checking for C compiler version
configure:3963: gcc --version >&5
gcc (GCC) 15.2.1 20260103
Copyright (C) 2025 Free Software Foundation, Inc.
This is free software; see the source for copying conditions.  There is NO
warranty; not even for MERCHANTABILITY or FITNESS FOR A PARTICULAR PURPOSE.

configure:3974: $? = 0
configure:3963: gcc -v >&5
Using built-in specs.
COLLECT_GCC=gcc
COLLECT_LTO_WRAPPER=/usr/lib/gcc/x86_64-pc-linux-gnu/15.2.1/lto-wrapper
Target: x86_64-pc-linux-gnu
Configured with: /build/gcc/src/gcc/configure --enable-languages=ada,c,c++,d,fortran,go,lto,m2,objc,obj-c++,rust,cobol --enable-bootstrap --prefix=/usr --libdir=/usr/lib --libexecdir=/usr/lib --mandir=/usr/share/man --infodir=/usr/share/info --with-bugurl=https://gitlab.archlinux.org/archlinux/packaging/packages/gcc/-/issues --with-build-config=bootstrap-lto --with-linker-hash-style=gnu --with-system-zlib --enable-__cxa_atexit --enable-cet=auto --enable-checking=release --enable-clocale=gnu --enable-default-pie --enable-default-ssp --enable-gnu-indirect-function --enable-gnu-unique-object --enable-libstdcxx-backtrace --enable-link-serialization=1 --enable-linker-build-id --enable-lto --enable-multilib --enable-plugin --enable-shared --enable-threads=posix --disable-libssp --disable-libstdcxx-pch --disable-werror
Thread model: posix
Supported LTO compression algorithms: zlib zstd
gcc version 15.2.1 20260103 (GCC) 
configure:3974: $? = 0
configure:3963: gcc -V >&5
gcc: error: unrecognized command-line option '-V'
gcc: fatal error: no input files
compilation terminated.
configure:3974: $? = 1
configure:3963: gcc -qversion >&5
gcc: error: unrecognized command-line option '-qversion'; did you mean '--version'?
gcc: fatal error: no input files
compilation terminated.
configure:3974: $? = 1
configure:3963: gcc -version >&5
gcc: error: unrecognized command-line option '-version'
gcc: fatal error: no input files
compilation terminated.
configure:3974: $? = 1
configure:3994: checking whether the C compiler works
configure:4016: gcc    conftest.c  >&5
configure:4020: $? = 0
configure:4070: result: yes
configure:4073: checking for C compiler default output file name
configure:4075: result: a.out
configure:4081: checking for suffix of executables
configure:4088: gcc -o conftest    conftest.c  >&5
configure:4092: $? = 0
configure:4115: result: 
configure:4137: checking whether we are cross compiling
configure:4145: gcc -o conftest    conftest.c  >&5
configure:4149: $? = 0
configure:4156: ./conftest
configure:4160: $? = 0
configure:4175: result: no
configure:4180: checking for suffix of object files
configure:4203: gcc -c   conftest.c >&5
configure:4207: $? = 0
configure:4229: result: o
configure:4233: checking whether the compiler supports GNU C
configure:4253: gcc -c   conftest.c >&5
configure:4253: $? = 0
configure:4263: result: yes
configure:4274: checking whether gcc accepts -g
configure:4295: gcc -c -g  conftest.c >&5
configure:4295: $? = 0
configure:4339: result: yes
configure:4359: checking for gcc option to enable C11 features
configure:4374: gcc  -c -g -O2  conftest.c >&5
conftest.c: In function 'e':
conftest.c:25:14: warning: old-style function definition [-Wold-style-definition]
   25 | static char *e (p, i)
      |              ^
configure:4374: $? = 0
configure:4392: result: none needed
configure:4508: checking whether gcc understands -c and -o together
configure:4531: gcc -c conftest.c -o conftest2.o
configure:4534: $? = 0
configure:4531: gcc -c conftest.c -o conftest2.o
configure:4534: $? = 0
configure:4546: result: yes
configure:4565: checking dependency style of gcc
configure:4677: result: gcc3
configure:4692: checking for a sed that does not truncate output
configure:4762: result: /usr/bin/sed
configure:4780: checking for grep that handles long lines and -e
configure:4844: result: /usr/bin/grep
configure:4849: checking for egrep
configure:4917: result: /usr/bin/grep -E
configure:4922: checking for fgrep
configure:4990: result: /usr/bin/grep -F
configure:5026: checking for ld used by gcc
configure:5094: result: /usr/bin/ld
configure:5101: checking if the linker (/usr/bin/ld) is GNU ld
configure:5117: result: yes
configure:5129: checking for BSD- or MS-compatible name lister (nm)
configure:5184: result: /usr/bin/nm -B
configure:5324: checking the name lister (/usr/bin/nm -B) interface
configure:5332: gcc -c -g -O2  conftest.c >&5
configure:5335: /usr/bin/nm -B "conftest.o"
configure:5338: output
0000000000000000 B some_variable
configure:5345: result: BSD nm
configure:5348: checking whether ln -s works
configure:5352: result: yes
configure:5360: checking the maximum length of command line arguments
configure:5492: result: 1572864
configure:5540: checking how to convert x86_64-pc-linux-gnu file names to x86_64-pc-linux-gnu format
configure:5581: result: func_convert_file_noop
configure:5588: checking how to convert x86_64-pc-linux-gnu file names to toolchain format
configure:5609: result: func_convert_file_noop
configure:5616: checking for /usr/bin/ld option to reload object files
configure:5624: result: -r
configure:5703: checking for file
configure:5724: found /usr/bin/file
configure:5735: result: file
configure:5811: checking for objdump
configure:5832: found /usr/bin/objdump
configure:5843: result: objdump
configure:5875: checking how to recognize dependent libraries
configure:6076: result: pass_all
configure:6166: checking for dlltool
configure:6201: result: no
configure:6231: checking how to associate runtime and link libraries
configure:6259: result: printf %s\n
configure:6325: checking for ar
configure:6346: found /usr/bin/ar
configure:6357: result: ar
configure:6410: checking for archiver @FILE support
configure:6428: gcc -c -g -O2  conftest.c >&5
configure:6428: $? = 0
configure:6432: ar cr libconftest.a @conftest.lst >&5
configure:6435: $? = 0
configure:6440: ar cr libconftest.a @conftest.lst >&5
ar: conftest.o: No such file or directory
configure:6443: $? = 1
configure:6455: result: @
configure:6518: checking for strip
configure:6539: found /usr/bin/strip
configure:6550: result: strip
configure:6627: checking for ranlib
configure:6648: found /usr/bin/ranlib
configure:6659: result: ranlib
configure:6761: checking command to parse /usr/bin/nm -B output from gcc object
configure:6915: gcc -c -g -O2  conftest.c >&5
configure:6918: $? = 0
configure:6922: /usr/bin/nm -B conftest.o \| /usr/bin/sed -n -e 's/^.*[ ]\([ABCDGIRSTW][ABCDGIRSTW]*\)[ ][ ]*\([_A-Za-z][_A-Za-z0-9]*\)$/\1 \2 \2/p' | /usr/bin/sed '/ __gnu_lto/d' \> conftest.nm
configure:6925: $? = 0
configure:6991: gcc -o conftest -g -O2   conftest.c conftstm.o >&5
configure:6994: $? = 0
configure:7032: result: ok
configure:7079: checking for sysroot
configure:7110: result: no
configure:7117: checking for a working dd
configure:7161: result: /usr/bin/dd
configure:7165: checking how to truncate binary pipes
configure:7181: result: /usr/bin/dd bs=4096 count=1
configure:7318: gcc -c -g -O2  conftest.c >&5
configure:7321: $? = 0
configure:7518: checking for mt
configure:7553: result: no
configure:7573: checking if : is a manifest tool
configure:7580: : '-?'
configure:7588: result: no
configure:8313: checking for stdio.h
configure:8313: gcc -c -g -O2  conftest.c >&5
configure:8313: $? = 0
configure:8313: result: yes
configure:8313: checking for stdlib.h
configure:8313: gcc -c -g -O2  conftest.c >&5
configure:8313: $? = 0
configure:8313: result: yes
configure:8313: checking for string.h
configure:8313: gcc -c -g -O2  conftest.c >&5
configure:8313: $? = 0
configure:8313: result: yes
configure:8313: checking for inttypes.h
configure:8313: gcc -c -g -O2  conftest.c >&5
configure:8313: $? = 0
configure:8313: result: yes
configure:8313: checking for stdint.h
configure:8313: gcc -c -g -O2  conftest.c >&5
configure:8313: $? = 0
configure:8313: result: yes
configure:8313: checking for strings.h
configure:8313: gcc -c -g -O2  conftest.c >&5
configure:8313: $? = 0
configure:8313: result: yes
configure:8313: checking for sys/stat.h
configure:8313: gcc -c -g -O2  conftest.c >&5
configure:8313: $? = 0
configure:8313: result: yes
configure:8313: checking for sys/types.h
configure:8313: gcc -c -g -O2  conftest.c >&5
configure:8313: $? = 0
configure:8313: result: yes
configure:8313: checking for unistd.h
configure:8313: gcc -c -g -O2  conftest.c >&5
configure:8313: $? = 0
configure:8313: result: yes
configure:8338: checking for dlfcn.h
configure:8338: gcc -c -g -O2  conftest.c >&5
configure:8338: $? = 0
configure:8338: result: yes
configure:8597: checking for objdir
configure:8613: result: .libs
configure:8877: checking if gcc supports -fno-rtti -fno-exceptions
configure:8896: gcc -c -g -O2  -fno-rtti -fno-exceptions conftest.c >&5
cc1: warning: command-line option '-fno-rtti' is valid for C++/D/ObjC++ but not for C
configure:8900: $? = 0
configure:8913: result: no
configure:9271: checking for gcc option to produce PIC
configure:9279: result: -fPIC -DPIC
configure:9287: checking if gcc PIC flag -fPIC -DPIC works
configure:9306: gcc -c -g -O2  -fPIC -DPIC -DPIC conftest.c >&5
configure:9310: $? = 0
configure:9323: result: yes
configure:9352: checking if gcc static flag -static works
configure:9381: result: yes
configure:9396: checking if gcc supports -c -o file.o
configure:9418: gcc -c -g -O2  -o out/conftest2.o conftest.c >&5
configure:9422: $? = 0
configure:9444: result: yes
configure:9452: checking if gcc supports -c -o file.o
configure:9500: result: yes
configure:9533: checking whether the gcc linker (/usr/bin/ld -m elf_x86_64) supports shared libraries
configure:10801: result: yes
configure:10838: checking whether -lc should be explicitly linked in
configure:10847: gcc -c -g -O2  conftest.c >&5
configure:10850: $? = 0
configure:10865: gcc -shared  -fPIC -DPIC conftest.o  -v -Wl,-soname -Wl,conftest -o conftest 2\>\&1 \| /usr/bin/grep  -lc  \>/dev/null 2\>\&1
configure:10868: $? = 0
configure:10882: result: no
configure:11042: checking dynamic linker characteristics
configure:11624: gcc -o conftest -g -O2   -Wl,-rpath -Wl,/foo conftest.c  >&5
configure:11624: $? = 0
configure:11863: result: GNU/Linux ld.so
configure:11985: checking how to hardcode library paths into programs
configure:12010: result: immediate
configure:12562: checking whether stripping libraries is possible
configure:12571: result: yes
configure:12613: checking if libtool supports shared libraries
configure:12615: result: yes
configure:12618: checking whether to build shared libraries
configure:12643: result: yes
configure:12646: checking whether to build static libraries
configure:12650: result: yes
configure:12746: checking for pkg-config
configure:12769: found /usr/bin/pkg-config
configure:12781: result: /usr/bin/pkg-config
configure:12806: checking pkg-config is at least version 0.9.0
configure:12809: result: yes
configure:12818: checking for gcc options needed to detect all undeclared functions
configure:12840: gcc -c -g -O2   conftest.c >&5
conftest.c: In function 'main':
conftest.c:27:8: error: 'strchr' undeclared (first use in this function)
   27 | (void) strchr;
      |        ^~~~~~
conftest.c:1:1: note: 'strchr' is defined in header '<string.h>'; this is probably fixable by adding '#include <string.h>'
    1 | /* confdefs.h */
conftest.c:27:8: note: each undeclared identifier is reported only once for each function it appears in
   27 | (void) strchr;
      |        ^~~~~~
configure:12840: $? = 1
configure: failed program was:
| /* confdefs.h */
| #define PACKAGE_NAME "xcb-util-image"
| #define PACKAGE_TARNAME "xcb-util-image"
| #define PACKAGE_VERSION "0.4.1"
| #define PACKAGE_STRING "xcb-util-image 0.4.1"
| #define PACKAGE_BUGREPORT "https://gitlab.freedesktop.org/xorg/lib/libxcb-image/-/issues"
| #define PACKAGE_URL ""
| #define PACKAGE "xcb-util-image"
| #define VERSION "0.4.1"
| #define HAVE_STDIO_H 1
| #define HAVE_STDLIB_H 1
| #define HAVE_STRING_H 1
| #define HAVE_INTTYPES_H 1
| #define HAVE_STDINT_H 1
| #define HAVE_STRINGS_H 1
| #define HAVE_SYS_STAT_H 1
| #define HAVE_SYS_TYPES_H 1
| #define HAVE_UNISTD_H 1
| #define STDC_HEADERS 1
| #define HAVE_DLFCN_H 1
| #define LT_OBJDIR ".libs/"
| /* end confdefs.h.  */
| 
| int
| main (void)
| {
| (void) strchr;
|   ;
|   return 0;
| }
configure:12867: gcc -c -g -O2   conftest.c >&5
configure:12867: $? = 0
configure:12884: result: none needed
configure:12902: checking whether __clang__ is declared
configure:12902: gcc -c -g -O2   conftest.c >&5
conftest.c: In function 'main':
conftest.c:58:10: error: '__clang__' undeclared (first use in this function)
   58 |   (void) __clang__;
      |          ^~~~~~~~~
conftest.c:58:10: note: each undeclared identifier is reported only once for each function it appears in
configure:12902: $? = 1
configure: failed program was:
| /* confdefs.h */
| #define PACKAGE_NAME "xcb-util-image"
| #define PACKAGE_TARNAME "xcb-util-image"
| #define PACKAGE_VERSION "0.4.1"
| #define PACKAGE_STRING "xcb-util-image 0.4.1"
| #define PACKAGE_BUGREPORT "https://gitlab.freedesktop.org/xorg/lib/libxcb-image/-/issues"
| #define PACKAGE_URL ""
| #define PACKAGE "xcb-util-image"
| #define VERSION "0.4.1"
| #define HAVE_STDIO_H 1
| #define HAVE_STDLIB_H 1
| #define HAVE_STRING_H 1
| #define HAVE_INTTYPES_H 1
| #define HAVE_STDINT_H 1
| #define HAVE_STRINGS_H 1
| #define HAVE_SYS_STAT_H 1
| #define HAVE_SYS_TYPES_H 1
| #define HAVE_UNISTD_H 1
| #define STDC_HEADERS 1
| #define HAVE_DLFCN_H 1
| #define LT_OBJDIR ".libs/"
| /* end confdefs.h.  */
| #include <stddef.h>
| #ifdef HAVE_STDIO_H
| # include <stdio.h>
| #endif
| #ifdef HAVE_STDLIB_H
| # include <stdlib.h>
| #endif
| #ifdef HAVE_STRING_H
| # include <string.h>
| #endif
| #ifdef HAVE_INTTYPES_H
| # include <inttypes.h>
| #endif
| #ifdef HAVE_STDINT_H
| # include <stdint.h>
| #endif
| #ifdef HAVE_STRINGS_H
| # include <strings.h>
| #endif
| #ifdef HAVE_SYS_TYPES_H
| # include <sys/types.h>
| #endif
| #ifdef HAVE_SYS_STAT_H
| # include <sys/stat.h>
| #endif
| #ifdef HAVE_UNISTD_H
| # include <unistd.h>
| #endif
| int
| main (void)
| {
| #ifndef __clang__
| #ifdef __cplusplus
|   (void) __clang__;
| #else
|   (void) __clang__;
| #endif
| #endif
| 
|   ;
|   return 0;
| }
configure:12902: result: no
configure:12909: checking whether __INTEL_COMPILER is declared
configure:12909: gcc -c -g -O2   conftest.c >&5
conftest.c: In function 'main':
conftest.c:58:10: error: '__INTEL_COMPILER' undeclared (first use in this function)
   58 |   (void) __INTEL_COMPILER;
      |          ^~~~~~~~~~~~~~~~
conftest.c:58:10: note: each undeclared identifier is reported only once for each function it appears in
configure:12909: $? = 1
configure: failed program was:
| /* confdefs.h */
| #define PACKAGE_NAME "xcb-util-image"
| #define PACKAGE_TARNAME "xcb-util-image"
| #define PACKAGE_VERSION "0.4.1"
| #define PACKAGE_STRING "xcb-util-image 0.4.1"
| #define PACKAGE_BUGREPORT "https://gitlab.freedesktop.org/xorg/lib/libxcb-image/-/issues"
| #define PACKAGE_URL ""
| #define PACKAGE "xcb-util-image"
| #define VERSION "0.4.1"
| #define HAVE_STDIO_H 1
| #define HAVE_STDLIB_H 1
| #define HAVE_STRING_H 1
| #define HAVE_INTTYPES_H 1
| #define HAVE_STDINT_H 1
| #define HAVE_STRINGS_H 1
| #define HAVE_SYS_STAT_H 1
| #define HAVE_SYS_TYPES_H 1
| #define HAVE_UNISTD_H 1
| #define STDC_HEADERS 1
| #define HAVE_DLFCN_H 1
| #define LT_OBJDIR ".libs/"
| /* end confdefs.h.  */
| #include <stddef.h>
| #ifdef HAVE_STDIO_H
| # include <stdio.h>
| #endif
| #ifdef HAVE_STDLIB_H
| # include <stdlib.h>
| #endif
| #ifdef HAVE_STRING_H
| # include <string.h>
| #endif
| #ifdef HAVE_INTTYPES_H
| # include <inttypes.h>
| #endif
| #ifdef HAVE_STDINT_H
| # include <stdint.h>
| #endif
| #ifdef HAVE_STRINGS_H
| # include <strings.h>
| #endif
| #ifdef HAVE_SYS_TYPES_H
| # include <sys/types.h>
| #endif
| #ifdef HAVE_SYS_STAT_H
| # include <sys/stat.h>
| #endif
| #ifdef HAVE_UNISTD_H
| # include <unistd.h>
| #endif
| int
| main (void)
| {
| #ifndef __INTEL_COMPILER
| #ifdef __cplusplus
|   (void) __INTEL_COMPILER;
| #else
|   (void) __INTEL_COMPILER;
| #endif
| #endif
| 
|   ;
|   return 0;
| }
configure:12909: result: no
configure:12916: checking whether __SUNPRO_C is declared
configure:12916: gcc -c -g -O2   conftest.c >&5
conftest.c: In function 'main':
conftest.c:58:10: error: '__SUNPRO_C' undeclared (first use in this function)
   58 |   (void) __SUNPRO_C;
      |          ^~~~~~~~~~
conftest.c:58:10: note: each undeclared identifier is reported only once for each function it appears in
configure:12916: $? = 1
configure: failed program was:
| /* confdefs.h */
| #define PACKAGE_NAME "xcb-util-image"
| #define PACKAGE_TARNAME "xcb-util-image"
| #define PACKAGE_VERSION "0.4.1"
| #define PACKAGE_STRING "xcb-util-image 0.4.1"
| #define PACKAGE_BUGREPORT "https://gitlab.freedesktop.org/xorg/lib/libxcb-image/-/issues"
| #define PACKAGE_URL ""
| #define PACKAGE "xcb-util-image"
| #define VERSION "0.4.1"
| #define HAVE_STDIO_H 1
| #define HAVE_STDLIB_H 1
| #define HAVE_STRING_H 1
| #define HAVE_INTTYPES_H 1
| #define HAVE_STDINT_H 1
| #define HAVE_STRINGS_H 1
| #define HAVE_SYS_STAT_H 1
| #define HAVE_SYS_TYPES_H 1
| #define HAVE_UNISTD_H 1
| #define STDC_HEADERS 1
| #define HAVE_DLFCN_H 1
| #define LT_OBJDIR ".libs/"
| /* end confdefs.h.  */
| #include <stddef.h>
| #ifdef HAVE_STDIO_H
| # include <stdio.h>
| #endif
| #ifdef HAVE_STDLIB_H
| # include <stdlib.h>
| #endif
| #ifdef HAVE_STRING_H
| # include <string.h>
| #endif
| #ifdef HAVE_INTTYPES_H
| # include <inttypes.h>
| #endif
| #ifdef HAVE_STDINT_H
| # include <stdint.h>
| #endif
| #ifdef HAVE_STRINGS_H
| # include <strings.h>
| #endif
| #ifdef HAVE_SYS_TYPES_H
| # include <sys/types.h>
| #endif
| #ifdef HAVE_SYS_STAT_H
| # include <sys/stat.h>
| #endif
| #ifdef HAVE_UNISTD_H
| # include <unistd.h>
| #endif
| int
| main (void)
| {
| #ifndef __SUNPRO_C
| #ifdef __cplusplus
|   (void) __SUNPRO_C;
| #else
|   (void) __SUNPRO_C;
| #endif
| #endif
| 
|   ;
|   return 0;
| }
configure:12916: result: no
configure:12938: checking for XCB
configure:12945: $PKG_CONFIG --exists --print-errors "xcb >= 1.4"
configure:12948: $? = 0
configure:12962: $PKG_CONFIG --exists --print-errors "xcb >= 1.4"
configure:12965: $? = 0
configure:13023: result: yes
configure:13031: checking whether libxcb was compiled against xcb-proto >= 1.6
configure:13039: checking for gawk
configure:13071: result: gawk
configure:13116: result: yes
configure:13178: checking if gcc supports -Werror=unknown-warning-option
configure:13188: gcc -c -g -O2 -Werror=unknown-warning-option  conftest.c >&5
cc1: error: '-Werror=unknown-warning-option': no option '-Wunknown-warning-option'
configure:13188: $? = 1
configure: failed program was:
| /* confdefs.h */
| #define PACKAGE_NAME "xcb-util-image"
| #define PACKAGE_TARNAME "xcb-util-image"
| #define PACKAGE_VERSION "0.4.1"
| #define PACKAGE_STRING "xcb-util-image 0.4.1"
| #define PACKAGE_BUGREPORT "https://gitlab.freedesktop.org/xorg/lib/libxcb-image/-/issues"
| #define PACKAGE_URL ""
| #define PACKAGE "xcb-util-image"
| #define VERSION "0.4.1"
| #define HAVE_STDIO_H 1
| #define HAVE_STDLIB_H 1
| #define HAVE_STRING_H 1
| #define HAVE_INTTYPES_H 1
| #define HAVE_STDINT_H 1
| #define HAVE_STRINGS_H 1
| #define HAVE_SYS_STAT_H 1
| #define HAVE_SYS_TYPES_H 1
| #define HAVE_UNISTD_H 1
| #define STDC_HEADERS 1
| #define HAVE_DLFCN_H 1
| #define LT_OBJDIR ".libs/"
| /* end confdefs.h.  */
| int i;
configure:13196: result: no
configure:13207: checking if gcc supports -Werror=unused-command-line-argument
configure:13217: gcc -c -g -O2 -Werror=unused-command-line-argument  conftest.c >&5
cc1: error: '-Werror=unused-command-line-argument': no option '-Wunused-command-line-argument'; did you mean '-Wunused-dummy-argument'?
configure:13217: $? = 1
configure: failed program was:
| /* confdefs.h */
| #define PACKAGE_NAME "xcb-util-image"
| #define PACKAGE_TARNAME "xcb-util-image"
| #define PACKAGE_VERSION "0.4.1"
| #define PACKAGE_STRING "xcb-util-image 0.4.1"
| #define PACKAGE_BUGREPORT "https://gitlab.freedesktop.org/xorg/lib/libxcb-image/-/issues"
| #define PACKAGE_URL ""
| #define PACKAGE "xcb-util-image"
| #define VERSION "0.4.1"
| #define HAVE_STDIO_H 1
| #define HAVE_STDLIB_H 1
| #define HAVE_STRING_H 1
| #define HAVE_INTTYPES_H 1
| #define HAVE_STDINT_H 1
| #define HAVE_STRINGS_H 1
| #define HAVE_SYS_STAT_H 1
| #define HAVE_SYS_TYPES_H 1
| #define HAVE_UNISTD_H 1
| #define STDC_HEADERS 1
| #define HAVE_DLFCN_H 1
| #define LT_OBJDIR ".libs/"
| /* end confdefs.h.  */
| int i;
configure:13225: result: no
configure:13244: checking if gcc supports -Wall
configure:13262: gcc -o conftest -g -O2 -Wall   conftest.c  >&5
configure:13262: $? = 0
configure:13276: result: yes
configure:13368: checking if gcc supports -Wpointer-arith
configure:13386: gcc -o conftest -g -O2 -Wpointer-arith   conftest.c  >&5
configure:13386: $? = 0
configure:13400: result: yes
configure:13492: checking if gcc supports -Wmissing-declarations
configure:13510: gcc -o conftest -g -O2 -Wmissing-declarations   conftest.c  >&5
configure:13510: $? = 0
configure:13524: result: yes
configure:13616: checking if gcc supports -Wformat=2
configure:13634: gcc -o conftest -g -O2 -Wformat=2   conftest.c  >&5
configure:13634: $? = 0
configure:13648: result: yes
configure:13793: checking if gcc supports -Wstrict-prototypes
configure:13811: gcc -o conftest -g -O2 -Wstrict-prototypes   conftest.c  >&5
configure:13811: $? = 0
configure:13825: result: yes
configure:13917: checking if gcc supports -Wmissing-prototypes
configure:13935: gcc -o conftest -g -O2 -Wmissing-prototypes   conftest.c  >&5
configure:13935: $? = 0
configure:13949: result: yes
configure:14041: checking if gcc supports -Wnested-externs
configure:14059: gcc -o conftest -g -O2 -Wnested-externs   conftest.c  >&5
configure:14059: $? = 0
configure:14073: result: yes
configure:14165: checking if gcc supports -Wbad-function-cast
configure:14183: gcc -o conftest -g -O2 -Wbad-function-cast   conftest.c  >&5
configure:14183: $? = 0
configure:14197: result: yes
configure:14289: checking if gcc supports -Wold-style-definition
configure:14307: gcc -o conftest -g -O2 -Wold-style-definition   conftest.c  >&5
configure:14307: $? = 0
configure:14321: result: yes
configure:14464: checking if gcc supports -Wdeclaration-after-statement
configure:14482: gcc -o conftest -g -O2 -Wdeclaration-after-statement   conftest.c  >&5
configure:14482: $? = 0
configure:14496: result: yes
configure:14592: checking if gcc supports -Wunused
configure:14610: gcc -o conftest -g -O2 -Wunused   conftest.c  >&5
configure:14610: $? = 0
configure:14624: result: yes
configure:14716: checking if gcc supports -Wuninitialized
configure:14734: gcc -o conftest -g -O2 -Wuninitialized   conftest.c  >&5
configure:14734: $? = 0
configure:14748: result: yes
configure:14840: checking if gcc supports -Wshadow
configure:14858: gcc -o conftest -g -O2 -Wshadow   conftest.c  >&5
configure:14858: $? = 0
configure:14872: result: yes
configure:14964: checking if gcc supports -Wmissing-noreturn
configure:14982: gcc -o conftest -g -O2 -Wmissing-noreturn   conftest.c  >&5
configure:14982: $? = 0
configure:14996: result: yes
configure:15088: checking if gcc supports -Wmissing-format-attribute
configure:15106: gcc -o conftest -g -O2 -Wmissing-format-attribute   conftest.c  >&5
configure:15106: $? = 0
configure:15120: result: yes
configure:15212: checking if gcc supports -Wredundant-decls
configure:15230: gcc -o conftest -g -O2 -Wredundant-decls   conftest.c  >&5
configure:15230: $? = 0
configure:15244: result: yes
configure:15336: checking if gcc supports -Wlogical-op
configure:15354: gcc -o conftest -g -O2 -Wlogical-op   conftest.c  >&5
configure:15354: $? = 0
configure:15368: result: yes
configure:15472: checking if gcc supports -Werror=implicit
configure:15490: gcc -o conftest -g -O2 -Werror=implicit   conftest.c  >&5
configure:15490: $? = 0
configure:15504: result: yes
configure:15647: checking if gcc supports -Werror=nonnull
configure:15665: gcc -o conftest -g -O2 -Werror=nonnull   conftest.c  >&5
configure:15665: $? = 0
configure:15679: result: yes
configure:15771: checking if gcc supports -Werror=init-self
configure:15789: gcc -o conftest -g -O2 -Werror=init-self   conftest.c  >&5
configure:15789: $? = 0
configure:15803: result: yes
configure:15895: checking if gcc supports -Werror=main
configure:15913: gcc -o conftest -g -O2 -Werror=main   conftest.c  >&5
configure:15913: $? = 0
configure:15927: result: yes
configure:16019: checking if gcc supports -Werror=missing-braces
configure:16037: gcc -o conftest -g -O2 -Werror=missing-braces   conftest.c  >&5
configure:16037: $? = 0
configure:16051: result: yes
configure:16143: checking if gcc supports -Werror=sequence-point
configure:16161: gcc -o conftest -g -O2 -Werror=sequence-point   conftest.c  >&5
configure:16161: $? = 0
configure:16175: result: yes
configure:16267: checking if gcc supports -Werror=return-type
configure:16285: gcc -o conftest -g -O2 -Werror=return-type   conftest.c  >&5
configure:16285: $? = 0
configure:16299: result: yes
configure:16442: checking if gcc supports -Werror=trigraphs
configure:16460: gcc -o conftest -g -O2 -Werror=trigraphs   conftest.c  >&5
configure:16460: $? = 0
configure:16474: result: yes
configure:16566: checking if gcc supports -Werror=array-bounds
configure:16584: gcc -o conftest -g -O2 -Werror=array-bounds   conftest.c  >&5
configure:16584: $? = 0
configure:16598: result: yes
configure:16690: checking if gcc supports -Werror=write-strings
configure:16708: gcc -o conftest -g -O2 -Werror=write-strings   conftest.c  >&5
configure:16708: $? = 0
configure:16722: result: yes
configure:16814: checking if gcc supports -Werror=address
configure:16832: gcc -o conftest -g -O2 -Werror=address   conftest.c  >&5
configure:16832: $? = 0
configure:16846: result: yes
configure:16938: checking if gcc supports -Werror=int-to-pointer-cast
configure:16956: gcc -o conftest -g -O2 -Werror=int-to-pointer-cast   conftest.c  >&5
configure:16956: $? = 0
configure:16970: result: yes
configure:17113: checking if gcc supports -Werror=pointer-to-int-cast
configure:17131: gcc -o conftest -g -O2 -Werror=pointer-to-int-cast   conftest.c  >&5
configure:17131: $? = 0
configure:17145: result: yes
configure:18886: checking if gcc supports -pedantic
configure:18904: gcc -o conftest -g -O2 -pedantic   conftest.c  >&5
configure:18904: $? = 0
configure:18918: result: yes
configure:19010: checking if gcc supports -Werror
configure:19028: gcc -o conftest -g -O2 -Werror   conftest.c  >&5
configure:19028: $? = 0
configure:19042: result: yes
configure:19188: checking if gcc supports -Werror=attributes
configure:19206: gcc -o conftest -g -O2 -Werror=attributes   conftest.c  >&5
configure:19206: $? = 0
configure:19220: result: yes
configure:19411: checking whether make supports nested variables
configure:19429: result: yes
configure:19460: checking whether to build developer documentation
configure:19462: result: yes
configure:19483: checking for doxygen
configure:19521: result: no
configure:19527: WARNING: doxygen not found - documentation targets will be skipped
configure:19666: checking for sys/shm.h
configure:19666: gcc -c -g -O2  conftest.c >&5
configure:19666: $? = 0
configure:19666: result: yes
configure:19683: checking for XCB_SHM
configure:19690: $PKG_CONFIG --exists --print-errors "xcb-shm"
configure:19693: $? = 0
configure:19707: $PKG_CONFIG --exists --print-errors "xcb-shm"
configure:19710: $? = 0
configure:19768: result: yes
configure:19774: checking for XPROTO
configure:19781: $PKG_CONFIG --exists --print-errors "xproto >= 7.0.8"
configure:19784: $? = 0
configure:19798: $PKG_CONFIG --exists --print-errors "xproto >= 7.0.8"
configure:19801: $? = 0
configure:19859: result: yes
configure:19865: checking for XCB_UTIL
configure:19872: $PKG_CONFIG --exists --print-errors "xcb-util"
configure:19875: $? = 0
configure:19889: $PKG_CONFIG --exists --print-errors "xcb-util"
configure:19892: $? = 0
configure:19950: result: yes
configure:20066: checking that generated files are newer than configure
configure:20072: result: done
configure:20111: creating ./config.status

## ---------------------- ##
## Running config.status. ##
## ---------------------- ##

This file was extended by xcb-util-image config.status 0.4.1, which was
generated by GNU Autoconf 2.71.  Invocation command line was

  CONFIG_FILES    = 
  CONFIG_HEADERS  = 
  CONFIG_LINKS    = 
  CONFIG_COMMANDS = 
  $ ./config.status 

on archlinux

config.status:1144: creating Makefile
config.status:1144: creating image/Makefile
config.status:1144: creating test/Makefile
config.status:1144: creating image/xcb-image.pc
config.status:1144: creating config.h
config.status:1373: executing depfiles commands
config.status:1448: cd image       && sed -e '/# am--include-marker/d' Makefile         | make -f - am--depfiles
config.status:1455: $? = 0
config.status:1448: cd test       && sed -e '/# am--include-marker/d' Makefile         | make -f - am--depfiles
config.status:1455: $? = 0
config.status:1373: executing libtool commands

## ---------------- ##
## Cache variables. ##
## ---------------- ##

ac_cv_build=x86_64-pc-linux-gnu
ac_cv_c_compiler_gnu=yes
ac_cv_c_undeclared_builtin_options='none needed'
ac_cv_env_CC_set=
ac_cv_env_CC_value=
ac_cv_env_CFLAGS_set=
ac_cv_env_CFLAGS_value=
ac_cv_env_CPPFLAGS_set=
ac_cv_env_CPPFLAGS_value=
ac_cv_env_DOT_set=
ac_cv_env_DOT_value=
ac_cv_env_DOXYGEN_set=
ac_cv_env_DOXYGEN_value=
ac_cv_env_LDFLAGS_set=
ac_cv_env_LDFLAGS_value=
ac_cv_env_LIBS_set=
ac_cv_env_LIBS_value=
ac_cv_env_LT_SYS_LIBRARY_PATH_set=
ac_cv_env_LT_SYS_LIBRARY_PATH_value=
ac_cv_env_PKG_CONFIG_LIBDIR_set=
ac_cv_env_PKG_CONFIG_LIBDIR_value=
ac_cv_env_PKG_CONFIG_PATH_set=set
ac_cv_env_PKG_CONFIG_PATH_value=/storage/rlinux/rootfs/lib/pkgconfig:/storage/rlinux/rootfs/share/pkgconfig
ac_cv_env_PKG_CONFIG_set=
ac_cv_env_PKG_CONFIG_value=
ac_cv_env_XCB_CFLAGS_set=
ac_cv_env_XCB_CFLAGS_value=
ac_cv_env_XCB_LIBS_set=
ac_cv_env_XCB_LIBS_value=
ac_cv_env_XCB_SHM_CFLAGS_set=
ac_cv_env_XCB_SHM_CFLAGS_value=
ac_cv_env_XCB_SHM_LIBS_set=
ac_cv_env_XCB_SHM_LIBS_value=
ac_cv_env_XCB_UTIL_CFLAGS_set=
ac_cv_env_XCB_UTIL_CFLAGS_value=
ac_cv_env_XCB_UTIL_LIBS_set=
ac_cv_env_XCB_UTIL_LIBS_value=
ac_cv_env_XPROTO_CFLAGS_set=
ac_cv_env_XPROTO_CFLAGS_value=
ac_cv_env_XPROTO_LIBS_set=
ac_cv_env_XPROTO_LIBS_value=
ac_cv_env_build_alias_set=
ac_cv_env_build_alias_value=
ac_cv_env_host_alias_set=
ac_cv_env_host_alias_value=
ac_cv_env_target_alias_set=
ac_cv_env_target_alias_value=
ac_cv_have_decl___INTEL_COMPILER=no
ac_cv_have_decl___SUNPRO_C=no
ac_cv_have_decl___clang__=no
ac_cv_header_dlfcn_h=yes
ac_cv_header_inttypes_h=yes
ac_cv_header_stdint_h=yes
ac_cv_header_stdio_h=yes
ac_cv_header_stdlib_h=yes
ac_cv_header_string_h=yes
ac_cv_header_strings_h=yes
ac_cv_header_sys_shm_h=yes
ac_cv_header_sys_stat_h=yes
ac_cv_header_sys_types_h=yes
ac_cv_header_unistd_h=yes
ac_cv_host=x86_64-pc-linux-gnu
ac_cv_objext=o
ac_cv_path_EGREP='/usr/bin/grep -E'
ac_cv_path_FGREP='/usr/bin/grep -F'
ac_cv_path_GREP=/usr/bin/grep
ac_cv_path_SED=/usr/bin/sed
ac_cv_path_ac_pt_PKG_CONFIG=/usr/bin/pkg-config
ac_cv_path_install='/usr/bin/install -c'
ac_cv_path_lt_DD=/usr/bin/dd
ac_cv_path_mkdir=/usr/bin/mkdir
ac_cv_prog_AWK=gawk
ac_cv_prog_ac_ct_AR=ar
ac_cv_prog_ac_ct_CC=gcc
ac_cv_prog_ac_ct_FILECMD=file
ac_cv_prog_ac_ct_OBJDUMP=objdump
ac_cv_prog_ac_ct_RANLIB=ranlib
ac_cv_prog_ac_ct_STRIP=strip
ac_cv_prog_cc_c11=
ac_cv_prog_cc_g=yes
ac_cv_prog_cc_stdc=
ac_cv_prog_make_make_set=yes
am_cv_CC_dependencies_compiler_type=gcc3
am_cv_make_support_nested_variables=yes
am_cv_prog_cc_c_o=yes
lt_cv_ar_at_file=@
lt_cv_archive_cmds_need_lc=no
lt_cv_deplibs_check_method=pass_all
lt_cv_file_magic_cmd='$MAGIC_CMD'
lt_cv_file_magic_test_file=
lt_cv_ld_reload_flag=-r
lt_cv_nm_interface='BSD nm'
lt_cv_objdir=.libs
lt_cv_path_LD=/usr/bin/ld
lt_cv_path_NM='/usr/bin/nm -B'
lt_cv_path_mainfest_tool=no
lt_cv_prog_compiler_c_o=yes
lt_cv_prog_compiler_pic='-fPIC -DPIC'
lt_cv_prog_compiler_pic_works=yes
lt_cv_prog_compiler_rtti_exceptions=no
lt_cv_prog_compiler_static_works=yes
lt_cv_prog_gnu_ld=yes
lt_cv_sharedlib_from_linklib_cmd='printf %s\n'
lt_cv_shlibpath_overrides_runpath=yes
lt_cv_sys_global_symbol_pipe='/usr/bin/sed -n -e '\''s/^.*[	 ]\([ABCDGIRSTW][ABCDGIRSTW]*\)[	 ][	 ]*\([_A-Za-z][_A-Za-z0-9]*\)$/\1 \2 \2/p'\'' | /usr/bin/sed '\''/ __gnu_lto/d'\'''
lt_cv_sys_global_symbol_to_c_name_address='/usr/bin/sed -n -e '\''s/^: \(.*\) .*$/  {"\1", (void *) 0},/p'\'' -e '\''s/^[ABCDGIRSTW][ABCDGIRSTW]* .* \(.*\)$/  {"\1", (void *) \&\1},/p'\'''
lt_cv_sys_global_symbol_to_c_name_address_lib_prefix='/usr/bin/sed -n -e '\''s/^: \(.*\) .*$/  {"\1", (void *) 0},/p'\'' -e '\''s/^[ABCDGIRSTW][ABCDGIRSTW]* .* \(lib.*\)$/  {"\1", (void *) \&\1},/p'\'' -e '\''s/^[ABCDGIRSTW][ABCDGIRSTW]* .* \(.*\)$/  {"lib\1", (void *) \&\1},/p'\'''
lt_cv_sys_global_symbol_to_cdecl='/usr/bin/sed -n -e '\''s/^T .* \(.*\)$/extern int \1();/p'\'' -e '\''s/^[ABCDGIRSTW][ABCDGIRSTW]* .* \(.*\)$/extern char \1;/p'\'''
lt_cv_sys_global_symbol_to_import=
lt_cv_sys_max_cmd_len=1572864
lt_cv_to_host_file_cmd=func_convert_file_noop
lt_cv_to_tool_file_cmd=func_convert_file_noop
lt_cv_truncate_bin='/usr/bin/dd bs=4096 count=1'
pkg_cv_XCB_CFLAGS=-I/storage/rlinux/rootfs/include
pkg_cv_XCB_LIBS='-L/storage/rlinux/rootfs/lib -lxcb'
pkg_cv_XCB_SHM_CFLAGS=-I/storage/rlinux/rootfs/include
pkg_cv_XCB_SHM_LIBS='-L/storage/rlinux/rootfs/lib -lxcb-shm'
pkg_cv_XCB_UTIL_CFLAGS=-I/storage/rlinux/rootfs/include
pkg_cv_XCB_UTIL_LIBS='-L/storage/rlinux/rootfs/lib -lxcb-util -lxcb'
pkg_cv_XPROTO_CFLAGS=-I/storage/rlinux/rootfs/include
pkg_cv_XPROTO_LIBS=
xorg_cv_cc_flag__Wall=yes
xorg_cv_cc_flag__Wbad_function_cast=yes
xorg_cv_cc_flag__Wdeclaration_after_statement=yes
xorg_cv_cc_flag__Werror=yes
xorg_cv_cc_flag__Werror_address=yes
xorg_cv_cc_flag__Werror_array_bounds=yes
xorg_cv_cc_flag__Werror_attributes=yes
xorg_cv_cc_flag__Werror_implicit=yes
xorg_cv_cc_flag__Werror_init_self=yes
xorg_cv_cc_flag__Werror_int_to_pointer_cast=yes
xorg_cv_cc_flag__Werror_main=yes
xorg_cv_cc_flag__Werror_missing_braces=yes
xorg_cv_cc_flag__Werror_nonnull=yes
xorg_cv_cc_flag__Werror_pointer_to_int_cast=yes
xorg_cv_cc_flag__Werror_return_type=yes
xorg_cv_cc_flag__Werror_sequence_point=yes
xorg_cv_cc_flag__Werror_trigraphs=yes
xorg_cv_cc_flag__Werror_write_strings=yes
xorg_cv_cc_flag__Wformat_2=yes
xorg_cv_cc_flag__Wlogical_op=yes
xorg_cv_cc_flag__Wmissing_declarations=yes
xorg_cv_cc_flag__Wmissing_format_attribute=yes
xorg_cv_cc_flag__Wmissing_noreturn=yes
xorg_cv_cc_flag__Wmissing_prototypes=yes
xorg_cv_cc_flag__Wnested_externs=yes
xorg_cv_cc_flag__Wold_style_definition=yes
xorg_cv_cc_flag__Wpointer_arith=yes
xorg_cv_cc_flag__Wredundant_decls=yes
xorg_cv_cc_flag__Wshadow=yes
xorg_cv_cc_flag__Wstrict_prototypes=yes
xorg_cv_cc_flag__Wuninitialized=yes
xorg_cv_cc_flag__Wunused=yes
xorg_cv_cc_flag__pedantic=yes
xorg_cv_cc_flag_unknown_warning_option=no
xorg_cv_cc_flag_unused_command_line_argument=no

## ----------------- ##
## Output variables. ##
## ----------------- ##

ACLOCAL='${SHELL} '\''/storage/rlinux/sources/xcb-util-image-0.4.1/missing'\'' aclocal-1.16'
ADMIN_MAN_DIR='$(mandir)/man$(ADMIN_MAN_SUFFIX)'
ADMIN_MAN_SUFFIX='8'
AMDEPBACKSLASH='\'
AMDEP_FALSE='#'
AMDEP_TRUE=''
AMTAR='$${TAR-tar}'
AM_BACKSLASH='\'
AM_DEFAULT_V='$(AM_DEFAULT_VERBOSITY)'
AM_DEFAULT_VERBOSITY='0'
AM_V='$(V)'
APP_MAN_DIR='$(mandir)/man$(APP_MAN_SUFFIX)'
APP_MAN_SUFFIX='1'
AR='ar'
AUTOCONF='${SHELL} '\''/storage/rlinux/sources/xcb-util-image-0.4.1/missing'\'' autoconf'
AUTOHEADER='${SHELL} '\''/storage/rlinux/sources/xcb-util-image-0.4.1/missing'\'' autoheader'
AUTOMAKE='${SHELL} '\''/storage/rlinux/sources/xcb-util-image-0.4.1/missing'\'' automake-1.16'
AWK='gawk'
BASE_CFLAGS=' -Wall -Wpointer-arith -Wmissing-declarations -Wformat=2 -Wstrict-prototypes -Wmissing-prototypes -Wnested-externs -Wbad-function-cast -Wold-style-definition -Wdeclaration-after-statement -Wunused -Wuninitialized -Wshadow -Wmissing-noreturn -Wmissing-format-attribute -Wredundant-decls -Wlogical-op -Werror=implicit -Werror=nonnull -Werror=init-self -Werror=main -Werror=missing-braces -Werror=sequence-point -Werror=return-type -Werror=trigraphs -Werror=array-bounds -Werror=write-strings -Werror=address -Werror=int-to-pointer-cast -Werror=pointer-to-int-cast'
CC='gcc'
CCDEPMODE='depmode=gcc3'
CFLAGS='-g -O2'
CHANGELOG_CMD='((GIT_DIR=$(top_srcdir)/.git git log > $(top_srcdir)/.changelog.tmp) 2>/dev/null && mv $(top_srcdir)/.changelog.tmp $(top_srcdir)/ChangeLog) || (rm -f $(top_srcdir)/.changelog.tmp; test -e $(top_srcdir)/ChangeLog || ( touch $(top_srcdir)/ChangeLog; echo '\''git failed to create ChangeLog: installing empty ChangeLog.'\'' >&2))'
CPPFLAGS=''
CSCOPE='cscope'
CTAGS='ctags'
CWARNFLAGS=' -Wall -Wpointer-arith -Wmissing-declarations -Wformat=2 -Wstrict-prototypes -Wmissing-prototypes -Wnested-externs -Wbad-function-cast -Wold-style-definition -Wdeclaration-after-statement -Wunused -Wuninitialized -Wshadow -Wmissing-noreturn -Wmissing-format-attribute -Wredundant-decls -Wlogical-op -Werror=implicit -Werror=nonnull -Werror=init-self -Werror=main -Werror=missing-braces -Werror=sequence-point -Werror=return-type -Werror=trigraphs -Werror=array-bounds -Werror=write-strings -Werror=address -Werror=int-to-pointer-cast -Werror=pointer-to-int-cast -fno-strict-aliasing'
CYGPATH_W='echo'
DEFS='-DHAVE_CONFIG_H'
DEPDIR='.deps'
DLLTOOL='false'
DOT=''
DOXYGEN=''
DRIVER_MAN_DIR='$(mandir)/man$(DRIVER_MAN_SUFFIX)'
DRIVER_MAN_SUFFIX='4'
DSYMUTIL=''
DUMPBIN=''
ECHO_C=''
ECHO_N='-n'
ECHO_T=''
EGREP='/usr/bin/grep -E'
ENABLE_DEVEL_DOCS_FALSE='#'
ENABLE_DEVEL_DOCS_TRUE=''
ETAGS='etags'
EXEEXT=''
FGREP='/usr/bin/grep -F'
FILECMD='file'
FILE_MAN_DIR='$(mandir)/man$(FILE_MAN_SUFFIX)'
FILE_MAN_SUFFIX='5'
GREP='/usr/bin/grep'
HAVE_DOT='no'
HAVE_DOT_FALSE=''
HAVE_DOT_TRUE='#'
HAVE_DOXYGEN_FALSE=''
HAVE_DOXYGEN_TRUE='#'
HAVE_SHM_FALSE='#'
HAVE_SHM_TRUE=''
INSTALL_CMD='(cp -f /INSTALL $(top_srcdir)/.INSTALL.tmp && mv $(top_srcdir)/.INSTALL.tmp $(top_srcdir)/INSTALL) || (rm -f $(top_srcdir)/.INSTALL.tmp; test -e $(top_srcdir)/INSTALL || ( touch $(top_srcdir)/INSTALL; echo '\''failed to copy INSTALL from util-macros: installing empty INSTALL.'\'' >&2))'
INSTALL_DATA='${INSTALL} -m 644'
INSTALL_PROGRAM='${INSTALL}'
INSTALL_SCRIPT='${INSTALL}'
INSTALL_STRIP_PROGRAM='$(install_sh) -c -s'
LD='/usr/bin/ld -m elf_x86_64'
LDFLAGS=''
LIBOBJS=''
LIBS=''
LIBTOOL='$(SHELL) $(top_builddir)/libtool'
LIB_MAN_DIR='$(mandir)/man$(LIB_MAN_SUFFIX)'
LIB_MAN_SUFFIX='3'
LIPO=''
LN_S='ln -s'
LTLIBOBJS=''
LT_SYS_LIBRARY_PATH=''
MAKEINFO='${SHELL} '\''/storage/rlinux/sources/xcb-util-image-0.4.1/missing'\'' makeinfo'
MANIFEST_TOOL=':'
MAN_SUBSTS='	-e '\''s|__vendorversion__|"$(PACKAGE_STRING)" "$(XORG_MAN_PAGE)"|'\'' 	-e '\''s|__xorgversion__|"$(PACKAGE_STRING)" "$(XORG_MAN_PAGE)"|'\'' 	-e '\''s|__xservername__|Xorg|g'\'' 	-e '\''s|__xconfigfile__|xorg.conf|g'\'' 	-e '\''s|__projectroot__|$(prefix)|g'\'' 	-e '\''s|__apploaddir__|$(appdefaultdir)|g'\'' 	-e '\''s|__appmansuffix__|$(APP_MAN_SUFFIX)|g'\'' 	-e '\''s|__drivermansuffix__|$(DRIVER_MAN_SUFFIX)|g'\'' 	-e '\''s|__adminmansuffix__|$(ADMIN_MAN_SUFFIX)|g'\'' 	-e '\''s|__libmansuffix__|$(LIB_MAN_SUFFIX)|g'\'' 	-e '\''s|__miscmansuffix__|$(MISC_MAN_SUFFIX)|g'\'' 	-e '\''s|__filemansuffix__|$(FILE_MAN_SUFFIX)|g'\'''
MISC_MAN_DIR='$(mandir)/man$(MISC_MAN_SUFFIX)'
MISC_MAN_SUFFIX='7'
MKDIR_P='/usr/bin/mkdir -p'
NM='/usr/bin/nm -B'
NMEDIT=''
OBJDUMP='objdump'
OBJEXT='o'
OTOOL64=''
OTOOL=''
PACKAGE='xcb-util-image'
PACKAGE_BUGREPORT='https://gitlab.freedesktop.org/xorg/lib/libxcb-image/-/issues'
PACKAGE_NAME='xcb-util-image'
PACKAGE_STRING='xcb-util-image 0.4.1'
PACKAGE_TARNAME='xcb-util-image'
PACKAGE_URL=''
PACKAGE_VERSION='0.4.1'
PATH_SEPARATOR=':'
PKG_CONFIG='/usr/bin/pkg-config'
PKG_CONFIG_LIBDIR=''
PKG_CONFIG_PATH='/storage/rlinux/rootfs/lib/pkgconfig:/storage/rlinux/rootfs/share/pkgconfig'
RANLIB='ranlib'
SED='/usr/bin/sed'
SET_MAKE=''
SHELL='/bin/sh'
STRICT_CFLAGS=' -pedantic -Werror -Werror=attributes'
STRIP='strip'
VERSION='0.4.1'
XCB_CFLAGS='-I/storage/rlinux/rootfs/include'
XCB_LIBS='-L/storage/rlinux/rootfs/lib -lxcb'
XCB_SHM_CFLAGS='-I/storage/rlinux/rootfs/include'
XCB_SHM_LIBS='-L/storage/rlinux/rootfs/lib -lxcb-shm'
XCB_UTIL_CFLAGS='-I/storage/rlinux/rootfs/include'
XCB_UTIL_LIBS='-L/storage/rlinux/rootfs/lib -lxcb-util -lxcb'
XORG_MAN_PAGE='X Version 11'
XPROTO_CFLAGS='-I/storage/rlinux/rootfs/include'
XPROTO_LIBS=''
ac_ct_AR='ar'
ac_ct_CC='gcc'
ac_ct_DUMPBIN=''
am__EXEEXT_FALSE=''
am__EXEEXT_TRUE='#'
am__fastdepCC_FALSE='#'
am__fastdepCC_TRUE=''
am__include='include'
am__isrc=''
am__leading_dot='.'
am__nodep='_no'
am__quote=''
am__tar='$${TAR-tar} chof - "$$tardir"'
am__untar='$${TAR-tar} xf -'
bindir='${exec_prefix}/bin'
build='x86_64-pc-linux-gnu'
build_alias=''
build_cpu='x86_64'
build_os='linux-gnu'
build_vendor='pc'
datadir='${datarootdir}'
datarootdir='${prefix}/share'
docdir='${datarootdir}/doc/${PACKAGE_TARNAME}'
dvidir='${docdir}'
exec_prefix='${prefix}'
host='x86_64-pc-linux-gnu'
host_alias=''
host_cpu='x86_64'
host_os='linux-gnu'
host_vendor='pc'
htmldir='${docdir}'
includedir='${prefix}/include'
infodir='${datarootdir}/info'
install_sh='${SHELL} /storage/rlinux/sources/xcb-util-image-0.4.1/install-sh'
libdir='${exec_prefix}/lib'
libexecdir='${exec_prefix}/libexec'
localedir='${datarootdir}/locale'
localstatedir='${prefix}/var'
mandir='${datarootdir}/man'
mkdir_p='$(MKDIR_P)'
oldincludedir='/usr/include'
pdfdir='${docdir}'
pkgconfigdir='${libdir}/pkgconfig'
prefix='/storage/rlinux/rootfs'
program_transform_name='s,x,x,'
psdir='${docdir}'
runstatedir='${localstatedir}/run'
sbindir='${exec_prefix}/sbin'
sharedstatedir='${prefix}/com'
sysconfdir='${prefix}/etc'
target_alias=''
xcbincludedir='${includedir}/xcb'

## ----------- ##
## confdefs.h. ##
## ----------- ##

/* confdefs.h */
#define PACKAGE_NAME "xcb-util-image"
#define PACKAGE_TARNAME "xcb-util-image"
#define PACKAGE_VERSION "0.4.1"
#define PACKAGE_STRING "xcb-util-image 0.4.1"
#define PACKAGE_BUGREPORT "https://gitlab.freedesktop.org/xorg/lib/libxcb-image/-/issues"
#define PACKAGE_URL ""
#define PACKAGE "xcb-util-image"
#define VERSION "0.4.1"
#define HAVE_STDIO_H 1
#define HAVE_STDLIB_H 1
#define HAVE_STRING_H 1
#define HAVE_INTTYPES_H 1
#define HAVE_STDINT_H 1
#define HAVE_STRINGS_H 1
#define HAVE_SYS_STAT_H 1
#define HAVE_SYS_TYPES_H 1
#define HAVE_UNISTD_H 1
#define STDC_HEADERS 1
#define HAVE_DLFCN_H 1
#define LT_OBJDIR ".libs/"
#define PACKAGE_VERSION_MAJOR 0
#define PACKAGE_VERSION_MINOR 4
#define PACKAGE_VERSION_PATCHLEVEL 1
#define HAVE_SYS_SHM_H 1

configure: exit 0
