This file contains any messages produced by compilers while
running configure, to aid debugging if configure makes a mistake.

It was created by libX11 configure 1.8.5, which was
generated by GNU Autoconf 2.71.  Invocation command line was

  $ ./configure --prefix=/storage/rlinux/rootfs --enable-static

## --------- ##
## Platform. ##
## --------- ##

hostname = archlinux
uname -m = x86_64
uname -r = 6.18.7-arch1-1
uname -s = Linux
uname -v = #1 SMP PREEMPT_DYNAMIC Sat, 24 Jan 2026 00:47:39 +0000

/usr/bin/uname -p = unknown
/bin/uname -X     = unknown

/bin/arch              = unknown
/usr/bin/arch -k       = unknown
/usr/convex/getsysinfo = unknown
/usr/bin/hostinfo      = unknown
/bin/machine           = unknown
/usr/bin/oslevel       = unknown
/bin/universe          = unknown

PATH: /usr/local/sbin/
PATH: /usr/local/bin/
PATH: /usr/bin/
PATH: /var/lib/flatpak/exports/bin/
PATH: /usr/bin/site_perl/
PATH: /usr/bin/vendor_perl/
PATH: /usr/bin/core_perl/


## ----------- ##
## Core tests. ##
## ----------- ##

configure:2871: looking for aux files: ltmain.sh missing install-sh compile config.guess config.sub
configure:2884:  trying ./
configure:2913:   ./ltmain.sh found
configure:2913:   ./missing found
configure:2895:   ./install-sh found
configure:2913:   ./compile found
configure:2913:   ./config.guess found
configure:2913:   ./config.sub found
configure:3035: checking build system type
configure:3050: result: x86_64-pc-linux-gnu
configure:3070: checking host system type
configure:3084: result: x86_64-pc-linux-gnu
configure:3173: checking for gcc
configure:3194: found /usr/bin/gcc
configure:3205: result: gcc
configure:3558: checking for C compiler version
configure:3567: gcc --version >&5
gcc (GCC) 15.2.1 20260103
Copyright (C) 2025 Free Software Foundation, Inc.
This is free software; see the source for copying conditions.  There is NO
warranty; not even for MERCHANTABILITY or FITNESS FOR A PARTICULAR PURPOSE.

configure:3578: $? = 0
configure:3567: gcc -v >&5
Using built-in specs.
COLLECT_GCC=gcc
COLLECT_LTO_WRAPPER=/usr/lib/gcc/x86_64-pc-linux-gnu/15.2.1/lto-wrapper
Target: x86_64-pc-linux-gnu
Configured with: /build/gcc/src/gcc/configure --enable-languages=ada,c,c++,d,fortran,go,lto,m2,objc,obj-c++,rust,cobol --enable-bootstrap --prefix=/usr --libdir=/usr/lib --libexecdir=/usr/lib --mandir=/usr/share/man --infodir=/usr/share/info --with-bugurl=https://gitlab.archlinux.org/archlinux/packaging/packages/gcc/-/issues --with-build-config=bootstrap-lto --with-linker-hash-style=gnu --with-system-zlib --enable-__cxa_atexit --enable-cet=auto --enable-checking=release --enable-clocale=gnu --enable-default-pie --enable-default-ssp --enable-gnu-indirect-function --enable-gnu-unique-object --enable-libstdcxx-backtrace --enable-link-serialization=1 --enable-linker-build-id --enable-lto --enable-multilib --enable-plugin --enable-shared --enable-threads=posix --disable-libssp --disable-libstdcxx-pch --disable-werror
Thread model: posix
Supported LTO compression algorithms: zlib zstd
gcc version 15.2.1 20260103 (GCC) 
configure:3578: $? = 0
configure:3567: gcc -V >&5
gcc: error: unrecognized command-line option '-V'
gcc: fatal error: no input files
compilation terminated.
configure:3578: $? = 1
configure:3567: gcc -qversion >&5
gcc: error: unrecognized command-line option '-qversion'; did you mean '--version'?
gcc: fatal error: no input files
compilation terminated.
configure:3578: $? = 1
configure:3567: gcc -version >&5
gcc: error: unrecognized command-line option '-version'
gcc: fatal error: no input files
compilation terminated.
configure:3578: $? = 1
configure:3598: checking whether the C compiler works
configure:3620: gcc    conftest.c  >&5
configure:3624: $? = 0
configure:3674: result: yes
configure:3677: checking for C compiler default output file name
configure:3679: result: a.out
configure:3685: checking for suffix of executables
configure:3692: gcc -o conftest    conftest.c  >&5
configure:3696: $? = 0
configure:3719: result: 
configure:3741: checking whether we are cross compiling
configure:3749: gcc -o conftest    conftest.c  >&5
configure:3753: $? = 0
configure:3760: ./conftest
configure:3764: $? = 0
configure:3779: result: no
configure:3784: checking for suffix of object files
configure:3807: gcc -c   conftest.c >&5
configure:3811: $? = 0
configure:3833: result: o
configure:3837: checking whether the compiler supports GNU C
configure:3857: gcc -c   conftest.c >&5
configure:3857: $? = 0
configure:3867: result: yes
configure:3878: checking whether gcc accepts -g
configure:3899: gcc -c -g  conftest.c >&5
configure:3899: $? = 0
configure:3943: result: yes
configure:3963: checking for gcc option to enable C11 features
configure:3978: gcc  -c -g -O2  conftest.c >&5
conftest.c: In function 'e':
conftest.c:23:14: warning: old-style function definition [-Wold-style-definition]
   23 | static char *e (p, i)
      |              ^
configure:3978: $? = 0
configure:3996: result: none needed
configure:4112: checking whether gcc understands -c and -o together
configure:4135: gcc -c conftest.c -o conftest2.o
configure:4138: $? = 0
configure:4135: gcc -c conftest.c -o conftest2.o
configure:4138: $? = 0
configure:4150: result: yes
configure:4172: checking for stdio.h
configure:4172: gcc -c -g -O2  conftest.c >&5
configure:4172: $? = 0
configure:4172: result: yes
configure:4172: checking for stdlib.h
configure:4172: gcc -c -g -O2  conftest.c >&5
configure:4172: $? = 0
configure:4172: result: yes
configure:4172: checking for string.h
configure:4172: gcc -c -g -O2  conftest.c >&5
configure:4172: $? = 0
configure:4172: result: yes
configure:4172: checking for inttypes.h
configure:4172: gcc -c -g -O2  conftest.c >&5
configure:4172: $? = 0
configure:4172: result: yes
configure:4172: checking for stdint.h
configure:4172: gcc -c -g -O2  conftest.c >&5
configure:4172: $? = 0
configure:4172: result: yes
configure:4172: checking for strings.h
configure:4172: gcc -c -g -O2  conftest.c >&5
configure:4172: $? = 0
configure:4172: result: yes
configure:4172: checking for sys/stat.h
configure:4172: gcc -c -g -O2  conftest.c >&5
configure:4172: $? = 0
configure:4172: result: yes
configure:4172: checking for sys/types.h
configure:4172: gcc -c -g -O2  conftest.c >&5
configure:4172: $? = 0
configure:4172: result: yes
configure:4172: checking for unistd.h
configure:4172: gcc -c -g -O2  conftest.c >&5
configure:4172: $? = 0
configure:4172: result: yes
configure:4172: checking for wchar.h
configure:4172: gcc -c -g -O2  conftest.c >&5
configure:4172: $? = 0
configure:4172: result: yes
configure:4172: checking for minix/config.h
configure:4172: gcc -c -g -O2  conftest.c >&5
conftest.c:47:10: fatal error: minix/config.h: No such file or directory
   47 | #include <minix/config.h>
      |          ^~~~~~~~~~~~~~~~
compilation terminated.
configure:4172: $? = 1
configure: failed program was:
| /* confdefs.h */
| #define PACKAGE_NAME "libX11"
| #define PACKAGE_TARNAME "libX11"
| #define PACKAGE_VERSION "1.8.5"
| #define PACKAGE_STRING "libX11 1.8.5"
| #define PACKAGE_BUGREPORT "https://gitlab.freedesktop.org/xorg/lib/libx11/-/issues"
| #define PACKAGE_URL ""
| #define HAVE_STDIO_H 1
| #define HAVE_STDLIB_H 1
| #define HAVE_STRING_H 1
| #define HAVE_INTTYPES_H 1
| #define HAVE_STDINT_H 1
| #define HAVE_STRINGS_H 1
| #define HAVE_SYS_STAT_H 1
| #define HAVE_SYS_TYPES_H 1
| #define HAVE_UNISTD_H 1
| #define HAVE_WCHAR_H 1
| /* end confdefs.h.  */
| #include <stddef.h>
| #ifdef HAVE_STDIO_H
| # include <stdio.h>
| #endif
| #ifdef HAVE_STDLIB_H
| # include <stdlib.h>
| #endif
| #ifdef HAVE_STRING_H
| # include <string.h>
| #endif
| #ifdef HAVE_INTTYPES_H
| # include <inttypes.h>
| #endif
| #ifdef HAVE_STDINT_H
| # include <stdint.h>
| #endif
| #ifdef HAVE_STRINGS_H
| # include <strings.h>
| #endif
| #ifdef HAVE_SYS_TYPES_H
| # include <sys/types.h>
| #endif
| #ifdef HAVE_SYS_STAT_H
| # include <sys/stat.h>
| #endif
| #ifdef HAVE_UNISTD_H
| # include <unistd.h>
| #endif
| #include <minix/config.h>
configure:4172: result: no
configure:4172: checking for sys/param.h
configure:4172: gcc -c -g -O2  conftest.c >&5
configure:4172: $? = 0
configure:4172: result: yes
configure:4203: checking whether it is safe to define __EXTENSIONS__
configure:4222: gcc -c -g -O2  conftest.c >&5
configure:4222: $? = 0
configure:4230: result: yes
configure:4233: checking whether _XOPEN_SOURCE should be defined
configure:4255: gcc -c -g -O2  conftest.c >&5
configure:4255: $? = 0
configure:4282: result: no
configure:4357: checking for a BSD-compatible install
configure:4430: result: /usr/bin/install -c
configure:4441: checking whether build environment is sane
configure:4496: result: yes
configure:4651: checking for a race-free mkdir -p
configure:4695: result: /usr/bin/mkdir -p
configure:4702: checking for gawk
configure:4723: found /usr/bin/gawk
configure:4734: result: gawk
configure:4745: checking whether make sets $(MAKE)
configure:4768: result: yes
configure:4790: checking whether make supports the include directive
configure:4805: make -f confmf.GNU && cat confinc.out
this is the am__doit target
configure:4808: $? = 0
configure:4827: result: yes (GNU style)
configure:4862: checking whether make supports nested variables
configure:4880: result: yes
configure:4961: checking dependency style of gcc
configure:5073: result: gcc3
configure:5194: checking how to print strings
configure:5221: result: printf
configure:5242: checking for a sed that does not truncate output
configure:5312: result: /usr/bin/sed
configure:5330: checking for grep that handles long lines and -e
configure:5394: result: /usr/bin/grep
configure:5399: checking for egrep
configure:5467: result: /usr/bin/grep -E
configure:5472: checking for fgrep
configure:5540: result: /usr/bin/grep -F
configure:5576: checking for ld used by gcc
configure:5644: result: /usr/bin/ld
configure:5651: checking if the linker (/usr/bin/ld) is GNU ld
configure:5667: result: yes
configure:5679: checking for BSD- or MS-compatible name lister (nm)
configure:5734: result: /usr/bin/nm -B
configure:5874: checking the name lister (/usr/bin/nm -B) interface
configure:5882: gcc -c -g -O2  conftest.c >&5
configure:5885: /usr/bin/nm -B "conftest.o"
configure:5888: output
0000000000000000 B some_variable
configure:5895: result: BSD nm
configure:5898: checking whether ln -s works
configure:5902: result: yes
configure:5910: checking the maximum length of command line arguments
configure:6042: result: 1572864
configure:6090: checking how to convert x86_64-pc-linux-gnu file names to x86_64-pc-linux-gnu format
configure:6131: result: func_convert_file_noop
configure:6138: checking how to convert x86_64-pc-linux-gnu file names to toolchain format
configure:6159: result: func_convert_file_noop
configure:6166: checking for /usr/bin/ld option to reload object files
configure:6174: result: -r
configure:6253: checking for file
configure:6274: found /usr/bin/file
configure:6285: result: file
configure:6361: checking for objdump
configure:6382: found /usr/bin/objdump
configure:6393: result: objdump
configure:6425: checking how to recognize dependent libraries
configure:6626: result: pass_all
configure:6716: checking for dlltool
configure:6751: result: no
configure:6781: checking how to associate runtime and link libraries
configure:6809: result: printf %s\n
configure:6874: checking for ar
configure:6895: found /usr/bin/ar
configure:6906: result: ar
configure:6959: checking for archiver @FILE support
configure:6977: gcc -c -g -O2  conftest.c >&5
configure:6977: $? = 0
configure:6981: ar cr libconftest.a @conftest.lst >&5
configure:6984: $? = 0
configure:6989: ar cr libconftest.a @conftest.lst >&5
ar: conftest.o: No such file or directory
configure:6992: $? = 1
configure:7004: result: @
configure:7067: checking for strip
configure:7088: found /usr/bin/strip
configure:7099: result: strip
configure:7176: checking for ranlib
configure:7197: found /usr/bin/ranlib
configure:7208: result: ranlib
configure:7310: checking command to parse /usr/bin/nm -B output from gcc object
configure:7464: gcc -c -g -O2  conftest.c >&5
configure:7467: $? = 0
configure:7471: /usr/bin/nm -B conftest.o \| /usr/bin/sed -n -e 's/^.*[ ]\([ABCDGIRSTW][ABCDGIRSTW]*\)[ ][ ]*\([_A-Za-z][_A-Za-z0-9]*\)$/\1 \2 \2/p' | /usr/bin/sed '/ __gnu_lto/d' \> conftest.nm
configure:7474: $? = 0
configure:7540: gcc -o conftest -g -O2   conftest.c conftstm.o >&5
configure:7543: $? = 0
configure:7581: result: ok
configure:7628: checking for sysroot
configure:7659: result: no
configure:7666: checking for a working dd
configure:7710: result: /usr/bin/dd
configure:7714: checking how to truncate binary pipes
configure:7730: result: /usr/bin/dd bs=4096 count=1
configure:7867: gcc -c -g -O2  conftest.c >&5
configure:7870: $? = 0
configure:8067: checking for mt
configure:8102: result: no
configure:8122: checking if : is a manifest tool
configure:8129: : '-?'
configure:8137: result: no
configure:8858: checking for dlfcn.h
configure:8858: gcc -c -g -O2  conftest.c >&5
configure:8858: $? = 0
configure:8858: result: yes
configure:9117: checking for objdir
configure:9133: result: .libs
configure:9397: checking if gcc supports -fno-rtti -fno-exceptions
configure:9416: gcc -c -g -O2  -fno-rtti -fno-exceptions conftest.c >&5
cc1: warning: command-line option '-fno-rtti' is valid for C++/D/ObjC++ but not for C
configure:9420: $? = 0
configure:9433: result: no
configure:9791: checking for gcc option to produce PIC
configure:9799: result: -fPIC -DPIC
configure:9807: checking if gcc PIC flag -fPIC -DPIC works
configure:9826: gcc -c -g -O2  -fPIC -DPIC -DPIC conftest.c >&5
configure:9830: $? = 0
configure:9843: result: yes
configure:9872: checking if gcc static flag -static works
configure:9901: result: yes
configure:9916: checking if gcc supports -c -o file.o
configure:9938: gcc -c -g -O2  -o out/conftest2.o conftest.c >&5
configure:9942: $? = 0
configure:9964: result: yes
configure:9972: checking if gcc supports -c -o file.o
configure:10020: result: yes
configure:10053: checking whether the gcc linker (/usr/bin/ld -m elf_x86_64) supports shared libraries
configure:11321: result: yes
configure:11358: checking whether -lc should be explicitly linked in
configure:11367: gcc -c -g -O2  conftest.c >&5
configure:11370: $? = 0
configure:11385: gcc -shared  -fPIC -DPIC conftest.o  -v -Wl,-soname -Wl,conftest -o conftest 2\>\&1 \| /usr/bin/grep  -lc  \>/dev/null 2\>\&1
configure:11388: $? = 0
configure:11402: result: no
configure:11562: checking dynamic linker characteristics
configure:12144: gcc -o conftest -g -O2   -Wl,-rpath -Wl,/foo conftest.c  >&5
configure:12144: $? = 0
configure:12383: result: GNU/Linux ld.so
configure:12505: checking how to hardcode library paths into programs
configure:12530: result: immediate
configure:13082: checking whether stripping libraries is possible
configure:13091: result: yes
configure:13133: checking if libtool supports shared libraries
configure:13135: result: yes
configure:13138: checking whether to build shared libraries
configure:13163: result: yes
configure:13166: checking whether to build static libraries
configure:13170: result: yes
configure:13216: checking for special C compiler options needed for large files
configure:13264: result: no
configure:13270: checking for _FILE_OFFSET_BITS value needed for large files
configure:13296: gcc -c -g -O2  conftest.c >&5
configure:13296: $? = 0
configure:13330: result: no
configure:13425: checking for gcc options needed to detect all undeclared functions
configure:13447: gcc -c -g -O2   conftest.c >&5
conftest.c: In function 'main':
conftest.c:45:8: error: 'strchr' undeclared (first use in this function)
   45 | (void) strchr;
      |        ^~~~~~
conftest.c:1:1: note: 'strchr' is defined in header '<string.h>'; this is probably fixable by adding '#include <string.h>'
    1 | /* confdefs.h */
conftest.c:45:8: note: each undeclared identifier is reported only once for each function it appears in
   45 | (void) strchr;
      |        ^~~~~~
configure:13447: $? = 1
configure: failed program was:
| /* confdefs.h */
| #define PACKAGE_NAME "libX11"
| #define PACKAGE_TARNAME "libX11"
| #define PACKAGE_VERSION "1.8.5"
| #define PACKAGE_STRING "libX11 1.8.5"
| #define PACKAGE_BUGREPORT "https://gitlab.freedesktop.org/xorg/lib/libx11/-/issues"
| #define PACKAGE_URL ""
| #define HAVE_STDIO_H 1
| #define HAVE_STDLIB_H 1
| #define HAVE_STRING_H 1
| #define HAVE_INTTYPES_H 1
| #define HAVE_STDINT_H 1
| #define HAVE_STRINGS_H 1
| #define HAVE_SYS_STAT_H 1
| #define HAVE_SYS_TYPES_H 1
| #define HAVE_UNISTD_H 1
| #define HAVE_WCHAR_H 1
| #define HAVE_SYS_PARAM_H 1
| #define STDC_HEADERS 1
| #define _ALL_SOURCE 1
| #define _DARWIN_C_SOURCE 1
| #define _GNU_SOURCE 1
| #define _HPUX_ALT_XOPEN_SOCKET_API 1
| #define _NETBSD_SOURCE 1
| #define _OPENBSD_SOURCE 1
| #define _POSIX_PTHREAD_SEMANTICS 1
| #define __STDC_WANT_IEC_60559_ATTRIBS_EXT__ 1
| #define __STDC_WANT_IEC_60559_BFP_EXT__ 1
| #define __STDC_WANT_IEC_60559_DFP_EXT__ 1
| #define __STDC_WANT_IEC_60559_FUNCS_EXT__ 1
| #define __STDC_WANT_IEC_60559_TYPES_EXT__ 1
| #define __STDC_WANT_LIB_EXT2__ 1
| #define __STDC_WANT_MATH_SPEC_FUNCS__ 1
| #define _TANDEM_SOURCE 1
| #define __EXTENSIONS__ 1
| #define PACKAGE "libX11"
| #define VERSION "1.8.5"
| #define HAVE_DLFCN_H 1
| #define LT_OBJDIR ".libs/"
| /* end confdefs.h.  */
| 
| int
| main (void)
| {
| (void) strchr;
|   ;
|   return 0;
| }
configure:13474: gcc -c -g -O2   conftest.c >&5
configure:13474: $? = 0
configure:13491: result: none needed
configure:13509: checking whether __clang__ is declared
configure:13509: gcc -c -g -O2   conftest.c >&5
conftest.c: In function 'main':
conftest.c:76:10: error: '__clang__' undeclared (first use in this function)
   76 |   (void) __clang__;
      |          ^~~~~~~~~
conftest.c:76:10: note: each undeclared identifier is reported only once for each function it appears in
configure:13509: $? = 1
configure: failed program was:
| /* confdefs.h */
| #define PACKAGE_NAME "libX11"
| #define PACKAGE_TARNAME "libX11"
| #define PACKAGE_VERSION "1.8.5"
| #define PACKAGE_STRING "libX11 1.8.5"
| #define PACKAGE_BUGREPORT "https://gitlab.freedesktop.org/xorg/lib/libx11/-/issues"
| #define PACKAGE_URL ""
| #define HAVE_STDIO_H 1
| #define HAVE_STDLIB_H 1
| #define HAVE_STRING_H 1
| #define HAVE_INTTYPES_H 1
| #define HAVE_STDINT_H 1
| #define HAVE_STRINGS_H 1
| #define HAVE_SYS_STAT_H 1
| #define HAVE_SYS_TYPES_H 1
| #define HAVE_UNISTD_H 1
| #define HAVE_WCHAR_H 1
| #define HAVE_SYS_PARAM_H 1
| #define STDC_HEADERS 1
| #define _ALL_SOURCE 1
| #define _DARWIN_C_SOURCE 1
| #define _GNU_SOURCE 1
| #define _HPUX_ALT_XOPEN_SOCKET_API 1
| #define _NETBSD_SOURCE 1
| #define _OPENBSD_SOURCE 1
| #define _POSIX_PTHREAD_SEMANTICS 1
| #define __STDC_WANT_IEC_60559_ATTRIBS_EXT__ 1
| #define __STDC_WANT_IEC_60559_BFP_EXT__ 1
| #define __STDC_WANT_IEC_60559_DFP_EXT__ 1
| #define __STDC_WANT_IEC_60559_FUNCS_EXT__ 1
| #define __STDC_WANT_IEC_60559_TYPES_EXT__ 1
| #define __STDC_WANT_LIB_EXT2__ 1
| #define __STDC_WANT_MATH_SPEC_FUNCS__ 1
| #define _TANDEM_SOURCE 1
| #define __EXTENSIONS__ 1
| #define PACKAGE "libX11"
| #define VERSION "1.8.5"
| #define HAVE_DLFCN_H 1
| #define LT_OBJDIR ".libs/"
| /* end confdefs.h.  */
| #include <stddef.h>
| #ifdef HAVE_STDIO_H
| # include <stdio.h>
| #endif
| #ifdef HAVE_STDLIB_H
| # include <stdlib.h>
| #endif
| #ifdef HAVE_STRING_H
| # include <string.h>
| #endif
| #ifdef HAVE_INTTYPES_H
| # include <inttypes.h>
| #endif
| #ifdef HAVE_STDINT_H
| # include <stdint.h>
| #endif
| #ifdef HAVE_STRINGS_H
| # include <strings.h>
| #endif
| #ifdef HAVE_SYS_TYPES_H
| # include <sys/types.h>
| #endif
| #ifdef HAVE_SYS_STAT_H
| # include <sys/stat.h>
| #endif
| #ifdef HAVE_UNISTD_H
| # include <unistd.h>
| #endif
| int
| main (void)
| {
| #ifndef __clang__
| #ifdef __cplusplus
|   (void) __clang__;
| #else
|   (void) __clang__;
| #endif
| #endif
| 
|   ;
|   return 0;
| }
configure:13509: result: no
configure:13516: checking whether __INTEL_COMPILER is declared
configure:13516: gcc -c -g -O2   conftest.c >&5
conftest.c: In function 'main':
conftest.c:76:10: error: '__INTEL_COMPILER' undeclared (first use in this function)
   76 |   (void) __INTEL_COMPILER;
      |          ^~~~~~~~~~~~~~~~
conftest.c:76:10: note: each undeclared identifier is reported only once for each function it appears in
configure:13516: $? = 1
configure: failed program was:
| /* confdefs.h */
| #define PACKAGE_NAME "libX11"
| #define PACKAGE_TARNAME "libX11"
| #define PACKAGE_VERSION "1.8.5"
| #define PACKAGE_STRING "libX11 1.8.5"
| #define PACKAGE_BUGREPORT "https://gitlab.freedesktop.org/xorg/lib/libx11/-/issues"
| #define PACKAGE_URL ""
| #define HAVE_STDIO_H 1
| #define HAVE_STDLIB_H 1
| #define HAVE_STRING_H 1
| #define HAVE_INTTYPES_H 1
| #define HAVE_STDINT_H 1
| #define HAVE_STRINGS_H 1
| #define HAVE_SYS_STAT_H 1
| #define HAVE_SYS_TYPES_H 1
| #define HAVE_UNISTD_H 1
| #define HAVE_WCHAR_H 1
| #define HAVE_SYS_PARAM_H 1
| #define STDC_HEADERS 1
| #define _ALL_SOURCE 1
| #define _DARWIN_C_SOURCE 1
| #define _GNU_SOURCE 1
| #define _HPUX_ALT_XOPEN_SOCKET_API 1
| #define _NETBSD_SOURCE 1
| #define _OPENBSD_SOURCE 1
| #define _POSIX_PTHREAD_SEMANTICS 1
| #define __STDC_WANT_IEC_60559_ATTRIBS_EXT__ 1
| #define __STDC_WANT_IEC_60559_BFP_EXT__ 1
| #define __STDC_WANT_IEC_60559_DFP_EXT__ 1
| #define __STDC_WANT_IEC_60559_FUNCS_EXT__ 1
| #define __STDC_WANT_IEC_60559_TYPES_EXT__ 1
| #define __STDC_WANT_LIB_EXT2__ 1
| #define __STDC_WANT_MATH_SPEC_FUNCS__ 1
| #define _TANDEM_SOURCE 1
| #define __EXTENSIONS__ 1
| #define PACKAGE "libX11"
| #define VERSION "1.8.5"
| #define HAVE_DLFCN_H 1
| #define LT_OBJDIR ".libs/"
| /* end confdefs.h.  */
| #include <stddef.h>
| #ifdef HAVE_STDIO_H
| # include <stdio.h>
| #endif
| #ifdef HAVE_STDLIB_H
| # include <stdlib.h>
| #endif
| #ifdef HAVE_STRING_H
| # include <string.h>
| #endif
| #ifdef HAVE_INTTYPES_H
| # include <inttypes.h>
| #endif
| #ifdef HAVE_STDINT_H
| # include <stdint.h>
| #endif
| #ifdef HAVE_STRINGS_H
| # include <strings.h>
| #endif
| #ifdef HAVE_SYS_TYPES_H
| # include <sys/types.h>
| #endif
| #ifdef HAVE_SYS_STAT_H
| # include <sys/stat.h>
| #endif
| #ifdef HAVE_UNISTD_H
| # include <unistd.h>
| #endif
| int
| main (void)
| {
| #ifndef __INTEL_COMPILER
| #ifdef __cplusplus
|   (void) __INTEL_COMPILER;
| #else
|   (void) __INTEL_COMPILER;
| #endif
| #endif
| 
|   ;
|   return 0;
| }
configure:13516: result: no
configure:13523: checking whether __SUNPRO_C is declared
configure:13523: gcc -c -g -O2   conftest.c >&5
conftest.c: In function 'main':
conftest.c:76:10: error: '__SUNPRO_C' undeclared (first use in this function)
   76 |   (void) __SUNPRO_C;
      |          ^~~~~~~~~~
conftest.c:76:10: note: each undeclared identifier is reported only once for each function it appears in
configure:13523: $? = 1
configure: failed program was:
| /* confdefs.h */
| #define PACKAGE_NAME "libX11"
| #define PACKAGE_TARNAME "libX11"
| #define PACKAGE_VERSION "1.8.5"
| #define PACKAGE_STRING "libX11 1.8.5"
| #define PACKAGE_BUGREPORT "https://gitlab.freedesktop.org/xorg/lib/libx11/-/issues"
| #define PACKAGE_URL ""
| #define HAVE_STDIO_H 1
| #define HAVE_STDLIB_H 1
| #define HAVE_STRING_H 1
| #define HAVE_INTTYPES_H 1
| #define HAVE_STDINT_H 1
| #define HAVE_STRINGS_H 1
| #define HAVE_SYS_STAT_H 1
| #define HAVE_SYS_TYPES_H 1
| #define HAVE_UNISTD_H 1
| #define HAVE_WCHAR_H 1
| #define HAVE_SYS_PARAM_H 1
| #define STDC_HEADERS 1
| #define _ALL_SOURCE 1
| #define _DARWIN_C_SOURCE 1
| #define _GNU_SOURCE 1
| #define _HPUX_ALT_XOPEN_SOCKET_API 1
| #define _NETBSD_SOURCE 1
| #define _OPENBSD_SOURCE 1
| #define _POSIX_PTHREAD_SEMANTICS 1
| #define __STDC_WANT_IEC_60559_ATTRIBS_EXT__ 1
| #define __STDC_WANT_IEC_60559_BFP_EXT__ 1
| #define __STDC_WANT_IEC_60559_DFP_EXT__ 1
| #define __STDC_WANT_IEC_60559_FUNCS_EXT__ 1
| #define __STDC_WANT_IEC_60559_TYPES_EXT__ 1
| #define __STDC_WANT_LIB_EXT2__ 1
| #define __STDC_WANT_MATH_SPEC_FUNCS__ 1
| #define _TANDEM_SOURCE 1
| #define __EXTENSIONS__ 1
| #define PACKAGE "libX11"
| #define VERSION "1.8.5"
| #define HAVE_DLFCN_H 1
| #define LT_OBJDIR ".libs/"
| /* end confdefs.h.  */
| #include <stddef.h>
| #ifdef HAVE_STDIO_H
| # include <stdio.h>
| #endif
| #ifdef HAVE_STDLIB_H
| # include <stdlib.h>
| #endif
| #ifdef HAVE_STRING_H
| # include <string.h>
| #endif
| #ifdef HAVE_INTTYPES_H
| # include <inttypes.h>
| #endif
| #ifdef HAVE_STDINT_H
| # include <stdint.h>
| #endif
| #ifdef HAVE_STRINGS_H
| # include <strings.h>
| #endif
| #ifdef HAVE_SYS_TYPES_H
| # include <sys/types.h>
| #endif
| #ifdef HAVE_SYS_STAT_H
| # include <sys/stat.h>
| #endif
| #ifdef HAVE_UNISTD_H
| # include <unistd.h>
| #endif
| int
| main (void)
| {
| #ifndef __SUNPRO_C
| #ifdef __cplusplus
|   (void) __SUNPRO_C;
| #else
|   (void) __SUNPRO_C;
| #endif
| #endif
| 
|   ;
|   return 0;
| }
configure:13523: result: no
configure:13590: checking for pkg-config
configure:13613: found /usr/bin/pkg-config
configure:13625: result: /usr/bin/pkg-config
configure:13650: checking pkg-config is at least version 0.9.0
configure:13653: result: yes
configure:13703: checking if gcc supports -Werror=unknown-warning-option
configure:13713: gcc -c -g -O2 -Werror=unknown-warning-option  conftest.c >&5
cc1: error: '-Werror=unknown-warning-option': no option '-Wunknown-warning-option'
configure:13713: $? = 1
configure: failed program was:
| /* confdefs.h */
| #define PACKAGE_NAME "libX11"
| #define PACKAGE_TARNAME "libX11"
| #define PACKAGE_VERSION "1.8.5"
| #define PACKAGE_STRING "libX11 1.8.5"
| #define PACKAGE_BUGREPORT "https://gitlab.freedesktop.org/xorg/lib/libx11/-/issues"
| #define PACKAGE_URL ""
| #define HAVE_STDIO_H 1
| #define HAVE_STDLIB_H 1
| #define HAVE_STRING_H 1
| #define HAVE_INTTYPES_H 1
| #define HAVE_STDINT_H 1
| #define HAVE_STRINGS_H 1
| #define HAVE_SYS_STAT_H 1
| #define HAVE_SYS_TYPES_H 1
| #define HAVE_UNISTD_H 1
| #define HAVE_WCHAR_H 1
| #define HAVE_SYS_PARAM_H 1
| #define STDC_HEADERS 1
| #define _ALL_SOURCE 1
| #define _DARWIN_C_SOURCE 1
| #define _GNU_SOURCE 1
| #define _HPUX_ALT_XOPEN_SOCKET_API 1
| #define _NETBSD_SOURCE 1
| #define _OPENBSD_SOURCE 1
| #define _POSIX_PTHREAD_SEMANTICS 1
| #define __STDC_WANT_IEC_60559_ATTRIBS_EXT__ 1
| #define __STDC_WANT_IEC_60559_BFP_EXT__ 1
| #define __STDC_WANT_IEC_60559_DFP_EXT__ 1
| #define __STDC_WANT_IEC_60559_FUNCS_EXT__ 1
| #define __STDC_WANT_IEC_60559_TYPES_EXT__ 1
| #define __STDC_WANT_LIB_EXT2__ 1
| #define __STDC_WANT_MATH_SPEC_FUNCS__ 1
| #define _TANDEM_SOURCE 1
| #define __EXTENSIONS__ 1
| #define PACKAGE "libX11"
| #define VERSION "1.8.5"
| #define HAVE_DLFCN_H 1
| #define LT_OBJDIR ".libs/"
| /* end confdefs.h.  */
| int i;
configure:13721: result: no
configure:13732: checking if gcc supports -Werror=unused-command-line-argument
configure:13742: gcc -c -g -O2 -Werror=unused-command-line-argument  conftest.c >&5
cc1: error: '-Werror=unused-command-line-argument': no option '-Wunused-command-line-argument'; did you mean '-Wunused-dummy-argument'?
configure:13742: $? = 1
configure: failed program was:
| /* confdefs.h */
| #define PACKAGE_NAME "libX11"
| #define PACKAGE_TARNAME "libX11"
| #define PACKAGE_VERSION "1.8.5"
| #define PACKAGE_STRING "libX11 1.8.5"
| #define PACKAGE_BUGREPORT "https://gitlab.freedesktop.org/xorg/lib/libx11/-/issues"
| #define PACKAGE_URL ""
| #define HAVE_STDIO_H 1
| #define HAVE_STDLIB_H 1
| #define HAVE_STRING_H 1
| #define HAVE_INTTYPES_H 1
| #define HAVE_STDINT_H 1
| #define HAVE_STRINGS_H 1
| #define HAVE_SYS_STAT_H 1
| #define HAVE_SYS_TYPES_H 1
| #define HAVE_UNISTD_H 1
| #define HAVE_WCHAR_H 1
| #define HAVE_SYS_PARAM_H 1
| #define STDC_HEADERS 1
| #define _ALL_SOURCE 1
| #define _DARWIN_C_SOURCE 1
| #define _GNU_SOURCE 1
| #define _HPUX_ALT_XOPEN_SOCKET_API 1
| #define _NETBSD_SOURCE 1
| #define _OPENBSD_SOURCE 1
| #define _POSIX_PTHREAD_SEMANTICS 1
| #define __STDC_WANT_IEC_60559_ATTRIBS_EXT__ 1
| #define __STDC_WANT_IEC_60559_BFP_EXT__ 1
| #define __STDC_WANT_IEC_60559_DFP_EXT__ 1
| #define __STDC_WANT_IEC_60559_FUNCS_EXT__ 1
| #define __STDC_WANT_IEC_60559_TYPES_EXT__ 1
| #define __STDC_WANT_LIB_EXT2__ 1
| #define __STDC_WANT_MATH_SPEC_FUNCS__ 1
| #define _TANDEM_SOURCE 1
| #define __EXTENSIONS__ 1
| #define PACKAGE "libX11"
| #define VERSION "1.8.5"
| #define HAVE_DLFCN_H 1
| #define LT_OBJDIR ".libs/"
| /* end confdefs.h.  */
| int i;
configure:13750: result: no
configure:13769: checking if gcc supports -Wall
configure:13787: gcc -o conftest -g -O2 -Wall   conftest.c  >&5
configure:13787: $? = 0
configure:13801: result: yes
configure:13893: checking if gcc supports -Wpointer-arith
configure:13911: gcc -o conftest -g -O2 -Wpointer-arith   conftest.c  >&5
configure:13911: $? = 0
configure:13925: result: yes
configure:14017: checking if gcc supports -Wmissing-declarations
configure:14035: gcc -o conftest -g -O2 -Wmissing-declarations   conftest.c  >&5
configure:14035: $? = 0
configure:14049: result: yes
configure:14141: checking if gcc supports -Wformat=2
configure:14159: gcc -o conftest -g -O2 -Wformat=2   conftest.c  >&5
configure:14159: $? = 0
configure:14173: result: yes
configure:14318: checking if gcc supports -Wstrict-prototypes
configure:14336: gcc -o conftest -g -O2 -Wstrict-prototypes   conftest.c  >&5
configure:14336: $? = 0
configure:14350: result: yes
configure:14442: checking if gcc supports -Wmissing-prototypes
configure:14460: gcc -o conftest -g -O2 -Wmissing-prototypes   conftest.c  >&5
configure:14460: $? = 0
configure:14474: result: yes
configure:14566: checking if gcc supports -Wnested-externs
configure:14584: gcc -o conftest -g -O2 -Wnested-externs   conftest.c  >&5
configure:14584: $? = 0
configure:14598: result: yes
configure:14690: checking if gcc supports -Wbad-function-cast
configure:14708: gcc -o conftest -g -O2 -Wbad-function-cast   conftest.c  >&5
configure:14708: $? = 0
configure:14722: result: yes
configure:14814: checking if gcc supports -Wold-style-definition
configure:14832: gcc -o conftest -g -O2 -Wold-style-definition   conftest.c  >&5
configure:14832: $? = 0
configure:14846: result: yes
configure:14989: checking if gcc supports -Wdeclaration-after-statement
configure:15007: gcc -o conftest -g -O2 -Wdeclaration-after-statement   conftest.c  >&5
configure:15007: $? = 0
configure:15021: result: yes
configure:15117: checking if gcc supports -Wunused
configure:15135: gcc -o conftest -g -O2 -Wunused   conftest.c  >&5
configure:15135: $? = 0
configure:15149: result: yes
configure:15241: checking if gcc supports -Wuninitialized
configure:15259: gcc -o conftest -g -O2 -Wuninitialized   conftest.c  >&5
configure:15259: $? = 0
configure:15273: result: yes
configure:15365: checking if gcc supports -Wshadow
configure:15383: gcc -o conftest -g -O2 -Wshadow   conftest.c  >&5
configure:15383: $? = 0
configure:15397: result: yes
configure:15489: checking if gcc supports -Wmissing-noreturn
configure:15507: gcc -o conftest -g -O2 -Wmissing-noreturn   conftest.c  >&5
configure:15507: $? = 0
configure:15521: result: yes
configure:15613: checking if gcc supports -Wmissing-format-attribute
configure:15631: gcc -o conftest -g -O2 -Wmissing-format-attribute   conftest.c  >&5
configure:15631: $? = 0
configure:15645: result: yes
configure:15737: checking if gcc supports -Wredundant-decls
configure:15755: gcc -o conftest -g -O2 -Wredundant-decls   conftest.c  >&5
configure:15755: $? = 0
configure:15769: result: yes
configure:15861: checking if gcc supports -Wlogical-op
configure:15879: gcc -o conftest -g -O2 -Wlogical-op   conftest.c  >&5
configure:15879: $? = 0
configure:15893: result: yes
configure:15997: checking if gcc supports -Werror=implicit
configure:16015: gcc -o conftest -g -O2 -Werror=implicit   conftest.c  >&5
configure:16015: $? = 0
configure:16029: result: yes
configure:16172: checking if gcc supports -Werror=nonnull
configure:16190: gcc -o conftest -g -O2 -Werror=nonnull   conftest.c  >&5
configure:16190: $? = 0
configure:16204: result: yes
configure:16296: checking if gcc supports -Werror=init-self
configure:16314: gcc -o conftest -g -O2 -Werror=init-self   conftest.c  >&5
configure:16314: $? = 0
configure:16328: result: yes
configure:16420: checking if gcc supports -Werror=main
configure:16438: gcc -o conftest -g -O2 -Werror=main   conftest.c  >&5
configure:16438: $? = 0
configure:16452: result: yes
configure:16544: checking if gcc supports -Werror=missing-braces
configure:16562: gcc -o conftest -g -O2 -Werror=missing-braces   conftest.c  >&5
configure:16562: $? = 0
configure:16576: result: yes
configure:16668: checking if gcc supports -Werror=sequence-point
configure:16686: gcc -o conftest -g -O2 -Werror=sequence-point   conftest.c  >&5
configure:16686: $? = 0
configure:16700: result: yes
configure:16792: checking if gcc supports -Werror=return-type
configure:16810: gcc -o conftest -g -O2 -Werror=return-type   conftest.c  >&5
configure:16810: $? = 0
configure:16824: result: yes
configure:16967: checking if gcc supports -Werror=trigraphs
configure:16985: gcc -o conftest -g -O2 -Werror=trigraphs   conftest.c  >&5
configure:16985: $? = 0
configure:16999: result: yes
configure:17091: checking if gcc supports -Werror=array-bounds
configure:17109: gcc -o conftest -g -O2 -Werror=array-bounds   conftest.c  >&5
configure:17109: $? = 0
configure:17123: result: yes
configure:17215: checking if gcc supports -Werror=write-strings
configure:17233: gcc -o conftest -g -O2 -Werror=write-strings   conftest.c  >&5
configure:17233: $? = 0
configure:17247: result: yes
configure:17339: checking if gcc supports -Werror=address
configure:17357: gcc -o conftest -g -O2 -Werror=address   conftest.c  >&5
configure:17357: $? = 0
configure:17371: result: yes
configure:17463: checking if gcc supports -Werror=int-to-pointer-cast
configure:17481: gcc -o conftest -g -O2 -Werror=int-to-pointer-cast   conftest.c  >&5
configure:17481: $? = 0
configure:17495: result: yes
configure:17638: checking if gcc supports -Werror=pointer-to-int-cast
configure:17656: gcc -o conftest -g -O2 -Werror=pointer-to-int-cast   conftest.c  >&5
configure:17656: $? = 0
configure:17670: result: yes
configure:19411: checking if gcc supports -pedantic
configure:19429: gcc -o conftest -g -O2 -pedantic   conftest.c  >&5
configure:19429: $? = 0
configure:19443: result: yes
configure:19535: checking if gcc supports -Werror
configure:19553: gcc -o conftest -g -O2 -Werror   conftest.c  >&5
configure:19553: $? = 0
configure:19567: result: yes
configure:19713: checking if gcc supports -Werror=attributes
configure:19731: gcc -o conftest -g -O2 -Werror=attributes   conftest.c  >&5
configure:19731: $? = 0
configure:19745: result: yes
configure:19938: checking whether make supports nested variables
configure:19956: result: yes
configure:19988: checking whether to build functional specifications
configure:19990: result: yes
configure:20010: checking for xmlto
configure:20048: result: no
configure:20054: WARNING: xmlto not found - documentation targets will be skipped
configure:20352: checking for xsltproc
configure:20375: found /usr/bin/xsltproc
configure:20387: result: /usr/bin/xsltproc
configure:20472: checking for X.Org SGML entities >= 1.10
configure:20476: $PKG_CONFIG --exists --print-errors "xorg-sgml-doctools >= 1.10"
Package xorg-sgml-doctools was not found in the pkg-config search path.
Perhaps you should add the directory containing `xorg-sgml-doctools.pc'
to the PKG_CONFIG_PATH environment variable
Package 'xorg-sgml-doctools' not found
configure:20479: $? = 1
configure:20495: result: no
configure:20516: checking how to run the C preprocessor
configure:20542: gcc -E  conftest.c
configure:20542: $? = 0
configure:20557: gcc -E  conftest.c
conftest.c:44:10: fatal error: ac_nonexistent.h: No such file or directory
   44 | #include <ac_nonexistent.h>
      |          ^~~~~~~~~~~~~~~~~~
compilation terminated.
configure:20557: $? = 1
configure: failed program was:
| /* confdefs.h */
| #define PACKAGE_NAME "libX11"
| #define PACKAGE_TARNAME "libX11"
| #define PACKAGE_VERSION "1.8.5"
| #define PACKAGE_STRING "libX11 1.8.5"
| #define PACKAGE_BUGREPORT "https://gitlab.freedesktop.org/xorg/lib/libx11/-/issues"
| #define PACKAGE_URL ""
| #define HAVE_STDIO_H 1
| #define HAVE_STDLIB_H 1
| #define HAVE_STRING_H 1
| #define HAVE_INTTYPES_H 1
| #define HAVE_STDINT_H 1
| #define HAVE_STRINGS_H 1
| #define HAVE_SYS_STAT_H 1
| #define HAVE_SYS_TYPES_H 1
| #define HAVE_UNISTD_H 1
| #define HAVE_WCHAR_H 1
| #define HAVE_SYS_PARAM_H 1
| #define STDC_HEADERS 1
| #define _ALL_SOURCE 1
| #define _DARWIN_C_SOURCE 1
| #define _GNU_SOURCE 1
| #define _HPUX_ALT_XOPEN_SOCKET_API 1
| #define _NETBSD_SOURCE 1
| #define _OPENBSD_SOURCE 1
| #define _POSIX_PTHREAD_SEMANTICS 1
| #define __STDC_WANT_IEC_60559_ATTRIBS_EXT__ 1
| #define __STDC_WANT_IEC_60559_BFP_EXT__ 1
| #define __STDC_WANT_IEC_60559_DFP_EXT__ 1
| #define __STDC_WANT_IEC_60559_FUNCS_EXT__ 1
| #define __STDC_WANT_IEC_60559_TYPES_EXT__ 1
| #define __STDC_WANT_LIB_EXT2__ 1
| #define __STDC_WANT_MATH_SPEC_FUNCS__ 1
| #define _TANDEM_SOURCE 1
| #define __EXTENSIONS__ 1
| #define PACKAGE "libX11"
| #define VERSION "1.8.5"
| #define HAVE_DLFCN_H 1
| #define LT_OBJDIR ".libs/"
| #define PACKAGE_VERSION_MAJOR 1
| #define PACKAGE_VERSION_MINOR 8
| #define PACKAGE_VERSION_PATCHLEVEL 5
| /* end confdefs.h.  */
| #include <ac_nonexistent.h>
configure:20584: result: gcc -E
configure:20598: gcc -E  conftest.c
configure:20598: $? = 0
configure:20613: gcc -E  conftest.c
conftest.c:44:10: fatal error: ac_nonexistent.h: No such file or directory
   44 | #include <ac_nonexistent.h>
      |          ^~~~~~~~~~~~~~~~~~
compilation terminated.
configure:20613: $? = 1
configure: failed program was:
| /* confdefs.h */
| #define PACKAGE_NAME "libX11"
| #define PACKAGE_TARNAME "libX11"
| #define PACKAGE_VERSION "1.8.5"
| #define PACKAGE_STRING "libX11 1.8.5"
| #define PACKAGE_BUGREPORT "https://gitlab.freedesktop.org/xorg/lib/libx11/-/issues"
| #define PACKAGE_URL ""
| #define HAVE_STDIO_H 1
| #define HAVE_STDLIB_H 1
| #define HAVE_STRING_H 1
| #define HAVE_INTTYPES_H 1
| #define HAVE_STDINT_H 1
| #define HAVE_STRINGS_H 1
| #define HAVE_SYS_STAT_H 1
| #define HAVE_SYS_TYPES_H 1
| #define HAVE_UNISTD_H 1
| #define HAVE_WCHAR_H 1
| #define HAVE_SYS_PARAM_H 1
| #define STDC_HEADERS 1
| #define _ALL_SOURCE 1
| #define _DARWIN_C_SOURCE 1
| #define _GNU_SOURCE 1
| #define _HPUX_ALT_XOPEN_SOCKET_API 1
| #define _NETBSD_SOURCE 1
| #define _OPENBSD_SOURCE 1
| #define _POSIX_PTHREAD_SEMANTICS 1
| #define __STDC_WANT_IEC_60559_ATTRIBS_EXT__ 1
| #define __STDC_WANT_IEC_60559_BFP_EXT__ 1
| #define __STDC_WANT_IEC_60559_DFP_EXT__ 1
| #define __STDC_WANT_IEC_60559_FUNCS_EXT__ 1
| #define __STDC_WANT_IEC_60559_TYPES_EXT__ 1
| #define __STDC_WANT_LIB_EXT2__ 1
| #define __STDC_WANT_MATH_SPEC_FUNCS__ 1
| #define _TANDEM_SOURCE 1
| #define __EXTENSIONS__ 1
| #define PACKAGE "libX11"
| #define VERSION "1.8.5"
| #define HAVE_DLFCN_H 1
| #define LT_OBJDIR ".libs/"
| #define PACKAGE_VERSION_MAJOR 1
| #define PACKAGE_VERSION_MINOR 8
| #define PACKAGE_VERSION_PATCHLEVEL 5
| /* end confdefs.h.  */
| #include <ac_nonexistent.h>
configure:20697: checking for cpp
configure:20721: found /usr/bin/cpp
configure:20733: result: /usr/bin/cpp
configure:20759: checking if /usr/bin/cpp requires -undef
configure:20771: result: yes
configure:20784: checking if /usr/bin/cpp requires -traditional
configure:20797: result: yes
configure:20826: checking for perl
configure:20849: found /usr/bin/perl
configure:20861: result: /usr/bin/perl
configure:21006: checking for pkg-config
configure:21041: result: /usr/bin/pkg-config
configure:21066: checking pkg-config is at least version 0.9.0
configure:21069: result: yes
configure:21227: checking for pkg-config
configure:21262: result: /usr/bin/pkg-config
configure:21287: checking pkg-config is at least version 0.9.0
configure:21290: result: yes
configure:21325: checking if Xtrans should support UNIX socket connections
configure:21332: result: yes
configure:21342: checking if Xtrans should support TCP socket connections
configure:21344: result: yes
configure:21352: checking for library containing socket
configure:21382: gcc -o conftest -g -O2   conftest.c  >&5
configure:21382: $? = 0
configure:21402: result: none required
configure:21411: checking for library containing gethostbyname
configure:21441: gcc -o conftest -g -O2   conftest.c  >&5
configure:21441: $? = 0
configure:21461: result: none required
configure:21519: checking for getaddrinfo
configure:21519: gcc -o conftest -g -O2   conftest.c  >&5
configure:21519: $? = 0
configure:21519: result: yes
configure:21529: checking if IPv6 support should be built
configure:21536: result: yes
configure:21540: checking for struct sockaddr_in.sin_len
configure:21540: gcc -c -g -O2  conftest.c >&5
conftest.c: In function 'main':
conftest.c:57:12: error: 'struct sockaddr_in' has no member named 'sin_len'
   57 | if (ac_aggr.sin_len)
      |            ^
configure:21540: $? = 1
configure: failed program was:
| /* confdefs.h */
| #define PACKAGE_NAME "libX11"
| #define PACKAGE_TARNAME "libX11"
| #define PACKAGE_VERSION "1.8.5"
| #define PACKAGE_STRING "libX11 1.8.5"
| #define PACKAGE_BUGREPORT "https://gitlab.freedesktop.org/xorg/lib/libx11/-/issues"
| #define PACKAGE_URL ""
| #define HAVE_STDIO_H 1
| #define HAVE_STDLIB_H 1
| #define HAVE_STRING_H 1
| #define HAVE_INTTYPES_H 1
| #define HAVE_STDINT_H 1
| #define HAVE_STRINGS_H 1
| #define HAVE_SYS_STAT_H 1
| #define HAVE_SYS_TYPES_H 1
| #define HAVE_UNISTD_H 1
| #define HAVE_WCHAR_H 1
| #define HAVE_SYS_PARAM_H 1
| #define STDC_HEADERS 1
| #define _ALL_SOURCE 1
| #define _DARWIN_C_SOURCE 1
| #define _GNU_SOURCE 1
| #define _HPUX_ALT_XOPEN_SOCKET_API 1
| #define _NETBSD_SOURCE 1
| #define _OPENBSD_SOURCE 1
| #define _POSIX_PTHREAD_SEMANTICS 1
| #define __STDC_WANT_IEC_60559_ATTRIBS_EXT__ 1
| #define __STDC_WANT_IEC_60559_BFP_EXT__ 1
| #define __STDC_WANT_IEC_60559_DFP_EXT__ 1
| #define __STDC_WANT_IEC_60559_FUNCS_EXT__ 1
| #define __STDC_WANT_IEC_60559_TYPES_EXT__ 1
| #define __STDC_WANT_LIB_EXT2__ 1
| #define __STDC_WANT_MATH_SPEC_FUNCS__ 1
| #define _TANDEM_SOURCE 1
| #define __EXTENSIONS__ 1
| #define PACKAGE "libX11"
| #define VERSION "1.8.5"
| #define HAVE_DLFCN_H 1
| #define LT_OBJDIR ".libs/"
| #define PACKAGE_VERSION_MAJOR 1
| #define PACKAGE_VERSION_MINOR 8
| #define PACKAGE_VERSION_PATCHLEVEL 5
| #define UNIXCONN 1
| #define TCPCONN 1
| #define IPv6 1
| /* end confdefs.h.  */
| 
| #include <sys/types.h>
| #include <sys/socket.h>
| #include <netinet/in.h>
| 
| 
| int
| main (void)
| {
| static struct sockaddr_in ac_aggr;
| if (ac_aggr.sin_len)
| return 0;
|   ;
|   return 0;
| }
configure:21540: gcc -c -g -O2  conftest.c >&5
conftest.c: In function 'main':
conftest.c:57:19: error: 'struct sockaddr_in' has no member named 'sin_len'
   57 | if (sizeof ac_aggr.sin_len)
      |                   ^
configure:21540: $? = 1
configure: failed program was:
| /* confdefs.h */
| #define PACKAGE_NAME "libX11"
| #define PACKAGE_TARNAME "libX11"
| #define PACKAGE_VERSION "1.8.5"
| #define PACKAGE_STRING "libX11 1.8.5"
| #define PACKAGE_BUGREPORT "https://gitlab.freedesktop.org/xorg/lib/libx11/-/issues"
| #define PACKAGE_URL ""
| #define HAVE_STDIO_H 1
| #define HAVE_STDLIB_H 1
| #define HAVE_STRING_H 1
| #define HAVE_INTTYPES_H 1
| #define HAVE_STDINT_H 1
| #define HAVE_STRINGS_H 1
| #define HAVE_SYS_STAT_H 1
| #define HAVE_SYS_TYPES_H 1
| #define HAVE_UNISTD_H 1
| #define HAVE_WCHAR_H 1
| #define HAVE_SYS_PARAM_H 1
| #define STDC_HEADERS 1
| #define _ALL_SOURCE 1
| #define _DARWIN_C_SOURCE 1
| #define _GNU_SOURCE 1
| #define _HPUX_ALT_XOPEN_SOCKET_API 1
| #define _NETBSD_SOURCE 1
| #define _OPENBSD_SOURCE 1
| #define _POSIX_PTHREAD_SEMANTICS 1
| #define __STDC_WANT_IEC_60559_ATTRIBS_EXT__ 1
| #define __STDC_WANT_IEC_60559_BFP_EXT__ 1
| #define __STDC_WANT_IEC_60559_DFP_EXT__ 1
| #define __STDC_WANT_IEC_60559_FUNCS_EXT__ 1
| #define __STDC_WANT_IEC_60559_TYPES_EXT__ 1
| #define __STDC_WANT_LIB_EXT2__ 1
| #define __STDC_WANT_MATH_SPEC_FUNCS__ 1
| #define _TANDEM_SOURCE 1
| #define __EXTENSIONS__ 1
| #define PACKAGE "libX11"
| #define VERSION "1.8.5"
| #define HAVE_DLFCN_H 1
| #define LT_OBJDIR ".libs/"
| #define PACKAGE_VERSION_MAJOR 1
| #define PACKAGE_VERSION_MINOR 8
| #define PACKAGE_VERSION_PATCHLEVEL 5
| #define UNIXCONN 1
| #define TCPCONN 1
| #define IPv6 1
| /* end confdefs.h.  */
| 
| #include <sys/types.h>
| #include <sys/socket.h>
| #include <netinet/in.h>
| 
| 
| int
| main (void)
| {
| static struct sockaddr_in ac_aggr;
| if (sizeof ac_aggr.sin_len)
| return 0;
|   ;
|   return 0;
| }
configure:21540: result: no
configure:21555: checking for socklen_t
configure:21555: gcc -c -g -O2  conftest.c >&5
configure:21555: $? = 0
configure:21555: gcc -c -g -O2  conftest.c >&5
conftest.c: In function 'main':
conftest.c:81:24: error: expected expression before ')' token
   81 | if (sizeof ((socklen_t)))
      |                        ^
configure:21555: $? = 1
configure: failed program was:
| /* confdefs.h */
| #define PACKAGE_NAME "libX11"
| #define PACKAGE_TARNAME "libX11"
| #define PACKAGE_VERSION "1.8.5"
| #define PACKAGE_STRING "libX11 1.8.5"
| #define PACKAGE_BUGREPORT "https://gitlab.freedesktop.org/xorg/lib/libx11/-/issues"
| #define PACKAGE_URL ""
| #define HAVE_STDIO_H 1
| #define HAVE_STDLIB_H 1
| #define HAVE_STRING_H 1
| #define HAVE_INTTYPES_H 1
| #define HAVE_STDINT_H 1
| #define HAVE_STRINGS_H 1
| #define HAVE_SYS_STAT_H 1
| #define HAVE_SYS_TYPES_H 1
| #define HAVE_UNISTD_H 1
| #define HAVE_WCHAR_H 1
| #define HAVE_SYS_PARAM_H 1
| #define STDC_HEADERS 1
| #define _ALL_SOURCE 1
| #define _DARWIN_C_SOURCE 1
| #define _GNU_SOURCE 1
| #define _HPUX_ALT_XOPEN_SOCKET_API 1
| #define _NETBSD_SOURCE 1
| #define _OPENBSD_SOURCE 1
| #define _POSIX_PTHREAD_SEMANTICS 1
| #define __STDC_WANT_IEC_60559_ATTRIBS_EXT__ 1
| #define __STDC_WANT_IEC_60559_BFP_EXT__ 1
| #define __STDC_WANT_IEC_60559_DFP_EXT__ 1
| #define __STDC_WANT_IEC_60559_FUNCS_EXT__ 1
| #define __STDC_WANT_IEC_60559_TYPES_EXT__ 1
| #define __STDC_WANT_LIB_EXT2__ 1
| #define __STDC_WANT_MATH_SPEC_FUNCS__ 1
| #define _TANDEM_SOURCE 1
| #define __EXTENSIONS__ 1
| #define PACKAGE "libX11"
| #define VERSION "1.8.5"
| #define HAVE_DLFCN_H 1
| #define LT_OBJDIR ".libs/"
| #define PACKAGE_VERSION_MAJOR 1
| #define PACKAGE_VERSION_MINOR 8
| #define PACKAGE_VERSION_PATCHLEVEL 5
| #define UNIXCONN 1
| #define TCPCONN 1
| #define IPv6 1
| /* end confdefs.h.  */
| 
| #include <stddef.h>
| #ifdef HAVE_STDIO_H
| # include <stdio.h>
| #endif
| #ifdef HAVE_STDLIB_H
| # include <stdlib.h>
| #endif
| #ifdef HAVE_STRING_H
| # include <string.h>
| #endif
| #ifdef HAVE_INTTYPES_H
| # include <inttypes.h>
| #endif
| #ifdef HAVE_STDINT_H
| # include <stdint.h>
| #endif
| #ifdef HAVE_STRINGS_H
| # include <strings.h>
| #endif
| #ifdef HAVE_SYS_TYPES_H
| # include <sys/types.h>
| #endif
| #ifdef HAVE_SYS_STAT_H
| # include <sys/stat.h>
| #endif
| #ifdef HAVE_UNISTD_H
| # include <unistd.h>
| #endif
| #include <sys/socket.h>
| 
| int
| main (void)
| {
| if (sizeof ((socklen_t)))
| 	    return 0;
|   ;
|   return 0;
| }
configure:21555: result: yes
configure:21570: checking for struct msghdr.msg_control
configure:21570: gcc -c -g -O2  conftest.c >&5
configure:21570: $? = 0
configure:21570: result: yes
configure:21636: checking if Xtrans should support os-specific local connections
configure:21638: result: no
configure:21647: checking for strcasecmp
configure:21647: gcc -o conftest -g -O2   conftest.c  >&5
conftest.c:64:6: warning: conflicting types for built-in function 'strcasecmp'; expected 'int(const char *, const char *)' [-Wbuiltin-declaration-mismatch]
   64 | char strcasecmp ();
      |      ^~~~~~~~~~
configure:21647: $? = 0
configure:21647: result: yes
configure:21653: checking for strlcpy
configure:21653: gcc -o conftest -g -O2   conftest.c  >&5
configure:21653: $? = 0
configure:21653: result: yes
configure:21664: checking if run-time linking is supported
configure:21666: checking for library containing dlopen
configure:21696: gcc -o conftest -g -O2   conftest.c  >&5
configure:21696: $? = 0
configure:21716: result: none required
configure:21801: checking for dlfcn.h
configure:21801: result: yes
configure:21814: result: yes
configure:21817: checking if loadable i18n module support should be enabled
configure:21837: result: no
configure:21849: checking if loadable Xcursor library support should be enabled
configure:21864: result: yes
configure:21882: checking for sys/filio.h
configure:21882: gcc -c -g -O2  conftest.c >&5
conftest.c:82:10: fatal error: sys/filio.h: No such file or directory
   82 | #include <sys/filio.h>
      |          ^~~~~~~~~~~~~
compilation terminated.
configure:21882: $? = 1
configure: failed program was:
| /* confdefs.h */
| #define PACKAGE_NAME "libX11"
| #define PACKAGE_TARNAME "libX11"
| #define PACKAGE_VERSION "1.8.5"
| #define PACKAGE_STRING "libX11 1.8.5"
| #define PACKAGE_BUGREPORT "https://gitlab.freedesktop.org/xorg/lib/libx11/-/issues"
| #define PACKAGE_URL ""
| #define HAVE_STDIO_H 1
| #define HAVE_STDLIB_H 1
| #define HAVE_STRING_H 1
| #define HAVE_INTTYPES_H 1
| #define HAVE_STDINT_H 1
| #define HAVE_STRINGS_H 1
| #define HAVE_SYS_STAT_H 1
| #define HAVE_SYS_TYPES_H 1
| #define HAVE_UNISTD_H 1
| #define HAVE_WCHAR_H 1
| #define HAVE_SYS_PARAM_H 1
| #define STDC_HEADERS 1
| #define _ALL_SOURCE 1
| #define _DARWIN_C_SOURCE 1
| #define _GNU_SOURCE 1
| #define _HPUX_ALT_XOPEN_SOCKET_API 1
| #define _NETBSD_SOURCE 1
| #define _OPENBSD_SOURCE 1
| #define _POSIX_PTHREAD_SEMANTICS 1
| #define __STDC_WANT_IEC_60559_ATTRIBS_EXT__ 1
| #define __STDC_WANT_IEC_60559_BFP_EXT__ 1
| #define __STDC_WANT_IEC_60559_DFP_EXT__ 1
| #define __STDC_WANT_IEC_60559_FUNCS_EXT__ 1
| #define __STDC_WANT_IEC_60559_TYPES_EXT__ 1
| #define __STDC_WANT_LIB_EXT2__ 1
| #define __STDC_WANT_MATH_SPEC_FUNCS__ 1
| #define _TANDEM_SOURCE 1
| #define __EXTENSIONS__ 1
| #define PACKAGE "libX11"
| #define VERSION "1.8.5"
| #define HAVE_DLFCN_H 1
| #define LT_OBJDIR ".libs/"
| #define PACKAGE_VERSION_MAJOR 1
| #define PACKAGE_VERSION_MINOR 8
| #define PACKAGE_VERSION_PATCHLEVEL 5
| #define UNIXCONN 1
| #define TCPCONN 1
| #define IPv6 1
| #define HAVE_SOCKLEN_T 1
| #define HAVE_STRCASECMP 1
| #define HAVE_STRLCPY 1
| #define HAVE_DLOPEN 1
| #define HAVE_DLFCN_H 1
| #define USE_DYNAMIC_XCURSOR 1
| #define USE_THREAD_SAFETY_CONSTRUCTOR 1
| /* end confdefs.h.  */
| #include <stddef.h>
| #ifdef HAVE_STDIO_H
| # include <stdio.h>
| #endif
| #ifdef HAVE_STDLIB_H
| # include <stdlib.h>
| #endif
| #ifdef HAVE_STRING_H
| # include <string.h>
| #endif
| #ifdef HAVE_INTTYPES_H
| # include <inttypes.h>
| #endif
| #ifdef HAVE_STDINT_H
| # include <stdint.h>
| #endif
| #ifdef HAVE_STRINGS_H
| # include <strings.h>
| #endif
| #ifdef HAVE_SYS_TYPES_H
| # include <sys/types.h>
| #endif
| #ifdef HAVE_SYS_STAT_H
| # include <sys/stat.h>
| #endif
| #ifdef HAVE_UNISTD_H
| # include <unistd.h>
| #endif
| #include <sys/filio.h>
configure:21882: result: no
configure:21888: checking for sys/select.h
configure:21888: gcc -c -g -O2  conftest.c >&5
configure:21888: $? = 0
configure:21888: result: yes
configure:21894: checking for sys/ioctl.h
configure:21894: gcc -c -g -O2  conftest.c >&5
configure:21894: $? = 0
configure:21894: result: yes
configure:21900: checking for sys/socket.h
configure:21900: gcc -c -g -O2  conftest.c >&5
configure:21900: $? = 0
configure:21900: result: yes
configure:21912: checking for __builtin_popcountl
configure:21932: gcc -o conftest -g -O2   conftest.c  >&5
configure:21932: $? = 0
configure:21942: result: yes
configure:21956: checking for strtol
configure:21956: gcc -o conftest -g -O2   conftest.c  >&5
configure:21956: $? = 0
configure:21956: result: yes
configure:21962: checking for seteuid
configure:21962: gcc -o conftest -g -O2   conftest.c  >&5
configure:21962: $? = 0
configure:21962: result: yes
configure:21969: checking for reallocarray
configure:21969: gcc -o conftest -g -O2   conftest.c  >&5
configure:21969: $? = 0
configure:21969: result: yes
configure:21985: checking whether issetugid is declared
configure:21985: gcc -c -g -O2   conftest.c >&5
conftest.c: In function 'main':
conftest.c:96:10: error: 'issetugid' undeclared (first use in this function); did you mean 'setegid'?
   96 |   (void) issetugid;
      |          ^~~~~~~~~
      |          setegid
conftest.c:96:10: note: each undeclared identifier is reported only once for each function it appears in
configure:21985: $? = 1
configure: failed program was:
| /* confdefs.h */
| #define PACKAGE_NAME "libX11"
| #define PACKAGE_TARNAME "libX11"
| #define PACKAGE_VERSION "1.8.5"
| #define PACKAGE_STRING "libX11 1.8.5"
| #define PACKAGE_BUGREPORT "https://gitlab.freedesktop.org/xorg/lib/libx11/-/issues"
| #define PACKAGE_URL ""
| #define HAVE_STDIO_H 1
| #define HAVE_STDLIB_H 1
| #define HAVE_STRING_H 1
| #define HAVE_INTTYPES_H 1
| #define HAVE_STDINT_H 1
| #define HAVE_STRINGS_H 1
| #define HAVE_SYS_STAT_H 1
| #define HAVE_SYS_TYPES_H 1
| #define HAVE_UNISTD_H 1
| #define HAVE_WCHAR_H 1
| #define HAVE_SYS_PARAM_H 1
| #define STDC_HEADERS 1
| #define _ALL_SOURCE 1
| #define _DARWIN_C_SOURCE 1
| #define _GNU_SOURCE 1
| #define _HPUX_ALT_XOPEN_SOCKET_API 1
| #define _NETBSD_SOURCE 1
| #define _OPENBSD_SOURCE 1
| #define _POSIX_PTHREAD_SEMANTICS 1
| #define __STDC_WANT_IEC_60559_ATTRIBS_EXT__ 1
| #define __STDC_WANT_IEC_60559_BFP_EXT__ 1
| #define __STDC_WANT_IEC_60559_DFP_EXT__ 1
| #define __STDC_WANT_IEC_60559_FUNCS_EXT__ 1
| #define __STDC_WANT_IEC_60559_TYPES_EXT__ 1
| #define __STDC_WANT_LIB_EXT2__ 1
| #define __STDC_WANT_MATH_SPEC_FUNCS__ 1
| #define _TANDEM_SOURCE 1
| #define __EXTENSIONS__ 1
| #define PACKAGE "libX11"
| #define VERSION "1.8.5"
| #define HAVE_DLFCN_H 1
| #define LT_OBJDIR ".libs/"
| #define PACKAGE_VERSION_MAJOR 1
| #define PACKAGE_VERSION_MINOR 8
| #define PACKAGE_VERSION_PATCHLEVEL 5
| #define UNIXCONN 1
| #define TCPCONN 1
| #define IPv6 1
| #define HAVE_SOCKLEN_T 1
| #define HAVE_STRCASECMP 1
| #define HAVE_STRLCPY 1
| #define HAVE_DLOPEN 1
| #define HAVE_DLFCN_H 1
| #define USE_DYNAMIC_XCURSOR 1
| #define USE_THREAD_SAFETY_CONSTRUCTOR 1
| #define HAVE_SYS_SELECT_H 1
| #define HAVE_SYS_IOCTL_H 1
| #define HAVE_SYS_SOCKET_H 1
| #define HAVE___BUILTIN_POPCOUNTL 1
| #define HAVE_STRTOL 1
| #define HAVE_SETEUID 1
| #define HAVE_REALLOCARRAY 1
| /* end confdefs.h.  */
| #include <stddef.h>
| #ifdef HAVE_STDIO_H
| # include <stdio.h>
| #endif
| #ifdef HAVE_STDLIB_H
| # include <stdlib.h>
| #endif
| #ifdef HAVE_STRING_H
| # include <string.h>
| #endif
| #ifdef HAVE_INTTYPES_H
| # include <inttypes.h>
| #endif
| #ifdef HAVE_STDINT_H
| # include <stdint.h>
| #endif
| #ifdef HAVE_STRINGS_H
| # include <strings.h>
| #endif
| #ifdef HAVE_SYS_TYPES_H
| # include <sys/types.h>
| #endif
| #ifdef HAVE_SYS_STAT_H
| # include <sys/stat.h>
| #endif
| #ifdef HAVE_UNISTD_H
| # include <unistd.h>
| #endif
| int
| main (void)
| {
| #ifndef issetugid
| #ifdef __cplusplus
|   (void) issetugid;
| #else
|   (void) issetugid;
| #endif
| #endif
| 
|   ;
|   return 0;
| }
configure:21985: result: no
configure:21990: checking for issetugid
configure:21990: gcc -o conftest -g -O2   conftest.c  >&5
/usr/bin/ld: /tmp/ccWVf0eS.o: in function `main':
/storage/rlinux/sources/libX11-1.8.5/conftest.c:88:(.text.startup+0x5): undefined reference to `issetugid'
collect2: error: ld returned 1 exit status
configure:21990: $? = 1
configure: failed program was:
| /* confdefs.h */
| #define PACKAGE_NAME "libX11"
| #define PACKAGE_TARNAME "libX11"
| #define PACKAGE_VERSION "1.8.5"
| #define PACKAGE_STRING "libX11 1.8.5"
| #define PACKAGE_BUGREPORT "https://gitlab.freedesktop.org/xorg/lib/libx11/-/issues"
| #define PACKAGE_URL ""
| #define HAVE_STDIO_H 1
| #define HAVE_STDLIB_H 1
| #define HAVE_STRING_H 1
| #define HAVE_INTTYPES_H 1
| #define HAVE_STDINT_H 1
| #define HAVE_STRINGS_H 1
| #define HAVE_SYS_STAT_H 1
| #define HAVE_SYS_TYPES_H 1
| #define HAVE_UNISTD_H 1
| #define HAVE_WCHAR_H 1
| #define HAVE_SYS_PARAM_H 1
| #define STDC_HEADERS 1
| #define _ALL_SOURCE 1
| #define _DARWIN_C_SOURCE 1
| #define _GNU_SOURCE 1
| #define _HPUX_ALT_XOPEN_SOCKET_API 1
| #define _NETBSD_SOURCE 1
| #define _OPENBSD_SOURCE 1
| #define _POSIX_PTHREAD_SEMANTICS 1
| #define __STDC_WANT_IEC_60559_ATTRIBS_EXT__ 1
| #define __STDC_WANT_IEC_60559_BFP_EXT__ 1
| #define __STDC_WANT_IEC_60559_DFP_EXT__ 1
| #define __STDC_WANT_IEC_60559_FUNCS_EXT__ 1
| #define __STDC_WANT_IEC_60559_TYPES_EXT__ 1
| #define __STDC_WANT_LIB_EXT2__ 1
| #define __STDC_WANT_MATH_SPEC_FUNCS__ 1
| #define _TANDEM_SOURCE 1
| #define __EXTENSIONS__ 1
| #define PACKAGE "libX11"
| #define VERSION "1.8.5"
| #define HAVE_DLFCN_H 1
| #define LT_OBJDIR ".libs/"
| #define PACKAGE_VERSION_MAJOR 1
| #define PACKAGE_VERSION_MINOR 8
| #define PACKAGE_VERSION_PATCHLEVEL 5
| #define UNIXCONN 1
| #define TCPCONN 1
| #define IPv6 1
| #define HAVE_SOCKLEN_T 1
| #define HAVE_STRCASECMP 1
| #define HAVE_STRLCPY 1
| #define HAVE_DLOPEN 1
| #define HAVE_DLFCN_H 1
| #define USE_DYNAMIC_XCURSOR 1
| #define USE_THREAD_SAFETY_CONSTRUCTOR 1
| #define HAVE_SYS_SELECT_H 1
| #define HAVE_SYS_IOCTL_H 1
| #define HAVE_SYS_SOCKET_H 1
| #define HAVE___BUILTIN_POPCOUNTL 1
| #define HAVE_STRTOL 1
| #define HAVE_SETEUID 1
| #define HAVE_REALLOCARRAY 1
| /* end confdefs.h.  */
| /* Define issetugid to an innocuous variant, in case <limits.h> declares issetugid.
|    For example, HP-UX 11i <limits.h> declares gettimeofday.  */
| #define issetugid innocuous_issetugid
| 
| /* System header to define __stub macros and hopefully few prototypes,
|    which can conflict with char issetugid (); below.  */
| 
| #include <limits.h>
| #undef issetugid
| 
| /* Override any GCC internal prototype to avoid an error.
|    Use char because int might match the return type of a GCC
|    builtin and then its argument prototype would still apply.  */
| #ifdef __cplusplus
| extern "C"
| #endif
| char issetugid ();
| /* The GNU C library defines this for functions which it implements
|     to always fail with ENOSYS.  Some functions are actually named
|     something starting with __ and the normal name is an alias.  */
| #if defined __stub_issetugid || defined __stub___issetugid
| choke me
| #endif
| 
| int
| main (void)
| {
| return issetugid ();
|   ;
|   return 0;
| }
configure:21990: result: no
configure:22002: checking for getresuid
configure:22002: gcc -o conftest -g -O2   conftest.c  >&5
configure:22002: $? = 0
configure:22002: result: yes
configure:22012: checking for shmat
configure:22012: gcc -o conftest -g -O2   conftest.c  >&5
configure:22012: $? = 0
configure:22012: result: yes
configure:22054: checking for launchd
configure:22087: result: no
configure:22115: checking for getpwuid_r in -lc
configure:22138: gcc -o conftest -g -O2   conftest.c -lc   >&5
configure:22138: $? = 0
configure:22148: result: yes
configure:22205: checking for poll
configure:22205: gcc -o conftest -g -O2   conftest.c  >&5
configure:22205: $? = 0
configure:22205: result: yes
configure:22217: checking keysym definitions
configure:22241: result:  /storage/rlinux/rootfs/include/X11/keysymdef.h /storage/rlinux/rootfs/include/X11/XF86keysym.h /storage/rlinux/rootfs/include/X11/Sunkeysym.h /storage/rlinux/rootfs/include/X11/DECkeysym.h /storage/rlinux/rootfs/include/X11/HPkeysym.h
configure:22293: checking if XLOCALEDIR support should be enabled
configure:22308: result: yes
configure:22322: checking for BIGFONT
configure:22329: $PKG_CONFIG --exists --print-errors "xf86bigfontproto >= 1.2.0"
configure:22332: $? = 0
configure:22346: $PKG_CONFIG --exists --print-errors "xf86bigfontproto >= 1.2.0"
configure:22349: $? = 0
configure:22387: result: yes
configure:22428: checking for getpagesize
configure:22428: gcc -o conftest -g -O2   conftest.c  >&5
configure:22428: $? = 0
configure:22428: result: yes
configure:22439: checking for working mmap
configure:22591: gcc -o conftest -g -O2   conftest.c  >&5
configure:22591: $? = 0
configure:22591: ./conftest
configure:22591: $? = 0
configure:22602: result: yes
configure:22612: checking for nl_langinfo
configure:22612: gcc -o conftest -g -O2   conftest.c  >&5
configure:22612: $? = 0
configure:22612: result: yes
configure:22812: checking for X11
configure:22819: $PKG_CONFIG --exists --print-errors "$X11_REQUIRES"
configure:22822: $? = 0
configure:22836: $PKG_CONFIG --exists --print-errors "$X11_REQUIRES"
configure:22839: $? = 0
configure:22897: result: yes
configure:23032: checking whether malloc(0) returns NULL
configure:23066: gcc -o conftest -g -O2   conftest.c  >&5
configure:23066: $? = 0
configure:23066: ./conftest
configure:23066: $? = 0
configure:23080: result: yes
configure:23209: checking that generated files are newer than configure
configure:23215: result: done
configure:23294: creating ./config.status

## ---------------------- ##
## Running config.status. ##
## ---------------------- ##

This file was extended by libX11 config.status 1.8.5, which was
generated by GNU Autoconf 2.71.  Invocation command line was

  CONFIG_FILES    = 
  CONFIG_HEADERS  = 
  CONFIG_LINKS    = 
  CONFIG_COMMANDS = 
  $ ./config.status 

on archlinux

config.status:1283: creating Makefile
config.status:1283: creating include/Makefile
config.status:1283: creating man/Makefile
config.status:1283: creating man/xkb/Makefile
config.status:1283: creating src/Makefile
config.status:1283: creating src/util/Makefile
config.status:1283: creating src/xcms/Makefile
config.status:1283: creating src/xlibi18n/Makefile
config.status:1283: creating modules/Makefile
config.status:1283: creating modules/im/Makefile
config.status:1283: creating modules/im/ximcp/Makefile
config.status:1283: creating modules/lc/Makefile
config.status:1283: creating modules/lc/def/Makefile
config.status:1283: creating modules/lc/gen/Makefile
config.status:1283: creating modules/lc/Utf8/Makefile
config.status:1283: creating modules/om/Makefile
config.status:1283: creating modules/om/generic/Makefile
config.status:1283: creating src/xkb/Makefile
config.status:1283: creating nls/Makefile
config.status:1283: creating specs/Makefile
config.status:1283: creating specs/i18n/Makefile
config.status:1283: creating specs/i18n/compose/Makefile
config.status:1283: creating specs/i18n/framework/Makefile
config.status:1283: creating specs/i18n/localedb/Makefile
config.status:1283: creating specs/i18n/trans/Makefile
config.status:1283: creating specs/libX11/Makefile
config.status:1283: creating specs/XIM/Makefile
config.status:1283: creating specs/XKB/Makefile
config.status:1283: creating x11.pc
config.status:1283: creating x11-xcb.pc
config.status:1283: creating src/config.h
config.status:1283: creating include/X11/XlibConf.h
config.status:1512: executing depfiles commands
config.status:1587: cd src       && sed -e '/# am--include-marker/d' Makefile         | make -f - am--depfiles
config.status:1594: $? = 0
config.status:1587: cd src/util       && sed -e '/# am--include-marker/d' Makefile         | make -f - am--depfiles
config.status:1594: $? = 0
config.status:1587: cd src/xcms       && sed -e '/# am--include-marker/d' Makefile         | make -f - am--depfiles
config.status:1594: $? = 0
config.status:1587: cd src/xlibi18n       && sed -e '/# am--include-marker/d' Makefile         | make -f - am--depfiles
config.status:1594: $? = 0
config.status:1587: cd modules/im/ximcp       && sed -e '/# am--include-marker/d' Makefile         | make -f - am--depfiles
config.status:1594: $? = 0
config.status:1587: cd modules/lc/def       && sed -e '/# am--include-marker/d' Makefile         | make -f - am--depfiles
config.status:1594: $? = 0
config.status:1587: cd modules/lc/gen       && sed -e '/# am--include-marker/d' Makefile         | make -f - am--depfiles
config.status:1594: $? = 0
config.status:1587: cd modules/lc/Utf8       && sed -e '/# am--include-marker/d' Makefile         | make -f - am--depfiles
config.status:1594: $? = 0
config.status:1587: cd modules/om/generic       && sed -e '/# am--include-marker/d' Makefile         | make -f - am--depfiles
config.status:1594: $? = 0
config.status:1587: cd src/xkb       && sed -e '/# am--include-marker/d' Makefile         | make -f - am--depfiles
config.status:1594: $? = 0
config.status:1512: executing libtool commands

## ---------------- ##
## Cache variables. ##
## ---------------- ##

ac_cv_build=x86_64-pc-linux-gnu
ac_cv_c_compiler_gnu=yes
ac_cv_c_undeclared_builtin_options='none needed'
ac_cv_env_BIGFONT_CFLAGS_set=
ac_cv_env_BIGFONT_CFLAGS_value=
ac_cv_env_BIGFONT_LIBS_set=
ac_cv_env_BIGFONT_LIBS_value=
ac_cv_env_CC_set=
ac_cv_env_CC_value=
ac_cv_env_CFLAGS_set=
ac_cv_env_CFLAGS_value=
ac_cv_env_CPPFLAGS_set=
ac_cv_env_CPPFLAGS_value=
ac_cv_env_CPP_set=
ac_cv_env_CPP_value=
ac_cv_env_FOP_set=
ac_cv_env_FOP_value=
ac_cv_env_LDFLAGS_set=
ac_cv_env_LDFLAGS_value=
ac_cv_env_LIBS_set=
ac_cv_env_LIBS_value=
ac_cv_env_LINT_FLAGS_set=
ac_cv_env_LINT_FLAGS_value=
ac_cv_env_LINT_set=
ac_cv_env_LINT_value=
ac_cv_env_LT_SYS_LIBRARY_PATH_set=
ac_cv_env_LT_SYS_LIBRARY_PATH_value=
ac_cv_env_PERL_set=
ac_cv_env_PERL_value=
ac_cv_env_PKG_CONFIG_LIBDIR_set=
ac_cv_env_PKG_CONFIG_LIBDIR_value=
ac_cv_env_PKG_CONFIG_PATH_set=set
ac_cv_env_PKG_CONFIG_PATH_value=/storage/rlinux/rootfs/lib/pkgconfig:/storage/rlinux/rootfs/share/pkgconfig
ac_cv_env_PKG_CONFIG_set=
ac_cv_env_PKG_CONFIG_value=
ac_cv_env_X11_CFLAGS_set=
ac_cv_env_X11_CFLAGS_value=
ac_cv_env_X11_LIBS_set=
ac_cv_env_X11_LIBS_value=
ac_cv_env_XMLTO_set=
ac_cv_env_XMLTO_value=
ac_cv_env_XSLTPROC_set=
ac_cv_env_XSLTPROC_value=
ac_cv_env_build_alias_set=
ac_cv_env_build_alias_value=
ac_cv_env_host_alias_set=
ac_cv_env_host_alias_value=
ac_cv_env_target_alias_set=
ac_cv_env_target_alias_value=
ac_cv_func_getaddrinfo=yes
ac_cv_func_getpagesize=yes
ac_cv_func_getresuid=yes
ac_cv_func_issetugid=no
ac_cv_func_mmap_fixed_mapped=yes
ac_cv_func_nl_langinfo=yes
ac_cv_func_poll=yes
ac_cv_func_reallocarray=yes
ac_cv_func_seteuid=yes
ac_cv_func_shmat=yes
ac_cv_func_strcasecmp=yes
ac_cv_func_strlcpy=yes
ac_cv_func_strtol=yes
ac_cv_have_decl___INTEL_COMPILER=no
ac_cv_have_decl___SUNPRO_C=no
ac_cv_have_decl___clang__=no
ac_cv_have_decl_issetugid=no
ac_cv_header_dlfcn_h=yes
ac_cv_header_inttypes_h=yes
ac_cv_header_minix_config_h=no
ac_cv_header_stdint_h=yes
ac_cv_header_stdio_h=yes
ac_cv_header_stdlib_h=yes
ac_cv_header_string_h=yes
ac_cv_header_strings_h=yes
ac_cv_header_sys_filio_h=no
ac_cv_header_sys_ioctl_h=yes
ac_cv_header_sys_param_h=yes
ac_cv_header_sys_select_h=yes
ac_cv_header_sys_socket_h=yes
ac_cv_header_sys_stat_h=yes
ac_cv_header_sys_types_h=yes
ac_cv_header_unistd_h=yes
ac_cv_header_wchar_h=yes
ac_cv_host=x86_64-pc-linux-gnu
ac_cv_lib_c_getpwuid_r=yes
ac_cv_member_struct_msghdr_msg_control=yes
ac_cv_member_struct_sockaddr_in_sin_len=no
ac_cv_objext=o
ac_cv_path_EGREP='/usr/bin/grep -E'
ac_cv_path_FGREP='/usr/bin/grep -F'
ac_cv_path_GREP=/usr/bin/grep
ac_cv_path_PERL=/usr/bin/perl
ac_cv_path_SED=/usr/bin/sed
ac_cv_path_XSLTPROC=/usr/bin/xsltproc
ac_cv_path_ac_pt_PKG_CONFIG=/usr/bin/pkg-config
ac_cv_path_ac_pt_RAWCPP=/usr/bin/cpp
ac_cv_path_install='/usr/bin/install -c'
ac_cv_path_lt_DD=/usr/bin/dd
ac_cv_path_mkdir=/usr/bin/mkdir
ac_cv_prog_AWK=gawk
ac_cv_prog_CPP='gcc -E'
ac_cv_prog_LAUNCHD=no
ac_cv_prog_ac_ct_AR=ar
ac_cv_prog_ac_ct_CC=gcc
ac_cv_prog_ac_ct_FILECMD=file
ac_cv_prog_ac_ct_OBJDUMP=objdump
ac_cv_prog_ac_ct_RANLIB=ranlib
ac_cv_prog_ac_ct_STRIP=strip
ac_cv_prog_cc_c11=
ac_cv_prog_cc_g=yes
ac_cv_prog_cc_stdc=
ac_cv_prog_make_make_set=yes
ac_cv_safe_to_define___extensions__=yes
ac_cv_search_dlopen='none required'
ac_cv_search_gethostbyname='none required'
ac_cv_search_socket='none required'
ac_cv_should_define__xopen_source=no
ac_cv_sys_file_offset_bits=no
ac_cv_sys_largefile_CC=no
ac_cv_type_socklen_t=yes
am_cv_CC_dependencies_compiler_type=gcc3
am_cv_make_support_nested_variables=yes
am_cv_prog_cc_c_o=yes
ax_cv_have___builtin_popcountl=yes
lt_cv_ar_at_file=@
lt_cv_archive_cmds_need_lc=no
lt_cv_deplibs_check_method=pass_all
lt_cv_file_magic_cmd='$MAGIC_CMD'
lt_cv_file_magic_test_file=
lt_cv_ld_reload_flag=-r
lt_cv_nm_interface='BSD nm'
lt_cv_objdir=.libs
lt_cv_path_LD=/usr/bin/ld
lt_cv_path_NM='/usr/bin/nm -B'
lt_cv_path_mainfest_tool=no
lt_cv_prog_compiler_c_o=yes
lt_cv_prog_compiler_pic='-fPIC -DPIC'
lt_cv_prog_compiler_pic_works=yes
lt_cv_prog_compiler_rtti_exceptions=no
lt_cv_prog_compiler_static_works=yes
lt_cv_prog_gnu_ld=yes
lt_cv_sharedlib_from_linklib_cmd='printf %s\n'
lt_cv_shlibpath_overrides_runpath=yes
lt_cv_sys_global_symbol_pipe='/usr/bin/sed -n -e '\''s/^.*[	 ]\([ABCDGIRSTW][ABCDGIRSTW]*\)[	 ][	 ]*\([_A-Za-z][_A-Za-z0-9]*\)$/\1 \2 \2/p'\'' | /usr/bin/sed '\''/ __gnu_lto/d'\'''
lt_cv_sys_global_symbol_to_c_name_address='/usr/bin/sed -n -e '\''s/^: \(.*\) .*$/  {"\1", (void *) 0},/p'\'' -e '\''s/^[ABCDGIRSTW][ABCDGIRSTW]* .* \(.*\)$/  {"\1", (void *) \&\1},/p'\'''
lt_cv_sys_global_symbol_to_c_name_address_lib_prefix='/usr/bin/sed -n -e '\''s/^: \(.*\) .*$/  {"\1", (void *) 0},/p'\'' -e '\''s/^[ABCDGIRSTW][ABCDGIRSTW]* .* \(lib.*\)$/  {"\1", (void *) \&\1},/p'\'' -e '\''s/^[ABCDGIRSTW][ABCDGIRSTW]* .* \(.*\)$/  {"lib\1", (void *) \&\1},/p'\'''
lt_cv_sys_global_symbol_to_cdecl='/usr/bin/sed -n -e '\''s/^T .* \(.*\)$/extern int \1();/p'\'' -e '\''s/^[ABCDGIRSTW][ABCDGIRSTW]* .* \(.*\)$/extern char \1;/p'\'''
lt_cv_sys_global_symbol_to_import=
lt_cv_sys_max_cmd_len=1572864
lt_cv_to_host_file_cmd=func_convert_file_noop
lt_cv_to_tool_file_cmd=func_convert_file_noop
lt_cv_truncate_bin='/usr/bin/dd bs=4096 count=1'
pkg_cv_BIGFONT_CFLAGS=-I/storage/rlinux/rootfs/include
pkg_cv_BIGFONT_LIBS=
pkg_cv_X11_CFLAGS='-I/storage/rlinux/rootfs/include -D_DEFAULT_SOURCE -D_BSD_SOURCE -DHAS_FCHOWN -DHAS_STICKY_DIR_BIT'
pkg_cv_X11_LIBS='-L/storage/rlinux/rootfs/lib -lxcb'
xorg_cv_cc_flag__Wall=yes
xorg_cv_cc_flag__Wbad_function_cast=yes
xorg_cv_cc_flag__Wdeclaration_after_statement=yes
xorg_cv_cc_flag__Werror=yes
xorg_cv_cc_flag__Werror_address=yes
xorg_cv_cc_flag__Werror_array_bounds=yes
xorg_cv_cc_flag__Werror_attributes=yes
xorg_cv_cc_flag__Werror_implicit=yes
xorg_cv_cc_flag__Werror_init_self=yes
xorg_cv_cc_flag__Werror_int_to_pointer_cast=yes
xorg_cv_cc_flag__Werror_main=yes
xorg_cv_cc_flag__Werror_missing_braces=yes
xorg_cv_cc_flag__Werror_nonnull=yes
xorg_cv_cc_flag__Werror_pointer_to_int_cast=yes
xorg_cv_cc_flag__Werror_return_type=yes
xorg_cv_cc_flag__Werror_sequence_point=yes
xorg_cv_cc_flag__Werror_trigraphs=yes
xorg_cv_cc_flag__Werror_write_strings=yes
xorg_cv_cc_flag__Wformat_2=yes
xorg_cv_cc_flag__Wlogical_op=yes
xorg_cv_cc_flag__Wmissing_declarations=yes
xorg_cv_cc_flag__Wmissing_format_attribute=yes
xorg_cv_cc_flag__Wmissing_noreturn=yes
xorg_cv_cc_flag__Wmissing_prototypes=yes
xorg_cv_cc_flag__Wnested_externs=yes
xorg_cv_cc_flag__Wold_style_definition=yes
xorg_cv_cc_flag__Wpointer_arith=yes
xorg_cv_cc_flag__Wredundant_decls=yes
xorg_cv_cc_flag__Wshadow=yes
xorg_cv_cc_flag__Wstrict_prototypes=yes
xorg_cv_cc_flag__Wuninitialized=yes
xorg_cv_cc_flag__Wunused=yes
xorg_cv_cc_flag__pedantic=yes
xorg_cv_cc_flag_unknown_warning_option=no
xorg_cv_cc_flag_unused_command_line_argument=no
xorg_cv_malloc0_returns_null=yes

## ----------------- ##
## Output variables. ##
## ----------------- ##

ACLOCAL='${SHELL} '\''/storage/rlinux/sources/libX11-1.8.5/missing'\'' aclocal-1.16'
ADMIN_MAN_DIR='$(mandir)/man$(ADMIN_MAN_SUFFIX)'
ADMIN_MAN_SUFFIX='8'
AMDEPBACKSLASH='\'
AMDEP_FALSE='#'
AMDEP_TRUE=''
AMTAR='$${TAR-tar}'
AM_BACKSLASH='\'
AM_DEFAULT_V='$(AM_DEFAULT_VERBOSITY)'
AM_DEFAULT_VERBOSITY='0'
AM_V='$(V)'
APP_MAN_DIR='$(mandir)/man$(APP_MAN_SUFFIX)'
APP_MAN_SUFFIX='1'
AR='ar'
AUTOCONF='${SHELL} '\''/storage/rlinux/sources/libX11-1.8.5/missing'\'' autoconf'
AUTOHEADER='${SHELL} '\''/storage/rlinux/sources/libX11-1.8.5/missing'\'' autoheader'
AUTOMAKE='${SHELL} '\''/storage/rlinux/sources/libX11-1.8.5/missing'\'' automake-1.16'
AWK='gawk'
BASE_CFLAGS=' -Wall -Wpointer-arith -Wmissing-declarations -Wformat=2 -Wstrict-prototypes -Wmissing-prototypes -Wnested-externs -Wbad-function-cast -Wold-style-definition -Wdeclaration-after-statement -Wunused -Wuninitialized -Wshadow -Wmissing-noreturn -Wmissing-format-attribute -Wredundant-decls -Wlogical-op -Werror=implicit -Werror=nonnull -Werror=init-self -Werror=main -Werror=missing-braces -Werror=sequence-point -Werror=return-type -Werror=trigraphs -Werror=array-bounds -Werror=write-strings -Werror=address -Werror=int-to-pointer-cast -Werror=pointer-to-int-cast'
BIGFONT_CFLAGS='-I/storage/rlinux/rootfs/include'
BIGFONT_LIBS=''
CC='gcc'
CCDEPMODE='depmode=gcc3'
CC_FOR_BUILD='gcc'
CFLAGS='-g -O2'
CFLAGS_FOR_BUILD='-g -O2'
CHANGELOG_CMD='((GIT_DIR=$(top_srcdir)/.git git log > $(top_srcdir)/.changelog.tmp) 2>/dev/null && mv $(top_srcdir)/.changelog.tmp $(top_srcdir)/ChangeLog) || (rm -f $(top_srcdir)/.changelog.tmp; test -e $(top_srcdir)/ChangeLog || ( touch $(top_srcdir)/ChangeLog; echo '\''git failed to create ChangeLog: installing empty ChangeLog.'\'' >&2))'
CPP='gcc -E'
CPPFLAGS=''
CPPFLAGS_FOR_BUILD=''
CSCOPE='cscope'
CTAGS='ctags'
CWARNFLAGS=' -Wall -Wpointer-arith -Wmissing-declarations -Wformat=2 -Wstrict-prototypes -Wmissing-prototypes -Wnested-externs -Wbad-function-cast -Wold-style-definition -Wdeclaration-after-statement -Wunused -Wuninitialized -Wshadow -Wmissing-noreturn -Wmissing-format-attribute -Wredundant-decls -Wlogical-op -Werror=implicit -Werror=nonnull -Werror=init-self -Werror=main -Werror=missing-braces -Werror=sequence-point -Werror=return-type -Werror=trigraphs -Werror=array-bounds -Werror=write-strings -Werror=address -Werror=int-to-pointer-cast -Werror=pointer-to-int-cast -fno-strict-aliasing'
CYGPATH_W='echo'
DEFS='-DHAVE_CONFIG_H'
DEPDIR='.deps'
DLLTOOL='false'
DRIVER_MAN_DIR='$(mandir)/man$(DRIVER_MAN_SUFFIX)'
DRIVER_MAN_SUFFIX='4'
DSYMUTIL=''
DUMPBIN=''
ECHO_C=''
ECHO_N='-n'
ECHO_T=''
EGREP='/usr/bin/grep -E'
ENABLE_SPECS_FALSE='#'
ENABLE_SPECS_TRUE=''
ETAGS='etags'
EXEEXT=''
EXEEXT_FOR_BUILD=''
FGREP='/usr/bin/grep -F'
FILECMD='file'
FILE_MAN_DIR='$(mandir)/man$(FILE_MAN_SUFFIX)'
FILE_MAN_SUFFIX='5'
FOP=''
GREP='/usr/bin/grep'
HAVE_FOP_FALSE=''
HAVE_FOP_TRUE='#'
HAVE_PERL_FALSE='#'
HAVE_PERL_TRUE=''
HAVE_STYLESHEETS_FALSE=''
HAVE_STYLESHEETS_TRUE='#'
HAVE_XMLTO_FALSE=''
HAVE_XMLTO_TEXT_FALSE=''
HAVE_XMLTO_TEXT_TRUE='#'
HAVE_XMLTO_TRUE='#'
HAVE_XSLTPROC_FALSE='#'
HAVE_XSLTPROC_TRUE=''
I18N_MODULE_LIBS=''
INSTALL_CMD='(cp -f /INSTALL $(top_srcdir)/.INSTALL.tmp && mv $(top_srcdir)/.INSTALL.tmp $(top_srcdir)/INSTALL) || (rm -f $(top_srcdir)/.INSTALL.tmp; test -e $(top_srcdir)/INSTALL || ( touch $(top_srcdir)/INSTALL; echo '\''failed to copy INSTALL from util-macros: installing empty INSTALL.'\'' >&2))'
INSTALL_DATA='${INSTALL} -m 644'
INSTALL_PROGRAM='${INSTALL}'
INSTALL_SCRIPT='${INSTALL}'
INSTALL_STRIP_PROGRAM='$(install_sh) -c -s'
KEYSYMDEFS=' /storage/rlinux/rootfs/include/X11/keysymdef.h /storage/rlinux/rootfs/include/X11/XF86keysym.h /storage/rlinux/rootfs/include/X11/Sunkeysym.h /storage/rlinux/rootfs/include/X11/DECkeysym.h /storage/rlinux/rootfs/include/X11/HPkeysym.h'
LAUNCHD='no'
LD='/usr/bin/ld -m elf_x86_64'
LDFLAGS=''
LDFLAGS_FOR_BUILD=''
LIBOBJS=''
LIBS=''
LIBTOOL='$(SHELL) $(top_builddir)/libtool'
LIB_MAN_DIR='$(mandir)/man$(LIB_MAN_SUFFIX)'
LIB_MAN_SUFFIX='3'
LINT=''
LINTLIB=''
LINT_FALSE=''
LINT_FLAGS='-badflag'
LINT_TRUE='#'
LIPO=''
LN_S='ln -s'
LTLIBOBJS=''
LT_SYS_LIBRARY_PATH=''
MAKEINFO='${SHELL} '\''/storage/rlinux/sources/libX11-1.8.5/missing'\'' makeinfo'
MAKE_LINT_LIB_FALSE=''
MAKE_LINT_LIB_TRUE='#'
MALLOC_ZERO_CFLAGS='-DMALLOC_0_RETURNS_NULL'
MANIFEST_TOOL=':'
MAN_SUBSTS='	-e '\''s|__vendorversion__|"$(PACKAGE_STRING)" "$(XORG_MAN_PAGE)"|'\'' 	-e '\''s|__xorgversion__|"$(PACKAGE_STRING)" "$(XORG_MAN_PAGE)"|'\'' 	-e '\''s|__xservername__|Xorg|g'\'' 	-e '\''s|__xconfigfile__|xorg.conf|g'\'' 	-e '\''s|__projectroot__|$(prefix)|g'\'' 	-e '\''s|__apploaddir__|$(appdefaultdir)|g'\'' 	-e '\''s|__appmansuffix__|$(APP_MAN_SUFFIX)|g'\'' 	-e '\''s|__drivermansuffix__|$(DRIVER_MAN_SUFFIX)|g'\'' 	-e '\''s|__adminmansuffix__|$(ADMIN_MAN_SUFFIX)|g'\'' 	-e '\''s|__libmansuffix__|$(LIB_MAN_SUFFIX)|g'\'' 	-e '\''s|__miscmansuffix__|$(MISC_MAN_SUFFIX)|g'\'' 	-e '\''s|__filemansuffix__|$(FILE_MAN_SUFFIX)|g'\'''
MISC_MAN_DIR='$(mandir)/man$(MISC_MAN_SUFFIX)'
MISC_MAN_SUFFIX='7'
MKDIR_P='/usr/bin/mkdir -p'
NM='/usr/bin/nm -B'
NMEDIT=''
OBJDUMP='objdump'
OBJEXT='o'
OS2_FALSE=''
OS2_TRUE='#'
OTOOL64=''
OTOOL=''
PACKAGE='libX11'
PACKAGE_BUGREPORT='https://gitlab.freedesktop.org/xorg/lib/libx11/-/issues'
PACKAGE_NAME='libX11'
PACKAGE_STRING='libX11 1.8.5'
PACKAGE_TARNAME='libX11'
PACKAGE_URL=''
PACKAGE_VERSION='1.8.5'
PATH_SEPARATOR=':'
PERL='/usr/bin/perl'
PKG_CONFIG='/usr/bin/pkg-config'
PKG_CONFIG_LIBDIR=''
PKG_CONFIG_PATH='/storage/rlinux/rootfs/lib/pkgconfig:/storage/rlinux/rootfs/share/pkgconfig'
RANLIB='ranlib'
RAWCPP='/usr/bin/cpp'
RAWCPPFLAGS='-undef -traditional'
SED='/usr/bin/sed'
SET_MAKE=''
SHELL='/bin/sh'
STRICT_CFLAGS=' -pedantic -Werror -Werror=attributes'
STRIP='strip'
STYLESHEET_SRCDIR=''
TRADITIONALCPPFLAGS='-traditional'
USE_THREAD_LIBS='-lpthread'
VERSION='1.8.5'
WCHAR32='1'
X11_CFLAGS='-I/storage/rlinux/rootfs/include -D_DEFAULT_SOURCE -D_BSD_SOURCE -DHAS_FCHOWN -DHAS_STICKY_DIR_BIT '
X11_DATADIR='/storage/rlinux/rootfs/share/X11'
X11_EXTRA_DEPS='xcb >= 1.11.1'
X11_LIBDIR='/storage/rlinux/rootfs/lib/X11'
X11_LIBS='-L/storage/rlinux/rootfs/lib -lxcb'
X11_LOCALEDATADIR='/storage/rlinux/rootfs/share/X11/locale'
X11_LOCALEDIR='/storage/rlinux/rootfs/share/X11/locale'
X11_LOCALELIBDIR='/storage/rlinux/rootfs/lib/X11/locale'
XCMS_FALSE='#'
XCMS_TRUE=''
XERRORDB='/storage/rlinux/rootfs/share/X11/XErrorDB'
XKBPROTO_REQUIRES='kbproto'
XKB_FALSE='#'
XKB_TRUE=''
XKEYSYMDB='/storage/rlinux/rootfs/share/X11/XKeysymDB'
XLIB_LOADABLE_I18N_FALSE=''
XLIB_LOADABLE_I18N_TRUE='#'
XLOCALEDATADIR='/storage/rlinux/rootfs/share/X11/locale'
XLOCALEDIR='/storage/rlinux/rootfs/share/X11/locale'
XLOCALELIBDIR='/storage/rlinux/rootfs/lib/X11/locale'
XLOCALE_FALSE='#'
XLOCALE_TRUE=''
XMALLOC_ZERO_CFLAGS='-DMALLOC_0_RETURNS_NULL'
XMLTO=''
XORG_MAN_PAGE='X Version 11'
XORG_SGML_PATH=''
XSLTPROC='/usr/bin/xsltproc'
XSL_STYLESHEET=''
XTHREADLIB='-lpthread'
XTHREAD_CFLAGS=''
XTMALLOC_ZERO_CFLAGS='-DMALLOC_0_RETURNS_NULL -DXTMALLOC_BC'
ac_ct_AR='ar'
ac_ct_CC='gcc'
ac_ct_DUMPBIN=''
am__EXEEXT_FALSE=''
am__EXEEXT_TRUE='#'
am__fastdepCC_FALSE='#'
am__fastdepCC_TRUE=''
am__include='include'
am__isrc=''
am__leading_dot='.'
am__nodep='_no'
am__quote=''
am__tar='$${TAR-tar} chof - "$$tardir"'
am__untar='$${TAR-tar} xf -'
bindir='${exec_prefix}/bin'
build='x86_64-pc-linux-gnu'
build_alias=''
build_cpu='x86_64'
build_os='linux-gnu'
build_vendor='pc'
datadir='${datarootdir}'
datarootdir='${prefix}/share'
docdir='${datarootdir}/doc/${PACKAGE_TARNAME}'
dvidir='${docdir}'
exec_prefix='${prefix}'
host='x86_64-pc-linux-gnu'
host_alias=''
host_cpu='x86_64'
host_os='linux-gnu'
host_vendor='pc'
htmldir='${docdir}'
includedir='${prefix}/include'
infodir='${datarootdir}/info'
install_sh='${SHELL} /storage/rlinux/sources/libX11-1.8.5/install-sh'
libdir='${exec_prefix}/lib'
libexecdir='${exec_prefix}/libexec'
localedir='${datarootdir}/locale'
locales=' am_ET.UTF-8  armscii-8   C           cs_CZ.UTF-8  el_GR.UTF-8  en_US.UTF-8  fi_FI.UTF-8  georgian-academy        georgian-ps  ibm-cp1133   iscii-dev  isiri-3342   iso8859-1   iso8859-10  iso8859-11   iso8859-13   iso8859-14  iso8859-15   iso8859-2   iso8859-3   iso8859-4    iso8859-5    iso8859-6  iso8859-7    iso8859-8   iso8859-9   iso8859-9e   ja           ja.JIS  ja_JP.UTF-8  ja.SJIS     km_KH.UTF-8 ko           koi8-c       koi8-r  koi8-u       ko_KR.UTF-8 microsoft-cp1251         microsoft-cp1255  microsoft-cp1256         mulelao-1   nokhchi-1    pt_BR.UTF-8  pt_PT.UTF-8  ru_RU.UTF-8  sr_RS.UTF-8 tatar-cyr   th_TH        th_TH.UTF-8  tscii-0  vi_VN.tcvn   vi_VN.viscii            zh_CN        zh_CN.gb18030  zh_CN.gbk    zh_CN.UTF-8 zh_HK.big5  zh_HK.big5hkscs           zh_HK.UTF-8  zh_TW        zh_TW.big5  zh_TW.UTF-8'
localstatedir='${prefix}/var'
mandir='${datarootdir}/man'
mkdir_p='$(MKDIR_P)'
oldincludedir='/usr/include'
pdfdir='${docdir}'
prefix='/storage/rlinux/rootfs'
program_transform_name='s,x,x,'
psdir='${docdir}'
runstatedir='${localstatedir}/run'
sbindir='${exec_prefix}/sbin'
sharedstatedir='${prefix}/com'
sysconfdir='${prefix}/etc'
target_alias=''

## ----------- ##
## confdefs.h. ##
## ----------- ##

/* confdefs.h */
#define PACKAGE_NAME "libX11"
#define PACKAGE_TARNAME "libX11"
#define PACKAGE_VERSION "1.8.5"
#define PACKAGE_STRING "libX11 1.8.5"
#define PACKAGE_BUGREPORT "https://gitlab.freedesktop.org/xorg/lib/libx11/-/issues"
#define PACKAGE_URL ""
#define HAVE_STDIO_H 1
#define HAVE_STDLIB_H 1
#define HAVE_STRING_H 1
#define HAVE_INTTYPES_H 1
#define HAVE_STDINT_H 1
#define HAVE_STRINGS_H 1
#define HAVE_SYS_STAT_H 1
#define HAVE_SYS_TYPES_H 1
#define HAVE_UNISTD_H 1
#define HAVE_WCHAR_H 1
#define HAVE_SYS_PARAM_H 1
#define STDC_HEADERS 1
#define _ALL_SOURCE 1
#define _DARWIN_C_SOURCE 1
#define _GNU_SOURCE 1
#define _HPUX_ALT_XOPEN_SOCKET_API 1
#define _NETBSD_SOURCE 1
#define _OPENBSD_SOURCE 1
#define _POSIX_PTHREAD_SEMANTICS 1
#define __STDC_WANT_IEC_60559_ATTRIBS_EXT__ 1
#define __STDC_WANT_IEC_60559_BFP_EXT__ 1
#define __STDC_WANT_IEC_60559_DFP_EXT__ 1
#define __STDC_WANT_IEC_60559_FUNCS_EXT__ 1
#define __STDC_WANT_IEC_60559_TYPES_EXT__ 1
#define __STDC_WANT_LIB_EXT2__ 1
#define __STDC_WANT_MATH_SPEC_FUNCS__ 1
#define _TANDEM_SOURCE 1
#define __EXTENSIONS__ 1
#define PACKAGE "libX11"
#define VERSION "1.8.5"
#define HAVE_DLFCN_H 1
#define LT_OBJDIR ".libs/"
#define PACKAGE_VERSION_MAJOR 1
#define PACKAGE_VERSION_MINOR 8
#define PACKAGE_VERSION_PATCHLEVEL 5
#define UNIXCONN 1
#define TCPCONN 1
#define IPv6 1
#define HAVE_SOCKLEN_T 1
#define HAVE_STRCASECMP 1
#define HAVE_STRLCPY 1
#define HAVE_DLOPEN 1
#define HAVE_DLFCN_H 1
#define USE_DYNAMIC_XCURSOR 1
#define USE_THREAD_SAFETY_CONSTRUCTOR 1
#define HAVE_SYS_SELECT_H 1
#define HAVE_SYS_IOCTL_H 1
#define HAVE_SYS_SOCKET_H 1
#define HAVE___BUILTIN_POPCOUNTL 1
#define HAVE_STRTOL 1
#define HAVE_SETEUID 1
#define HAVE_REALLOCARRAY 1
#define HASGETRESUID 1
#define HAS_SHM 1
#define XTHREADS 1
#define XUSE_MTSAFE_API 1
#define USE_POLL 1
#define XCMS 1
#define XLOCALE 1
#define XF86BIGFONT 1
#define XKB 1
#define HAVE_GETPAGESIZE 1
#define HAVE_MMAP 1
#define COMPOSECACHE 1
#define X11_DATADIR "/storage/rlinux/rootfs/share/X11"
#define X11_LIBDIR "/storage/rlinux/rootfs/lib/X11"
#define XLOCALEDATADIR "/storage/rlinux/rootfs/share/X11/locale"
#define XLOCALELIBDIR "/storage/rlinux/rootfs/lib/X11/locale"
#define XLOCALEDIR "/storage/rlinux/rootfs/share/X11/locale"
#define XKEYSYMDB "/storage/rlinux/rootfs/share/X11/XKeysymDB"
#define XERRORDB "/storage/rlinux/rootfs/share/X11/XErrorDB"

configure: exit 0
