This file contains any messages produced by compilers while
running configure, to aid debugging if configure makes a mistake.

It was created by xcb-util-wm configure 0.4.2, which was
generated by GNU Autoconf 2.71.  Invocation command line was

  $ ./configure --prefix=/storage/rlinux/rootfs --enable-static

## --------- ##
## Platform. ##
## --------- ##

hostname = archlinux
uname -m = x86_64
uname -r = 6.18.7-arch1-1
uname -s = Linux
uname -v = #1 SMP PREEMPT_DYNAMIC Sat, 24 Jan 2026 00:47:39 +0000

/usr/bin/uname -p = unknown
/bin/uname -X     = unknown

/bin/arch              = unknown
/usr/bin/arch -k       = unknown
/usr/convex/getsysinfo = unknown
/usr/bin/hostinfo      = unknown
/bin/machine           = unknown
/usr/bin/oslevel       = unknown
/bin/universe          = unknown

PATH: /usr/local/sbin/
PATH: /usr/local/bin/
PATH: /usr/bin/
PATH: /var/lib/flatpak/exports/bin/
PATH: /usr/bin/site_perl/
PATH: /usr/bin/vendor_perl/
PATH: /usr/bin/core_perl/


## ----------- ##
## Core tests. ##
## ----------- ##

configure:2474: looking for aux files: compile config.guess config.sub ltmain.sh missing install-sh
configure:2487:  trying ./
configure:2516:   ./compile found
configure:2516:   ./config.guess found
configure:2516:   ./config.sub found
configure:2516:   ./ltmain.sh found
configure:2516:   ./missing found
configure:2498:   ./install-sh found
configure:2649: checking for a BSD-compatible install
configure:2722: result: /usr/bin/install -c
configure:2733: checking whether build environment is sane
configure:2788: result: yes
configure:2947: checking for a race-free mkdir -p
configure:2991: result: /usr/bin/mkdir -p
configure:2998: checking for gawk
configure:3019: found /usr/bin/gawk
configure:3030: result: gawk
configure:3041: checking whether make sets $(MAKE)
configure:3064: result: yes
configure:3094: checking whether make supports nested variables
configure:3112: result: yes
configure:3250: checking for m4 that supports -I option
configure:3289: result: /usr/bin/m4
configure:3327: checking build system type
configure:3342: result: x86_64-pc-linux-gnu
configure:3362: checking host system type
configure:3376: result: x86_64-pc-linux-gnu
configure:3417: checking how to print strings
configure:3444: result: printf
configure:3478: checking whether make supports the include directive
configure:3493: make -f confmf.GNU && cat confinc.out
this is the am__doit target
configure:3496: $? = 0
configure:3515: result: yes (GNU style)
configure:3591: checking for gcc
configure:3612: found /usr/bin/gcc
configure:3623: result: gcc
configure:3976: checking for C compiler version
configure:3985: gcc --version >&5
gcc (GCC) 15.2.1 20260103
Copyright (C) 2025 Free Software Foundation, Inc.
This is free software; see the source for copying conditions.  There is NO
warranty; not even for MERCHANTABILITY or FITNESS FOR A PARTICULAR PURPOSE.

configure:3996: $? = 0
configure:3985: gcc -v >&5
Using built-in specs.
COLLECT_GCC=gcc
COLLECT_LTO_WRAPPER=/usr/lib/gcc/x86_64-pc-linux-gnu/15.2.1/lto-wrapper
Target: x86_64-pc-linux-gnu
Configured with: /build/gcc/src/gcc/configure --enable-languages=ada,c,c++,d,fortran,go,lto,m2,objc,obj-c++,rust,cobol --enable-bootstrap --prefix=/usr --libdir=/usr/lib --libexecdir=/usr/lib --mandir=/usr/share/man --infodir=/usr/share/info --with-bugurl=https://gitlab.archlinux.org/archlinux/packaging/packages/gcc/-/issues --with-build-config=bootstrap-lto --with-linker-hash-style=gnu --with-system-zlib --enable-__cxa_atexit --enable-cet=auto --enable-checking=release --enable-clocale=gnu --enable-default-pie --enable-default-ssp --enable-gnu-indirect-function --enable-gnu-unique-object --enable-libstdcxx-backtrace --enable-link-serialization=1 --enable-linker-build-id --enable-lto --enable-multilib --enable-plugin --enable-shared --enable-threads=posix --disable-libssp --disable-libstdcxx-pch --disable-werror
Thread model: posix
Supported LTO compression algorithms: zlib zstd
gcc version 15.2.1 20260103 (GCC) 
configure:3996: $? = 0
configure:3985: gcc -V >&5
gcc: error: unrecognized command-line option '-V'
gcc: fatal error: no input files
compilation terminated.
configure:3996: $? = 1
configure:3985: gcc -qversion >&5
gcc: error: unrecognized command-line option '-qversion'; did you mean '--version'?
gcc: fatal error: no input files
compilation terminated.
configure:3996: $? = 1
configure:3985: gcc -version >&5
gcc: error: unrecognized command-line option '-version'
gcc: fatal error: no input files
compilation terminated.
configure:3996: $? = 1
configure:4016: checking whether the C compiler works
configure:4038: gcc    conftest.c  >&5
configure:4042: $? = 0
configure:4092: result: yes
configure:4095: checking for C compiler default output file name
configure:4097: result: a.out
configure:4103: checking for suffix of executables
configure:4110: gcc -o conftest    conftest.c  >&5
configure:4114: $? = 0
configure:4137: result: 
configure:4159: checking whether we are cross compiling
configure:4167: gcc -o conftest    conftest.c  >&5
configure:4171: $? = 0
configure:4178: ./conftest
configure:4182: $? = 0
configure:4197: result: no
configure:4202: checking for suffix of object files
configure:4225: gcc -c   conftest.c >&5
configure:4229: $? = 0
configure:4251: result: o
configure:4255: checking whether the compiler supports GNU C
configure:4275: gcc -c   conftest.c >&5
configure:4275: $? = 0
configure:4285: result: yes
configure:4296: checking whether gcc accepts -g
configure:4317: gcc -c -g  conftest.c >&5
configure:4317: $? = 0
configure:4361: result: yes
configure:4381: checking for gcc option to enable C11 features
configure:4396: gcc  -c -g -O2  conftest.c >&5
conftest.c: In function 'e':
conftest.c:25:14: warning: old-style function definition [-Wold-style-definition]
   25 | static char *e (p, i)
      |              ^
configure:4396: $? = 0
configure:4414: result: none needed
configure:4530: checking whether gcc understands -c and -o together
configure:4553: gcc -c conftest.c -o conftest2.o
configure:4556: $? = 0
configure:4553: gcc -c conftest.c -o conftest2.o
configure:4556: $? = 0
configure:4568: result: yes
configure:4587: checking dependency style of gcc
configure:4699: result: gcc3
configure:4714: checking for a sed that does not truncate output
configure:4784: result: /usr/bin/sed
configure:4802: checking for grep that handles long lines and -e
configure:4866: result: /usr/bin/grep
configure:4871: checking for egrep
configure:4939: result: /usr/bin/grep -E
configure:4944: checking for fgrep
configure:5012: result: /usr/bin/grep -F
configure:5048: checking for ld used by gcc
configure:5116: result: /usr/bin/ld
configure:5123: checking if the linker (/usr/bin/ld) is GNU ld
configure:5139: result: yes
configure:5151: checking for BSD- or MS-compatible name lister (nm)
configure:5206: result: /usr/bin/nm -B
configure:5346: checking the name lister (/usr/bin/nm -B) interface
configure:5354: gcc -c -g -O2  conftest.c >&5
configure:5357: /usr/bin/nm -B "conftest.o"
configure:5360: output
0000000000000000 B some_variable
configure:5367: result: BSD nm
configure:5370: checking whether ln -s works
configure:5374: result: yes
configure:5382: checking the maximum length of command line arguments
configure:5514: result: 1572864
configure:5562: checking how to convert x86_64-pc-linux-gnu file names to x86_64-pc-linux-gnu format
configure:5603: result: func_convert_file_noop
configure:5610: checking how to convert x86_64-pc-linux-gnu file names to toolchain format
configure:5631: result: func_convert_file_noop
configure:5638: checking for /usr/bin/ld option to reload object files
configure:5646: result: -r
configure:5725: checking for file
configure:5746: found /usr/bin/file
configure:5757: result: file
configure:5833: checking for objdump
configure:5854: found /usr/bin/objdump
configure:5865: result: objdump
configure:5897: checking how to recognize dependent libraries
configure:6098: result: pass_all
configure:6188: checking for dlltool
configure:6223: result: no
configure:6253: checking how to associate runtime and link libraries
configure:6281: result: printf %s\n
configure:6347: checking for ar
configure:6368: found /usr/bin/ar
configure:6379: result: ar
configure:6432: checking for archiver @FILE support
configure:6450: gcc -c -g -O2  conftest.c >&5
configure:6450: $? = 0
configure:6454: ar cr libconftest.a @conftest.lst >&5
configure:6457: $? = 0
configure:6462: ar cr libconftest.a @conftest.lst >&5
ar: conftest.o: No such file or directory
configure:6465: $? = 1
configure:6477: result: @
configure:6540: checking for strip
configure:6561: found /usr/bin/strip
configure:6572: result: strip
configure:6649: checking for ranlib
configure:6670: found /usr/bin/ranlib
configure:6681: result: ranlib
configure:6783: checking command to parse /usr/bin/nm -B output from gcc object
configure:6937: gcc -c -g -O2  conftest.c >&5
configure:6940: $? = 0
configure:6944: /usr/bin/nm -B conftest.o \| /usr/bin/sed -n -e 's/^.*[ ]\([ABCDGIRSTW][ABCDGIRSTW]*\)[ ][ ]*\([_A-Za-z][_A-Za-z0-9]*\)$/\1 \2 \2/p' | /usr/bin/sed '/ __gnu_lto/d' \> conftest.nm
configure:6947: $? = 0
configure:7013: gcc -o conftest -g -O2   conftest.c conftstm.o >&5
configure:7016: $? = 0
configure:7054: result: ok
configure:7101: checking for sysroot
configure:7132: result: no
configure:7139: checking for a working dd
configure:7183: result: /usr/bin/dd
configure:7187: checking how to truncate binary pipes
configure:7203: result: /usr/bin/dd bs=4096 count=1
configure:7340: gcc -c -g -O2  conftest.c >&5
configure:7343: $? = 0
configure:7540: checking for mt
configure:7575: result: no
configure:7595: checking if : is a manifest tool
configure:7602: : '-?'
configure:7610: result: no
configure:8335: checking for stdio.h
configure:8335: gcc -c -g -O2  conftest.c >&5
configure:8335: $? = 0
configure:8335: result: yes
configure:8335: checking for stdlib.h
configure:8335: gcc -c -g -O2  conftest.c >&5
configure:8335: $? = 0
configure:8335: result: yes
configure:8335: checking for string.h
configure:8335: gcc -c -g -O2  conftest.c >&5
configure:8335: $? = 0
configure:8335: result: yes
configure:8335: checking for inttypes.h
configure:8335: gcc -c -g -O2  conftest.c >&5
configure:8335: $? = 0
configure:8335: result: yes
configure:8335: checking for stdint.h
configure:8335: gcc -c -g -O2  conftest.c >&5
configure:8335: $? = 0
configure:8335: result: yes
configure:8335: checking for strings.h
configure:8335: gcc -c -g -O2  conftest.c >&5
configure:8335: $? = 0
configure:8335: result: yes
configure:8335: checking for sys/stat.h
configure:8335: gcc -c -g -O2  conftest.c >&5
configure:8335: $? = 0
configure:8335: result: yes
configure:8335: checking for sys/types.h
configure:8335: gcc -c -g -O2  conftest.c >&5
configure:8335: $? = 0
configure:8335: result: yes
configure:8335: checking for unistd.h
configure:8335: gcc -c -g -O2  conftest.c >&5
configure:8335: $? = 0
configure:8335: result: yes
configure:8360: checking for dlfcn.h
configure:8360: gcc -c -g -O2  conftest.c >&5
configure:8360: $? = 0
configure:8360: result: yes
configure:8619: checking for objdir
configure:8635: result: .libs
configure:8899: checking if gcc supports -fno-rtti -fno-exceptions
configure:8918: gcc -c -g -O2  -fno-rtti -fno-exceptions conftest.c >&5
cc1: warning: command-line option '-fno-rtti' is valid for C++/D/ObjC++ but not for C
configure:8922: $? = 0
configure:8935: result: no
configure:9293: checking for gcc option to produce PIC
configure:9301: result: -fPIC -DPIC
configure:9309: checking if gcc PIC flag -fPIC -DPIC works
configure:9328: gcc -c -g -O2  -fPIC -DPIC -DPIC conftest.c >&5
configure:9332: $? = 0
configure:9345: result: yes
configure:9374: checking if gcc static flag -static works
configure:9403: result: yes
configure:9418: checking if gcc supports -c -o file.o
configure:9440: gcc -c -g -O2  -o out/conftest2.o conftest.c >&5
configure:9444: $? = 0
configure:9466: result: yes
configure:9474: checking if gcc supports -c -o file.o
configure:9522: result: yes
configure:9555: checking whether the gcc linker (/usr/bin/ld -m elf_x86_64) supports shared libraries
configure:10823: result: yes
configure:10860: checking whether -lc should be explicitly linked in
configure:10869: gcc -c -g -O2  conftest.c >&5
configure:10872: $? = 0
configure:10887: gcc -shared  -fPIC -DPIC conftest.o  -v -Wl,-soname -Wl,conftest -o conftest 2\>\&1 \| /usr/bin/grep  -lc  \>/dev/null 2\>\&1
configure:10890: $? = 0
configure:10904: result: no
configure:11064: checking dynamic linker characteristics
configure:11646: gcc -o conftest -g -O2   -Wl,-rpath -Wl,/foo conftest.c  >&5
configure:11646: $? = 0
configure:11885: result: GNU/Linux ld.so
configure:12007: checking how to hardcode library paths into programs
configure:12032: result: immediate
configure:12584: checking whether stripping libraries is possible
configure:12593: result: yes
configure:12635: checking if libtool supports shared libraries
configure:12637: result: yes
configure:12640: checking whether to build shared libraries
configure:12665: result: yes
configure:12668: checking whether to build static libraries
configure:12672: result: yes
configure:12768: checking for pkg-config
configure:12791: found /usr/bin/pkg-config
configure:12803: result: /usr/bin/pkg-config
configure:12828: checking pkg-config is at least version 0.9.0
configure:12831: result: yes
configure:12840: checking for gcc options needed to detect all undeclared functions
configure:12862: gcc -c -g -O2   conftest.c >&5
conftest.c: In function 'main':
conftest.c:27:8: error: 'strchr' undeclared (first use in this function)
   27 | (void) strchr;
      |        ^~~~~~
conftest.c:1:1: note: 'strchr' is defined in header '<string.h>'; this is probably fixable by adding '#include <string.h>'
    1 | /* confdefs.h */
conftest.c:27:8: note: each undeclared identifier is reported only once for each function it appears in
   27 | (void) strchr;
      |        ^~~~~~
configure:12862: $? = 1
configure: failed program was:
| /* confdefs.h */
| #define PACKAGE_NAME "xcb-util-wm"
| #define PACKAGE_TARNAME "xcb-util-wm"
| #define PACKAGE_VERSION "0.4.2"
| #define PACKAGE_STRING "xcb-util-wm 0.4.2"
| #define PACKAGE_BUGREPORT "https://gitlab.freedesktop.org/xorg/lib/libxcb-wm/-/issues"
| #define PACKAGE_URL ""
| #define PACKAGE "xcb-util-wm"
| #define VERSION "0.4.2"
| #define HAVE_STDIO_H 1
| #define HAVE_STDLIB_H 1
| #define HAVE_STRING_H 1
| #define HAVE_INTTYPES_H 1
| #define HAVE_STDINT_H 1
| #define HAVE_STRINGS_H 1
| #define HAVE_SYS_STAT_H 1
| #define HAVE_SYS_TYPES_H 1
| #define HAVE_UNISTD_H 1
| #define STDC_HEADERS 1
| #define HAVE_DLFCN_H 1
| #define LT_OBJDIR ".libs/"
| /* end confdefs.h.  */
| 
| int
| main (void)
| {
| (void) strchr;
|   ;
|   return 0;
| }
configure:12889: gcc -c -g -O2   conftest.c >&5
configure:12889: $? = 0
configure:12906: result: none needed
configure:12924: checking whether __clang__ is declared
configure:12924: gcc -c -g -O2   conftest.c >&5
conftest.c: In function 'main':
conftest.c:58:10: error: '__clang__' undeclared (first use in this function)
   58 |   (void) __clang__;
      |          ^~~~~~~~~
conftest.c:58:10: note: each undeclared identifier is reported only once for each function it appears in
configure:12924: $? = 1
configure: failed program was:
| /* confdefs.h */
| #define PACKAGE_NAME "xcb-util-wm"
| #define PACKAGE_TARNAME "xcb-util-wm"
| #define PACKAGE_VERSION "0.4.2"
| #define PACKAGE_STRING "xcb-util-wm 0.4.2"
| #define PACKAGE_BUGREPORT "https://gitlab.freedesktop.org/xorg/lib/libxcb-wm/-/issues"
| #define PACKAGE_URL ""
| #define PACKAGE "xcb-util-wm"
| #define VERSION "0.4.2"
| #define HAVE_STDIO_H 1
| #define HAVE_STDLIB_H 1
| #define HAVE_STRING_H 1
| #define HAVE_INTTYPES_H 1
| #define HAVE_STDINT_H 1
| #define HAVE_STRINGS_H 1
| #define HAVE_SYS_STAT_H 1
| #define HAVE_SYS_TYPES_H 1
| #define HAVE_UNISTD_H 1
| #define STDC_HEADERS 1
| #define HAVE_DLFCN_H 1
| #define LT_OBJDIR ".libs/"
| /* end confdefs.h.  */
| #include <stddef.h>
| #ifdef HAVE_STDIO_H
| # include <stdio.h>
| #endif
| #ifdef HAVE_STDLIB_H
| # include <stdlib.h>
| #endif
| #ifdef HAVE_STRING_H
| # include <string.h>
| #endif
| #ifdef HAVE_INTTYPES_H
| # include <inttypes.h>
| #endif
| #ifdef HAVE_STDINT_H
| # include <stdint.h>
| #endif
| #ifdef HAVE_STRINGS_H
| # include <strings.h>
| #endif
| #ifdef HAVE_SYS_TYPES_H
| # include <sys/types.h>
| #endif
| #ifdef HAVE_SYS_STAT_H
| # include <sys/stat.h>
| #endif
| #ifdef HAVE_UNISTD_H
| # include <unistd.h>
| #endif
| int
| main (void)
| {
| #ifndef __clang__
| #ifdef __cplusplus
|   (void) __clang__;
| #else
|   (void) __clang__;
| #endif
| #endif
| 
|   ;
|   return 0;
| }
configure:12924: result: no
configure:12931: checking whether __INTEL_COMPILER is declared
configure:12931: gcc -c -g -O2   conftest.c >&5
conftest.c: In function 'main':
conftest.c:58:10: error: '__INTEL_COMPILER' undeclared (first use in this function)
   58 |   (void) __INTEL_COMPILER;
      |          ^~~~~~~~~~~~~~~~
conftest.c:58:10: note: each undeclared identifier is reported only once for each function it appears in
configure:12931: $? = 1
configure: failed program was:
| /* confdefs.h */
| #define PACKAGE_NAME "xcb-util-wm"
| #define PACKAGE_TARNAME "xcb-util-wm"
| #define PACKAGE_VERSION "0.4.2"
| #define PACKAGE_STRING "xcb-util-wm 0.4.2"
| #define PACKAGE_BUGREPORT "https://gitlab.freedesktop.org/xorg/lib/libxcb-wm/-/issues"
| #define PACKAGE_URL ""
| #define PACKAGE "xcb-util-wm"
| #define VERSION "0.4.2"
| #define HAVE_STDIO_H 1
| #define HAVE_STDLIB_H 1
| #define HAVE_STRING_H 1
| #define HAVE_INTTYPES_H 1
| #define HAVE_STDINT_H 1
| #define HAVE_STRINGS_H 1
| #define HAVE_SYS_STAT_H 1
| #define HAVE_SYS_TYPES_H 1
| #define HAVE_UNISTD_H 1
| #define STDC_HEADERS 1
| #define HAVE_DLFCN_H 1
| #define LT_OBJDIR ".libs/"
| /* end confdefs.h.  */
| #include <stddef.h>
| #ifdef HAVE_STDIO_H
| # include <stdio.h>
| #endif
| #ifdef HAVE_STDLIB_H
| # include <stdlib.h>
| #endif
| #ifdef HAVE_STRING_H
| # include <string.h>
| #endif
| #ifdef HAVE_INTTYPES_H
| # include <inttypes.h>
| #endif
| #ifdef HAVE_STDINT_H
| # include <stdint.h>
| #endif
| #ifdef HAVE_STRINGS_H
| # include <strings.h>
| #endif
| #ifdef HAVE_SYS_TYPES_H
| # include <sys/types.h>
| #endif
| #ifdef HAVE_SYS_STAT_H
| # include <sys/stat.h>
| #endif
| #ifdef HAVE_UNISTD_H
| # include <unistd.h>
| #endif
| int
| main (void)
| {
| #ifndef __INTEL_COMPILER
| #ifdef __cplusplus
|   (void) __INTEL_COMPILER;
| #else
|   (void) __INTEL_COMPILER;
| #endif
| #endif
| 
|   ;
|   return 0;
| }
configure:12931: result: no
configure:12938: checking whether __SUNPRO_C is declared
configure:12938: gcc -c -g -O2   conftest.c >&5
conftest.c: In function 'main':
conftest.c:58:10: error: '__SUNPRO_C' undeclared (first use in this function)
   58 |   (void) __SUNPRO_C;
      |          ^~~~~~~~~~
conftest.c:58:10: note: each undeclared identifier is reported only once for each function it appears in
configure:12938: $? = 1
configure: failed program was:
| /* confdefs.h */
| #define PACKAGE_NAME "xcb-util-wm"
| #define PACKAGE_TARNAME "xcb-util-wm"
| #define PACKAGE_VERSION "0.4.2"
| #define PACKAGE_STRING "xcb-util-wm 0.4.2"
| #define PACKAGE_BUGREPORT "https://gitlab.freedesktop.org/xorg/lib/libxcb-wm/-/issues"
| #define PACKAGE_URL ""
| #define PACKAGE "xcb-util-wm"
| #define VERSION "0.4.2"
| #define HAVE_STDIO_H 1
| #define HAVE_STDLIB_H 1
| #define HAVE_STRING_H 1
| #define HAVE_INTTYPES_H 1
| #define HAVE_STDINT_H 1
| #define HAVE_STRINGS_H 1
| #define HAVE_SYS_STAT_H 1
| #define HAVE_SYS_TYPES_H 1
| #define HAVE_UNISTD_H 1
| #define STDC_HEADERS 1
| #define HAVE_DLFCN_H 1
| #define LT_OBJDIR ".libs/"
| /* end confdefs.h.  */
| #include <stddef.h>
| #ifdef HAVE_STDIO_H
| # include <stdio.h>
| #endif
| #ifdef HAVE_STDLIB_H
| # include <stdlib.h>
| #endif
| #ifdef HAVE_STRING_H
| # include <string.h>
| #endif
| #ifdef HAVE_INTTYPES_H
| # include <inttypes.h>
| #endif
| #ifdef HAVE_STDINT_H
| # include <stdint.h>
| #endif
| #ifdef HAVE_STRINGS_H
| # include <strings.h>
| #endif
| #ifdef HAVE_SYS_TYPES_H
| # include <sys/types.h>
| #endif
| #ifdef HAVE_SYS_STAT_H
| # include <sys/stat.h>
| #endif
| #ifdef HAVE_UNISTD_H
| # include <unistd.h>
| #endif
| int
| main (void)
| {
| #ifndef __SUNPRO_C
| #ifdef __cplusplus
|   (void) __SUNPRO_C;
| #else
|   (void) __SUNPRO_C;
| #endif
| #endif
| 
|   ;
|   return 0;
| }
configure:12938: result: no
configure:12960: checking for XCB
configure:12967: $PKG_CONFIG --exists --print-errors "xcb >= 1.4"
configure:12970: $? = 0
configure:12984: $PKG_CONFIG --exists --print-errors "xcb >= 1.4"
configure:12987: $? = 0
configure:13045: result: yes
configure:13053: checking whether libxcb was compiled against xcb-proto >= 1.6
configure:13061: checking for gawk
configure:13093: result: gawk
configure:13138: result: yes
configure:13200: checking if gcc supports -Werror=unknown-warning-option
configure:13210: gcc -c -g -O2 -Werror=unknown-warning-option  conftest.c >&5
cc1: error: '-Werror=unknown-warning-option': no option '-Wunknown-warning-option'
configure:13210: $? = 1
configure: failed program was:
| /* confdefs.h */
| #define PACKAGE_NAME "xcb-util-wm"
| #define PACKAGE_TARNAME "xcb-util-wm"
| #define PACKAGE_VERSION "0.4.2"
| #define PACKAGE_STRING "xcb-util-wm 0.4.2"
| #define PACKAGE_BUGREPORT "https://gitlab.freedesktop.org/xorg/lib/libxcb-wm/-/issues"
| #define PACKAGE_URL ""
| #define PACKAGE "xcb-util-wm"
| #define VERSION "0.4.2"
| #define HAVE_STDIO_H 1
| #define HAVE_STDLIB_H 1
| #define HAVE_STRING_H 1
| #define HAVE_INTTYPES_H 1
| #define HAVE_STDINT_H 1
| #define HAVE_STRINGS_H 1
| #define HAVE_SYS_STAT_H 1
| #define HAVE_SYS_TYPES_H 1
| #define HAVE_UNISTD_H 1
| #define STDC_HEADERS 1
| #define HAVE_DLFCN_H 1
| #define LT_OBJDIR ".libs/"
| /* end confdefs.h.  */
| int i;
configure:13218: result: no
configure:13229: checking if gcc supports -Werror=unused-command-line-argument
configure:13239: gcc -c -g -O2 -Werror=unused-command-line-argument  conftest.c >&5
cc1: error: '-Werror=unused-command-line-argument': no option '-Wunused-command-line-argument'; did you mean '-Wunused-dummy-argument'?
configure:13239: $? = 1
configure: failed program was:
| /* confdefs.h */
| #define PACKAGE_NAME "xcb-util-wm"
| #define PACKAGE_TARNAME "xcb-util-wm"
| #define PACKAGE_VERSION "0.4.2"
| #define PACKAGE_STRING "xcb-util-wm 0.4.2"
| #define PACKAGE_BUGREPORT "https://gitlab.freedesktop.org/xorg/lib/libxcb-wm/-/issues"
| #define PACKAGE_URL ""
| #define PACKAGE "xcb-util-wm"
| #define VERSION "0.4.2"
| #define HAVE_STDIO_H 1
| #define HAVE_STDLIB_H 1
| #define HAVE_STRING_H 1
| #define HAVE_INTTYPES_H 1
| #define HAVE_STDINT_H 1
| #define HAVE_STRINGS_H 1
| #define HAVE_SYS_STAT_H 1
| #define HAVE_SYS_TYPES_H 1
| #define HAVE_UNISTD_H 1
| #define STDC_HEADERS 1
| #define HAVE_DLFCN_H 1
| #define LT_OBJDIR ".libs/"
| /* end confdefs.h.  */
| int i;
configure:13247: result: no
configure:13266: checking if gcc supports -Wall
configure:13284: gcc -o conftest -g -O2 -Wall   conftest.c  >&5
configure:13284: $? = 0
configure:13298: result: yes
configure:13390: checking if gcc supports -Wpointer-arith
configure:13408: gcc -o conftest -g -O2 -Wpointer-arith   conftest.c  >&5
configure:13408: $? = 0
configure:13422: result: yes
configure:13514: checking if gcc supports -Wmissing-declarations
configure:13532: gcc -o conftest -g -O2 -Wmissing-declarations   conftest.c  >&5
configure:13532: $? = 0
configure:13546: result: yes
configure:13638: checking if gcc supports -Wformat=2
configure:13656: gcc -o conftest -g -O2 -Wformat=2   conftest.c  >&5
configure:13656: $? = 0
configure:13670: result: yes
configure:13815: checking if gcc supports -Wstrict-prototypes
configure:13833: gcc -o conftest -g -O2 -Wstrict-prototypes   conftest.c  >&5
configure:13833: $? = 0
configure:13847: result: yes
configure:13939: checking if gcc supports -Wmissing-prototypes
configure:13957: gcc -o conftest -g -O2 -Wmissing-prototypes   conftest.c  >&5
configure:13957: $? = 0
configure:13971: result: yes
configure:14063: checking if gcc supports -Wnested-externs
configure:14081: gcc -o conftest -g -O2 -Wnested-externs   conftest.c  >&5
configure:14081: $? = 0
configure:14095: result: yes
configure:14187: checking if gcc supports -Wbad-function-cast
configure:14205: gcc -o conftest -g -O2 -Wbad-function-cast   conftest.c  >&5
configure:14205: $? = 0
configure:14219: result: yes
configure:14311: checking if gcc supports -Wold-style-definition
configure:14329: gcc -o conftest -g -O2 -Wold-style-definition   conftest.c  >&5
configure:14329: $? = 0
configure:14343: result: yes
configure:14486: checking if gcc supports -Wdeclaration-after-statement
configure:14504: gcc -o conftest -g -O2 -Wdeclaration-after-statement   conftest.c  >&5
configure:14504: $? = 0
configure:14518: result: yes
configure:14614: checking if gcc supports -Wunused
configure:14632: gcc -o conftest -g -O2 -Wunused   conftest.c  >&5
configure:14632: $? = 0
configure:14646: result: yes
configure:14738: checking if gcc supports -Wuninitialized
configure:14756: gcc -o conftest -g -O2 -Wuninitialized   conftest.c  >&5
configure:14756: $? = 0
configure:14770: result: yes
configure:14862: checking if gcc supports -Wshadow
configure:14880: gcc -o conftest -g -O2 -Wshadow   conftest.c  >&5
configure:14880: $? = 0
configure:14894: result: yes
configure:14986: checking if gcc supports -Wmissing-noreturn
configure:15004: gcc -o conftest -g -O2 -Wmissing-noreturn   conftest.c  >&5
configure:15004: $? = 0
configure:15018: result: yes
configure:15110: checking if gcc supports -Wmissing-format-attribute
configure:15128: gcc -o conftest -g -O2 -Wmissing-format-attribute   conftest.c  >&5
configure:15128: $? = 0
configure:15142: result: yes
configure:15234: checking if gcc supports -Wredundant-decls
configure:15252: gcc -o conftest -g -O2 -Wredundant-decls   conftest.c  >&5
configure:15252: $? = 0
configure:15266: result: yes
configure:15358: checking if gcc supports -Wlogical-op
configure:15376: gcc -o conftest -g -O2 -Wlogical-op   conftest.c  >&5
configure:15376: $? = 0
configure:15390: result: yes
configure:15494: checking if gcc supports -Werror=implicit
configure:15512: gcc -o conftest -g -O2 -Werror=implicit   conftest.c  >&5
configure:15512: $? = 0
configure:15526: result: yes
configure:15669: checking if gcc supports -Werror=nonnull
configure:15687: gcc -o conftest -g -O2 -Werror=nonnull   conftest.c  >&5
configure:15687: $? = 0
configure:15701: result: yes
configure:15793: checking if gcc supports -Werror=init-self
configure:15811: gcc -o conftest -g -O2 -Werror=init-self   conftest.c  >&5
configure:15811: $? = 0
configure:15825: result: yes
configure:15917: checking if gcc supports -Werror=main
configure:15935: gcc -o conftest -g -O2 -Werror=main   conftest.c  >&5
configure:15935: $? = 0
configure:15949: result: yes
configure:16041: checking if gcc supports -Werror=missing-braces
configure:16059: gcc -o conftest -g -O2 -Werror=missing-braces   conftest.c  >&5
configure:16059: $? = 0
configure:16073: result: yes
configure:16165: checking if gcc supports -Werror=sequence-point
configure:16183: gcc -o conftest -g -O2 -Werror=sequence-point   conftest.c  >&5
configure:16183: $? = 0
configure:16197: result: yes
configure:16289: checking if gcc supports -Werror=return-type
configure:16307: gcc -o conftest -g -O2 -Werror=return-type   conftest.c  >&5
configure:16307: $? = 0
configure:16321: result: yes
configure:16464: checking if gcc supports -Werror=trigraphs
configure:16482: gcc -o conftest -g -O2 -Werror=trigraphs   conftest.c  >&5
configure:16482: $? = 0
configure:16496: result: yes
configure:16588: checking if gcc supports -Werror=array-bounds
configure:16606: gcc -o conftest -g -O2 -Werror=array-bounds   conftest.c  >&5
configure:16606: $? = 0
configure:16620: result: yes
configure:16712: checking if gcc supports -Werror=write-strings
configure:16730: gcc -o conftest -g -O2 -Werror=write-strings   conftest.c  >&5
configure:16730: $? = 0
configure:16744: result: yes
configure:16836: checking if gcc supports -Werror=address
configure:16854: gcc -o conftest -g -O2 -Werror=address   conftest.c  >&5
configure:16854: $? = 0
configure:16868: result: yes
configure:16960: checking if gcc supports -Werror=int-to-pointer-cast
configure:16978: gcc -o conftest -g -O2 -Werror=int-to-pointer-cast   conftest.c  >&5
configure:16978: $? = 0
configure:16992: result: yes
configure:17135: checking if gcc supports -Werror=pointer-to-int-cast
configure:17153: gcc -o conftest -g -O2 -Werror=pointer-to-int-cast   conftest.c  >&5
configure:17153: $? = 0
configure:17167: result: yes
configure:18908: checking if gcc supports -pedantic
configure:18926: gcc -o conftest -g -O2 -pedantic   conftest.c  >&5
configure:18926: $? = 0
configure:18940: result: yes
configure:19032: checking if gcc supports -Werror
configure:19050: gcc -o conftest -g -O2 -Werror   conftest.c  >&5
configure:19050: $? = 0
configure:19064: result: yes
configure:19210: checking if gcc supports -Werror=attributes
configure:19228: gcc -o conftest -g -O2 -Werror=attributes   conftest.c  >&5
configure:19228: $? = 0
configure:19242: result: yes
configure:19433: checking whether make supports nested variables
configure:19451: result: yes
configure:19482: checking whether to build developer documentation
configure:19484: result: yes
configure:19505: checking for doxygen
configure:19543: result: no
configure:19549: WARNING: doxygen not found - documentation targets will be skipped
configure:19799: checking that generated files are newer than configure
configure:19805: result: done
configure:19840: creating ./config.status

## ---------------------- ##
## Running config.status. ##
## ---------------------- ##

This file was extended by xcb-util-wm config.status 0.4.2, which was
generated by GNU Autoconf 2.71.  Invocation command line was

  CONFIG_FILES    = 
  CONFIG_HEADERS  = 
  CONFIG_LINKS    = 
  CONFIG_COMMANDS = 
  $ ./config.status 

on archlinux

config.status:1137: creating Makefile
config.status:1137: creating icccm/Makefile
config.status:1137: creating icccm/xcb-icccm.pc
config.status:1137: creating ewmh/Makefile
config.status:1137: creating ewmh/xcb-ewmh.pc
config.status:1137: creating config.h
config.status:1366: executing depfiles commands
config.status:1441: cd icccm       && sed -e '/# am--include-marker/d' Makefile         | make -f - am--depfiles
config.status:1448: $? = 0
config.status:1441: cd ewmh       && sed -e '/# am--include-marker/d' Makefile         | make -f - am--depfiles
config.status:1448: $? = 0
config.status:1366: executing libtool commands

## ---------------- ##
## Cache variables. ##
## ---------------- ##

ac_cv_build=x86_64-pc-linux-gnu
ac_cv_c_compiler_gnu=yes
ac_cv_c_undeclared_builtin_options='none needed'
ac_cv_env_CC_set=
ac_cv_env_CC_value=
ac_cv_env_CFLAGS_set=
ac_cv_env_CFLAGS_value=
ac_cv_env_CPPFLAGS_set=
ac_cv_env_CPPFLAGS_value=
ac_cv_env_DOT_set=
ac_cv_env_DOT_value=
ac_cv_env_DOXYGEN_set=
ac_cv_env_DOXYGEN_value=
ac_cv_env_LDFLAGS_set=
ac_cv_env_LDFLAGS_value=
ac_cv_env_LIBS_set=
ac_cv_env_LIBS_value=
ac_cv_env_LT_SYS_LIBRARY_PATH_set=
ac_cv_env_LT_SYS_LIBRARY_PATH_value=
ac_cv_env_PKG_CONFIG_LIBDIR_set=
ac_cv_env_PKG_CONFIG_LIBDIR_value=
ac_cv_env_PKG_CONFIG_PATH_set=set
ac_cv_env_PKG_CONFIG_PATH_value=/storage/rlinux/rootfs/lib/pkgconfig:/storage/rlinux/rootfs/share/pkgconfig
ac_cv_env_PKG_CONFIG_set=
ac_cv_env_PKG_CONFIG_value=
ac_cv_env_XCB_CFLAGS_set=
ac_cv_env_XCB_CFLAGS_value=
ac_cv_env_XCB_LIBS_set=
ac_cv_env_XCB_LIBS_value=
ac_cv_env_build_alias_set=
ac_cv_env_build_alias_value=
ac_cv_env_host_alias_set=
ac_cv_env_host_alias_value=
ac_cv_env_target_alias_set=
ac_cv_env_target_alias_value=
ac_cv_have_decl___INTEL_COMPILER=no
ac_cv_have_decl___SUNPRO_C=no
ac_cv_have_decl___clang__=no
ac_cv_header_dlfcn_h=yes
ac_cv_header_inttypes_h=yes
ac_cv_header_stdint_h=yes
ac_cv_header_stdio_h=yes
ac_cv_header_stdlib_h=yes
ac_cv_header_string_h=yes
ac_cv_header_strings_h=yes
ac_cv_header_sys_stat_h=yes
ac_cv_header_sys_types_h=yes
ac_cv_header_unistd_h=yes
ac_cv_host=x86_64-pc-linux-gnu
ac_cv_objext=o
ac_cv_path_EGREP='/usr/bin/grep -E'
ac_cv_path_FGREP='/usr/bin/grep -F'
ac_cv_path_GREP=/usr/bin/grep
ac_cv_path_M4=/usr/bin/m4
ac_cv_path_SED=/usr/bin/sed
ac_cv_path_ac_pt_PKG_CONFIG=/usr/bin/pkg-config
ac_cv_path_install='/usr/bin/install -c'
ac_cv_path_lt_DD=/usr/bin/dd
ac_cv_path_mkdir=/usr/bin/mkdir
ac_cv_prog_AWK=gawk
ac_cv_prog_ac_ct_AR=ar
ac_cv_prog_ac_ct_CC=gcc
ac_cv_prog_ac_ct_FILECMD=file
ac_cv_prog_ac_ct_OBJDUMP=objdump
ac_cv_prog_ac_ct_RANLIB=ranlib
ac_cv_prog_ac_ct_STRIP=strip
ac_cv_prog_cc_c11=
ac_cv_prog_cc_g=yes
ac_cv_prog_cc_stdc=
ac_cv_prog_make_make_set=yes
am_cv_CC_dependencies_compiler_type=gcc3
am_cv_make_support_nested_variables=yes
am_cv_prog_cc_c_o=yes
lt_cv_ar_at_file=@
lt_cv_archive_cmds_need_lc=no
lt_cv_deplibs_check_method=pass_all
lt_cv_file_magic_cmd='$MAGIC_CMD'
lt_cv_file_magic_test_file=
lt_cv_ld_reload_flag=-r
lt_cv_nm_interface='BSD nm'
lt_cv_objdir=.libs
lt_cv_path_LD=/usr/bin/ld
lt_cv_path_NM='/usr/bin/nm -B'
lt_cv_path_mainfest_tool=no
lt_cv_prog_compiler_c_o=yes
lt_cv_prog_compiler_pic='-fPIC -DPIC'
lt_cv_prog_compiler_pic_works=yes
lt_cv_prog_compiler_rtti_exceptions=no
lt_cv_prog_compiler_static_works=yes
lt_cv_prog_gnu_ld=yes
lt_cv_sharedlib_from_linklib_cmd='printf %s\n'
lt_cv_shlibpath_overrides_runpath=yes
lt_cv_sys_global_symbol_pipe='/usr/bin/sed -n -e '\''s/^.*[	 ]\([ABCDGIRSTW][ABCDGIRSTW]*\)[	 ][	 ]*\([_A-Za-z][_A-Za-z0-9]*\)$/\1 \2 \2/p'\'' | /usr/bin/sed '\''/ __gnu_lto/d'\'''
lt_cv_sys_global_symbol_to_c_name_address='/usr/bin/sed -n -e '\''s/^: \(.*\) .*$/  {"\1", (void *) 0},/p'\'' -e '\''s/^[ABCDGIRSTW][ABCDGIRSTW]* .* \(.*\)$/  {"\1", (void *) \&\1},/p'\'''
lt_cv_sys_global_symbol_to_c_name_address_lib_prefix='/usr/bin/sed -n -e '\''s/^: \(.*\) .*$/  {"\1", (void *) 0},/p'\'' -e '\''s/^[ABCDGIRSTW][ABCDGIRSTW]* .* \(lib.*\)$/  {"\1", (void *) \&\1},/p'\'' -e '\''s/^[ABCDGIRSTW][ABCDGIRSTW]* .* \(.*\)$/  {"lib\1", (void *) \&\1},/p'\'''
lt_cv_sys_global_symbol_to_cdecl='/usr/bin/sed -n -e '\''s/^T .* \(.*\)$/extern int \1();/p'\'' -e '\''s/^[ABCDGIRSTW][ABCDGIRSTW]* .* \(.*\)$/extern char \1;/p'\'''
lt_cv_sys_global_symbol_to_import=
lt_cv_sys_max_cmd_len=1572864
lt_cv_to_host_file_cmd=func_convert_file_noop
lt_cv_to_tool_file_cmd=func_convert_file_noop
lt_cv_truncate_bin='/usr/bin/dd bs=4096 count=1'
pkg_cv_XCB_CFLAGS=-I/storage/rlinux/rootfs/include
pkg_cv_XCB_LIBS='-L/storage/rlinux/rootfs/lib -lxcb'
xorg_cv_cc_flag__Wall=yes
xorg_cv_cc_flag__Wbad_function_cast=yes
xorg_cv_cc_flag__Wdeclaration_after_statement=yes
xorg_cv_cc_flag__Werror=yes
xorg_cv_cc_flag__Werror_address=yes
xorg_cv_cc_flag__Werror_array_bounds=yes
xorg_cv_cc_flag__Werror_attributes=yes
xorg_cv_cc_flag__Werror_implicit=yes
xorg_cv_cc_flag__Werror_init_self=yes
xorg_cv_cc_flag__Werror_int_to_pointer_cast=yes
xorg_cv_cc_flag__Werror_main=yes
xorg_cv_cc_flag__Werror_missing_braces=yes
xorg_cv_cc_flag__Werror_nonnull=yes
xorg_cv_cc_flag__Werror_pointer_to_int_cast=yes
xorg_cv_cc_flag__Werror_return_type=yes
xorg_cv_cc_flag__Werror_sequence_point=yes
xorg_cv_cc_flag__Werror_trigraphs=yes
xorg_cv_cc_flag__Werror_write_strings=yes
xorg_cv_cc_flag__Wformat_2=yes
xorg_cv_cc_flag__Wlogical_op=yes
xorg_cv_cc_flag__Wmissing_declarations=yes
xorg_cv_cc_flag__Wmissing_format_attribute=yes
xorg_cv_cc_flag__Wmissing_noreturn=yes
xorg_cv_cc_flag__Wmissing_prototypes=yes
xorg_cv_cc_flag__Wnested_externs=yes
xorg_cv_cc_flag__Wold_style_definition=yes
xorg_cv_cc_flag__Wpointer_arith=yes
xorg_cv_cc_flag__Wredundant_decls=yes
xorg_cv_cc_flag__Wshadow=yes
xorg_cv_cc_flag__Wstrict_prototypes=yes
xorg_cv_cc_flag__Wuninitialized=yes
xorg_cv_cc_flag__Wunused=yes
xorg_cv_cc_flag__pedantic=yes
xorg_cv_cc_flag_unknown_warning_option=no
xorg_cv_cc_flag_unused_command_line_argument=no

## ----------------- ##
## Output variables. ##
## ----------------- ##

ACLOCAL='${SHELL} '\''/storage/rlinux/sources/xcb-util-wm-0.4.2/missing'\'' aclocal-1.16'
ADMIN_MAN_DIR='$(mandir)/man$(ADMIN_MAN_SUFFIX)'
ADMIN_MAN_SUFFIX='8'
AMDEPBACKSLASH='\'
AMDEP_FALSE='#'
AMDEP_TRUE=''
AMTAR='$${TAR-tar}'
AM_BACKSLASH='\'
AM_DEFAULT_V='$(AM_DEFAULT_VERBOSITY)'
AM_DEFAULT_VERBOSITY='0'
AM_V='$(V)'
APP_MAN_DIR='$(mandir)/man$(APP_MAN_SUFFIX)'
APP_MAN_SUFFIX='1'
AR='ar'
AUTOCONF='${SHELL} '\''/storage/rlinux/sources/xcb-util-wm-0.4.2/missing'\'' autoconf'
AUTOHEADER='${SHELL} '\''/storage/rlinux/sources/xcb-util-wm-0.4.2/missing'\'' autoheader'
AUTOMAKE='${SHELL} '\''/storage/rlinux/sources/xcb-util-wm-0.4.2/missing'\'' automake-1.16'
AWK='gawk'
BASE_CFLAGS=' -Wall -Wpointer-arith -Wmissing-declarations -Wformat=2 -Wstrict-prototypes -Wmissing-prototypes -Wnested-externs -Wbad-function-cast -Wold-style-definition -Wdeclaration-after-statement -Wunused -Wuninitialized -Wshadow -Wmissing-noreturn -Wmissing-format-attribute -Wredundant-decls -Wlogical-op -Werror=implicit -Werror=nonnull -Werror=init-self -Werror=main -Werror=missing-braces -Werror=sequence-point -Werror=return-type -Werror=trigraphs -Werror=array-bounds -Werror=write-strings -Werror=address -Werror=int-to-pointer-cast -Werror=pointer-to-int-cast'
CC='gcc'
CCDEPMODE='depmode=gcc3'
CFLAGS='-g -O2'
CHANGELOG_CMD='((GIT_DIR=$(top_srcdir)/.git git log > $(top_srcdir)/.changelog.tmp) 2>/dev/null && mv $(top_srcdir)/.changelog.tmp $(top_srcdir)/ChangeLog) || (rm -f $(top_srcdir)/.changelog.tmp; test -e $(top_srcdir)/ChangeLog || ( touch $(top_srcdir)/ChangeLog; echo '\''git failed to create ChangeLog: installing empty ChangeLog.'\'' >&2))'
CPPFLAGS=''
CSCOPE='cscope'
CTAGS='ctags'
CWARNFLAGS=' -Wall -Wpointer-arith -Wmissing-declarations -Wformat=2 -Wstrict-prototypes -Wmissing-prototypes -Wnested-externs -Wbad-function-cast -Wold-style-definition -Wdeclaration-after-statement -Wunused -Wuninitialized -Wshadow -Wmissing-noreturn -Wmissing-format-attribute -Wredundant-decls -Wlogical-op -Werror=implicit -Werror=nonnull -Werror=init-self -Werror=main -Werror=missing-braces -Werror=sequence-point -Werror=return-type -Werror=trigraphs -Werror=array-bounds -Werror=write-strings -Werror=address -Werror=int-to-pointer-cast -Werror=pointer-to-int-cast -fno-strict-aliasing'
CYGPATH_W='echo'
DEFS='-DHAVE_CONFIG_H'
DEPDIR='.deps'
DLLTOOL='false'
DOT=''
DOXYGEN=''
DRIVER_MAN_DIR='$(mandir)/man$(DRIVER_MAN_SUFFIX)'
DRIVER_MAN_SUFFIX='4'
DSYMUTIL=''
DUMPBIN=''
ECHO_C=''
ECHO_N='-n'
ECHO_T=''
EGREP='/usr/bin/grep -E'
ENABLE_DEVEL_DOCS_FALSE='#'
ENABLE_DEVEL_DOCS_TRUE=''
ETAGS='etags'
EXEEXT=''
FGREP='/usr/bin/grep -F'
FILECMD='file'
FILE_MAN_DIR='$(mandir)/man$(FILE_MAN_SUFFIX)'
FILE_MAN_SUFFIX='5'
GREP='/usr/bin/grep'
HAVE_DOT='no'
HAVE_DOT_FALSE=''
HAVE_DOT_TRUE='#'
HAVE_DOXYGEN_FALSE=''
HAVE_DOXYGEN_TRUE='#'
INSTALL_CMD='(cp -f /INSTALL $(top_srcdir)/.INSTALL.tmp && mv $(top_srcdir)/.INSTALL.tmp $(top_srcdir)/INSTALL) || (rm -f $(top_srcdir)/.INSTALL.tmp; test -e $(top_srcdir)/INSTALL || ( touch $(top_srcdir)/INSTALL; echo '\''failed to copy INSTALL from util-macros: installing empty INSTALL.'\'' >&2))'
INSTALL_DATA='${INSTALL} -m 644'
INSTALL_PROGRAM='${INSTALL}'
INSTALL_SCRIPT='${INSTALL}'
INSTALL_STRIP_PROGRAM='$(install_sh) -c -s'
LD='/usr/bin/ld -m elf_x86_64'
LDFLAGS=''
LIBOBJS=''
LIBS=''
LIBTOOL='$(SHELL) $(top_builddir)/libtool'
LIB_MAN_DIR='$(mandir)/man$(LIB_MAN_SUFFIX)'
LIB_MAN_SUFFIX='3'
LIPO=''
LN_S='ln -s'
LTLIBOBJS=''
LT_SYS_LIBRARY_PATH=''
M4='/usr/bin/m4'
MAKEINFO='${SHELL} '\''/storage/rlinux/sources/xcb-util-wm-0.4.2/missing'\'' makeinfo'
MANIFEST_TOOL=':'
MAN_SUBSTS='	-e '\''s|__vendorversion__|"$(PACKAGE_STRING)" "$(XORG_MAN_PAGE)"|'\'' 	-e '\''s|__xorgversion__|"$(PACKAGE_STRING)" "$(XORG_MAN_PAGE)"|'\'' 	-e '\''s|__xservername__|Xorg|g'\'' 	-e '\''s|__xconfigfile__|xorg.conf|g'\'' 	-e '\''s|__projectroot__|$(prefix)|g'\'' 	-e '\''s|__apploaddir__|$(appdefaultdir)|g'\'' 	-e '\''s|__appmansuffix__|$(APP_MAN_SUFFIX)|g'\'' 	-e '\''s|__drivermansuffix__|$(DRIVER_MAN_SUFFIX)|g'\'' 	-e '\''s|__adminmansuffix__|$(ADMIN_MAN_SUFFIX)|g'\'' 	-e '\''s|__libmansuffix__|$(LIB_MAN_SUFFIX)|g'\'' 	-e '\''s|__miscmansuffix__|$(MISC_MAN_SUFFIX)|g'\'' 	-e '\''s|__filemansuffix__|$(FILE_MAN_SUFFIX)|g'\'''
MISC_MAN_DIR='$(mandir)/man$(MISC_MAN_SUFFIX)'
MISC_MAN_SUFFIX='7'
MKDIR_P='/usr/bin/mkdir -p'
NM='/usr/bin/nm -B'
NMEDIT=''
OBJDUMP='objdump'
OBJEXT='o'
OTOOL64=''
OTOOL=''
PACKAGE='xcb-util-wm'
PACKAGE_BUGREPORT='https://gitlab.freedesktop.org/xorg/lib/libxcb-wm/-/issues'
PACKAGE_NAME='xcb-util-wm'
PACKAGE_STRING='xcb-util-wm 0.4.2'
PACKAGE_TARNAME='xcb-util-wm'
PACKAGE_URL=''
PACKAGE_VERSION='0.4.2'
PATH_SEPARATOR=':'
PKG_CONFIG='/usr/bin/pkg-config'
PKG_CONFIG_LIBDIR=''
PKG_CONFIG_PATH='/storage/rlinux/rootfs/lib/pkgconfig:/storage/rlinux/rootfs/share/pkgconfig'
RANLIB='ranlib'
SED='/usr/bin/sed'
SET_MAKE=''
SHELL='/bin/sh'
STRICT_CFLAGS=' -pedantic -Werror -Werror=attributes'
STRIP='strip'
VERSION='0.4.2'
XCB_CFLAGS='-I/storage/rlinux/rootfs/include'
XCB_LIBS='-L/storage/rlinux/rootfs/lib -lxcb'
XORG_MAN_PAGE='X Version 11'
ac_ct_AR='ar'
ac_ct_CC='gcc'
ac_ct_DUMPBIN=''
am__EXEEXT_FALSE=''
am__EXEEXT_TRUE='#'
am__fastdepCC_FALSE='#'
am__fastdepCC_TRUE=''
am__include='include'
am__isrc=''
am__leading_dot='.'
am__nodep='_no'
am__quote=''
am__tar='$${TAR-tar} chof - "$$tardir"'
am__untar='$${TAR-tar} xf -'
bindir='${exec_prefix}/bin'
build='x86_64-pc-linux-gnu'
build_alias=''
build_cpu='x86_64'
build_os='linux-gnu'
build_vendor='pc'
datadir='${datarootdir}'
datarootdir='${prefix}/share'
docdir='${datarootdir}/doc/${PACKAGE_TARNAME}'
dvidir='${docdir}'
exec_prefix='${prefix}'
host='x86_64-pc-linux-gnu'
host_alias=''
host_cpu='x86_64'
host_os='linux-gnu'
host_vendor='pc'
htmldir='${docdir}'
includedir='${prefix}/include'
infodir='${datarootdir}/info'
install_sh='${SHELL} /storage/rlinux/sources/xcb-util-wm-0.4.2/install-sh'
libdir='${exec_prefix}/lib'
libexecdir='${exec_prefix}/libexec'
localedir='${datarootdir}/locale'
localstatedir='${prefix}/var'
mandir='${datarootdir}/man'
mkdir_p='$(MKDIR_P)'
oldincludedir='/usr/include'
pdfdir='${docdir}'
pkgconfigdir='${libdir}/pkgconfig'
prefix='/storage/rlinux/rootfs'
program_transform_name='s,x,x,'
psdir='${docdir}'
runstatedir='${localstatedir}/run'
sbindir='${exec_prefix}/sbin'
sharedstatedir='${prefix}/com'
sysconfdir='${prefix}/etc'
target_alias=''
xcbincludedir='${includedir}/xcb'

## ----------- ##
## confdefs.h. ##
## ----------- ##

/* confdefs.h */
#define PACKAGE_NAME "xcb-util-wm"
#define PACKAGE_TARNAME "xcb-util-wm"
#define PACKAGE_VERSION "0.4.2"
#define PACKAGE_STRING "xcb-util-wm 0.4.2"
#define PACKAGE_BUGREPORT "https://gitlab.freedesktop.org/xorg/lib/libxcb-wm/-/issues"
#define PACKAGE_URL ""
#define PACKAGE "xcb-util-wm"
#define VERSION "0.4.2"
#define HAVE_STDIO_H 1
#define HAVE_STDLIB_H 1
#define HAVE_STRING_H 1
#define HAVE_INTTYPES_H 1
#define HAVE_STDINT_H 1
#define HAVE_STRINGS_H 1
#define HAVE_SYS_STAT_H 1
#define HAVE_SYS_TYPES_H 1
#define HAVE_UNISTD_H 1
#define STDC_HEADERS 1
#define HAVE_DLFCN_H 1
#define LT_OBJDIR ".libs/"
#define PACKAGE_VERSION_MAJOR 0
#define PACKAGE_VERSION_MINOR 4
#define PACKAGE_VERSION_PATCHLEVEL 2

configure: exit 0
