This file contains any messages produced by compilers while
running configure, to aid debugging if configure makes a mistake.

It was created by xcb-util configure 0.4.1, which was
generated by GNU Autoconf 2.71.  Invocation command line was

  $ ./configure --prefix=/storage/rlinux/rootfs --enable-static

## --------- ##
## Platform. ##
## --------- ##

hostname = archlinux
uname -m = x86_64
uname -r = 6.18.7-arch1-1
uname -s = Linux
uname -v = #1 SMP PREEMPT_DYNAMIC Sat, 24 Jan 2026 00:47:39 +0000

/usr/bin/uname -p = unknown
/bin/uname -X     = unknown

/bin/arch              = unknown
/usr/bin/arch -k       = unknown
/usr/convex/getsysinfo = unknown
/usr/bin/hostinfo      = unknown
/bin/machine           = unknown
/usr/bin/oslevel       = unknown
/bin/universe          = unknown

PATH: /usr/local/sbin/
PATH: /usr/local/bin/
PATH: /usr/bin/
PATH: /var/lib/flatpak/exports/bin/
PATH: /usr/bin/site_perl/
PATH: /usr/bin/vendor_perl/
PATH: /usr/bin/core_perl/


## ----------- ##
## Core tests. ##
## ----------- ##

configure:2475: looking for aux files: compile config.guess config.sub ltmain.sh missing install-sh
configure:2488:  trying ./
configure:2517:   ./compile found
configure:2517:   ./config.guess found
configure:2517:   ./config.sub found
configure:2517:   ./ltmain.sh found
configure:2517:   ./missing found
configure:2499:   ./install-sh found
configure:2650: checking for a BSD-compatible install
configure:2723: result: /usr/bin/install -c
configure:2734: checking whether build environment is sane
configure:2789: result: yes
configure:2948: checking for a race-free mkdir -p
configure:2992: result: /usr/bin/mkdir -p
configure:2999: checking for gawk
configure:3020: found /usr/bin/gawk
configure:3031: result: gawk
configure:3042: checking whether make sets $(MAKE)
configure:3065: result: yes
configure:3095: checking whether make supports nested variables
configure:3113: result: yes
configure:3282: checking build system type
configure:3297: result: x86_64-pc-linux-gnu
configure:3317: checking host system type
configure:3331: result: x86_64-pc-linux-gnu
configure:3372: checking how to print strings
configure:3399: result: printf
configure:3433: checking whether make supports the include directive
configure:3448: make -f confmf.GNU && cat confinc.out
this is the am__doit target
configure:3451: $? = 0
configure:3470: result: yes (GNU style)
configure:3546: checking for gcc
configure:3567: found /usr/bin/gcc
configure:3578: result: gcc
configure:3931: checking for C compiler version
configure:3940: gcc --version >&5
gcc (GCC) 15.2.1 20260103
Copyright (C) 2025 Free Software Foundation, Inc.
This is free software; see the source for copying conditions.  There is NO
warranty; not even for MERCHANTABILITY or FITNESS FOR A PARTICULAR PURPOSE.

configure:3951: $? = 0
configure:3940: gcc -v >&5
Using built-in specs.
COLLECT_GCC=gcc
COLLECT_LTO_WRAPPER=/usr/lib/gcc/x86_64-pc-linux-gnu/15.2.1/lto-wrapper
Target: x86_64-pc-linux-gnu
Configured with: /build/gcc/src/gcc/configure --enable-languages=ada,c,c++,d,fortran,go,lto,m2,objc,obj-c++,rust,cobol --enable-bootstrap --prefix=/usr --libdir=/usr/lib --libexecdir=/usr/lib --mandir=/usr/share/man --infodir=/usr/share/info --with-bugurl=https://gitlab.archlinux.org/archlinux/packaging/packages/gcc/-/issues --with-build-config=bootstrap-lto --with-linker-hash-style=gnu --with-system-zlib --enable-__cxa_atexit --enable-cet=auto --enable-checking=release --enable-clocale=gnu --enable-default-pie --enable-default-ssp --enable-gnu-indirect-function --enable-gnu-unique-object --enable-libstdcxx-backtrace --enable-link-serialization=1 --enable-linker-build-id --enable-lto --enable-multilib --enable-plugin --enable-shared --enable-threads=posix --disable-libssp --disable-libstdcxx-pch --disable-werror
Thread model: posix
Supported LTO compression algorithms: zlib zstd
gcc version 15.2.1 20260103 (GCC) 
configure:3951: $? = 0
configure:3940: gcc -V >&5
gcc: error: unrecognized command-line option '-V'
gcc: fatal error: no input files
compilation terminated.
configure:3951: $? = 1
configure:3940: gcc -qversion >&5
gcc: error: unrecognized command-line option '-qversion'; did you mean '--version'?
gcc: fatal error: no input files
compilation terminated.
configure:3951: $? = 1
configure:3940: gcc -version >&5
gcc: error: unrecognized command-line option '-version'
gcc: fatal error: no input files
compilation terminated.
configure:3951: $? = 1
configure:3971: checking whether the C compiler works
configure:3993: gcc    conftest.c  >&5
configure:3997: $? = 0
configure:4047: result: yes
configure:4050: checking for C compiler default output file name
configure:4052: result: a.out
configure:4058: checking for suffix of executables
configure:4065: gcc -o conftest    conftest.c  >&5
configure:4069: $? = 0
configure:4092: result: 
configure:4114: checking whether we are cross compiling
configure:4122: gcc -o conftest    conftest.c  >&5
configure:4126: $? = 0
configure:4133: ./conftest
configure:4137: $? = 0
configure:4152: result: no
configure:4157: checking for suffix of object files
configure:4180: gcc -c   conftest.c >&5
configure:4184: $? = 0
configure:4206: result: o
configure:4210: checking whether the compiler supports GNU C
configure:4230: gcc -c   conftest.c >&5
configure:4230: $? = 0
configure:4240: result: yes
configure:4251: checking whether gcc accepts -g
configure:4272: gcc -c -g  conftest.c >&5
configure:4272: $? = 0
configure:4316: result: yes
configure:4336: checking for gcc option to enable C11 features
configure:4351: gcc  -c -g -O2  conftest.c >&5
conftest.c: In function 'e':
conftest.c:25:14: warning: old-style function definition [-Wold-style-definition]
   25 | static char *e (p, i)
      |              ^
configure:4351: $? = 0
configure:4369: result: none needed
configure:4485: checking whether gcc understands -c and -o together
configure:4508: gcc -c conftest.c -o conftest2.o
configure:4511: $? = 0
configure:4508: gcc -c conftest.c -o conftest2.o
configure:4511: $? = 0
configure:4523: result: yes
configure:4542: checking dependency style of gcc
configure:4654: result: gcc3
configure:4669: checking for a sed that does not truncate output
configure:4739: result: /usr/bin/sed
configure:4757: checking for grep that handles long lines and -e
configure:4821: result: /usr/bin/grep
configure:4826: checking for egrep
configure:4894: result: /usr/bin/grep -E
configure:4899: checking for fgrep
configure:4967: result: /usr/bin/grep -F
configure:5003: checking for ld used by gcc
configure:5071: result: /usr/bin/ld
configure:5078: checking if the linker (/usr/bin/ld) is GNU ld
configure:5094: result: yes
configure:5106: checking for BSD- or MS-compatible name lister (nm)
configure:5161: result: /usr/bin/nm -B
configure:5301: checking the name lister (/usr/bin/nm -B) interface
configure:5309: gcc -c -g -O2  conftest.c >&5
configure:5312: /usr/bin/nm -B "conftest.o"
configure:5315: output
0000000000000000 B some_variable
configure:5322: result: BSD nm
configure:5325: checking whether ln -s works
configure:5329: result: yes
configure:5337: checking the maximum length of command line arguments
configure:5469: result: 1572864
configure:5517: checking how to convert x86_64-pc-linux-gnu file names to x86_64-pc-linux-gnu format
configure:5558: result: func_convert_file_noop
configure:5565: checking how to convert x86_64-pc-linux-gnu file names to toolchain format
configure:5586: result: func_convert_file_noop
configure:5593: checking for /usr/bin/ld option to reload object files
configure:5601: result: -r
configure:5680: checking for file
configure:5701: found /usr/bin/file
configure:5712: result: file
configure:5788: checking for objdump
configure:5809: found /usr/bin/objdump
configure:5820: result: objdump
configure:5852: checking how to recognize dependent libraries
configure:6053: result: pass_all
configure:6143: checking for dlltool
configure:6178: result: no
configure:6208: checking how to associate runtime and link libraries
configure:6236: result: printf %s\n
configure:6302: checking for ar
configure:6323: found /usr/bin/ar
configure:6334: result: ar
configure:6387: checking for archiver @FILE support
configure:6405: gcc -c -g -O2  conftest.c >&5
configure:6405: $? = 0
configure:6409: ar cr libconftest.a @conftest.lst >&5
configure:6412: $? = 0
configure:6417: ar cr libconftest.a @conftest.lst >&5
ar: conftest.o: No such file or directory
configure:6420: $? = 1
configure:6432: result: @
configure:6495: checking for strip
configure:6516: found /usr/bin/strip
configure:6527: result: strip
configure:6604: checking for ranlib
configure:6625: found /usr/bin/ranlib
configure:6636: result: ranlib
configure:6738: checking command to parse /usr/bin/nm -B output from gcc object
configure:6892: gcc -c -g -O2  conftest.c >&5
configure:6895: $? = 0
configure:6899: /usr/bin/nm -B conftest.o \| /usr/bin/sed -n -e 's/^.*[ ]\([ABCDGIRSTW][ABCDGIRSTW]*\)[ ][ ]*\([_A-Za-z][_A-Za-z0-9]*\)$/\1 \2 \2/p' | /usr/bin/sed '/ __gnu_lto/d' \> conftest.nm
configure:6902: $? = 0
configure:6968: gcc -o conftest -g -O2   conftest.c conftstm.o >&5
configure:6971: $? = 0
configure:7009: result: ok
configure:7056: checking for sysroot
configure:7087: result: no
configure:7094: checking for a working dd
configure:7138: result: /usr/bin/dd
configure:7142: checking how to truncate binary pipes
configure:7158: result: /usr/bin/dd bs=4096 count=1
configure:7295: gcc -c -g -O2  conftest.c >&5
configure:7298: $? = 0
configure:7495: checking for mt
configure:7530: result: no
configure:7550: checking if : is a manifest tool
configure:7557: : '-?'
configure:7565: result: no
configure:8290: checking for stdio.h
configure:8290: gcc -c -g -O2  conftest.c >&5
configure:8290: $? = 0
configure:8290: result: yes
configure:8290: checking for stdlib.h
configure:8290: gcc -c -g -O2  conftest.c >&5
configure:8290: $? = 0
configure:8290: result: yes
configure:8290: checking for string.h
configure:8290: gcc -c -g -O2  conftest.c >&5
configure:8290: $? = 0
configure:8290: result: yes
configure:8290: checking for inttypes.h
configure:8290: gcc -c -g -O2  conftest.c >&5
configure:8290: $? = 0
configure:8290: result: yes
configure:8290: checking for stdint.h
configure:8290: gcc -c -g -O2  conftest.c >&5
configure:8290: $? = 0
configure:8290: result: yes
configure:8290: checking for strings.h
configure:8290: gcc -c -g -O2  conftest.c >&5
configure:8290: $? = 0
configure:8290: result: yes
configure:8290: checking for sys/stat.h
configure:8290: gcc -c -g -O2  conftest.c >&5
configure:8290: $? = 0
configure:8290: result: yes
configure:8290: checking for sys/types.h
configure:8290: gcc -c -g -O2  conftest.c >&5
configure:8290: $? = 0
configure:8290: result: yes
configure:8290: checking for unistd.h
configure:8290: gcc -c -g -O2  conftest.c >&5
configure:8290: $? = 0
configure:8290: result: yes
configure:8315: checking for dlfcn.h
configure:8315: gcc -c -g -O2  conftest.c >&5
configure:8315: $? = 0
configure:8315: result: yes
configure:8574: checking for objdir
configure:8590: result: .libs
configure:8854: checking if gcc supports -fno-rtti -fno-exceptions
configure:8873: gcc -c -g -O2  -fno-rtti -fno-exceptions conftest.c >&5
cc1: warning: command-line option '-fno-rtti' is valid for C++/D/ObjC++ but not for C
configure:8877: $? = 0
configure:8890: result: no
configure:9248: checking for gcc option to produce PIC
configure:9256: result: -fPIC -DPIC
configure:9264: checking if gcc PIC flag -fPIC -DPIC works
configure:9283: gcc -c -g -O2  -fPIC -DPIC -DPIC conftest.c >&5
configure:9287: $? = 0
configure:9300: result: yes
configure:9329: checking if gcc static flag -static works
configure:9358: result: yes
configure:9373: checking if gcc supports -c -o file.o
configure:9395: gcc -c -g -O2  -o out/conftest2.o conftest.c >&5
configure:9399: $? = 0
configure:9421: result: yes
configure:9429: checking if gcc supports -c -o file.o
configure:9477: result: yes
configure:9510: checking whether the gcc linker (/usr/bin/ld -m elf_x86_64) supports shared libraries
configure:10778: result: yes
configure:10815: checking whether -lc should be explicitly linked in
configure:10824: gcc -c -g -O2  conftest.c >&5
configure:10827: $? = 0
configure:10842: gcc -shared  -fPIC -DPIC conftest.o  -v -Wl,-soname -Wl,conftest -o conftest 2\>\&1 \| /usr/bin/grep  -lc  \>/dev/null 2\>\&1
configure:10845: $? = 0
configure:10859: result: no
configure:11019: checking dynamic linker characteristics
configure:11601: gcc -o conftest -g -O2   -Wl,-rpath -Wl,/foo conftest.c  >&5
configure:11601: $? = 0
configure:11840: result: GNU/Linux ld.so
configure:11962: checking how to hardcode library paths into programs
configure:11987: result: immediate
configure:12539: checking whether stripping libraries is possible
configure:12548: result: yes
configure:12590: checking if libtool supports shared libraries
configure:12592: result: yes
configure:12595: checking whether to build shared libraries
configure:12620: result: yes
configure:12623: checking whether to build static libraries
configure:12627: result: yes
configure:12723: checking for pkg-config
configure:12746: found /usr/bin/pkg-config
configure:12758: result: /usr/bin/pkg-config
configure:12783: checking pkg-config is at least version 0.9.0
configure:12786: result: yes
configure:12795: checking for gcc options needed to detect all undeclared functions
configure:12817: gcc -c -g -O2   conftest.c >&5
conftest.c: In function 'main':
conftest.c:27:8: error: 'strchr' undeclared (first use in this function)
   27 | (void) strchr;
      |        ^~~~~~
conftest.c:1:1: note: 'strchr' is defined in header '<string.h>'; this is probably fixable by adding '#include <string.h>'
    1 | /* confdefs.h */
conftest.c:27:8: note: each undeclared identifier is reported only once for each function it appears in
   27 | (void) strchr;
      |        ^~~~~~
configure:12817: $? = 1
configure: failed program was:
| /* confdefs.h */
| #define PACKAGE_NAME "xcb-util"
| #define PACKAGE_TARNAME "xcb-util"
| #define PACKAGE_VERSION "0.4.1"
| #define PACKAGE_STRING "xcb-util 0.4.1"
| #define PACKAGE_BUGREPORT "https://gitlab.freedesktop.org/xorg/lib/libxcb-util/-/issues"
| #define PACKAGE_URL ""
| #define PACKAGE "xcb-util"
| #define VERSION "0.4.1"
| #define HAVE_STDIO_H 1
| #define HAVE_STDLIB_H 1
| #define HAVE_STRING_H 1
| #define HAVE_INTTYPES_H 1
| #define HAVE_STDINT_H 1
| #define HAVE_STRINGS_H 1
| #define HAVE_SYS_STAT_H 1
| #define HAVE_SYS_TYPES_H 1
| #define HAVE_UNISTD_H 1
| #define STDC_HEADERS 1
| #define HAVE_DLFCN_H 1
| #define LT_OBJDIR ".libs/"
| /* end confdefs.h.  */
| 
| int
| main (void)
| {
| (void) strchr;
|   ;
|   return 0;
| }
configure:12844: gcc -c -g -O2   conftest.c >&5
configure:12844: $? = 0
configure:12861: result: none needed
configure:12879: checking whether __clang__ is declared
configure:12879: gcc -c -g -O2   conftest.c >&5
conftest.c: In function 'main':
conftest.c:58:10: error: '__clang__' undeclared (first use in this function)
   58 |   (void) __clang__;
      |          ^~~~~~~~~
conftest.c:58:10: note: each undeclared identifier is reported only once for each function it appears in
configure:12879: $? = 1
configure: failed program was:
| /* confdefs.h */
| #define PACKAGE_NAME "xcb-util"
| #define PACKAGE_TARNAME "xcb-util"
| #define PACKAGE_VERSION "0.4.1"
| #define PACKAGE_STRING "xcb-util 0.4.1"
| #define PACKAGE_BUGREPORT "https://gitlab.freedesktop.org/xorg/lib/libxcb-util/-/issues"
| #define PACKAGE_URL ""
| #define PACKAGE "xcb-util"
| #define VERSION "0.4.1"
| #define HAVE_STDIO_H 1
| #define HAVE_STDLIB_H 1
| #define HAVE_STRING_H 1
| #define HAVE_INTTYPES_H 1
| #define HAVE_STDINT_H 1
| #define HAVE_STRINGS_H 1
| #define HAVE_SYS_STAT_H 1
| #define HAVE_SYS_TYPES_H 1
| #define HAVE_UNISTD_H 1
| #define STDC_HEADERS 1
| #define HAVE_DLFCN_H 1
| #define LT_OBJDIR ".libs/"
| /* end confdefs.h.  */
| #include <stddef.h>
| #ifdef HAVE_STDIO_H
| # include <stdio.h>
| #endif
| #ifdef HAVE_STDLIB_H
| # include <stdlib.h>
| #endif
| #ifdef HAVE_STRING_H
| # include <string.h>
| #endif
| #ifdef HAVE_INTTYPES_H
| # include <inttypes.h>
| #endif
| #ifdef HAVE_STDINT_H
| # include <stdint.h>
| #endif
| #ifdef HAVE_STRINGS_H
| # include <strings.h>
| #endif
| #ifdef HAVE_SYS_TYPES_H
| # include <sys/types.h>
| #endif
| #ifdef HAVE_SYS_STAT_H
| # include <sys/stat.h>
| #endif
| #ifdef HAVE_UNISTD_H
| # include <unistd.h>
| #endif
| int
| main (void)
| {
| #ifndef __clang__
| #ifdef __cplusplus
|   (void) __clang__;
| #else
|   (void) __clang__;
| #endif
| #endif
| 
|   ;
|   return 0;
| }
configure:12879: result: no
configure:12886: checking whether __INTEL_COMPILER is declared
configure:12886: gcc -c -g -O2   conftest.c >&5
conftest.c: In function 'main':
conftest.c:58:10: error: '__INTEL_COMPILER' undeclared (first use in this function)
   58 |   (void) __INTEL_COMPILER;
      |          ^~~~~~~~~~~~~~~~
conftest.c:58:10: note: each undeclared identifier is reported only once for each function it appears in
configure:12886: $? = 1
configure: failed program was:
| /* confdefs.h */
| #define PACKAGE_NAME "xcb-util"
| #define PACKAGE_TARNAME "xcb-util"
| #define PACKAGE_VERSION "0.4.1"
| #define PACKAGE_STRING "xcb-util 0.4.1"
| #define PACKAGE_BUGREPORT "https://gitlab.freedesktop.org/xorg/lib/libxcb-util/-/issues"
| #define PACKAGE_URL ""
| #define PACKAGE "xcb-util"
| #define VERSION "0.4.1"
| #define HAVE_STDIO_H 1
| #define HAVE_STDLIB_H 1
| #define HAVE_STRING_H 1
| #define HAVE_INTTYPES_H 1
| #define HAVE_STDINT_H 1
| #define HAVE_STRINGS_H 1
| #define HAVE_SYS_STAT_H 1
| #define HAVE_SYS_TYPES_H 1
| #define HAVE_UNISTD_H 1
| #define STDC_HEADERS 1
| #define HAVE_DLFCN_H 1
| #define LT_OBJDIR ".libs/"
| /* end confdefs.h.  */
| #include <stddef.h>
| #ifdef HAVE_STDIO_H
| # include <stdio.h>
| #endif
| #ifdef HAVE_STDLIB_H
| # include <stdlib.h>
| #endif
| #ifdef HAVE_STRING_H
| # include <string.h>
| #endif
| #ifdef HAVE_INTTYPES_H
| # include <inttypes.h>
| #endif
| #ifdef HAVE_STDINT_H
| # include <stdint.h>
| #endif
| #ifdef HAVE_STRINGS_H
| # include <strings.h>
| #endif
| #ifdef HAVE_SYS_TYPES_H
| # include <sys/types.h>
| #endif
| #ifdef HAVE_SYS_STAT_H
| # include <sys/stat.h>
| #endif
| #ifdef HAVE_UNISTD_H
| # include <unistd.h>
| #endif
| int
| main (void)
| {
| #ifndef __INTEL_COMPILER
| #ifdef __cplusplus
|   (void) __INTEL_COMPILER;
| #else
|   (void) __INTEL_COMPILER;
| #endif
| #endif
| 
|   ;
|   return 0;
| }
configure:12886: result: no
configure:12893: checking whether __SUNPRO_C is declared
configure:12893: gcc -c -g -O2   conftest.c >&5
conftest.c: In function 'main':
conftest.c:58:10: error: '__SUNPRO_C' undeclared (first use in this function)
   58 |   (void) __SUNPRO_C;
      |          ^~~~~~~~~~
conftest.c:58:10: note: each undeclared identifier is reported only once for each function it appears in
configure:12893: $? = 1
configure: failed program was:
| /* confdefs.h */
| #define PACKAGE_NAME "xcb-util"
| #define PACKAGE_TARNAME "xcb-util"
| #define PACKAGE_VERSION "0.4.1"
| #define PACKAGE_STRING "xcb-util 0.4.1"
| #define PACKAGE_BUGREPORT "https://gitlab.freedesktop.org/xorg/lib/libxcb-util/-/issues"
| #define PACKAGE_URL ""
| #define PACKAGE "xcb-util"
| #define VERSION "0.4.1"
| #define HAVE_STDIO_H 1
| #define HAVE_STDLIB_H 1
| #define HAVE_STRING_H 1
| #define HAVE_INTTYPES_H 1
| #define HAVE_STDINT_H 1
| #define HAVE_STRINGS_H 1
| #define HAVE_SYS_STAT_H 1
| #define HAVE_SYS_TYPES_H 1
| #define HAVE_UNISTD_H 1
| #define STDC_HEADERS 1
| #define HAVE_DLFCN_H 1
| #define LT_OBJDIR ".libs/"
| /* end confdefs.h.  */
| #include <stddef.h>
| #ifdef HAVE_STDIO_H
| # include <stdio.h>
| #endif
| #ifdef HAVE_STDLIB_H
| # include <stdlib.h>
| #endif
| #ifdef HAVE_STRING_H
| # include <string.h>
| #endif
| #ifdef HAVE_INTTYPES_H
| # include <inttypes.h>
| #endif
| #ifdef HAVE_STDINT_H
| # include <stdint.h>
| #endif
| #ifdef HAVE_STRINGS_H
| # include <strings.h>
| #endif
| #ifdef HAVE_SYS_TYPES_H
| # include <sys/types.h>
| #endif
| #ifdef HAVE_SYS_STAT_H
| # include <sys/stat.h>
| #endif
| #ifdef HAVE_UNISTD_H
| # include <unistd.h>
| #endif
| int
| main (void)
| {
| #ifndef __SUNPRO_C
| #ifdef __cplusplus
|   (void) __SUNPRO_C;
| #else
|   (void) __SUNPRO_C;
| #endif
| #endif
| 
|   ;
|   return 0;
| }
configure:12893: result: no
configure:12915: checking for XCB
configure:12922: $PKG_CONFIG --exists --print-errors "xcb >= 1.4"
configure:12925: $? = 0
configure:12939: $PKG_CONFIG --exists --print-errors "xcb >= 1.4"
configure:12942: $? = 0
configure:13000: result: yes
configure:13008: checking whether libxcb was compiled against xcb-proto >= 1.6
configure:13016: checking for gawk
configure:13048: result: gawk
configure:13093: result: yes
configure:13155: checking if gcc supports -Werror=unknown-warning-option
configure:13165: gcc -c -g -O2 -Werror=unknown-warning-option  conftest.c >&5
cc1: error: '-Werror=unknown-warning-option': no option '-Wunknown-warning-option'
configure:13165: $? = 1
configure: failed program was:
| /* confdefs.h */
| #define PACKAGE_NAME "xcb-util"
| #define PACKAGE_TARNAME "xcb-util"
| #define PACKAGE_VERSION "0.4.1"
| #define PACKAGE_STRING "xcb-util 0.4.1"
| #define PACKAGE_BUGREPORT "https://gitlab.freedesktop.org/xorg/lib/libxcb-util/-/issues"
| #define PACKAGE_URL ""
| #define PACKAGE "xcb-util"
| #define VERSION "0.4.1"
| #define HAVE_STDIO_H 1
| #define HAVE_STDLIB_H 1
| #define HAVE_STRING_H 1
| #define HAVE_INTTYPES_H 1
| #define HAVE_STDINT_H 1
| #define HAVE_STRINGS_H 1
| #define HAVE_SYS_STAT_H 1
| #define HAVE_SYS_TYPES_H 1
| #define HAVE_UNISTD_H 1
| #define STDC_HEADERS 1
| #define HAVE_DLFCN_H 1
| #define LT_OBJDIR ".libs/"
| /* end confdefs.h.  */
| int i;
configure:13173: result: no
configure:13184: checking if gcc supports -Werror=unused-command-line-argument
configure:13194: gcc -c -g -O2 -Werror=unused-command-line-argument  conftest.c >&5
cc1: error: '-Werror=unused-command-line-argument': no option '-Wunused-command-line-argument'; did you mean '-Wunused-dummy-argument'?
configure:13194: $? = 1
configure: failed program was:
| /* confdefs.h */
| #define PACKAGE_NAME "xcb-util"
| #define PACKAGE_TARNAME "xcb-util"
| #define PACKAGE_VERSION "0.4.1"
| #define PACKAGE_STRING "xcb-util 0.4.1"
| #define PACKAGE_BUGREPORT "https://gitlab.freedesktop.org/xorg/lib/libxcb-util/-/issues"
| #define PACKAGE_URL ""
| #define PACKAGE "xcb-util"
| #define VERSION "0.4.1"
| #define HAVE_STDIO_H 1
| #define HAVE_STDLIB_H 1
| #define HAVE_STRING_H 1
| #define HAVE_INTTYPES_H 1
| #define HAVE_STDINT_H 1
| #define HAVE_STRINGS_H 1
| #define HAVE_SYS_STAT_H 1
| #define HAVE_SYS_TYPES_H 1
| #define HAVE_UNISTD_H 1
| #define STDC_HEADERS 1
| #define HAVE_DLFCN_H 1
| #define LT_OBJDIR ".libs/"
| /* end confdefs.h.  */
| int i;
configure:13202: result: no
configure:13221: checking if gcc supports -Wall
configure:13239: gcc -o conftest -g -O2 -Wall   conftest.c  >&5
configure:13239: $? = 0
configure:13253: result: yes
configure:13345: checking if gcc supports -Wpointer-arith
configure:13363: gcc -o conftest -g -O2 -Wpointer-arith   conftest.c  >&5
configure:13363: $? = 0
configure:13377: result: yes
configure:13469: checking if gcc supports -Wmissing-declarations
configure:13487: gcc -o conftest -g -O2 -Wmissing-declarations   conftest.c  >&5
configure:13487: $? = 0
configure:13501: result: yes
configure:13593: checking if gcc supports -Wformat=2
configure:13611: gcc -o conftest -g -O2 -Wformat=2   conftest.c  >&5
configure:13611: $? = 0
configure:13625: result: yes
configure:13770: checking if gcc supports -Wstrict-prototypes
configure:13788: gcc -o conftest -g -O2 -Wstrict-prototypes   conftest.c  >&5
configure:13788: $? = 0
configure:13802: result: yes
configure:13894: checking if gcc supports -Wmissing-prototypes
configure:13912: gcc -o conftest -g -O2 -Wmissing-prototypes   conftest.c  >&5
configure:13912: $? = 0
configure:13926: result: yes
configure:14018: checking if gcc supports -Wnested-externs
configure:14036: gcc -o conftest -g -O2 -Wnested-externs   conftest.c  >&5
configure:14036: $? = 0
configure:14050: result: yes
configure:14142: checking if gcc supports -Wbad-function-cast
configure:14160: gcc -o conftest -g -O2 -Wbad-function-cast   conftest.c  >&5
configure:14160: $? = 0
configure:14174: result: yes
configure:14266: checking if gcc supports -Wold-style-definition
configure:14284: gcc -o conftest -g -O2 -Wold-style-definition   conftest.c  >&5
configure:14284: $? = 0
configure:14298: result: yes
configure:14441: checking if gcc supports -Wdeclaration-after-statement
configure:14459: gcc -o conftest -g -O2 -Wdeclaration-after-statement   conftest.c  >&5
configure:14459: $? = 0
configure:14473: result: yes
configure:14569: checking if gcc supports -Wunused
configure:14587: gcc -o conftest -g -O2 -Wunused   conftest.c  >&5
configure:14587: $? = 0
configure:14601: result: yes
configure:14693: checking if gcc supports -Wuninitialized
configure:14711: gcc -o conftest -g -O2 -Wuninitialized   conftest.c  >&5
configure:14711: $? = 0
configure:14725: result: yes
configure:14817: checking if gcc supports -Wshadow
configure:14835: gcc -o conftest -g -O2 -Wshadow   conftest.c  >&5
configure:14835: $? = 0
configure:14849: result: yes
configure:14941: checking if gcc supports -Wmissing-noreturn
configure:14959: gcc -o conftest -g -O2 -Wmissing-noreturn   conftest.c  >&5
configure:14959: $? = 0
configure:14973: result: yes
configure:15065: checking if gcc supports -Wmissing-format-attribute
configure:15083: gcc -o conftest -g -O2 -Wmissing-format-attribute   conftest.c  >&5
configure:15083: $? = 0
configure:15097: result: yes
configure:15189: checking if gcc supports -Wredundant-decls
configure:15207: gcc -o conftest -g -O2 -Wredundant-decls   conftest.c  >&5
configure:15207: $? = 0
configure:15221: result: yes
configure:15313: checking if gcc supports -Wlogical-op
configure:15331: gcc -o conftest -g -O2 -Wlogical-op   conftest.c  >&5
configure:15331: $? = 0
configure:15345: result: yes
configure:15449: checking if gcc supports -Werror=implicit
configure:15467: gcc -o conftest -g -O2 -Werror=implicit   conftest.c  >&5
configure:15467: $? = 0
configure:15481: result: yes
configure:15624: checking if gcc supports -Werror=nonnull
configure:15642: gcc -o conftest -g -O2 -Werror=nonnull   conftest.c  >&5
configure:15642: $? = 0
configure:15656: result: yes
configure:15748: checking if gcc supports -Werror=init-self
configure:15766: gcc -o conftest -g -O2 -Werror=init-self   conftest.c  >&5
configure:15766: $? = 0
configure:15780: result: yes
configure:15872: checking if gcc supports -Werror=main
configure:15890: gcc -o conftest -g -O2 -Werror=main   conftest.c  >&5
configure:15890: $? = 0
configure:15904: result: yes
configure:15996: checking if gcc supports -Werror=missing-braces
configure:16014: gcc -o conftest -g -O2 -Werror=missing-braces   conftest.c  >&5
configure:16014: $? = 0
configure:16028: result: yes
configure:16120: checking if gcc supports -Werror=sequence-point
configure:16138: gcc -o conftest -g -O2 -Werror=sequence-point   conftest.c  >&5
configure:16138: $? = 0
configure:16152: result: yes
configure:16244: checking if gcc supports -Werror=return-type
configure:16262: gcc -o conftest -g -O2 -Werror=return-type   conftest.c  >&5
configure:16262: $? = 0
configure:16276: result: yes
configure:16419: checking if gcc supports -Werror=trigraphs
configure:16437: gcc -o conftest -g -O2 -Werror=trigraphs   conftest.c  >&5
configure:16437: $? = 0
configure:16451: result: yes
configure:16543: checking if gcc supports -Werror=array-bounds
configure:16561: gcc -o conftest -g -O2 -Werror=array-bounds   conftest.c  >&5
configure:16561: $? = 0
configure:16575: result: yes
configure:16667: checking if gcc supports -Werror=write-strings
configure:16685: gcc -o conftest -g -O2 -Werror=write-strings   conftest.c  >&5
configure:16685: $? = 0
configure:16699: result: yes
configure:16791: checking if gcc supports -Werror=address
configure:16809: gcc -o conftest -g -O2 -Werror=address   conftest.c  >&5
configure:16809: $? = 0
configure:16823: result: yes
configure:16915: checking if gcc supports -Werror=int-to-pointer-cast
configure:16933: gcc -o conftest -g -O2 -Werror=int-to-pointer-cast   conftest.c  >&5
configure:16933: $? = 0
configure:16947: result: yes
configure:17090: checking if gcc supports -Werror=pointer-to-int-cast
configure:17108: gcc -o conftest -g -O2 -Werror=pointer-to-int-cast   conftest.c  >&5
configure:17108: $? = 0
configure:17122: result: yes
configure:18863: checking if gcc supports -pedantic
configure:18881: gcc -o conftest -g -O2 -pedantic   conftest.c  >&5
configure:18881: $? = 0
configure:18895: result: yes
configure:18987: checking if gcc supports -Werror
configure:19005: gcc -o conftest -g -O2 -Werror   conftest.c  >&5
configure:19005: $? = 0
configure:19019: result: yes
configure:19165: checking if gcc supports -Werror=attributes
configure:19183: gcc -o conftest -g -O2 -Werror=attributes   conftest.c  >&5
configure:19183: $? = 0
configure:19197: result: yes
configure:19388: checking whether make supports nested variables
configure:19406: result: yes
configure:19437: checking whether to build developer documentation
configure:19439: result: yes
configure:19460: checking for doxygen
configure:19498: result: no
configure:19504: WARNING: doxygen not found - documentation targets will be skipped
configure:19647: checking for vasprintf
configure:19647: gcc -o conftest -g -O2   conftest.c  >&5
configure:19647: $? = 0
configure:19647: result: yes
configure:19769: checking that generated files are newer than configure
configure:19775: result: done
configure:19810: creating ./config.status

## ---------------------- ##
## Running config.status. ##
## ---------------------- ##

This file was extended by xcb-util config.status 0.4.1, which was
generated by GNU Autoconf 2.71.  Invocation command line was

  CONFIG_FILES    = 
  CONFIG_HEADERS  = 
  CONFIG_LINKS    = 
  CONFIG_COMMANDS = 
  $ ./config.status 

on archlinux

config.status:1138: creating Makefile
config.status:1138: creating src/Makefile
config.status:1138: creating xcb-atom.pc
config.status:1138: creating xcb-aux.pc
config.status:1138: creating xcb-event.pc
config.status:1138: creating xcb-util.pc
config.status:1138: creating config.h
config.status:1367: executing depfiles commands
config.status:1442: cd src       && sed -e '/# am--include-marker/d' Makefile         | make -f - am--depfiles
config.status:1449: $? = 0
config.status:1367: executing libtool commands

## ---------------- ##
## Cache variables. ##
## ---------------- ##

ac_cv_build=x86_64-pc-linux-gnu
ac_cv_c_compiler_gnu=yes
ac_cv_c_undeclared_builtin_options='none needed'
ac_cv_env_CC_set=
ac_cv_env_CC_value=
ac_cv_env_CFLAGS_set=
ac_cv_env_CFLAGS_value=
ac_cv_env_CPPFLAGS_set=
ac_cv_env_CPPFLAGS_value=
ac_cv_env_DOT_set=
ac_cv_env_DOT_value=
ac_cv_env_DOXYGEN_set=
ac_cv_env_DOXYGEN_value=
ac_cv_env_LDFLAGS_set=
ac_cv_env_LDFLAGS_value=
ac_cv_env_LIBS_set=
ac_cv_env_LIBS_value=
ac_cv_env_LT_SYS_LIBRARY_PATH_set=
ac_cv_env_LT_SYS_LIBRARY_PATH_value=
ac_cv_env_PKG_CONFIG_LIBDIR_set=
ac_cv_env_PKG_CONFIG_LIBDIR_value=
ac_cv_env_PKG_CONFIG_PATH_set=set
ac_cv_env_PKG_CONFIG_PATH_value=/storage/rlinux/rootfs/lib/pkgconfig:/storage/rlinux/rootfs/share/pkgconfig
ac_cv_env_PKG_CONFIG_set=
ac_cv_env_PKG_CONFIG_value=
ac_cv_env_XCB_CFLAGS_set=
ac_cv_env_XCB_CFLAGS_value=
ac_cv_env_XCB_LIBS_set=
ac_cv_env_XCB_LIBS_value=
ac_cv_env_build_alias_set=
ac_cv_env_build_alias_value=
ac_cv_env_host_alias_set=
ac_cv_env_host_alias_value=
ac_cv_env_target_alias_set=
ac_cv_env_target_alias_value=
ac_cv_func_vasprintf=yes
ac_cv_have_decl___INTEL_COMPILER=no
ac_cv_have_decl___SUNPRO_C=no
ac_cv_have_decl___clang__=no
ac_cv_header_dlfcn_h=yes
ac_cv_header_inttypes_h=yes
ac_cv_header_stdint_h=yes
ac_cv_header_stdio_h=yes
ac_cv_header_stdlib_h=yes
ac_cv_header_string_h=yes
ac_cv_header_strings_h=yes
ac_cv_header_sys_stat_h=yes
ac_cv_header_sys_types_h=yes
ac_cv_header_unistd_h=yes
ac_cv_host=x86_64-pc-linux-gnu
ac_cv_objext=o
ac_cv_path_EGREP='/usr/bin/grep -E'
ac_cv_path_FGREP='/usr/bin/grep -F'
ac_cv_path_GREP=/usr/bin/grep
ac_cv_path_SED=/usr/bin/sed
ac_cv_path_ac_pt_PKG_CONFIG=/usr/bin/pkg-config
ac_cv_path_install='/usr/bin/install -c'
ac_cv_path_lt_DD=/usr/bin/dd
ac_cv_path_mkdir=/usr/bin/mkdir
ac_cv_prog_AWK=gawk
ac_cv_prog_ac_ct_AR=ar
ac_cv_prog_ac_ct_CC=gcc
ac_cv_prog_ac_ct_FILECMD=file
ac_cv_prog_ac_ct_OBJDUMP=objdump
ac_cv_prog_ac_ct_RANLIB=ranlib
ac_cv_prog_ac_ct_STRIP=strip
ac_cv_prog_cc_c11=
ac_cv_prog_cc_g=yes
ac_cv_prog_cc_stdc=
ac_cv_prog_make_make_set=yes
am_cv_CC_dependencies_compiler_type=gcc3
am_cv_make_support_nested_variables=yes
am_cv_prog_cc_c_o=yes
lt_cv_ar_at_file=@
lt_cv_archive_cmds_need_lc=no
lt_cv_deplibs_check_method=pass_all
lt_cv_file_magic_cmd='$MAGIC_CMD'
lt_cv_file_magic_test_file=
lt_cv_ld_reload_flag=-r
lt_cv_nm_interface='BSD nm'
lt_cv_objdir=.libs
lt_cv_path_LD=/usr/bin/ld
lt_cv_path_NM='/usr/bin/nm -B'
lt_cv_path_mainfest_tool=no
lt_cv_prog_compiler_c_o=yes
lt_cv_prog_compiler_pic='-fPIC -DPIC'
lt_cv_prog_compiler_pic_works=yes
lt_cv_prog_compiler_rtti_exceptions=no
lt_cv_prog_compiler_static_works=yes
lt_cv_prog_gnu_ld=yes
lt_cv_sharedlib_from_linklib_cmd='printf %s\n'
lt_cv_shlibpath_overrides_runpath=yes
lt_cv_sys_global_symbol_pipe='/usr/bin/sed -n -e '\''s/^.*[	 ]\([ABCDGIRSTW][ABCDGIRSTW]*\)[	 ][	 ]*\([_A-Za-z][_A-Za-z0-9]*\)$/\1 \2 \2/p'\'' | /usr/bin/sed '\''/ __gnu_lto/d'\'''
lt_cv_sys_global_symbol_to_c_name_address='/usr/bin/sed -n -e '\''s/^: \(.*\) .*$/  {"\1", (void *) 0},/p'\'' -e '\''s/^[ABCDGIRSTW][ABCDGIRSTW]* .* \(.*\)$/  {"\1", (void *) \&\1},/p'\'''
lt_cv_sys_global_symbol_to_c_name_address_lib_prefix='/usr/bin/sed -n -e '\''s/^: \(.*\) .*$/  {"\1", (void *) 0},/p'\'' -e '\''s/^[ABCDGIRSTW][ABCDGIRSTW]* .* \(lib.*\)$/  {"\1", (void *) \&\1},/p'\'' -e '\''s/^[ABCDGIRSTW][ABCDGIRSTW]* .* \(.*\)$/  {"lib\1", (void *) \&\1},/p'\'''
lt_cv_sys_global_symbol_to_cdecl='/usr/bin/sed -n -e '\''s/^T .* \(.*\)$/extern int \1();/p'\'' -e '\''s/^[ABCDGIRSTW][ABCDGIRSTW]* .* \(.*\)$/extern char \1;/p'\'''
lt_cv_sys_global_symbol_to_import=
lt_cv_sys_max_cmd_len=1572864
lt_cv_to_host_file_cmd=func_convert_file_noop
lt_cv_to_tool_file_cmd=func_convert_file_noop
lt_cv_truncate_bin='/usr/bin/dd bs=4096 count=1'
pkg_cv_XCB_CFLAGS=-I/storage/rlinux/rootfs/include
pkg_cv_XCB_LIBS='-L/storage/rlinux/rootfs/lib -lxcb'
xorg_cv_cc_flag__Wall=yes
xorg_cv_cc_flag__Wbad_function_cast=yes
xorg_cv_cc_flag__Wdeclaration_after_statement=yes
xorg_cv_cc_flag__Werror=yes
xorg_cv_cc_flag__Werror_address=yes
xorg_cv_cc_flag__Werror_array_bounds=yes
xorg_cv_cc_flag__Werror_attributes=yes
xorg_cv_cc_flag__Werror_implicit=yes
xorg_cv_cc_flag__Werror_init_self=yes
xorg_cv_cc_flag__Werror_int_to_pointer_cast=yes
xorg_cv_cc_flag__Werror_main=yes
xorg_cv_cc_flag__Werror_missing_braces=yes
xorg_cv_cc_flag__Werror_nonnull=yes
xorg_cv_cc_flag__Werror_pointer_to_int_cast=yes
xorg_cv_cc_flag__Werror_return_type=yes
xorg_cv_cc_flag__Werror_sequence_point=yes
xorg_cv_cc_flag__Werror_trigraphs=yes
xorg_cv_cc_flag__Werror_write_strings=yes
xorg_cv_cc_flag__Wformat_2=yes
xorg_cv_cc_flag__Wlogical_op=yes
xorg_cv_cc_flag__Wmissing_declarations=yes
xorg_cv_cc_flag__Wmissing_format_attribute=yes
xorg_cv_cc_flag__Wmissing_noreturn=yes
xorg_cv_cc_flag__Wmissing_prototypes=yes
xorg_cv_cc_flag__Wnested_externs=yes
xorg_cv_cc_flag__Wold_style_definition=yes
xorg_cv_cc_flag__Wpointer_arith=yes
xorg_cv_cc_flag__Wredundant_decls=yes
xorg_cv_cc_flag__Wshadow=yes
xorg_cv_cc_flag__Wstrict_prototypes=yes
xorg_cv_cc_flag__Wuninitialized=yes
xorg_cv_cc_flag__Wunused=yes
xorg_cv_cc_flag__pedantic=yes
xorg_cv_cc_flag_unknown_warning_option=no
xorg_cv_cc_flag_unused_command_line_argument=no

## ----------------- ##
## Output variables. ##
## ----------------- ##

ACLOCAL='${SHELL} '\''/storage/rlinux/sources/xcb-util-0.4.1/missing'\'' aclocal-1.16'
ADMIN_MAN_DIR='$(mandir)/man$(ADMIN_MAN_SUFFIX)'
ADMIN_MAN_SUFFIX='8'
AMDEPBACKSLASH='\'
AMDEP_FALSE='#'
AMDEP_TRUE=''
AMTAR='$${TAR-tar}'
AM_BACKSLASH='\'
AM_DEFAULT_V='$(AM_DEFAULT_VERBOSITY)'
AM_DEFAULT_VERBOSITY='0'
AM_V='$(V)'
APP_MAN_DIR='$(mandir)/man$(APP_MAN_SUFFIX)'
APP_MAN_SUFFIX='1'
AR='ar'
AUTOCONF='${SHELL} '\''/storage/rlinux/sources/xcb-util-0.4.1/missing'\'' autoconf'
AUTOHEADER='${SHELL} '\''/storage/rlinux/sources/xcb-util-0.4.1/missing'\'' autoheader'
AUTOMAKE='${SHELL} '\''/storage/rlinux/sources/xcb-util-0.4.1/missing'\'' automake-1.16'
AWK='gawk'
BASE_CFLAGS=' -Wall -Wpointer-arith -Wmissing-declarations -Wformat=2 -Wstrict-prototypes -Wmissing-prototypes -Wnested-externs -Wbad-function-cast -Wold-style-definition -Wdeclaration-after-statement -Wunused -Wuninitialized -Wshadow -Wmissing-noreturn -Wmissing-format-attribute -Wredundant-decls -Wlogical-op -Werror=implicit -Werror=nonnull -Werror=init-self -Werror=main -Werror=missing-braces -Werror=sequence-point -Werror=return-type -Werror=trigraphs -Werror=array-bounds -Werror=write-strings -Werror=address -Werror=int-to-pointer-cast -Werror=pointer-to-int-cast'
CC='gcc'
CCDEPMODE='depmode=gcc3'
CFLAGS='-g -O2'
CHANGELOG_CMD='((GIT_DIR=$(top_srcdir)/.git git log > $(top_srcdir)/.changelog.tmp) 2>/dev/null && mv $(top_srcdir)/.changelog.tmp $(top_srcdir)/ChangeLog) || (rm -f $(top_srcdir)/.changelog.tmp; test -e $(top_srcdir)/ChangeLog || ( touch $(top_srcdir)/ChangeLog; echo '\''git failed to create ChangeLog: installing empty ChangeLog.'\'' >&2))'
CPPFLAGS=''
CSCOPE='cscope'
CTAGS='ctags'
CWARNFLAGS=' -Wall -Wpointer-arith -Wmissing-declarations -Wformat=2 -Wstrict-prototypes -Wmissing-prototypes -Wnested-externs -Wbad-function-cast -Wold-style-definition -Wdeclaration-after-statement -Wunused -Wuninitialized -Wshadow -Wmissing-noreturn -Wmissing-format-attribute -Wredundant-decls -Wlogical-op -Werror=implicit -Werror=nonnull -Werror=init-self -Werror=main -Werror=missing-braces -Werror=sequence-point -Werror=return-type -Werror=trigraphs -Werror=array-bounds -Werror=write-strings -Werror=address -Werror=int-to-pointer-cast -Werror=pointer-to-int-cast -fno-strict-aliasing'
CYGPATH_W='echo'
DEFS='-DHAVE_CONFIG_H'
DEPDIR='.deps'
DLLTOOL='false'
DOT=''
DOXYGEN=''
DRIVER_MAN_DIR='$(mandir)/man$(DRIVER_MAN_SUFFIX)'
DRIVER_MAN_SUFFIX='4'
DSYMUTIL=''
DUMPBIN=''
ECHO_C=''
ECHO_N='-n'
ECHO_T=''
EGREP='/usr/bin/grep -E'
ENABLE_DEVEL_DOCS_FALSE='#'
ENABLE_DEVEL_DOCS_TRUE=''
ETAGS='etags'
EXEEXT=''
FGREP='/usr/bin/grep -F'
FILECMD='file'
FILE_MAN_DIR='$(mandir)/man$(FILE_MAN_SUFFIX)'
FILE_MAN_SUFFIX='5'
GREP='/usr/bin/grep'
HAVE_DOT='no'
HAVE_DOT_FALSE=''
HAVE_DOT_TRUE='#'
HAVE_DOXYGEN_FALSE=''
HAVE_DOXYGEN_TRUE='#'
INSTALL_CMD='(cp -f /INSTALL $(top_srcdir)/.INSTALL.tmp && mv $(top_srcdir)/.INSTALL.tmp $(top_srcdir)/INSTALL) || (rm -f $(top_srcdir)/.INSTALL.tmp; test -e $(top_srcdir)/INSTALL || ( touch $(top_srcdir)/INSTALL; echo '\''failed to copy INSTALL from util-macros: installing empty INSTALL.'\'' >&2))'
INSTALL_DATA='${INSTALL} -m 644'
INSTALL_PROGRAM='${INSTALL}'
INSTALL_SCRIPT='${INSTALL}'
INSTALL_STRIP_PROGRAM='$(install_sh) -c -s'
LD='/usr/bin/ld -m elf_x86_64'
LDFLAGS=''
LIBOBJS=''
LIBS=''
LIBTOOL='$(SHELL) $(top_builddir)/libtool'
LIB_MAN_DIR='$(mandir)/man$(LIB_MAN_SUFFIX)'
LIB_MAN_SUFFIX='3'
LIPO=''
LN_S='ln -s'
LTLIBOBJS=''
LT_SYS_LIBRARY_PATH=''
MAKEINFO='${SHELL} '\''/storage/rlinux/sources/xcb-util-0.4.1/missing'\'' makeinfo'
MANIFEST_TOOL=':'
MAN_SUBSTS='	-e '\''s|__vendorversion__|"$(PACKAGE_STRING)" "$(XORG_MAN_PAGE)"|'\'' 	-e '\''s|__xorgversion__|"$(PACKAGE_STRING)" "$(XORG_MAN_PAGE)"|'\'' 	-e '\''s|__xservername__|Xorg|g'\'' 	-e '\''s|__xconfigfile__|xorg.conf|g'\'' 	-e '\''s|__projectroot__|$(prefix)|g'\'' 	-e '\''s|__apploaddir__|$(appdefaultdir)|g'\'' 	-e '\''s|__appmansuffix__|$(APP_MAN_SUFFIX)|g'\'' 	-e '\''s|__drivermansuffix__|$(DRIVER_MAN_SUFFIX)|g'\'' 	-e '\''s|__adminmansuffix__|$(ADMIN_MAN_SUFFIX)|g'\'' 	-e '\''s|__libmansuffix__|$(LIB_MAN_SUFFIX)|g'\'' 	-e '\''s|__miscmansuffix__|$(MISC_MAN_SUFFIX)|g'\'' 	-e '\''s|__filemansuffix__|$(FILE_MAN_SUFFIX)|g'\'''
MISC_MAN_DIR='$(mandir)/man$(MISC_MAN_SUFFIX)'
MISC_MAN_SUFFIX='7'
MKDIR_P='/usr/bin/mkdir -p'
NM='/usr/bin/nm -B'
NMEDIT=''
OBJDUMP='objdump'
OBJEXT='o'
OTOOL64=''
OTOOL=''
PACKAGE='xcb-util'
PACKAGE_BUGREPORT='https://gitlab.freedesktop.org/xorg/lib/libxcb-util/-/issues'
PACKAGE_NAME='xcb-util'
PACKAGE_STRING='xcb-util 0.4.1'
PACKAGE_TARNAME='xcb-util'
PACKAGE_URL=''
PACKAGE_VERSION='0.4.1'
PATH_SEPARATOR=':'
PKG_CONFIG='/usr/bin/pkg-config'
PKG_CONFIG_LIBDIR=''
PKG_CONFIG_PATH='/storage/rlinux/rootfs/lib/pkgconfig:/storage/rlinux/rootfs/share/pkgconfig'
RANLIB='ranlib'
SED='/usr/bin/sed'
SET_MAKE=''
SHELL='/bin/sh'
STRICT_CFLAGS=' -pedantic -Werror -Werror=attributes'
STRIP='strip'
VERSION='0.4.1'
XCB_CFLAGS='-I/storage/rlinux/rootfs/include'
XCB_LIBS='-L/storage/rlinux/rootfs/lib -lxcb'
XORG_MAN_PAGE='X Version 11'
ac_ct_AR='ar'
ac_ct_CC='gcc'
ac_ct_DUMPBIN=''
am__EXEEXT_FALSE=''
am__EXEEXT_TRUE='#'
am__fastdepCC_FALSE='#'
am__fastdepCC_TRUE=''
am__include='include'
am__isrc=''
am__leading_dot='.'
am__nodep='_no'
am__quote=''
am__tar='$${TAR-tar} chof - "$$tardir"'
am__untar='$${TAR-tar} xf -'
bindir='${exec_prefix}/bin'
build='x86_64-pc-linux-gnu'
build_alias=''
build_cpu='x86_64'
build_os='linux-gnu'
build_vendor='pc'
datadir='${datarootdir}'
datarootdir='${prefix}/share'
docdir='${datarootdir}/doc/${PACKAGE_TARNAME}'
dvidir='${docdir}'
exec_prefix='${prefix}'
host='x86_64-pc-linux-gnu'
host_alias=''
host_cpu='x86_64'
host_os='linux-gnu'
host_vendor='pc'
htmldir='${docdir}'
includedir='${prefix}/include'
infodir='${datarootdir}/info'
install_sh='${SHELL} /storage/rlinux/sources/xcb-util-0.4.1/install-sh'
libdir='${exec_prefix}/lib'
libexecdir='${exec_prefix}/libexec'
localedir='${datarootdir}/locale'
localstatedir='${prefix}/var'
mandir='${datarootdir}/man'
mkdir_p='$(MKDIR_P)'
oldincludedir='/usr/include'
pdfdir='${docdir}'
pkgconfigdir='${libdir}/pkgconfig'
prefix='/storage/rlinux/rootfs'
program_transform_name='s,x,x,'
psdir='${docdir}'
runstatedir='${localstatedir}/run'
sbindir='${exec_prefix}/sbin'
sharedstatedir='${prefix}/com'
sysconfdir='${prefix}/etc'
target_alias=''
xcbincludedir='${includedir}/xcb'

## ----------- ##
## confdefs.h. ##
## ----------- ##

/* confdefs.h */
#define PACKAGE_NAME "xcb-util"
#define PACKAGE_TARNAME "xcb-util"
#define PACKAGE_VERSION "0.4.1"
#define PACKAGE_STRING "xcb-util 0.4.1"
#define PACKAGE_BUGREPORT "https://gitlab.freedesktop.org/xorg/lib/libxcb-util/-/issues"
#define PACKAGE_URL ""
#define PACKAGE "xcb-util"
#define VERSION "0.4.1"
#define HAVE_STDIO_H 1
#define HAVE_STDLIB_H 1
#define HAVE_STRING_H 1
#define HAVE_INTTYPES_H 1
#define HAVE_STDINT_H 1
#define HAVE_STRINGS_H 1
#define HAVE_SYS_STAT_H 1
#define HAVE_SYS_TYPES_H 1
#define HAVE_UNISTD_H 1
#define STDC_HEADERS 1
#define HAVE_DLFCN_H 1
#define LT_OBJDIR ".libs/"
#define PACKAGE_VERSION_MAJOR 0
#define PACKAGE_VERSION_MINOR 4
#define PACKAGE_VERSION_PATCHLEVEL 1
#define HAVE_VASPRINTF 1

configure: exit 0
